[1.146s] Invoking command in '/home/federico/dev_ws/build/turtlesim': CMAKE_PREFIX_PATH=${CMAKE_PREFIX_PATH}:/opt/ros/galactic /usr/bin/cmake --build /home/federico/dev_ws/build/turtlesim -- -j12 -l12
[1.224s] [  1%] Built target turtlesim__cpp
[1.226s] [ 11%] Built target turtlesim__rosidl_generator_c
[1.258s] [ 21%] Built target turtlesim__rosidl_typesupport_cpp
[1.259s] [ 33%] Built target turtlesim__rosidl_typesupport_introspection_cpp
[1.259s] [ 41%] Built target turtlesim__rosidl_typesupport_c
[1.260s] [ 51%] Built target turtlesim__rosidl_typesupport_introspection_c
[1.268s] [ 61%] Built target turtlesim__rosidl_typesupport_fastrtps_cpp
[1.311s] [ 71%] Built target turtlesim__rosidl_typesupport_fastrtps_c
[1.339s] [ 71%] Built target turtlesim
[1.369s] [ 72%] Built target turtlesim__py
[1.377s] [ 76%] Built target mimic
[1.377s] [ 76%] Built target draw_square
[1.379s] [ 78%] Built target turtle_teleop_key
[1.407s] [ 84%] Built target turtlesim_node
[1.413s] [ 93%] Built target turtlesim__python
[1.451s] [100%] Built target turtlesim__rosidl_typesupport_fastrtps_c__pyext
[1.451s] [100%] Built target turtlesim__rosidl_typesupport_c__pyext
[1.451s] [100%] Built target turtlesim__rosidl_typesupport_introspection_c__pyext
[1.470s] Invoked command in '/home/federico/dev_ws/build/turtlesim' returned '0': CMAKE_PREFIX_PATH=${CMAKE_PREFIX_PATH}:/opt/ros/galactic /usr/bin/cmake --build /home/federico/dev_ws/build/turtlesim -- -j12 -l12
[1.695s] Invoking command in '/home/federico/dev_ws/build/turtlesim': CMAKE_PREFIX_PATH=${CMAKE_PREFIX_PATH}:/opt/ros/galactic /usr/bin/cmake --install /home/federico/dev_ws/build/turtlesim
[1.708s] -- Install configuration: ""
[1.708s] -- Up-to-date: /home/federico/dev_ws/install/turtlesim/share/ament_index/resource_index/rosidl_interfaces/turtlesim
[1.708s] -- Up-to-date: /home/federico/dev_ws/install/turtlesim/include/turtlesim
[1.709s] -- Up-to-date: /home/federico/dev_ws/install/turtlesim/include/turtlesim/msg
[1.709s] -- Up-to-date: /home/federico/dev_ws/install/turtlesim/include/turtlesim/msg/color.h
[1.709s] -- Up-to-date: /home/federico/dev_ws/install/turtlesim/include/turtlesim/msg/pose.h
[1.709s] -- Up-to-date: /home/federico/dev_ws/install/turtlesim/include/turtlesim/msg/rosidl_generator_c__visibility_control.h
[1.709s] -- Up-to-date: /home/federico/dev_ws/install/turtlesim/include/turtlesim/msg/detail
[1.709s] -- Up-to-date: /home/federico/dev_ws/install/turtlesim/include/turtlesim/msg/detail/pose__functions.c
[1.710s] -- Up-to-date: /home/federico/dev_ws/install/turtlesim/include/turtlesim/msg/detail/pose__functions.h
[1.710s] -- Up-to-date: /home/federico/dev_ws/install/turtlesim/include/turtlesim/msg/detail/color__type_support.h
[1.710s] -- Up-to-date: /home/federico/dev_ws/install/turtlesim/include/turtlesim/msg/detail/pose__struct.h
[1.710s] -- Up-to-date: /home/federico/dev_ws/install/turtlesim/include/turtlesim/msg/detail/pose__type_support.h
[1.710s] -- Up-to-date: /home/federico/dev_ws/install/turtlesim/include/turtlesim/msg/detail/color__functions.h
[1.710s] -- Up-to-date: /home/federico/dev_ws/install/turtlesim/include/turtlesim/msg/detail/color__functions.c
[1.710s] -- Up-to-date: /home/federico/dev_ws/install/turtlesim/include/turtlesim/msg/detail/color__struct.h
[1.710s] -- Up-to-date: /home/federico/dev_ws/install/turtlesim/include/turtlesim/srv
[1.711s] -- Up-to-date: /home/federico/dev_ws/install/turtlesim/include/turtlesim/srv/teleport_absolute.h
[1.711s] -- Up-to-date: /home/federico/dev_ws/install/turtlesim/include/turtlesim/srv/spawn.h
[1.711s] -- Up-to-date: /home/federico/dev_ws/install/turtlesim/include/turtlesim/srv/set_pen.h
[1.711s] -- Up-to-date: /home/federico/dev_ws/install/turtlesim/include/turtlesim/srv/kill.h
[1.711s] -- Up-to-date: /home/federico/dev_ws/install/turtlesim/include/turtlesim/srv/detail
[1.711s] -- Up-to-date: /home/federico/dev_ws/install/turtlesim/include/turtlesim/srv/detail/spawn__struct.h
[1.711s] -- Up-to-date: /home/federico/dev_ws/install/turtlesim/include/turtlesim/srv/detail/set_pen__functions.c
[1.711s] -- Up-to-date: /home/federico/dev_ws/install/turtlesim/include/turtlesim/srv/detail/teleport_absolute__functions.h
[1.712s] -- Up-to-date: /home/federico/dev_ws/install/turtlesim/include/turtlesim/srv/detail/teleport_absolute__type_support.h
[1.712s] -- Up-to-date: /home/federico/dev_ws/install/turtlesim/include/turtlesim/srv/detail/teleport_relative__struct.h
[1.712s] -- Up-to-date: /home/federico/dev_ws/install/turtlesim/include/turtlesim/srv/detail/kill__struct.h
[1.712s] -- Up-to-date: /home/federico/dev_ws/install/turtlesim/include/turtlesim/srv/detail/kill__functions.h
[1.712s] -- Up-to-date: /home/federico/dev_ws/install/turtlesim/include/turtlesim/srv/detail/set_pen__struct.h
[1.712s] -- Up-to-date: /home/federico/dev_ws/install/turtlesim/include/turtlesim/srv/detail/spawn__functions.h
[1.712s] -- Up-to-date: /home/federico/dev_ws/install/turtlesim/include/turtlesim/srv/detail/spawn__type_support.h
[1.712s] -- Up-to-date: /home/federico/dev_ws/install/turtlesim/include/turtlesim/srv/detail/teleport_relative__functions.c
[1.713s] -- Up-to-date: /home/federico/dev_ws/install/turtlesim/include/turtlesim/srv/detail/spawn__functions.c
[1.713s] -- Up-to-date: /home/federico/dev_ws/install/turtlesim/include/turtlesim/srv/detail/kill__type_support.h
[1.713s] -- Up-to-date: /home/federico/dev_ws/install/turtlesim/include/turtlesim/srv/detail/set_pen__functions.h
[1.713s] -- Up-to-date: /home/federico/dev_ws/install/turtlesim/include/turtlesim/srv/detail/teleport_absolute__struct.h
[1.713s] -- Up-to-date: /home/federico/dev_ws/install/turtlesim/include/turtlesim/srv/detail/teleport_relative__functions.h
[1.713s] -- Up-to-date: /home/federico/dev_ws/install/turtlesim/include/turtlesim/srv/detail/kill__functions.c
[1.714s] -- Up-to-date: /home/federico/dev_ws/install/turtlesim/include/turtlesim/srv/detail/teleport_absolute__functions.c
[1.714s] -- Up-to-date: /home/federico/dev_ws/install/turtlesim/include/turtlesim/srv/detail/teleport_relative__type_support.h
[1.714s] -- Up-to-date: /home/federico/dev_ws/install/turtlesim/include/turtlesim/srv/detail/set_pen__type_support.h
[1.714s] -- Up-to-date: /home/federico/dev_ws/install/turtlesim/include/turtlesim/srv/teleport_relative.h
[1.714s] -- Up-to-date: /home/federico/dev_ws/install/turtlesim/include/turtlesim/action
[1.714s] -- Up-to-date: /home/federico/dev_ws/install/turtlesim/include/turtlesim/action/rotate_absolute.h
[1.714s] -- Up-to-date: /home/federico/dev_ws/install/turtlesim/include/turtlesim/action/detail
[1.714s] -- Up-to-date: /home/federico/dev_ws/install/turtlesim/include/turtlesim/action/detail/rotate_absolute__functions.h
[1.714s] -- Up-to-date: /home/federico/dev_ws/install/turtlesim/include/turtlesim/action/detail/rotate_absolute__struct.h
[1.715s] -- Up-to-date: /home/federico/dev_ws/install/turtlesim/include/turtlesim/action/detail/rotate_absolute__type_support.h
[1.715s] -- Up-to-date: /home/federico/dev_ws/install/turtlesim/include/turtlesim/action/detail/rotate_absolute__functions.c
[1.715s] -- Up-to-date: /home/federico/dev_ws/install/turtlesim/share/turtlesim/environment/library_path.sh
[1.715s] -- Up-to-date: /home/federico/dev_ws/install/turtlesim/share/turtlesim/environment/library_path.dsv
[1.715s] -- Up-to-date: /home/federico/dev_ws/install/turtlesim/lib/libturtlesim__rosidl_generator_c.so
[1.715s] -- Up-to-date: /home/federico/dev_ws/install/turtlesim/include/turtlesim
[1.715s] -- Up-to-date: /home/federico/dev_ws/install/turtlesim/include/turtlesim/msg
[1.716s] -- Up-to-date: /home/federico/dev_ws/install/turtlesim/include/turtlesim/msg/detail
[1.716s] -- Up-to-date: /home/federico/dev_ws/install/turtlesim/include/turtlesim/msg/detail/pose__rosidl_typesupport_fastrtps_c.h
[1.716s] -- Up-to-date: /home/federico/dev_ws/install/turtlesim/include/turtlesim/msg/detail/color__rosidl_typesupport_fastrtps_c.h
[1.716s] -- Up-to-date: /home/federico/dev_ws/install/turtlesim/include/turtlesim/msg/rosidl_typesupport_fastrtps_c__visibility_control.h
[1.716s] -- Up-to-date: /home/federico/dev_ws/install/turtlesim/include/turtlesim/srv
[1.716s] -- Up-to-date: /home/federico/dev_ws/install/turtlesim/include/turtlesim/srv/detail
[1.717s] -- Up-to-date: /home/federico/dev_ws/install/turtlesim/include/turtlesim/srv/detail/teleport_absolute__rosidl_typesupport_fastrtps_c.h
[1.717s] -- Up-to-date: /home/federico/dev_ws/install/turtlesim/include/turtlesim/srv/detail/spawn__rosidl_typesupport_fastrtps_c.h
[1.717s] -- Up-to-date: /home/federico/dev_ws/install/turtlesim/include/turtlesim/srv/detail/kill__rosidl_typesupport_fastrtps_c.h
[1.717s] -- Up-to-date: /home/federico/dev_ws/install/turtlesim/include/turtlesim/srv/detail/set_pen__rosidl_typesupport_fastrtps_c.h
[1.717s] -- Up-to-date: /home/federico/dev_ws/install/turtlesim/include/turtlesim/srv/detail/teleport_relative__rosidl_typesupport_fastrtps_c.h
[1.717s] -- Up-to-date: /home/federico/dev_ws/install/turtlesim/include/turtlesim/action
[1.717s] -- Up-to-date: /home/federico/dev_ws/install/turtlesim/include/turtlesim/action/detail
[1.718s] -- Up-to-date: /home/federico/dev_ws/install/turtlesim/include/turtlesim/action/detail/rotate_absolute__rosidl_typesupport_fastrtps_c.h
[1.718s] -- Up-to-date: /home/federico/dev_ws/install/turtlesim/lib/libturtlesim__rosidl_typesupport_fastrtps_c.so
[1.718s] -- Up-to-date: /home/federico/dev_ws/install/turtlesim/include/turtlesim
[1.718s] -- Up-to-date: /home/federico/dev_ws/install/turtlesim/include/turtlesim/msg
[1.718s] -- Up-to-date: /home/federico/dev_ws/install/turtlesim/include/turtlesim/msg/rosidl_typesupport_fastrtps_cpp__visibility_control.h
[1.718s] -- Up-to-date: /home/federico/dev_ws/install/turtlesim/include/turtlesim/msg/detail
[1.718s] -- Up-to-date: /home/federico/dev_ws/install/turtlesim/include/turtlesim/msg/detail/dds_fastrtps
[1.718s] -- Up-to-date: /home/federico/dev_ws/install/turtlesim/include/turtlesim/msg/detail/color__rosidl_typesupport_fastrtps_cpp.hpp
[1.718s] -- Up-to-date: /home/federico/dev_ws/install/turtlesim/include/turtlesim/msg/detail/pose__rosidl_typesupport_fastrtps_cpp.hpp
[1.718s] -- Up-to-date: /home/federico/dev_ws/install/turtlesim/include/turtlesim/srv
[1.719s] -- Up-to-date: /home/federico/dev_ws/install/turtlesim/include/turtlesim/srv/detail
[1.719s] -- Up-to-date: /home/federico/dev_ws/install/turtlesim/include/turtlesim/srv/detail/spawn__rosidl_typesupport_fastrtps_cpp.hpp
[1.719s] -- Up-to-date: /home/federico/dev_ws/install/turtlesim/include/turtlesim/srv/detail/dds_fastrtps
[1.719s] -- Up-to-date: /home/federico/dev_ws/install/turtlesim/include/turtlesim/srv/detail/teleport_absolute__rosidl_typesupport_fastrtps_cpp.hpp
[1.719s] -- Up-to-date: /home/federico/dev_ws/install/turtlesim/include/turtlesim/srv/detail/teleport_relative__rosidl_typesupport_fastrtps_cpp.hpp
[1.719s] -- Up-to-date: /home/federico/dev_ws/install/turtlesim/include/turtlesim/srv/detail/set_pen__rosidl_typesupport_fastrtps_cpp.hpp
[1.719s] -- Up-to-date: /home/federico/dev_ws/install/turtlesim/include/turtlesim/srv/detail/kill__rosidl_typesupport_fastrtps_cpp.hpp
[1.719s] -- Up-to-date: /home/federico/dev_ws/install/turtlesim/include/turtlesim/action
[1.719s] -- Up-to-date: /home/federico/dev_ws/install/turtlesim/include/turtlesim/action/detail
[1.719s] -- Up-to-date: /home/federico/dev_ws/install/turtlesim/include/turtlesim/action/detail/rotate_absolute__rosidl_typesupport_fastrtps_cpp.hpp
[1.719s] -- Up-to-date: /home/federico/dev_ws/install/turtlesim/include/turtlesim/action/detail/dds_fastrtps
[1.720s] -- Up-to-date: /home/federico/dev_ws/install/turtlesim/lib/libturtlesim__rosidl_typesupport_fastrtps_cpp.so
[1.720s] -- Up-to-date: /home/federico/dev_ws/install/turtlesim/include/turtlesim
[1.720s] -- Up-to-date: /home/federico/dev_ws/install/turtlesim/include/turtlesim/msg
[1.720s] -- Up-to-date: /home/federico/dev_ws/install/turtlesim/include/turtlesim/msg/rosidl_typesupport_introspection_c__visibility_control.h
[1.720s] -- Up-to-date: /home/federico/dev_ws/install/turtlesim/include/turtlesim/msg/detail
[1.720s] -- Up-to-date: /home/federico/dev_ws/install/turtlesim/include/turtlesim/msg/detail/color__type_support.c
[1.720s] -- Up-to-date: /home/federico/dev_ws/install/turtlesim/include/turtlesim/msg/detail/pose__type_support.c
[1.720s] -- Up-to-date: /home/federico/dev_ws/install/turtlesim/include/turtlesim/msg/detail/pose__rosidl_typesupport_introspection_c.h
[1.720s] -- Up-to-date: /home/federico/dev_ws/install/turtlesim/include/turtlesim/msg/detail/color__rosidl_typesupport_introspection_c.h
[1.720s] -- Up-to-date: /home/federico/dev_ws/install/turtlesim/include/turtlesim/srv
[1.721s] -- Up-to-date: /home/federico/dev_ws/install/turtlesim/include/turtlesim/srv/detail
[1.721s] -- Up-to-date: /home/federico/dev_ws/install/turtlesim/include/turtlesim/srv/detail/set_pen__rosidl_typesupport_introspection_c.h
[1.721s] -- Up-to-date: /home/federico/dev_ws/install/turtlesim/include/turtlesim/srv/detail/teleport_absolute__rosidl_typesupport_introspection_c.h
[1.721s] -- Up-to-date: /home/federico/dev_ws/install/turtlesim/include/turtlesim/srv/detail/kill__rosidl_typesupport_introspection_c.h
[1.721s] -- Up-to-date: /home/federico/dev_ws/install/turtlesim/include/turtlesim/srv/detail/teleport_relative__type_support.c
[1.721s] -- Up-to-date: /home/federico/dev_ws/install/turtlesim/include/turtlesim/srv/detail/teleport_relative__rosidl_typesupport_introspection_c.h
[1.721s] -- Up-to-date: /home/federico/dev_ws/install/turtlesim/include/turtlesim/srv/detail/teleport_absolute__type_support.c
[1.721s] -- Up-to-date: /home/federico/dev_ws/install/turtlesim/include/turtlesim/srv/detail/spawn__rosidl_typesupport_introspection_c.h
[1.721s] -- Up-to-date: /home/federico/dev_ws/install/turtlesim/include/turtlesim/srv/detail/kill__type_support.c
[1.721s] -- Up-to-date: /home/federico/dev_ws/install/turtlesim/include/turtlesim/srv/detail/spawn__type_support.c
[1.721s] -- Up-to-date: /home/federico/dev_ws/install/turtlesim/include/turtlesim/srv/detail/set_pen__type_support.c
[1.722s] -- Up-to-date: /home/federico/dev_ws/install/turtlesim/include/turtlesim/action
[1.722s] -- Up-to-date: /home/federico/dev_ws/install/turtlesim/include/turtlesim/action/detail
[1.722s] -- Up-to-date: /home/federico/dev_ws/install/turtlesim/include/turtlesim/action/detail/rotate_absolute__type_support.c
[1.722s] -- Up-to-date: /home/federico/dev_ws/install/turtlesim/include/turtlesim/action/detail/rotate_absolute__rosidl_typesupport_introspection_c.h
[1.722s] -- Up-to-date: /home/federico/dev_ws/install/turtlesim/lib/libturtlesim__rosidl_typesupport_introspection_c.so
[1.722s] -- Up-to-date: /home/federico/dev_ws/install/turtlesim/lib/libturtlesim__rosidl_typesupport_c.so
[1.722s] -- Up-to-date: /home/federico/dev_ws/install/turtlesim/include/turtlesim
[1.722s] -- Up-to-date: /home/federico/dev_ws/install/turtlesim/include/turtlesim/msg
[1.722s] -- Up-to-date: /home/federico/dev_ws/install/turtlesim/include/turtlesim/msg/color.hpp
[1.722s] -- Up-to-date: /home/federico/dev_ws/install/turtlesim/include/turtlesim/msg/detail
[1.723s] -- Up-to-date: /home/federico/dev_ws/install/turtlesim/include/turtlesim/msg/detail/color__traits.hpp
[1.723s] -- Up-to-date: /home/federico/dev_ws/install/turtlesim/include/turtlesim/msg/detail/pose__struct.hpp
[1.723s] -- Up-to-date: /home/federico/dev_ws/install/turtlesim/include/turtlesim/msg/detail/color__struct.hpp
[1.723s] -- Up-to-date: /home/federico/dev_ws/install/turtlesim/include/turtlesim/msg/detail/pose__traits.hpp
[1.723s] -- Up-to-date: /home/federico/dev_ws/install/turtlesim/include/turtlesim/msg/detail/pose__builder.hpp
[1.723s] -- Up-to-date: /home/federico/dev_ws/install/turtlesim/include/turtlesim/msg/detail/color__builder.hpp
[1.723s] -- Up-to-date: /home/federico/dev_ws/install/turtlesim/include/turtlesim/msg/pose.hpp
[1.723s] -- Up-to-date: /home/federico/dev_ws/install/turtlesim/include/turtlesim/srv
[1.723s] -- Up-to-date: /home/federico/dev_ws/install/turtlesim/include/turtlesim/srv/teleport_absolute.hpp
[1.723s] -- Up-to-date: /home/federico/dev_ws/install/turtlesim/include/turtlesim/srv/spawn.hpp
[1.723s] -- Up-to-date: /home/federico/dev_ws/install/turtlesim/include/turtlesim/srv/set_pen.hpp
[1.724s] -- Up-to-date: /home/federico/dev_ws/install/turtlesim/include/turtlesim/srv/teleport_relative.hpp
[1.724s] -- Up-to-date: /home/federico/dev_ws/install/turtlesim/include/turtlesim/srv/kill.hpp
[1.724s] -- Up-to-date: /home/federico/dev_ws/install/turtlesim/include/turtlesim/srv/detail
[1.724s] -- Up-to-date: /home/federico/dev_ws/install/turtlesim/include/turtlesim/srv/detail/kill__builder.hpp
[1.724s] -- Up-to-date: /home/federico/dev_ws/install/turtlesim/include/turtlesim/srv/detail/set_pen__struct.hpp
[1.724s] -- Up-to-date: /home/federico/dev_ws/install/turtlesim/include/turtlesim/srv/detail/teleport_relative__traits.hpp
[1.724s] -- Up-to-date: /home/federico/dev_ws/install/turtlesim/include/turtlesim/srv/detail/teleport_absolute__struct.hpp
[1.724s] -- Up-to-date: /home/federico/dev_ws/install/turtlesim/include/turtlesim/srv/detail/kill__traits.hpp
[1.724s] -- Up-to-date: /home/federico/dev_ws/install/turtlesim/include/turtlesim/srv/detail/teleport_relative__builder.hpp
[1.724s] -- Up-to-date: /home/federico/dev_ws/install/turtlesim/include/turtlesim/srv/detail/spawn__struct.hpp
[1.724s] -- Up-to-date: /home/federico/dev_ws/install/turtlesim/include/turtlesim/srv/detail/teleport_absolute__builder.hpp
[1.725s] -- Up-to-date: /home/federico/dev_ws/install/turtlesim/include/turtlesim/srv/detail/kill__struct.hpp
[1.725s] -- Up-to-date: /home/federico/dev_ws/install/turtlesim/include/turtlesim/srv/detail/spawn__builder.hpp
[1.725s] -- Up-to-date: /home/federico/dev_ws/install/turtlesim/include/turtlesim/srv/detail/set_pen__traits.hpp
[1.725s] -- Up-to-date: /home/federico/dev_ws/install/turtlesim/include/turtlesim/srv/detail/set_pen__builder.hpp
[1.725s] -- Up-to-date: /home/federico/dev_ws/install/turtlesim/include/turtlesim/srv/detail/teleport_relative__struct.hpp
[1.725s] -- Up-to-date: /home/federico/dev_ws/install/turtlesim/include/turtlesim/srv/detail/spawn__traits.hpp
[1.725s] -- Up-to-date: /home/federico/dev_ws/install/turtlesim/include/turtlesim/srv/detail/teleport_absolute__traits.hpp
[1.725s] -- Up-to-date: /home/federico/dev_ws/install/turtlesim/include/turtlesim/action
[1.725s] -- Up-to-date: /home/federico/dev_ws/install/turtlesim/include/turtlesim/action/rotate_absolute.hpp
[1.725s] -- Up-to-date: /home/federico/dev_ws/install/turtlesim/include/turtlesim/action/detail
[1.726s] -- Up-to-date: /home/federico/dev_ws/install/turtlesim/include/turtlesim/action/detail/rotate_absolute__traits.hpp
[1.726s] -- Up-to-date: /home/federico/dev_ws/install/turtlesim/include/turtlesim/action/detail/rotate_absolute__builder.hpp
[1.726s] -- Up-to-date: /home/federico/dev_ws/install/turtlesim/include/turtlesim/action/detail/rotate_absolute__struct.hpp
[1.726s] -- Up-to-date: /home/federico/dev_ws/install/turtlesim/include/turtlesim
[1.726s] -- Up-to-date: /home/federico/dev_ws/install/turtlesim/include/turtlesim/msg
[1.726s] -- Up-to-date: /home/federico/dev_ws/install/turtlesim/include/turtlesim/msg/detail
[1.726s] -- Up-to-date: /home/federico/dev_ws/install/turtlesim/include/turtlesim/msg/detail/color__type_support.cpp
[1.726s] -- Up-to-date: /home/federico/dev_ws/install/turtlesim/include/turtlesim/msg/detail/color__rosidl_typesupport_introspection_cpp.hpp
[1.726s] -- Up-to-date: /home/federico/dev_ws/install/turtlesim/include/turtlesim/msg/detail/pose__type_support.cpp
[1.726s] -- Up-to-date: /home/federico/dev_ws/install/turtlesim/include/turtlesim/msg/detail/pose__rosidl_typesupport_introspection_cpp.hpp
[1.726s] -- Up-to-date: /home/federico/dev_ws/install/turtlesim/include/turtlesim/srv
[1.727s] -- Up-to-date: /home/federico/dev_ws/install/turtlesim/include/turtlesim/srv/detail
[1.727s] -- Up-to-date: /home/federico/dev_ws/install/turtlesim/include/turtlesim/srv/detail/teleport_absolute__type_support.cpp
[1.727s] -- Up-to-date: /home/federico/dev_ws/install/turtlesim/include/turtlesim/srv/detail/teleport_absolute__rosidl_typesupport_introspection_cpp.hpp
[1.727s] -- Up-to-date: /home/federico/dev_ws/install/turtlesim/include/turtlesim/srv/detail/teleport_relative__type_support.cpp
[1.727s] -- Up-to-date: /home/federico/dev_ws/install/turtlesim/include/turtlesim/srv/detail/kill__type_support.cpp
[1.727s] -- Up-to-date: /home/federico/dev_ws/install/turtlesim/include/turtlesim/srv/detail/teleport_relative__rosidl_typesupport_introspection_cpp.hpp
[1.727s] -- Up-to-date: /home/federico/dev_ws/install/turtlesim/include/turtlesim/srv/detail/set_pen__type_support.cpp
[1.727s] -- Up-to-date: /home/federico/dev_ws/install/turtlesim/include/turtlesim/srv/detail/spawn__type_support.cpp
[1.727s] -- Up-to-date: /home/federico/dev_ws/install/turtlesim/include/turtlesim/srv/detail/kill__rosidl_typesupport_introspection_cpp.hpp
[1.727s] -- Up-to-date: /home/federico/dev_ws/install/turtlesim/include/turtlesim/srv/detail/spawn__rosidl_typesupport_introspection_cpp.hpp
[1.727s] -- Up-to-date: /home/federico/dev_ws/install/turtlesim/include/turtlesim/srv/detail/set_pen__rosidl_typesupport_introspection_cpp.hpp
[1.728s] -- Up-to-date: /home/federico/dev_ws/install/turtlesim/include/turtlesim/action
[1.728s] -- Up-to-date: /home/federico/dev_ws/install/turtlesim/include/turtlesim/action/detail
[1.728s] -- Up-to-date: /home/federico/dev_ws/install/turtlesim/include/turtlesim/action/detail/rotate_absolute__rosidl_typesupport_introspection_cpp.hpp
[1.728s] -- Up-to-date: /home/federico/dev_ws/install/turtlesim/include/turtlesim/action/detail/rotate_absolute__type_support.cpp
[1.728s] -- Up-to-date: /home/federico/dev_ws/install/turtlesim/lib/libturtlesim__rosidl_typesupport_introspection_cpp.so
[1.728s] -- Up-to-date: /home/federico/dev_ws/install/turtlesim/lib/libturtlesim__rosidl_typesupport_cpp.so
[1.728s] -- Up-to-date: /home/federico/dev_ws/install/turtlesim/share/turtlesim/environment/pythonpath.sh
[1.728s] -- Up-to-date: /home/federico/dev_ws/install/turtlesim/share/turtlesim/environment/pythonpath.dsv
[1.728s] -- Up-to-date: /home/federico/dev_ws/install/turtlesim/lib/python3.8/site-packages/turtlesim/__init__.py
[1.767s] -- Up-to-date: /home/federico/dev_ws/install/turtlesim/lib/python3.8/site-packages/turtlesim/action
[1.767s] -- Up-to-date: /home/federico/dev_ws/install/turtlesim/lib/python3.8/site-packages/turtlesim/action/__init__.py
[1.768s] -- Up-to-date: /home/federico/dev_ws/install/turtlesim/lib/python3.8/site-packages/turtlesim/action/_rotate_absolute.py
[1.768s] -- Up-to-date: /home/federico/dev_ws/install/turtlesim/lib/python3.8/site-packages/turtlesim/action/_rotate_absolute_s.c
[1.768s] -- Up-to-date: /home/federico/dev_ws/install/turtlesim/lib/python3.8/site-packages/turtlesim/msg
[1.768s] -- Up-to-date: /home/federico/dev_ws/install/turtlesim/lib/python3.8/site-packages/turtlesim/msg/_pose_s.c
[1.768s] -- Up-to-date: /home/federico/dev_ws/install/turtlesim/lib/python3.8/site-packages/turtlesim/msg/__init__.py
[1.768s] -- Up-to-date: /home/federico/dev_ws/install/turtlesim/lib/python3.8/site-packages/turtlesim/msg/_pose.py
[1.768s] -- Up-to-date: /home/federico/dev_ws/install/turtlesim/lib/python3.8/site-packages/turtlesim/msg/_color.py
[1.768s] -- Up-to-date: /home/federico/dev_ws/install/turtlesim/lib/python3.8/site-packages/turtlesim/msg/_color_s.c
[1.768s] -- Up-to-date: /home/federico/dev_ws/install/turtlesim/lib/python3.8/site-packages/turtlesim/srv
[1.769s] -- Up-to-date: /home/federico/dev_ws/install/turtlesim/lib/python3.8/site-packages/turtlesim/srv/_teleport_relative.py
[1.769s] -- Up-to-date: /home/federico/dev_ws/install/turtlesim/lib/python3.8/site-packages/turtlesim/srv/_teleport_absolute_s.c
[1.769s] -- Up-to-date: /home/federico/dev_ws/install/turtlesim/lib/python3.8/site-packages/turtlesim/srv/_set_pen.py
[1.769s] -- Up-to-date: /home/federico/dev_ws/install/turtlesim/lib/python3.8/site-packages/turtlesim/srv/_teleport_relative_s.c
[1.769s] -- Up-to-date: /home/federico/dev_ws/install/turtlesim/lib/python3.8/site-packages/turtlesim/srv/_teleport_absolute.py
[1.769s] -- Up-to-date: /home/federico/dev_ws/install/turtlesim/lib/python3.8/site-packages/turtlesim/srv/__init__.py
[1.769s] -- Up-to-date: /home/federico/dev_ws/install/turtlesim/lib/python3.8/site-packages/turtlesim/srv/_kill_s.c
[1.769s] -- Up-to-date: /home/federico/dev_ws/install/turtlesim/lib/python3.8/site-packages/turtlesim/srv/_spawn_s.c
[1.769s] -- Up-to-date: /home/federico/dev_ws/install/turtlesim/lib/python3.8/site-packages/turtlesim/srv/_spawn.py
[1.769s] -- Up-to-date: /home/federico/dev_ws/install/turtlesim/lib/python3.8/site-packages/turtlesim/srv/_set_pen_s.c
[1.769s] -- Up-to-date: /home/federico/dev_ws/install/turtlesim/lib/python3.8/site-packages/turtlesim/srv/_kill.py
[1.770s] -- Up-to-date: /home/federico/dev_ws/install/turtlesim/lib/python3.8/site-packages/turtlesim/turtlesim_s__rosidl_typesupport_fastrtps_c.cpython-38-x86_64-linux-gnu.so
[1.770s] -- Up-to-date: /home/federico/dev_ws/install/turtlesim/lib/python3.8/site-packages/turtlesim/turtlesim_s__rosidl_typesupport_introspection_c.cpython-38-x86_64-linux-gnu.so
[1.770s] -- Up-to-date: /home/federico/dev_ws/install/turtlesim/lib/python3.8/site-packages/turtlesim/turtlesim_s__rosidl_typesupport_c.cpython-38-x86_64-linux-gnu.so
[1.771s] -- Up-to-date: /home/federico/dev_ws/install/turtlesim/lib/libturtlesim__python.so
[1.771s] -- Up-to-date: /home/federico/dev_ws/install/turtlesim/share/turtlesim/action/RotateAbsolute.idl
[1.771s] -- Up-to-date: /home/federico/dev_ws/install/turtlesim/share/turtlesim/msg/Color.idl
[1.772s] -- Up-to-date: /home/federico/dev_ws/install/turtlesim/share/turtlesim/msg/Pose.idl
[1.772s] -- Up-to-date: /home/federico/dev_ws/install/turtlesim/share/turtlesim/srv/Kill.idl
[1.772s] -- Up-to-date: /home/federico/dev_ws/install/turtlesim/share/turtlesim/srv/SetPen.idl
[1.772s] -- Up-to-date: /home/federico/dev_ws/install/turtlesim/share/turtlesim/srv/Spawn.idl
[1.772s] -- Up-to-date: /home/federico/dev_ws/install/turtlesim/share/turtlesim/srv/TeleportAbsolute.idl
[1.772s] -- Up-to-date: /home/federico/dev_ws/install/turtlesim/share/turtlesim/srv/TeleportRelative.idl
[1.772s] -- Up-to-date: /home/federico/dev_ws/install/turtlesim/share/turtlesim/action/RotateAbsolute.action
[1.773s] -- Up-to-date: /home/federico/dev_ws/install/turtlesim/share/turtlesim/msg/Color.msg
[1.773s] -- Up-to-date: /home/federico/dev_ws/install/turtlesim/share/turtlesim/msg/Pose.msg
[1.773s] -- Up-to-date: /home/federico/dev_ws/install/turtlesim/share/turtlesim/srv/Kill.srv
[1.773s] -- Up-to-date: /home/federico/dev_ws/install/turtlesim/share/turtlesim/srv/Kill_Request.msg
[1.773s] -- Up-to-date: /home/federico/dev_ws/install/turtlesim/share/turtlesim/srv/Kill_Response.msg
[1.773s] -- Up-to-date: /home/federico/dev_ws/install/turtlesim/share/turtlesim/srv/SetPen.srv
[1.773s] -- Up-to-date: /home/federico/dev_ws/install/turtlesim/share/turtlesim/srv/SetPen_Request.msg
[1.773s] -- Up-to-date: /home/federico/dev_ws/install/turtlesim/share/turtlesim/srv/SetPen_Response.msg
[1.774s] -- Up-to-date: /home/federico/dev_ws/install/turtlesim/share/turtlesim/srv/Spawn.srv
[1.774s] -- Up-to-date: /home/federico/dev_ws/install/turtlesim/share/turtlesim/srv/Spawn_Request.msg
[1.774s] -- Up-to-date: /home/federico/dev_ws/install/turtlesim/share/turtlesim/srv/Spawn_Response.msg
[1.774s] -- Up-to-date: /home/federico/dev_ws/install/turtlesim/share/turtlesim/srv/TeleportAbsolute.srv
[1.774s] -- Up-to-date: /home/federico/dev_ws/install/turtlesim/share/turtlesim/srv/TeleportAbsolute_Request.msg
[1.774s] -- Up-to-date: /home/federico/dev_ws/install/turtlesim/share/turtlesim/srv/TeleportAbsolute_Response.msg
[1.774s] -- Up-to-date: /home/federico/dev_ws/install/turtlesim/share/turtlesim/srv/TeleportRelative.srv
[1.774s] -- Up-to-date: /home/federico/dev_ws/install/turtlesim/share/turtlesim/srv/TeleportRelative_Request.msg
[1.774s] -- Up-to-date: /home/federico/dev_ws/install/turtlesim/share/turtlesim/srv/TeleportRelative_Response.msg
[1.774s] -- Up-to-date: /home/federico/dev_ws/install/turtlesim/lib/turtlesim/turtlesim_node
[1.775s] -- Up-to-date: /home/federico/dev_ws/install/turtlesim/lib/turtlesim/turtle_teleop_key
[1.775s] -- Up-to-date: /home/federico/dev_ws/install/turtlesim/lib/turtlesim/draw_square
[1.775s] -- Up-to-date: /home/federico/dev_ws/install/turtlesim/lib/turtlesim/mimic
[1.776s] -- Up-to-date: /home/federico/dev_ws/install/turtlesim/share/turtlesim/images
[1.776s] -- Up-to-date: /home/federico/dev_ws/install/turtlesim/share/turtlesim/images/foxy.png
[1.776s] -- Up-to-date: /home/federico/dev_ws/install/turtlesim/share/turtlesim/images/ardent.png
[1.776s] -- Up-to-date: /home/federico/dev_ws/install/turtlesim/share/turtlesim/images/galactic.png
[1.777s] -- Up-to-date: /home/federico/dev_ws/install/turtlesim/share/turtlesim/images/bouncy.png
[1.777s] -- Up-to-date: /home/federico/dev_ws/install/turtlesim/share/turtlesim/images/dashing.png
[1.777s] -- Up-to-date: /home/federico/dev_ws/install/turtlesim/share/turtlesim/images/crystal.png
[1.777s] -- Up-to-date: /home/federico/dev_ws/install/turtlesim/share/turtlesim/images/eloquent.png
[1.777s] -- Up-to-date: /home/federico/dev_ws/install/turtlesim/share/turtlesim/launch
[1.777s] -- Up-to-date: /home/federico/dev_ws/install/turtlesim/share/turtlesim/launch/multisim.launch.py
[1.777s] -- Up-to-date: /home/federico/dev_ws/install/turtlesim/share/ament_index/resource_index/package_run_dependencies/turtlesim
[1.777s] -- Up-to-date: /home/federico/dev_ws/install/turtlesim/share/ament_index/resource_index/parent_prefix_path/turtlesim
[1.777s] -- Up-to-date: /home/federico/dev_ws/install/turtlesim/share/turtlesim/environment/ament_prefix_path.sh
[1.778s] -- Up-to-date: /home/federico/dev_ws/install/turtlesim/share/turtlesim/environment/ament_prefix_path.dsv
[1.778s] -- Up-to-date: /home/federico/dev_ws/install/turtlesim/share/turtlesim/environment/path.sh
[1.778s] -- Up-to-date: /home/federico/dev_ws/install/turtlesim/share/turtlesim/environment/path.dsv
[1.778s] -- Up-to-date: /home/federico/dev_ws/install/turtlesim/share/turtlesim/local_setup.bash
[1.778s] -- Up-to-date: /home/federico/dev_ws/install/turtlesim/share/turtlesim/local_setup.sh
[1.778s] -- Up-to-date: /home/federico/dev_ws/install/turtlesim/share/turtlesim/local_setup.zsh
[1.778s] -- Up-to-date: /home/federico/dev_ws/install/turtlesim/share/turtlesim/local_setup.dsv
[1.778s] -- Installing: /home/federico/dev_ws/install/turtlesim/share/turtlesim/package.dsv
[1.779s] -- Up-to-date: /home/federico/dev_ws/install/turtlesim/share/ament_index/resource_index/packages/turtlesim
[1.779s] -- Up-to-date: /home/federico/dev_ws/install/turtlesim/share/turtlesim/cmake/turtlesim__rosidl_generator_cExport.cmake
[1.779s] -- Up-to-date: /home/federico/dev_ws/install/turtlesim/share/turtlesim/cmake/turtlesim__rosidl_generator_cExport-noconfig.cmake
[1.779s] -- Up-to-date: /home/federico/dev_ws/install/turtlesim/share/turtlesim/cmake/turtlesim__rosidl_typesupport_introspection_cExport.cmake
[1.779s] -- Up-to-date: /home/federico/dev_ws/install/turtlesim/share/turtlesim/cmake/turtlesim__rosidl_typesupport_introspection_cExport-noconfig.cmake
[1.779s] -- Up-to-date: /home/federico/dev_ws/install/turtlesim/share/turtlesim/cmake/turtlesim__rosidl_typesupport_cExport.cmake
[1.779s] -- Up-to-date: /home/federico/dev_ws/install/turtlesim/share/turtlesim/cmake/turtlesim__rosidl_typesupport_cExport-noconfig.cmake
[1.779s] -- Up-to-date: /home/federico/dev_ws/install/turtlesim/share/turtlesim/cmake/turtlesim__rosidl_generator_cppExport.cmake
[1.780s] -- Up-to-date: /home/federico/dev_ws/install/turtlesim/share/turtlesim/cmake/turtlesim__rosidl_typesupport_introspection_cppExport.cmake
[1.780s] -- Up-to-date: /home/federico/dev_ws/install/turtlesim/share/turtlesim/cmake/turtlesim__rosidl_typesupport_introspection_cppExport-noconfig.cmake
[1.780s] -- Up-to-date: /home/federico/dev_ws/install/turtlesim/share/turtlesim/cmake/turtlesim__rosidl_typesupport_cppExport.cmake
[1.780s] -- Up-to-date: /home/federico/dev_ws/install/turtlesim/share/turtlesim/cmake/turtlesim__rosidl_typesupport_cppExport-noconfig.cmake
[1.780s] -- Up-to-date: /home/federico/dev_ws/install/turtlesim/share/turtlesim/cmake/rosidl_cmake-extras.cmake
[1.780s] -- Up-to-date: /home/federico/dev_ws/install/turtlesim/share/turtlesim/cmake/ament_cmake_export_dependencies-extras.cmake
[1.780s] -- Up-to-date: /home/federico/dev_ws/install/turtlesim/share/turtlesim/cmake/ament_cmake_export_libraries-extras.cmake
[1.780s] -- Up-to-date: /home/federico/dev_ws/install/turtlesim/share/turtlesim/cmake/ament_cmake_export_targets-extras.cmake
[1.780s] -- Up-to-date: /home/federico/dev_ws/install/turtlesim/share/turtlesim/cmake/ament_cmake_export_include_directories-extras.cmake
[1.781s] -- Up-to-date: /home/federico/dev_ws/install/turtlesim/share/turtlesim/cmake/rosidl_cmake_export_typesupport_libraries-extras.cmake
[1.781s] -- Up-to-date: /home/federico/dev_ws/install/turtlesim/share/turtlesim/cmake/rosidl_cmake_export_typesupport_targets-extras.cmake
[1.781s] -- Up-to-date: /home/federico/dev_ws/install/turtlesim/share/turtlesim/cmake/turtlesimConfig.cmake
[1.781s] -- Up-to-date: /home/federico/dev_ws/install/turtlesim/share/turtlesim/cmake/turtlesimConfig-version.cmake
[1.781s] -- Up-to-date: /home/federico/dev_ws/install/turtlesim/share/turtlesim/package.xml
[1.784s] Invoked command in '/home/federico/dev_ws/build/turtlesim' returned '0': CMAKE_PREFIX_PATH=${CMAKE_PREFIX_PATH}:/opt/ros/galactic /usr/bin/cmake --install /home/federico/dev_ws/build/turtlesim
