-- Found ament_cmake: 1.1.5 (/opt/ros/galactic/share/ament_cmake/cmake)
-- Found PythonInterp: /usr/bin/python3 (found suitable version "3.8.10", minimum required is "3") 
-- Using PYTHON_EXECUTABLE: /usr/bin/python3
-- Override CMake install command with custom implementation using symlinks instead of copying resources
-- Found rosidl_default_generators: 1.1.1 (/opt/ros/galactic/share/rosidl_default_generators/cmake)
-- Using all available rosidl_typesupport_c: rosidl_typesupport_fastrtps_c;rosidl_typesupport_introspection_c
-- Found rosidl_adapter: 2.2.1 (/opt/ros/galactic/share/rosidl_adapter/cmake)
-- Using all available rosidl_typesupport_cpp: rosidl_typesupport_fastrtps_cpp;rosidl_typesupport_introspection_cpp
-- Found rclcpp: 9.2.0 (/opt/ros/galactic/share/rclcpp/cmake)
-- Found rmw_implementation_cmake: 3.3.1 (/opt/ros/galactic/share/rmw_implementation_cmake/cmake)
-- Found rmw_cyclonedds_cpp: 0.22.4 (/opt/ros/galactic/share/rmw_cyclonedds_cpp/cmake)
-- Using RMW implementation 'rmw_cyclonedds_cpp' as default
-- Found PythonInterp: /usr/bin/python3 (found version "3.8.10") 
-- Found ament_cmake_ros: 0.9.2 (/opt/ros/galactic/share/ament_cmake_ros/cmake)
-- Using all available rosidl_typesupport_c: rosidl_typesupport_fastrtps_c;rosidl_typesupport_introspection_c
-- Using all available rosidl_typesupport_cpp: rosidl_typesupport_fastrtps_cpp;rosidl_typesupport_introspection_cpp
-- Found PythonInterp: /usr/bin/python3 (found suitable version "3.8.10", minimum required is "3.5") 
-- Found python_cmake_module: 0.8.1 (/opt/ros/galactic/share/python_cmake_module/cmake)
-- Using PYTHON_EXECUTABLE: /usr/bin/python3
-- Using PYTHON_INCLUDE_DIRS: /usr/include/python3.8
-- Using PYTHON_LIBRARIES: /usr/lib/x86_64-linux-gnu/libpython3.8.so
-- Found ament_lint_auto: 0.10.6 (/opt/ros/galactic/share/ament_lint_auto/cmake)
-- Added test 'copyright' to check source files copyright and LICENSE
-- Added test 'cppcheck' to perform static code analysis on C / C++ code
-- Configured cppcheck include dirs: 
-- Configured cppcheck exclude dirs and/or files: 
-- Added test 'cpplint' to check C / C++ code against the Google style
-- Configured cpplint exclude dirs and/or files: 
-- Added test 'lint_cmake' to check CMake code style
-- Added test 'uncrustify' to check C / C++ code style
-- Configured uncrustify additional arguments: 
-- Added test 'xmllint' to check XML markup files
-- Configuring done
-- Generating done
-- Build files have been written to: /home/federico/dev_ws/build/more_interfaces
[  3%] Built target more_interfaces__cpp
[ 12%] Built target more_interfaces__rosidl_generator_c
[ 21%] Built target more_interfaces__rosidl_typesupport_cpp
[ 30%] Built target more_interfaces__rosidl_typesupport_fastrtps_cpp
[ 39%] Built target more_interfaces__rosidl_typesupport_introspection_cpp
[ 48%] Built target more_interfaces__rosidl_typesupport_c
[ 57%] Built target more_interfaces__rosidl_typesupport_introspection_c
[ 66%] Built target more_interfaces__rosidl_typesupport_fastrtps_c
[ 66%] Built target more_interfaces
[ 69%] Built target more_interfaces__py
[ 75%] Built target publish_address_book
[ 81%] Built target more_interfaces__python
[ 93%] Built target more_interfaces__rosidl_typesupport_fastrtps_c__pyext
[ 93%] Built target more_interfaces__rosidl_typesupport_c__pyext
[100%] Built target more_interfaces__rosidl_typesupport_introspection_c__pyext
-- Install configuration: ""
-- Execute custom install script
-- Up-to-date symlink: /home/federico/dev_ws/install/more_interfaces/lib/more_interfaces/publish_address_book
-- Up-to-date symlink: /home/federico/dev_ws/install/more_interfaces/share/ament_index/resource_index/rosidl_interfaces/more_interfaces
-- Up-to-date symlink: /home/federico/dev_ws/install/more_interfaces/include/more_interfaces/msg/address_book.h
-- Up-to-date symlink: /home/federico/dev_ws/install/more_interfaces/include/more_interfaces/msg/detail/address_book__functions.h
-- Up-to-date symlink: /home/federico/dev_ws/install/more_interfaces/include/more_interfaces/msg/detail/address_book__struct.h
-- Up-to-date symlink: /home/federico/dev_ws/install/more_interfaces/include/more_interfaces/msg/detail/address_book__type_support.h
-- Up-to-date symlink: /home/federico/dev_ws/install/more_interfaces/include/more_interfaces/msg/rosidl_generator_c__visibility_control.h
-- Up-to-date symlink: /home/federico/dev_ws/install/more_interfaces/share/more_interfaces/environment/library_path.sh
-- Up-to-date symlink: /home/federico/dev_ws/install/more_interfaces/share/more_interfaces/environment/library_path.dsv
-- Up-to-date symlink: /home/federico/dev_ws/install/more_interfaces/include/more_interfaces/msg/detail/address_book__rosidl_typesupport_fastrtps_c.h
-- Up-to-date symlink: /home/federico/dev_ws/install/more_interfaces/include/more_interfaces/msg/rosidl_typesupport_fastrtps_c__visibility_control.h
-- Up-to-date symlink: /home/federico/dev_ws/install/more_interfaces/lib/libmore_interfaces__rosidl_typesupport_fastrtps_c.so
-- Up-to-date symlink: /home/federico/dev_ws/install/more_interfaces/include/more_interfaces/msg/detail/address_book__rosidl_typesupport_fastrtps_cpp.hpp
-- Up-to-date symlink: /home/federico/dev_ws/install/more_interfaces/include/more_interfaces/msg/rosidl_typesupport_fastrtps_cpp__visibility_control.h
-- Up-to-date symlink: /home/federico/dev_ws/install/more_interfaces/lib/libmore_interfaces__rosidl_typesupport_fastrtps_cpp.so
-- Up-to-date symlink: /home/federico/dev_ws/install/more_interfaces/include/more_interfaces/msg/detail/address_book__rosidl_typesupport_introspection_c.h
-- Up-to-date symlink: /home/federico/dev_ws/install/more_interfaces/include/more_interfaces/msg/rosidl_typesupport_introspection_c__visibility_control.h
-- Up-to-date symlink: /home/federico/dev_ws/install/more_interfaces/include/more_interfaces/msg/address_book.hpp
-- Up-to-date symlink: /home/federico/dev_ws/install/more_interfaces/include/more_interfaces/msg/detail/address_book__builder.hpp
-- Up-to-date symlink: /home/federico/dev_ws/install/more_interfaces/include/more_interfaces/msg/detail/address_book__struct.hpp
-- Up-to-date symlink: /home/federico/dev_ws/install/more_interfaces/include/more_interfaces/msg/detail/address_book__traits.hpp
-- Up-to-date symlink: /home/federico/dev_ws/install/more_interfaces/include/more_interfaces/msg/detail/address_book__rosidl_typesupport_introspection_cpp.hpp
-- Up-to-date symlink: /home/federico/dev_ws/install/more_interfaces/share/more_interfaces/environment/pythonpath.sh
-- Up-to-date symlink: /home/federico/dev_ws/install/more_interfaces/share/more_interfaces/environment/pythonpath.dsv
-- Up-to-date symlink: /home/federico/dev_ws/install/more_interfaces/lib/python3.8/site-packages/more_interfaces/__init__.py
-- Up-to-date symlink: /home/federico/dev_ws/install/more_interfaces/lib/python3.8/site-packages/more_interfaces/msg/__init__.py
-- Up-to-date symlink: /home/federico/dev_ws/install/more_interfaces/lib/python3.8/site-packages/more_interfaces/msg/_address_book.py
-- Up-to-date symlink: /home/federico/dev_ws/install/more_interfaces/lib/python3.8/site-packages/more_interfaces/more_interfaces_s__rosidl_typesupport_fastrtps_c.cpython-38-x86_64-linux-gnu.so
-- Up-to-date symlink: /home/federico/dev_ws/install/more_interfaces/lib/python3.8/site-packages/more_interfaces/more_interfaces_s__rosidl_typesupport_introspection_c.cpython-38-x86_64-linux-gnu.so
-- Up-to-date symlink: /home/federico/dev_ws/install/more_interfaces/lib/python3.8/site-packages/more_interfaces/more_interfaces_s__rosidl_typesupport_c.cpython-38-x86_64-linux-gnu.so
-- Up-to-date symlink: /home/federico/dev_ws/install/more_interfaces/lib/libmore_interfaces__python.so
-- Up-to-date symlink: /home/federico/dev_ws/install/more_interfaces/share/more_interfaces/msg/AddressBook.idl
-- Up-to-date symlink: /home/federico/dev_ws/install/more_interfaces/share/more_interfaces/msg/AddressBook.msg
-- Up-to-date symlink: /home/federico/dev_ws/install/more_interfaces/share/ament_index/resource_index/package_run_dependencies/more_interfaces
-- Up-to-date symlink: /home/federico/dev_ws/install/more_interfaces/share/ament_index/resource_index/parent_prefix_path/more_interfaces
-- Up-to-date symlink: /home/federico/dev_ws/install/more_interfaces/share/more_interfaces/environment/ament_prefix_path.sh
-- Up-to-date symlink: /home/federico/dev_ws/install/more_interfaces/share/more_interfaces/environment/ament_prefix_path.dsv
-- Up-to-date symlink: /home/federico/dev_ws/install/more_interfaces/share/more_interfaces/environment/path.sh
-- Up-to-date symlink: /home/federico/dev_ws/install/more_interfaces/share/more_interfaces/environment/path.dsv
-- Up-to-date symlink: /home/federico/dev_ws/install/more_interfaces/share/more_interfaces/local_setup.bash
-- Up-to-date symlink: /home/federico/dev_ws/install/more_interfaces/share/more_interfaces/local_setup.sh
-- Up-to-date symlink: /home/federico/dev_ws/install/more_interfaces/share/more_interfaces/local_setup.zsh
-- Up-to-date symlink: /home/federico/dev_ws/install/more_interfaces/share/more_interfaces/local_setup.dsv
-- Symlinking: /home/federico/dev_ws/install/more_interfaces/share/more_interfaces/package.dsv
-- Up-to-date symlink: /home/federico/dev_ws/install/more_interfaces/share/ament_index/resource_index/packages/more_interfaces
-- Up-to-date symlink: /home/federico/dev_ws/install/more_interfaces/share/more_interfaces/cmake/rosidl_cmake-extras.cmake
-- Up-to-date symlink: /home/federico/dev_ws/install/more_interfaces/share/more_interfaces/cmake/ament_cmake_export_dependencies-extras.cmake
-- Up-to-date symlink: /home/federico/dev_ws/install/more_interfaces/share/more_interfaces/cmake/ament_cmake_export_libraries-extras.cmake
-- Up-to-date symlink: /home/federico/dev_ws/install/more_interfaces/share/more_interfaces/cmake/ament_cmake_export_targets-extras.cmake
-- Up-to-date symlink: /home/federico/dev_ws/install/more_interfaces/share/more_interfaces/cmake/ament_cmake_export_include_directories-extras.cmake
-- Up-to-date symlink: /home/federico/dev_ws/install/more_interfaces/share/more_interfaces/cmake/rosidl_cmake_export_typesupport_libraries-extras.cmake
-- Up-to-date symlink: /home/federico/dev_ws/install/more_interfaces/share/more_interfaces/cmake/rosidl_cmake_export_typesupport_targets-extras.cmake
-- Up-to-date symlink: /home/federico/dev_ws/install/more_interfaces/share/more_interfaces/cmake/more_interfacesConfig.cmake
-- Up-to-date symlink: /home/federico/dev_ws/install/more_interfaces/share/more_interfaces/cmake/more_interfacesConfig-version.cmake
-- Up-to-date symlink: /home/federico/dev_ws/install/more_interfaces/share/more_interfaces/package.xml
-- Up-to-date: /home/federico/dev_ws/install/more_interfaces/lib/libmore_interfaces__rosidl_generator_c.so
-- Up-to-date: /home/federico/dev_ws/install/more_interfaces/lib/libmore_interfaces__rosidl_typesupport_introspection_c.so
-- Up-to-date: /home/federico/dev_ws/install/more_interfaces/lib/libmore_interfaces__rosidl_typesupport_c.so
-- Up-to-date: /home/federico/dev_ws/install/more_interfaces/lib/libmore_interfaces__rosidl_typesupport_introspection_cpp.so
-- Up-to-date: /home/federico/dev_ws/install/more_interfaces/lib/libmore_interfaces__rosidl_typesupport_cpp.so
Compiling '/home/federico/dev_ws/install/more_interfaces/lib/python3.8/site-packages/more_interfaces/__init__.py'...
-- Up-to-date: /home/federico/dev_ws/install/more_interfaces/share/more_interfaces/cmake/more_interfaces__rosidl_generator_cExport.cmake
-- Installing: /home/federico/dev_ws/install/more_interfaces/share/more_interfaces/cmake/more_interfaces__rosidl_generator_cExport-noconfig.cmake
-- Up-to-date: /home/federico/dev_ws/install/more_interfaces/share/more_interfaces/cmake/more_interfaces__rosidl_typesupport_introspection_cExport.cmake
-- Installing: /home/federico/dev_ws/install/more_interfaces/share/more_interfaces/cmake/more_interfaces__rosidl_typesupport_introspection_cExport-noconfig.cmake
-- Up-to-date: /home/federico/dev_ws/install/more_interfaces/share/more_interfaces/cmake/more_interfaces__rosidl_typesupport_cExport.cmake
-- Installing: /home/federico/dev_ws/install/more_interfaces/share/more_interfaces/cmake/more_interfaces__rosidl_typesupport_cExport-noconfig.cmake
-- Up-to-date: /home/federico/dev_ws/install/more_interfaces/share/more_interfaces/cmake/more_interfaces__rosidl_generator_cppExport.cmake
-- Up-to-date: /home/federico/dev_ws/install/more_interfaces/share/more_interfaces/cmake/more_interfaces__rosidl_typesupport_introspection_cppExport.cmake
-- Installing: /home/federico/dev_ws/install/more_interfaces/share/more_interfaces/cmake/more_interfaces__rosidl_typesupport_introspection_cppExport-noconfig.cmake
-- Up-to-date: /home/federico/dev_ws/install/more_interfaces/share/more_interfaces/cmake/more_interfaces__rosidl_typesupport_cppExport.cmake
-- Installing: /home/federico/dev_ws/install/more_interfaces/share/more_interfaces/cmake/more_interfaces__rosidl_typesupport_cppExport-noconfig.cmake
