[1.649s] Invoking command in '/home/federico/dev_ws/build/my_package': PYTHONPATH=/home/federico/dev_ws/install/my_package/lib/python3.8/site-packages:${PYTHONPATH} /usr/bin/python3 setup.py develop --prefix /home/federico/dev_ws/install/my_package --editable --build-directory /home/federico/dev_ws/build/my_package/build --no-deps install_data --install-dir /home/federico/dev_ws/install/my_package
[2.372s] running develop
[2.373s] /home/federico/.local/lib/python3.8/site-packages/setuptools/command/easy_install.py:144: EasyInstallDeprecationWarning: easy_install command is deprecated. Use build and pip and other standards-based tools.
[2.373s]   warnings.warn(
[2.495s] /home/federico/.local/lib/python3.8/site-packages/setuptools/command/install.py:34: SetuptoolsDeprecationWarning: setup.py install is deprecated. Use build and pip and other standards-based tools.
[2.495s]   warnings.warn(
[2.674s] /home/federico/.local/lib/python3.8/site-packages/pkg_resources/__init__.py:123: PkgResourcesDeprecationWarning: 0.1.36ubuntu1 is an invalid version and will not be supported in a future release
[2.674s]   warnings.warn(
[2.674s] /home/federico/.local/lib/python3.8/site-packages/pkg_resources/__init__.py:123: PkgResourcesDeprecationWarning: 0.23ubuntu1 is an invalid version and will not be supported in a future release
[2.674s]   warnings.warn(
[2.769s] running egg_info
[2.826s] writing my_package.egg-info/PKG-INFO
[2.871s] writing dependency_links to my_package.egg-info/dependency_links.txt
[3.006s] writing entry points to my_package.egg-info/entry_points.txt
[3.096s] writing requirements to my_package.egg-info/requires.txt
[3.141s] writing top-level names to my_package.egg-info/top_level.txt
[3.214s] reading manifest file 'my_package.egg-info/SOURCES.txt'
[3.215s] writing manifest file 'my_package.egg-info/SOURCES.txt'
[3.305s] running build_ext
[3.305s] Creating /home/federico/dev_ws/install/my_package/lib/python3.8/site-packages/my-package.egg-link (link to .)
[3.305s] Installing my_node script to /home/federico/dev_ws/install/my_package/lib/my_package
[3.306s] 
[3.306s] Installed /home/federico/dev_ws/build/my_package
[3.306s] running install_data
[3.339s] Invoked command in '/home/federico/dev_ws/build/my_package' returned '0': PYTHONPATH=/home/federico/dev_ws/install/my_package/lib/python3.8/site-packages:${PYTHONPATH} /usr/bin/python3 setup.py develop --prefix /home/federico/dev_ws/install/my_package --editable --build-directory /home/federico/dev_ws/build/my_package/build --no-deps install_data --install-dir /home/federico/dev_ws/install/my_package
