[3.867s] Invoking command in '/home/federico/dev_ws/build/my_package': PYTHONPATH=/home/federico/dev_ws/install/my_package/lib/python3.8/site-packages:${PYTHONPATH} /usr/bin/python3 setup.py develop --prefix /home/federico/dev_ws/install/my_package --uninstall --editable --build-directory /home/federico/dev_ws/build/my_package/build
[5.311s] running develop
[5.311s] /home/federico/.local/lib/python3.8/site-packages/setuptools/command/easy_install.py:144: EasyInstallDeprecationWarning: easy_install command is deprecated. Use build and pip and other standards-based tools.
[5.311s]   warnings.warn(
[5.556s] /home/federico/.local/lib/python3.8/site-packages/setuptools/command/install.py:34: SetuptoolsDeprecationWarning: setup.py install is deprecated. Use build and pip and other standards-based tools.
[5.556s]   warnings.warn(
[5.934s] /home/federico/.local/lib/python3.8/site-packages/pkg_resources/__init__.py:123: PkgResourcesDeprecationWarning: 0.1.36ubuntu1 is an invalid version and will not be supported in a future release
[5.934s]   warnings.warn(
[5.934s] /home/federico/.local/lib/python3.8/site-packages/pkg_resources/__init__.py:123: PkgResourcesDeprecationWarning: 0.23ubuntu1 is an invalid version and will not be supported in a future release
[5.934s]   warnings.warn(
[7.274s] Invoked command in '/home/federico/dev_ws/build/my_package' returned '0': PYTHONPATH=/home/federico/dev_ws/install/my_package/lib/python3.8/site-packages:${PYTHONPATH} /usr/bin/python3 setup.py develop --prefix /home/federico/dev_ws/install/my_package --uninstall --editable --build-directory /home/federico/dev_ws/build/my_package/build
[7.276s] Invoking command in '/home/federico/dev_ws/src/my_package': PYTHONPATH=/home/federico/dev_ws/install/my_package/lib/python3.8/site-packages:${PYTHONPATH} /usr/bin/python3 setup.py egg_info --egg-base ../../build/my_package build --build-base /home/federico/dev_ws/build/my_package/build install --prefix /home/federico/dev_ws/install/my_package --record /home/federico/dev_ws/build/my_package/install.log --single-version-externally-managed
[9.528s] running egg_info
[9.604s] writing ../../build/my_package/my_package.egg-info/PKG-INFO
[9.663s] writing dependency_links to ../../build/my_package/my_package.egg-info/dependency_links.txt
[9.831s] writing entry points to ../../build/my_package/my_package.egg-info/entry_points.txt
[9.967s] writing requirements to ../../build/my_package/my_package.egg-info/requires.txt
[10.027s] writing top-level names to ../../build/my_package/my_package.egg-info/top_level.txt
[10.127s] reading manifest file '../../build/my_package/my_package.egg-info/SOURCES.txt'
[10.128s] writing manifest file '../../build/my_package/my_package.egg-info/SOURCES.txt'
[10.128s] running build
[10.128s] running build_py
[10.129s] running install
[10.129s] /home/federico/.local/lib/python3.8/site-packages/setuptools/command/install.py:34: SetuptoolsDeprecationWarning: setup.py install is deprecated. Use build and pip and other standards-based tools.
[10.131s]   warnings.warn(
[10.137s] running install_lib
[10.209s] running install_data
[10.223s] running install_egg_info
[10.304s] removing '/home/federico/dev_ws/install/my_package/lib/python3.8/site-packages/my_package-0.0.0-py3.8.egg-info' (and everything under it)
[10.305s] Copying ../../build/my_package/my_package.egg-info to /home/federico/dev_ws/install/my_package/lib/python3.8/site-packages/my_package-0.0.0-py3.8.egg-info
[10.306s] running install_scripts
[10.469s] Installing reading_laser script to /home/federico/dev_ws/install/my_package/lib/my_package
[10.469s] writing list of installed files to '/home/federico/dev_ws/build/my_package/install.log'
[10.542s] Invoked command in '/home/federico/dev_ws/src/my_package' returned '0': PYTHONPATH=/home/federico/dev_ws/install/my_package/lib/python3.8/site-packages:${PYTHONPATH} /usr/bin/python3 setup.py egg_info --egg-base ../../build/my_package build --build-base /home/federico/dev_ws/build/my_package/build install --prefix /home/federico/dev_ws/install/my_package --record /home/federico/dev_ws/build/my_package/install.log --single-version-externally-managed
