[1.499s] Invoking command in '/home/federico/dev_ws/build/turtlesim': CMAKE_PREFIX_PATH=/opt/ros/galactic /usr/bin/cmake /home/federico/dev_ws/src/ros_tutorials/turtlesim -DCMAKE_INSTALL_PREFIX=/home/federico/dev_ws/install/turtlesim
[1.535s] -- Found ament_cmake: 1.1.5 (/opt/ros/galactic/share/ament_cmake/cmake)
[1.537s] -- Found PythonInterp: /usr/bin/python3 (found suitable version "3.8.10", minimum required is "3") 
[1.537s] -- Using PYTHON_EXECUTABLE: /usr/bin/python3
[1.627s] -- Override CMake install command with custom implementation using symlinks instead of copying resources
[1.638s] -- Found ament_index_cpp: 1.2.0 (/opt/ros/galactic/share/ament_index_cpp/cmake)
[1.641s] -- Found geometry_msgs: 2.2.4 (/opt/ros/galactic/share/geometry_msgs/cmake)
[1.664s] -- Using all available rosidl_typesupport_c: rosidl_typesupport_fastrtps_c;rosidl_typesupport_introspection_c
[1.665s] -- Found rosidl_adapter: 2.2.1 (/opt/ros/galactic/share/rosidl_adapter/cmake)
[1.827s] -- Using all available rosidl_typesupport_cpp: rosidl_typesupport_fastrtps_cpp;rosidl_typesupport_introspection_cpp
[1.941s] -- Found rclcpp: 9.2.0 (/opt/ros/galactic/share/rclcpp/cmake)
[1.983s] -- Found rmw_implementation_cmake: 3.3.1 (/opt/ros/galactic/share/rmw_implementation_cmake/cmake)
[1.985s] -- Found rmw_cyclonedds_cpp: 0.22.4 (/opt/ros/galactic/share/rmw_cyclonedds_cpp/cmake)
[2.004s] -- Using RMW implementation 'rmw_cyclonedds_cpp' as default
[2.131s] -- Found rclcpp_action: 9.2.0 (/opt/ros/galactic/share/rclcpp_action/cmake)
[2.283s] -- Found rosidl_default_generators: 1.1.1 (/opt/ros/galactic/share/rosidl_default_generators/cmake)
[2.299s] -- Found std_srvs: 2.2.4 (/opt/ros/galactic/share/std_srvs/cmake)
[2.342s] -- Found PythonInterp: /usr/bin/python3 (found version "3.8.10") 
[2.544s] -- Found ament_cmake_ros: 0.9.2 (/opt/ros/galactic/share/ament_cmake_ros/cmake)
[2.719s] -- Using all available rosidl_typesupport_c: rosidl_typesupport_fastrtps_c;rosidl_typesupport_introspection_c
[2.748s] -- Using all available rosidl_typesupport_cpp: rosidl_typesupport_fastrtps_cpp;rosidl_typesupport_introspection_cpp
[2.783s] -- Found PythonInterp: /usr/bin/python3 (found suitable version "3.8.10", minimum required is "3.5") 
[2.783s] -- Found python_cmake_module: 0.8.1 (/opt/ros/galactic/share/python_cmake_module/cmake)
[2.823s] -- Using PYTHON_EXECUTABLE: /usr/bin/python3
[2.823s] -- Using PYTHON_INCLUDE_DIRS: /usr/include/python3.8
[2.823s] -- Using PYTHON_LIBRARIES: /usr/lib/x86_64-linux-gnu/libpython3.8.so
[2.891s] -- Configuring done
[3.000s] -- Generating done
[3.003s] -- Build files have been written to: /home/federico/dev_ws/build/turtlesim
[3.537s] Invoked command in '/home/federico/dev_ws/build/turtlesim' returned '0': CMAKE_PREFIX_PATH=/opt/ros/galactic /usr/bin/cmake /home/federico/dev_ws/src/ros_tutorials/turtlesim -DCMAKE_INSTALL_PREFIX=/home/federico/dev_ws/install/turtlesim
[3.539s] Invoking command in '/home/federico/dev_ws/build/turtlesim': CMAKE_PREFIX_PATH=/opt/ros/galactic /usr/bin/cmake --build /home/federico/dev_ws/build/turtlesim -- -j12 -l12
[3.606s] [  1%] Built target turtlesim__cpp
[3.619s] [ 11%] Built target turtlesim__rosidl_generator_c
[3.644s] [ 21%] Built target turtlesim__rosidl_typesupport_cpp
[3.649s] [ 31%] Built target turtlesim__rosidl_typesupport_introspection_cpp
[3.655s] [ 48%] Built target turtlesim__rosidl_typesupport_c
[3.655s] [ 51%] Built target turtlesim__rosidl_typesupport_fastrtps_cpp
[3.662s] [ 61%] Built target turtlesim__rosidl_typesupport_introspection_c
[3.690s] [ 71%] Built target turtlesim__rosidl_typesupport_fastrtps_c
[3.713s] [ 71%] Built target turtlesim
[3.748s] [ 72%] Built target turtlesim__py
[3.750s] [ 74%] Built target turtle_teleop_key
[3.757s] [ 76%] Built target mimic
[3.758s] [ 78%] Built target draw_square
[3.785s] [ 87%] Built target turtlesim__python
[3.792s] [ 93%] Built target turtlesim_node
[3.822s] [ 95%] Built target turtlesim__rosidl_typesupport_fastrtps_c__pyext
[3.823s] [ 97%] Built target turtlesim__rosidl_typesupport_introspection_c__pyext
[3.827s] [100%] Built target turtlesim__rosidl_typesupport_c__pyext
[3.842s] Invoked command in '/home/federico/dev_ws/build/turtlesim' returned '0': CMAKE_PREFIX_PATH=/opt/ros/galactic /usr/bin/cmake --build /home/federico/dev_ws/build/turtlesim -- -j12 -l12
[3.992s] Invoking command in '/home/federico/dev_ws/build/turtlesim': CMAKE_PREFIX_PATH=/opt/ros/galactic /usr/bin/cmake --install /home/federico/dev_ws/build/turtlesim
[4.003s] -- Install configuration: ""
[4.003s] -- Execute custom install script
[4.004s] -- Up-to-date symlink: /home/federico/dev_ws/install/turtlesim/share/ament_index/resource_index/rosidl_interfaces/turtlesim
[4.006s] -- Up-to-date symlink: /home/federico/dev_ws/install/turtlesim/include/turtlesim/action/detail/rotate_absolute__functions.h
[4.006s] -- Up-to-date symlink: /home/federico/dev_ws/install/turtlesim/include/turtlesim/action/detail/rotate_absolute__struct.h
[4.007s] -- Up-to-date symlink: /home/federico/dev_ws/install/turtlesim/include/turtlesim/action/detail/rotate_absolute__type_support.h
[4.007s] -- Up-to-date symlink: /home/federico/dev_ws/install/turtlesim/include/turtlesim/action/rotate_absolute.h
[4.007s] -- Up-to-date symlink: /home/federico/dev_ws/install/turtlesim/include/turtlesim/msg/color.h
[4.007s] -- Up-to-date symlink: /home/federico/dev_ws/install/turtlesim/include/turtlesim/msg/detail/color__functions.h
[4.008s] -- Up-to-date symlink: /home/federico/dev_ws/install/turtlesim/include/turtlesim/msg/detail/color__struct.h
[4.008s] -- Up-to-date symlink: /home/federico/dev_ws/install/turtlesim/include/turtlesim/msg/detail/color__type_support.h
[4.008s] -- Up-to-date symlink: /home/federico/dev_ws/install/turtlesim/include/turtlesim/msg/detail/pose__functions.h
[4.008s] -- Up-to-date symlink: /home/federico/dev_ws/install/turtlesim/include/turtlesim/msg/detail/pose__struct.h
[4.009s] -- Up-to-date symlink: /home/federico/dev_ws/install/turtlesim/include/turtlesim/msg/detail/pose__type_support.h
[4.009s] -- Up-to-date symlink: /home/federico/dev_ws/install/turtlesim/include/turtlesim/msg/pose.h
[4.009s] -- Up-to-date symlink: /home/federico/dev_ws/install/turtlesim/include/turtlesim/msg/rosidl_generator_c__visibility_control.h
[4.010s] -- Up-to-date symlink: /home/federico/dev_ws/install/turtlesim/include/turtlesim/srv/detail/kill__functions.h
[4.011s] -- Up-to-date symlink: /home/federico/dev_ws/install/turtlesim/include/turtlesim/srv/detail/kill__struct.h
[4.011s] -- Up-to-date symlink: /home/federico/dev_ws/install/turtlesim/include/turtlesim/srv/detail/kill__type_support.h
[4.012s] -- Up-to-date symlink: /home/federico/dev_ws/install/turtlesim/include/turtlesim/srv/detail/set_pen__functions.h
[4.012s] -- Up-to-date symlink: /home/federico/dev_ws/install/turtlesim/include/turtlesim/srv/detail/set_pen__struct.h
[4.012s] -- Up-to-date symlink: /home/federico/dev_ws/install/turtlesim/include/turtlesim/srv/detail/set_pen__type_support.h
[4.012s] -- Up-to-date symlink: /home/federico/dev_ws/install/turtlesim/include/turtlesim/srv/detail/spawn__functions.h
[4.013s] -- Up-to-date symlink: /home/federico/dev_ws/install/turtlesim/include/turtlesim/srv/detail/spawn__struct.h
[4.013s] -- Up-to-date symlink: /home/federico/dev_ws/install/turtlesim/include/turtlesim/srv/detail/spawn__type_support.h
[4.013s] -- Up-to-date symlink: /home/federico/dev_ws/install/turtlesim/include/turtlesim/srv/detail/teleport_absolute__functions.h
[4.013s] -- Up-to-date symlink: /home/federico/dev_ws/install/turtlesim/include/turtlesim/srv/detail/teleport_absolute__struct.h
[4.014s] -- Up-to-date symlink: /home/federico/dev_ws/install/turtlesim/include/turtlesim/srv/detail/teleport_absolute__type_support.h
[4.014s] -- Up-to-date symlink: /home/federico/dev_ws/install/turtlesim/include/turtlesim/srv/detail/teleport_relative__functions.h
[4.015s] -- Up-to-date symlink: /home/federico/dev_ws/install/turtlesim/include/turtlesim/srv/detail/teleport_relative__struct.h
[4.015s] -- Up-to-date symlink: /home/federico/dev_ws/install/turtlesim/include/turtlesim/srv/detail/teleport_relative__type_support.h
[4.015s] -- Up-to-date symlink: /home/federico/dev_ws/install/turtlesim/include/turtlesim/srv/kill.h
[4.016s] -- Up-to-date symlink: /home/federico/dev_ws/install/turtlesim/include/turtlesim/srv/set_pen.h
[4.016s] -- Up-to-date symlink: /home/federico/dev_ws/install/turtlesim/include/turtlesim/srv/spawn.h
[4.016s] -- Up-to-date symlink: /home/federico/dev_ws/install/turtlesim/include/turtlesim/srv/teleport_absolute.h
[4.017s] -- Up-to-date symlink: /home/federico/dev_ws/install/turtlesim/include/turtlesim/srv/teleport_relative.h
[4.017s] -- Up-to-date symlink: /home/federico/dev_ws/install/turtlesim/share/turtlesim/environment/library_path.sh
[4.017s] -- Up-to-date symlink: /home/federico/dev_ws/install/turtlesim/share/turtlesim/environment/library_path.dsv
[4.018s] -- Up-to-date symlink: /home/federico/dev_ws/install/turtlesim/include/turtlesim/action/detail/rotate_absolute__rosidl_typesupport_fastrtps_c.h
[4.020s] -- Up-to-date symlink: /home/federico/dev_ws/install/turtlesim/include/turtlesim/msg/detail/color__rosidl_typesupport_fastrtps_c.h
[4.021s] -- Up-to-date symlink: /home/federico/dev_ws/install/turtlesim/include/turtlesim/msg/detail/pose__rosidl_typesupport_fastrtps_c.h
[4.022s] -- Up-to-date symlink: /home/federico/dev_ws/install/turtlesim/include/turtlesim/msg/rosidl_typesupport_fastrtps_c__visibility_control.h
[4.022s] -- Up-to-date symlink: /home/federico/dev_ws/install/turtlesim/include/turtlesim/srv/detail/kill__rosidl_typesupport_fastrtps_c.h
[4.022s] -- Up-to-date symlink: /home/federico/dev_ws/install/turtlesim/include/turtlesim/srv/detail/set_pen__rosidl_typesupport_fastrtps_c.h
[4.022s] -- Up-to-date symlink: /home/federico/dev_ws/install/turtlesim/include/turtlesim/srv/detail/spawn__rosidl_typesupport_fastrtps_c.h
[4.022s] -- Up-to-date symlink: /home/federico/dev_ws/install/turtlesim/include/turtlesim/srv/detail/teleport_absolute__rosidl_typesupport_fastrtps_c.h
[4.023s] -- Up-to-date symlink: /home/federico/dev_ws/install/turtlesim/include/turtlesim/srv/detail/teleport_relative__rosidl_typesupport_fastrtps_c.h
[4.023s] -- Up-to-date symlink: /home/federico/dev_ws/install/turtlesim/lib/libturtlesim__rosidl_typesupport_fastrtps_c.so
[4.023s] -- Up-to-date symlink: /home/federico/dev_ws/install/turtlesim/include/turtlesim/action/detail/rotate_absolute__rosidl_typesupport_fastrtps_cpp.hpp
[4.023s] -- Up-to-date symlink: /home/federico/dev_ws/install/turtlesim/include/turtlesim/msg/detail/color__rosidl_typesupport_fastrtps_cpp.hpp
[4.023s] -- Up-to-date symlink: /home/federico/dev_ws/install/turtlesim/include/turtlesim/msg/detail/pose__rosidl_typesupport_fastrtps_cpp.hpp
[4.023s] -- Up-to-date symlink: /home/federico/dev_ws/install/turtlesim/include/turtlesim/msg/rosidl_typesupport_fastrtps_cpp__visibility_control.h
[4.024s] -- Up-to-date symlink: /home/federico/dev_ws/install/turtlesim/include/turtlesim/srv/detail/kill__rosidl_typesupport_fastrtps_cpp.hpp
[4.024s] -- Up-to-date symlink: /home/federico/dev_ws/install/turtlesim/include/turtlesim/srv/detail/set_pen__rosidl_typesupport_fastrtps_cpp.hpp
[4.024s] -- Up-to-date symlink: /home/federico/dev_ws/install/turtlesim/include/turtlesim/srv/detail/spawn__rosidl_typesupport_fastrtps_cpp.hpp
[4.024s] -- Up-to-date symlink: /home/federico/dev_ws/install/turtlesim/include/turtlesim/srv/detail/teleport_absolute__rosidl_typesupport_fastrtps_cpp.hpp
[4.024s] -- Up-to-date symlink: /home/federico/dev_ws/install/turtlesim/include/turtlesim/srv/detail/teleport_relative__rosidl_typesupport_fastrtps_cpp.hpp
[4.024s] -- Up-to-date symlink: /home/federico/dev_ws/install/turtlesim/lib/libturtlesim__rosidl_typesupport_fastrtps_cpp.so
[4.025s] -- Up-to-date symlink: /home/federico/dev_ws/install/turtlesim/include/turtlesim/action/detail/rotate_absolute__rosidl_typesupport_introspection_c.h
[4.025s] -- Up-to-date symlink: /home/federico/dev_ws/install/turtlesim/include/turtlesim/msg/detail/color__rosidl_typesupport_introspection_c.h
[4.025s] -- Up-to-date symlink: /home/federico/dev_ws/install/turtlesim/include/turtlesim/msg/detail/pose__rosidl_typesupport_introspection_c.h
[4.025s] -- Up-to-date symlink: /home/federico/dev_ws/install/turtlesim/include/turtlesim/msg/rosidl_typesupport_introspection_c__visibility_control.h
[4.025s] -- Up-to-date symlink: /home/federico/dev_ws/install/turtlesim/include/turtlesim/srv/detail/kill__rosidl_typesupport_introspection_c.h
[4.025s] -- Up-to-date symlink: /home/federico/dev_ws/install/turtlesim/include/turtlesim/srv/detail/set_pen__rosidl_typesupport_introspection_c.h
[4.025s] -- Up-to-date symlink: /home/federico/dev_ws/install/turtlesim/include/turtlesim/srv/detail/spawn__rosidl_typesupport_introspection_c.h
[4.025s] -- Up-to-date symlink: /home/federico/dev_ws/install/turtlesim/include/turtlesim/srv/detail/teleport_absolute__rosidl_typesupport_introspection_c.h
[4.026s] -- Up-to-date symlink: /home/federico/dev_ws/install/turtlesim/include/turtlesim/srv/detail/teleport_relative__rosidl_typesupport_introspection_c.h
[4.026s] -- Up-to-date symlink: /home/federico/dev_ws/install/turtlesim/include/turtlesim/action/detail/rotate_absolute__builder.hpp
[4.026s] -- Up-to-date symlink: /home/federico/dev_ws/install/turtlesim/include/turtlesim/action/detail/rotate_absolute__struct.hpp
[4.026s] -- Up-to-date symlink: /home/federico/dev_ws/install/turtlesim/include/turtlesim/action/detail/rotate_absolute__traits.hpp
[4.026s] -- Up-to-date symlink: /home/federico/dev_ws/install/turtlesim/include/turtlesim/action/rotate_absolute.hpp
[4.026s] -- Up-to-date symlink: /home/federico/dev_ws/install/turtlesim/include/turtlesim/msg/color.hpp
[4.027s] -- Up-to-date symlink: /home/federico/dev_ws/install/turtlesim/include/turtlesim/msg/detail/color__builder.hpp
[4.027s] -- Up-to-date symlink: /home/federico/dev_ws/install/turtlesim/include/turtlesim/msg/detail/color__struct.hpp
[4.027s] -- Up-to-date symlink: /home/federico/dev_ws/install/turtlesim/include/turtlesim/msg/detail/color__traits.hpp
[4.027s] -- Up-to-date symlink: /home/federico/dev_ws/install/turtlesim/include/turtlesim/msg/detail/pose__builder.hpp
[4.027s] -- Up-to-date symlink: /home/federico/dev_ws/install/turtlesim/include/turtlesim/msg/detail/pose__struct.hpp
[4.027s] -- Up-to-date symlink: /home/federico/dev_ws/install/turtlesim/include/turtlesim/msg/detail/pose__traits.hpp
[4.027s] -- Up-to-date symlink: /home/federico/dev_ws/install/turtlesim/include/turtlesim/msg/pose.hpp
[4.028s] -- Up-to-date symlink: /home/federico/dev_ws/install/turtlesim/include/turtlesim/srv/detail/kill__builder.hpp
[4.028s] -- Up-to-date symlink: /home/federico/dev_ws/install/turtlesim/include/turtlesim/srv/detail/kill__struct.hpp
[4.028s] -- Up-to-date symlink: /home/federico/dev_ws/install/turtlesim/include/turtlesim/srv/detail/kill__traits.hpp
[4.028s] -- Up-to-date symlink: /home/federico/dev_ws/install/turtlesim/include/turtlesim/srv/detail/set_pen__builder.hpp
[4.028s] -- Up-to-date symlink: /home/federico/dev_ws/install/turtlesim/include/turtlesim/srv/detail/set_pen__struct.hpp
[4.028s] -- Up-to-date symlink: /home/federico/dev_ws/install/turtlesim/include/turtlesim/srv/detail/set_pen__traits.hpp
[4.028s] -- Up-to-date symlink: /home/federico/dev_ws/install/turtlesim/include/turtlesim/srv/detail/spawn__builder.hpp
[4.029s] -- Up-to-date symlink: /home/federico/dev_ws/install/turtlesim/include/turtlesim/srv/detail/spawn__struct.hpp
[4.029s] -- Up-to-date symlink: /home/federico/dev_ws/install/turtlesim/include/turtlesim/srv/detail/spawn__traits.hpp
[4.029s] -- Up-to-date symlink: /home/federico/dev_ws/install/turtlesim/include/turtlesim/srv/detail/teleport_absolute__builder.hpp
[4.029s] -- Up-to-date symlink: /home/federico/dev_ws/install/turtlesim/include/turtlesim/srv/detail/teleport_absolute__struct.hpp
[4.029s] -- Up-to-date symlink: /home/federico/dev_ws/install/turtlesim/include/turtlesim/srv/detail/teleport_absolute__traits.hpp
[4.029s] -- Up-to-date symlink: /home/federico/dev_ws/install/turtlesim/include/turtlesim/srv/detail/teleport_relative__builder.hpp
[4.029s] -- Up-to-date symlink: /home/federico/dev_ws/install/turtlesim/include/turtlesim/srv/detail/teleport_relative__struct.hpp
[4.030s] -- Up-to-date symlink: /home/federico/dev_ws/install/turtlesim/include/turtlesim/srv/detail/teleport_relative__traits.hpp
[4.030s] -- Up-to-date symlink: /home/federico/dev_ws/install/turtlesim/include/turtlesim/srv/kill.hpp
[4.030s] -- Up-to-date symlink: /home/federico/dev_ws/install/turtlesim/include/turtlesim/srv/set_pen.hpp
[4.030s] -- Up-to-date symlink: /home/federico/dev_ws/install/turtlesim/include/turtlesim/srv/spawn.hpp
[4.030s] -- Up-to-date symlink: /home/federico/dev_ws/install/turtlesim/include/turtlesim/srv/teleport_absolute.hpp
[4.030s] -- Up-to-date symlink: /home/federico/dev_ws/install/turtlesim/include/turtlesim/srv/teleport_relative.hpp
[4.031s] -- Up-to-date symlink: /home/federico/dev_ws/install/turtlesim/include/turtlesim/action/detail/rotate_absolute__rosidl_typesupport_introspection_cpp.hpp
[4.031s] -- Up-to-date symlink: /home/federico/dev_ws/install/turtlesim/include/turtlesim/msg/detail/color__rosidl_typesupport_introspection_cpp.hpp
[4.031s] -- Up-to-date symlink: /home/federico/dev_ws/install/turtlesim/include/turtlesim/msg/detail/pose__rosidl_typesupport_introspection_cpp.hpp
[4.031s] -- Up-to-date symlink: /home/federico/dev_ws/install/turtlesim/include/turtlesim/srv/detail/kill__rosidl_typesupport_introspection_cpp.hpp
[4.031s] -- Up-to-date symlink: /home/federico/dev_ws/install/turtlesim/include/turtlesim/srv/detail/set_pen__rosidl_typesupport_introspection_cpp.hpp
[4.031s] -- Up-to-date symlink: /home/federico/dev_ws/install/turtlesim/include/turtlesim/srv/detail/spawn__rosidl_typesupport_introspection_cpp.hpp
[4.032s] -- Up-to-date symlink: /home/federico/dev_ws/install/turtlesim/include/turtlesim/srv/detail/teleport_absolute__rosidl_typesupport_introspection_cpp.hpp
[4.032s] -- Up-to-date symlink: /home/federico/dev_ws/install/turtlesim/include/turtlesim/srv/detail/teleport_relative__rosidl_typesupport_introspection_cpp.hpp
[4.032s] -- Up-to-date symlink: /home/federico/dev_ws/install/turtlesim/share/turtlesim/environment/pythonpath.sh
[4.032s] -- Up-to-date symlink: /home/federico/dev_ws/install/turtlesim/share/turtlesim/environment/pythonpath.dsv
[4.032s] -- Up-to-date symlink: /home/federico/dev_ws/install/turtlesim/lib/python3.8/site-packages/turtlesim/__init__.py
[4.033s] -- Up-to-date symlink: /home/federico/dev_ws/install/turtlesim/lib/python3.8/site-packages/turtlesim/action/__init__.py
[4.033s] -- Up-to-date symlink: /home/federico/dev_ws/install/turtlesim/lib/python3.8/site-packages/turtlesim/action/_rotate_absolute.py
[4.033s] -- Up-to-date symlink: /home/federico/dev_ws/install/turtlesim/lib/python3.8/site-packages/turtlesim/msg/__init__.py
[4.033s] -- Up-to-date symlink: /home/federico/dev_ws/install/turtlesim/lib/python3.8/site-packages/turtlesim/msg/_color.py
[4.033s] -- Up-to-date symlink: /home/federico/dev_ws/install/turtlesim/lib/python3.8/site-packages/turtlesim/msg/_pose.py
[4.033s] -- Up-to-date symlink: /home/federico/dev_ws/install/turtlesim/lib/python3.8/site-packages/turtlesim/srv/__init__.py
[4.034s] -- Up-to-date symlink: /home/federico/dev_ws/install/turtlesim/lib/python3.8/site-packages/turtlesim/srv/_kill.py
[4.034s] -- Up-to-date symlink: /home/federico/dev_ws/install/turtlesim/lib/python3.8/site-packages/turtlesim/srv/_set_pen.py
[4.034s] -- Up-to-date symlink: /home/federico/dev_ws/install/turtlesim/lib/python3.8/site-packages/turtlesim/srv/_spawn.py
[4.035s] -- Up-to-date symlink: /home/federico/dev_ws/install/turtlesim/lib/python3.8/site-packages/turtlesim/srv/_teleport_absolute.py
[4.035s] -- Up-to-date symlink: /home/federico/dev_ws/install/turtlesim/lib/python3.8/site-packages/turtlesim/srv/_teleport_relative.py
[4.035s] -- Up-to-date symlink: /home/federico/dev_ws/install/turtlesim/lib/python3.8/site-packages/turtlesim/turtlesim_s__rosidl_typesupport_fastrtps_c.cpython-38-x86_64-linux-gnu.so
[4.035s] -- Up-to-date symlink: /home/federico/dev_ws/install/turtlesim/lib/python3.8/site-packages/turtlesim/turtlesim_s__rosidl_typesupport_introspection_c.cpython-38-x86_64-linux-gnu.so
[4.035s] -- Up-to-date symlink: /home/federico/dev_ws/install/turtlesim/lib/python3.8/site-packages/turtlesim/turtlesim_s__rosidl_typesupport_c.cpython-38-x86_64-linux-gnu.so
[4.035s] -- Up-to-date symlink: /home/federico/dev_ws/install/turtlesim/lib/libturtlesim__python.so
[4.036s] -- Up-to-date symlink: /home/federico/dev_ws/install/turtlesim/share/turtlesim/action/RotateAbsolute.idl
[4.036s] -- Up-to-date symlink: /home/federico/dev_ws/install/turtlesim/share/turtlesim/msg/Color.idl
[4.036s] -- Up-to-date symlink: /home/federico/dev_ws/install/turtlesim/share/turtlesim/msg/Pose.idl
[4.036s] -- Up-to-date symlink: /home/federico/dev_ws/install/turtlesim/share/turtlesim/srv/Kill.idl
[4.036s] -- Up-to-date symlink: /home/federico/dev_ws/install/turtlesim/share/turtlesim/srv/SetPen.idl
[4.037s] -- Up-to-date symlink: /home/federico/dev_ws/install/turtlesim/share/turtlesim/srv/Spawn.idl
[4.037s] -- Up-to-date symlink: /home/federico/dev_ws/install/turtlesim/share/turtlesim/srv/TeleportAbsolute.idl
[4.037s] -- Up-to-date symlink: /home/federico/dev_ws/install/turtlesim/share/turtlesim/srv/TeleportRelative.idl
[4.037s] -- Up-to-date symlink: /home/federico/dev_ws/install/turtlesim/share/turtlesim/action/RotateAbsolute.action
[4.037s] -- Up-to-date symlink: /home/federico/dev_ws/install/turtlesim/share/turtlesim/msg/Color.msg
[4.038s] -- Up-to-date symlink: /home/federico/dev_ws/install/turtlesim/share/turtlesim/msg/Pose.msg
[4.038s] -- Up-to-date symlink: /home/federico/dev_ws/install/turtlesim/share/turtlesim/srv/Kill.srv
[4.038s] -- Up-to-date symlink: /home/federico/dev_ws/install/turtlesim/share/turtlesim/srv/Kill_Request.msg
[4.038s] -- Up-to-date symlink: /home/federico/dev_ws/install/turtlesim/share/turtlesim/srv/Kill_Response.msg
[4.038s] -- Up-to-date symlink: /home/federico/dev_ws/install/turtlesim/share/turtlesim/srv/SetPen.srv
[4.038s] -- Up-to-date symlink: /home/federico/dev_ws/install/turtlesim/share/turtlesim/srv/SetPen_Request.msg
[4.039s] -- Up-to-date symlink: /home/federico/dev_ws/install/turtlesim/share/turtlesim/srv/SetPen_Response.msg
[4.039s] -- Up-to-date symlink: /home/federico/dev_ws/install/turtlesim/share/turtlesim/srv/Spawn.srv
[4.039s] -- Up-to-date symlink: /home/federico/dev_ws/install/turtlesim/share/turtlesim/srv/Spawn_Request.msg
[4.039s] -- Up-to-date symlink: /home/federico/dev_ws/install/turtlesim/share/turtlesim/srv/Spawn_Response.msg
[4.039s] -- Up-to-date symlink: /home/federico/dev_ws/install/turtlesim/share/turtlesim/srv/TeleportAbsolute.srv
[4.039s] -- Up-to-date symlink: /home/federico/dev_ws/install/turtlesim/share/turtlesim/srv/TeleportAbsolute_Request.msg
[4.039s] -- Up-to-date symlink: /home/federico/dev_ws/install/turtlesim/share/turtlesim/srv/TeleportAbsolute_Response.msg
[4.040s] -- Up-to-date symlink: /home/federico/dev_ws/install/turtlesim/share/turtlesim/srv/TeleportRelative.srv
[4.042s] -- Up-to-date symlink: /home/federico/dev_ws/install/turtlesim/share/turtlesim/srv/TeleportRelative_Request.msg
[4.044s] -- Up-to-date symlink: /home/federico/dev_ws/install/turtlesim/share/turtlesim/srv/TeleportRelative_Response.msg
[4.044s] -- Up-to-date symlink: /home/federico/dev_ws/install/turtlesim/lib/turtlesim/turtlesim_node
[4.044s] -- Up-to-date symlink: /home/federico/dev_ws/install/turtlesim/lib/turtlesim/turtle_teleop_key
[4.044s] -- Up-to-date symlink: /home/federico/dev_ws/install/turtlesim/lib/turtlesim/draw_square
[4.045s] -- Up-to-date symlink: /home/federico/dev_ws/install/turtlesim/lib/turtlesim/mimic
[4.045s] -- Up-to-date symlink: /home/federico/dev_ws/install/turtlesim/share/turtlesim/launch/multisim.launch.py
[4.045s] -- Up-to-date symlink: /home/federico/dev_ws/install/turtlesim/share/ament_index/resource_index/package_run_dependencies/turtlesim
[4.045s] -- Up-to-date symlink: /home/federico/dev_ws/install/turtlesim/share/ament_index/resource_index/parent_prefix_path/turtlesim
[4.045s] -- Up-to-date symlink: /home/federico/dev_ws/install/turtlesim/share/turtlesim/environment/ament_prefix_path.sh
[4.046s] -- Up-to-date symlink: /home/federico/dev_ws/install/turtlesim/share/turtlesim/environment/ament_prefix_path.dsv
[4.046s] -- Up-to-date symlink: /home/federico/dev_ws/install/turtlesim/share/turtlesim/environment/path.sh
[4.046s] -- Up-to-date symlink: /home/federico/dev_ws/install/turtlesim/share/turtlesim/environment/path.dsv
[4.046s] -- Up-to-date symlink: /home/federico/dev_ws/install/turtlesim/share/turtlesim/local_setup.bash
[4.046s] -- Up-to-date symlink: /home/federico/dev_ws/install/turtlesim/share/turtlesim/local_setup.sh
[4.047s] -- Up-to-date symlink: /home/federico/dev_ws/install/turtlesim/share/turtlesim/local_setup.zsh
[4.047s] -- Up-to-date symlink: /home/federico/dev_ws/install/turtlesim/share/turtlesim/local_setup.dsv
[4.047s] -- Symlinking: /home/federico/dev_ws/install/turtlesim/share/turtlesim/package.dsv
[4.054s] -- Up-to-date symlink: /home/federico/dev_ws/install/turtlesim/share/ament_index/resource_index/packages/turtlesim
[4.055s] -- Up-to-date symlink: /home/federico/dev_ws/install/turtlesim/share/turtlesim/cmake/rosidl_cmake-extras.cmake
[4.055s] -- Up-to-date symlink: /home/federico/dev_ws/install/turtlesim/share/turtlesim/cmake/ament_cmake_export_dependencies-extras.cmake
[4.055s] -- Up-to-date symlink: /home/federico/dev_ws/install/turtlesim/share/turtlesim/cmake/ament_cmake_export_libraries-extras.cmake
[4.056s] -- Up-to-date symlink: /home/federico/dev_ws/install/turtlesim/share/turtlesim/cmake/ament_cmake_export_targets-extras.cmake
[4.056s] -- Up-to-date symlink: /home/federico/dev_ws/install/turtlesim/share/turtlesim/cmake/ament_cmake_export_include_directories-extras.cmake
[4.056s] -- Up-to-date symlink: /home/federico/dev_ws/install/turtlesim/share/turtlesim/cmake/rosidl_cmake_export_typesupport_libraries-extras.cmake
[4.057s] -- Up-to-date symlink: /home/federico/dev_ws/install/turtlesim/share/turtlesim/cmake/rosidl_cmake_export_typesupport_targets-extras.cmake
[4.057s] -- Up-to-date symlink: /home/federico/dev_ws/install/turtlesim/share/turtlesim/cmake/turtlesimConfig.cmake
[4.057s] -- Up-to-date symlink: /home/federico/dev_ws/install/turtlesim/share/turtlesim/cmake/turtlesimConfig-version.cmake
[4.057s] -- Up-to-date symlink: /home/federico/dev_ws/install/turtlesim/share/turtlesim/package.xml
[4.058s] -- Up-to-date: /home/federico/dev_ws/install/turtlesim/lib/libturtlesim__rosidl_generator_c.so
[4.059s] -- Up-to-date: /home/federico/dev_ws/install/turtlesim/lib/libturtlesim__rosidl_typesupport_introspection_c.so
[4.059s] -- Up-to-date: /home/federico/dev_ws/install/turtlesim/lib/libturtlesim__rosidl_typesupport_c.so
[4.060s] -- Up-to-date: /home/federico/dev_ws/install/turtlesim/lib/libturtlesim__rosidl_typesupport_introspection_cpp.so
[4.061s] -- Up-to-date: /home/federico/dev_ws/install/turtlesim/lib/libturtlesim__rosidl_typesupport_cpp.so
[4.091s] Compiling '/home/federico/dev_ws/install/turtlesim/lib/python3.8/site-packages/turtlesim/__init__.py'...
[4.096s] -- Up-to-date: /home/federico/dev_ws/install/turtlesim/share/turtlesim/images
[4.096s] -- Up-to-date: /home/federico/dev_ws/install/turtlesim/share/turtlesim/images/foxy.png
[4.096s] -- Up-to-date: /home/federico/dev_ws/install/turtlesim/share/turtlesim/images/ardent.png
[4.096s] -- Up-to-date: /home/federico/dev_ws/install/turtlesim/share/turtlesim/images/galactic.png
[4.096s] -- Up-to-date: /home/federico/dev_ws/install/turtlesim/share/turtlesim/images/bouncy.png
[4.097s] -- Up-to-date: /home/federico/dev_ws/install/turtlesim/share/turtlesim/images/dashing.png
[4.097s] -- Up-to-date: /home/federico/dev_ws/install/turtlesim/share/turtlesim/images/crystal.png
[4.097s] -- Up-to-date: /home/federico/dev_ws/install/turtlesim/share/turtlesim/images/eloquent.png
[4.097s] -- Up-to-date: /home/federico/dev_ws/install/turtlesim/share/turtlesim/cmake/turtlesim__rosidl_generator_cExport.cmake
[4.097s] -- Installing: /home/federico/dev_ws/install/turtlesim/share/turtlesim/cmake/turtlesim__rosidl_generator_cExport-noconfig.cmake
[4.097s] -- Up-to-date: /home/federico/dev_ws/install/turtlesim/share/turtlesim/cmake/turtlesim__rosidl_typesupport_introspection_cExport.cmake
[4.097s] -- Installing: /home/federico/dev_ws/install/turtlesim/share/turtlesim/cmake/turtlesim__rosidl_typesupport_introspection_cExport-noconfig.cmake
[4.097s] -- Up-to-date: /home/federico/dev_ws/install/turtlesim/share/turtlesim/cmake/turtlesim__rosidl_typesupport_cExport.cmake
[4.098s] -- Installing: /home/federico/dev_ws/install/turtlesim/share/turtlesim/cmake/turtlesim__rosidl_typesupport_cExport-noconfig.cmake
[4.098s] -- Up-to-date: /home/federico/dev_ws/install/turtlesim/share/turtlesim/cmake/turtlesim__rosidl_generator_cppExport.cmake
[4.098s] -- Up-to-date: /home/federico/dev_ws/install/turtlesim/share/turtlesim/cmake/turtlesim__rosidl_typesupport_introspection_cppExport.cmake
[4.098s] -- Installing: /home/federico/dev_ws/install/turtlesim/share/turtlesim/cmake/turtlesim__rosidl_typesupport_introspection_cppExport-noconfig.cmake
[4.098s] -- Up-to-date: /home/federico/dev_ws/install/turtlesim/share/turtlesim/cmake/turtlesim__rosidl_typesupport_cppExport.cmake
[4.098s] -- Installing: /home/federico/dev_ws/install/turtlesim/share/turtlesim/cmake/turtlesim__rosidl_typesupport_cppExport-noconfig.cmake
[4.102s] Invoked command in '/home/federico/dev_ws/build/turtlesim' returned '0': CMAKE_PREFIX_PATH=/opt/ros/galactic /usr/bin/cmake --install /home/federico/dev_ws/build/turtlesim
