[0.048s] Invoking command in '/home/federico/dev_ws/build/dolly_follow': CMAKE_PREFIX_PATH=${CMAKE_PREFIX_PATH}:/home/federico/dev_ws/install/py_srvcli:/home/federico/dev_ws/install/py_pubsub:/home/federico/dev_ws/install/python_parameters:/opt/ros/galactic /usr/bin/cmake --build /home/federico/dev_ws/build/dolly_follow -- -j12 -l12
[1.434s] [100%] Built target dolly_follow
[1.452s] Invoked command in '/home/federico/dev_ws/build/dolly_follow' returned '0': CMAKE_PREFIX_PATH=${CMAKE_PREFIX_PATH}:/home/federico/dev_ws/install/py_srvcli:/home/federico/dev_ws/install/py_pubsub:/home/federico/dev_ws/install/python_parameters:/opt/ros/galactic /usr/bin/cmake --build /home/federico/dev_ws/build/dolly_follow -- -j12 -l12
[1.474s] Invoking command in '/home/federico/dev_ws/build/dolly_follow': CMAKE_PREFIX_PATH=${CMAKE_PREFIX_PATH}:/home/federico/dev_ws/install/py_srvcli:/home/federico/dev_ws/install/py_pubsub:/home/federico/dev_ws/install/python_parameters:/opt/ros/galactic /usr/bin/cmake --install /home/federico/dev_ws/build/dolly_follow
[1.484s] -- Install configuration: ""
[1.485s] -- Execute custom install script
[1.485s] -- Up-to-date symlink: /home/federico/dev_ws/install/dolly_follow/lib/dolly_follow/dolly_follow
[1.485s] -- Up-to-date symlink: /home/federico/dev_ws/install/dolly_follow/share/ament_index/resource_index/package_run_dependencies/dolly_follow
[1.486s] -- Up-to-date symlink: /home/federico/dev_ws/install/dolly_follow/share/ament_index/resource_index/parent_prefix_path/dolly_follow
[1.486s] -- Up-to-date symlink: /home/federico/dev_ws/install/dolly_follow/share/dolly_follow/environment/ament_prefix_path.sh
[1.487s] -- Up-to-date symlink: /home/federico/dev_ws/install/dolly_follow/share/dolly_follow/environment/ament_prefix_path.dsv
[1.487s] -- Up-to-date symlink: /home/federico/dev_ws/install/dolly_follow/share/dolly_follow/environment/path.sh
[1.487s] -- Up-to-date symlink: /home/federico/dev_ws/install/dolly_follow/share/dolly_follow/environment/path.dsv
[1.487s] -- Up-to-date symlink: /home/federico/dev_ws/install/dolly_follow/share/dolly_follow/local_setup.bash
[1.488s] -- Up-to-date symlink: /home/federico/dev_ws/install/dolly_follow/share/dolly_follow/local_setup.sh
[1.488s] -- Up-to-date symlink: /home/federico/dev_ws/install/dolly_follow/share/dolly_follow/local_setup.zsh
[1.488s] -- Up-to-date symlink: /home/federico/dev_ws/install/dolly_follow/share/dolly_follow/local_setup.dsv
[1.489s] -- Symlinking: /home/federico/dev_ws/install/dolly_follow/share/dolly_follow/package.dsv
[1.502s] -- Up-to-date symlink: /home/federico/dev_ws/install/dolly_follow/share/ament_index/resource_index/packages/dolly_follow
[1.502s] -- Up-to-date symlink: /home/federico/dev_ws/install/dolly_follow/share/dolly_follow/cmake/dolly_followConfig.cmake
[1.503s] -- Up-to-date symlink: /home/federico/dev_ws/install/dolly_follow/share/dolly_follow/cmake/dolly_followConfig-version.cmake
[1.503s] -- Up-to-date symlink: /home/federico/dev_ws/install/dolly_follow/share/dolly_follow/package.xml
[1.508s] Invoked command in '/home/federico/dev_ws/build/dolly_follow' returned '0': CMAKE_PREFIX_PATH=${CMAKE_PREFIX_PATH}:/home/federico/dev_ws/install/py_srvcli:/home/federico/dev_ws/install/py_pubsub:/home/federico/dev_ws/install/python_parameters:/opt/ros/galactic /usr/bin/cmake --install /home/federico/dev_ws/build/dolly_follow
