[2.761s] Invoking command in '/home/federico/dev_ws/src/py_pubsub': PYTHONPATH=/home/federico/dev_ws/install/py_pubsub/lib/python3.8/site-packages:${PYTHONPATH} /usr/bin/python3 setup.py egg_info --egg-base ../../build/py_pubsub build --build-base /home/federico/dev_ws/build/py_pubsub/build install --prefix /home/federico/dev_ws/install/py_pubsub --record /home/federico/dev_ws/build/py_pubsub/install.log --single-version-externally-managed
[4.103s] running egg_info
[4.103s] creating ../../build/py_pubsub/py_pubsub.egg-info
[4.204s] writing ../../build/py_pubsub/py_pubsub.egg-info/PKG-INFO
[4.283s] writing dependency_links to ../../build/py_pubsub/py_pubsub.egg-info/dependency_links.txt
[4.683s] writing requirements to ../../build/py_pubsub/py_pubsub.egg-info/requires.txt
[4.763s] writing top-level names to ../../build/py_pubsub/py_pubsub.egg-info/top_level.txt
[4.765s] writing manifest file '../../build/py_pubsub/py_pubsub.egg-info/SOURCES.txt'
[4.897s] reading manifest file '../../build/py_pubsub/py_pubsub.egg-info/SOURCES.txt'
[4.898s] writing manifest file '../../build/py_pubsub/py_pubsub.egg-info/SOURCES.txt'
[4.898s] running build
[4.898s] running build_py
[4.898s] creating /home/federico/dev_ws/build/py_pubsub/build
[4.898s] creating /home/federico/dev_ws/build/py_pubsub/build/lib
[4.899s] creating /home/federico/dev_ws/build/py_pubsub/build/lib/py_pubsub
[4.899s] copying py_pubsub/publisher_member_function.py -> /home/federico/dev_ws/build/py_pubsub/build/lib/py_pubsub
[4.899s] copying py_pubsub/__init__.py -> /home/federico/dev_ws/build/py_pubsub/build/lib/py_pubsub
[4.899s] copying py_pubsub/subscriber_member_function.py -> /home/federico/dev_ws/build/py_pubsub/build/lib/py_pubsub
[4.899s] running install
[4.899s] /home/federico/.local/lib/python3.8/site-packages/setuptools/command/install.py:34: SetuptoolsDeprecationWarning: setup.py install is deprecated. Use build and pip and other standards-based tools.
[4.900s]   warnings.warn(
[4.907s] running install_lib
[5.008s] creating /home/federico/dev_ws/install/py_pubsub/lib/python3.8/site-packages/py_pubsub
[5.009s] copying /home/federico/dev_ws/build/py_pubsub/build/lib/py_pubsub/publisher_member_function.py -> /home/federico/dev_ws/install/py_pubsub/lib/python3.8/site-packages/py_pubsub
[5.009s] copying /home/federico/dev_ws/build/py_pubsub/build/lib/py_pubsub/__init__.py -> /home/federico/dev_ws/install/py_pubsub/lib/python3.8/site-packages/py_pubsub
[5.009s] copying /home/federico/dev_ws/build/py_pubsub/build/lib/py_pubsub/subscriber_member_function.py -> /home/federico/dev_ws/install/py_pubsub/lib/python3.8/site-packages/py_pubsub
[5.009s] byte-compiling /home/federico/dev_ws/install/py_pubsub/lib/python3.8/site-packages/py_pubsub/publisher_member_function.py to publisher_member_function.cpython-38.pyc
[5.010s] byte-compiling /home/federico/dev_ws/install/py_pubsub/lib/python3.8/site-packages/py_pubsub/__init__.py to __init__.cpython-38.pyc
[5.010s] byte-compiling /home/federico/dev_ws/install/py_pubsub/lib/python3.8/site-packages/py_pubsub/subscriber_member_function.py to subscriber_member_function.cpython-38.pyc
[5.010s] running install_data
[5.031s] creating /home/federico/dev_ws/install/py_pubsub/share/ament_index
[5.031s] creating /home/federico/dev_ws/install/py_pubsub/share/ament_index/resource_index
[5.032s] creating /home/federico/dev_ws/install/py_pubsub/share/ament_index/resource_index/packages
[5.032s] copying resource/py_pubsub -> /home/federico/dev_ws/install/py_pubsub/share/ament_index/resource_index/packages
[5.032s] copying package.xml -> /home/federico/dev_ws/install/py_pubsub/share/py_pubsub
[5.032s] running install_egg_info
[5.134s] Copying ../../build/py_pubsub/py_pubsub.egg-info to /home/federico/dev_ws/install/py_pubsub/lib/python3.8/site-packages/py_pubsub-0.0.0-py3.8.egg-info
[5.135s] running install_scripts
[5.320s] writing list of installed files to '/home/federico/dev_ws/build/py_pubsub/install.log'
[5.359s] Invoked command in '/home/federico/dev_ws/src/py_pubsub' returned '0': PYTHONPATH=/home/federico/dev_ws/install/py_pubsub/lib/python3.8/site-packages:${PYTHONPATH} /usr/bin/python3 setup.py egg_info --egg-base ../../build/py_pubsub build --build-base /home/federico/dev_ws/build/py_pubsub/build install --prefix /home/federico/dev_ws/install/py_pubsub --record /home/federico/dev_ws/build/py_pubsub/install.log --single-version-externally-managed
