[2.726s] Invoking command in '/home/federico/dev_ws/src/py_pubsub': PYTHONPATH=/home/federico/dev_ws/install/py_pubsub/lib/python3.8/site-packages:${PYTHONPATH} /usr/bin/python3 setup.py egg_info --egg-base ../../build/py_pubsub build --build-base /home/federico/dev_ws/build/py_pubsub/build install --prefix /home/federico/dev_ws/install/py_pubsub --record /home/federico/dev_ws/build/py_pubsub/install.log --single-version-externally-managed
[3.120s] /home/federico/.local/lib/python3.8/site-packages/setuptools/dist.py:757: UserWarning: Usage of dash-separated 'script-dir' will not be supported in future versions. Please use the underscore name 'script_dir' instead
[3.120s]   warnings.warn(
[3.121s] /home/federico/.local/lib/python3.8/site-packages/setuptools/dist.py:757: UserWarning: Usage of dash-separated 'install-scripts' will not be supported in future versions. Please use the underscore name 'install_scripts' instead
[3.121s]   warnings.warn(
[4.026s] running egg_info
[4.124s] writing ../../build/py_pubsub/py_pubsub.egg-info/PKG-INFO
[4.203s] writing dependency_links to ../../build/py_pubsub/py_pubsub.egg-info/dependency_links.txt
[4.433s] writing entry points to ../../build/py_pubsub/py_pubsub.egg-info/entry_points.txt
[4.586s] writing requirements to ../../build/py_pubsub/py_pubsub.egg-info/requires.txt
[4.671s] writing top-level names to ../../build/py_pubsub/py_pubsub.egg-info/top_level.txt
[4.793s] reading manifest file '../../build/py_pubsub/py_pubsub.egg-info/SOURCES.txt'
[4.794s] writing manifest file '../../build/py_pubsub/py_pubsub.egg-info/SOURCES.txt'
[4.795s] running build
[4.795s] running build_py
[4.795s] running install
[4.795s] /home/federico/.local/lib/python3.8/site-packages/setuptools/command/install.py:34: SetuptoolsDeprecationWarning: setup.py install is deprecated. Use build and pip and other standards-based tools.
[4.796s]   warnings.warn(
[4.803s] running install_lib
[4.901s] running install_data
[4.922s] copying package.xml -> /home/federico/dev_ws/install/py_pubsub/share/py_pubsub
[4.922s] running install_egg_info
[5.020s] removing '/home/federico/dev_ws/install/py_pubsub/lib/python3.8/site-packages/py_pubsub-0.0.0-py3.8.egg-info' (and everything under it)
[5.021s] Copying ../../build/py_pubsub/py_pubsub.egg-info to /home/federico/dev_ws/install/py_pubsub/lib/python3.8/site-packages/py_pubsub-0.0.0-py3.8.egg-info
[5.022s] running install_scripts
[5.204s] Installing listener script to /home/federico/dev_ws/install/py_pubsub/lib/py_pubsub
[5.205s] Installing talker script to /home/federico/dev_ws/install/py_pubsub/lib/py_pubsub
[5.205s] writing list of installed files to '/home/federico/dev_ws/build/py_pubsub/install.log'
[5.243s] Invoked command in '/home/federico/dev_ws/src/py_pubsub' returned '0': PYTHONPATH=/home/federico/dev_ws/install/py_pubsub/lib/python3.8/site-packages:${PYTHONPATH} /usr/bin/python3 setup.py egg_info --egg-base ../../build/py_pubsub build --build-base /home/federico/dev_ws/build/py_pubsub/build install --prefix /home/federico/dev_ws/install/py_pubsub --record /home/federico/dev_ws/build/py_pubsub/install.log --single-version-externally-managed
