[5.758s] Invoking command in '/home/federico/dev_ws/build/my_package': PYTHONPATH=/home/federico/dev_ws/install/my_package/lib/python3.8/site-packages:${PYTHONPATH} /usr/bin/python3 setup.py develop --prefix /home/federico/dev_ws/install/my_package --editable --build-directory /home/federico/dev_ws/build/my_package/build --no-deps install_data --install-dir /home/federico/dev_ws/install/my_package
[8.062s] running develop
[8.063s] /home/federico/.local/lib/python3.8/site-packages/setuptools/command/easy_install.py:144: EasyInstallDeprecationWarning: easy_install command is deprecated. Use build and pip and other standards-based tools.
[8.063s]   warnings.warn(
[8.413s] /home/federico/.local/lib/python3.8/site-packages/setuptools/command/install.py:34: SetuptoolsDeprecationWarning: setup.py install is deprecated. Use build and pip and other standards-based tools.
[8.415s]   warnings.warn(
[8.980s] /home/federico/.local/lib/python3.8/site-packages/pkg_resources/__init__.py:123: PkgResourcesDeprecationWarning: 0.1.36ubuntu1 is an invalid version and will not be supported in a future release
[8.982s]   warnings.warn(
[8.983s] /home/federico/.local/lib/python3.8/site-packages/pkg_resources/__init__.py:123: PkgResourcesDeprecationWarning: 0.23ubuntu1 is an invalid version and will not be supported in a future release
[8.984s]   warnings.warn(
[9.215s] running egg_info
[9.443s] writing my_package.egg-info/PKG-INFO
[9.591s] writing dependency_links to my_package.egg-info/dependency_links.txt
[10.023s] writing entry points to my_package.egg-info/entry_points.txt
[10.325s] writing requirements to my_package.egg-info/requires.txt
[10.479s] writing top-level names to my_package.egg-info/top_level.txt
[10.695s] reading manifest file 'my_package.egg-info/SOURCES.txt'
[10.699s] writing manifest file 'my_package.egg-info/SOURCES.txt'
[10.980s] running build_ext
[10.981s] Creating /home/federico/dev_ws/install/my_package/lib/python3.8/site-packages/my-package.egg-link (link to .)
[10.982s] Installing reading_laser script to /home/federico/dev_ws/install/my_package/lib/my_package
[10.983s] 
[10.983s] Installed /home/federico/dev_ws/build/my_package
[10.983s] running install_data
[11.174s] Invoked command in '/home/federico/dev_ws/build/my_package' returned '0': PYTHONPATH=/home/federico/dev_ws/install/my_package/lib/python3.8/site-packages:${PYTHONPATH} /usr/bin/python3 setup.py develop --prefix /home/federico/dev_ws/install/my_package --editable --build-directory /home/federico/dev_ws/build/my_package/build --no-deps install_data --install-dir /home/federico/dev_ws/install/my_package
