[3.765s] Invoking command in '/home/federico/dev_ws/build/python_parameters': PYTHONPATH=/home/federico/dev_ws/install/python_parameters/lib/python3.8/site-packages:${PYTHONPATH} /usr/bin/python3 setup.py develop --prefix /home/federico/dev_ws/install/python_parameters --uninstall --editable --build-directory /home/federico/dev_ws/build/python_parameters/build
[4.809s] running develop
[4.810s] /home/federico/.local/lib/python3.8/site-packages/setuptools/command/easy_install.py:144: EasyInstallDeprecationWarning: easy_install command is deprecated. Use build and pip and other standards-based tools.
[4.810s]   warnings.warn(
[4.991s] /home/federico/.local/lib/python3.8/site-packages/setuptools/command/install.py:34: SetuptoolsDeprecationWarning: setup.py install is deprecated. Use build and pip and other standards-based tools.
[4.992s]   warnings.warn(
[5.203s] /home/federico/.local/lib/python3.8/site-packages/pkg_resources/__init__.py:123: PkgResourcesDeprecationWarning: 0.1.36ubuntu1 is an invalid version and will not be supported in a future release
[5.203s]   warnings.warn(
[5.204s] /home/federico/.local/lib/python3.8/site-packages/pkg_resources/__init__.py:123: PkgResourcesDeprecationWarning: 0.23ubuntu1 is an invalid version and will not be supported in a future release
[5.204s]   warnings.warn(
[7.235s] Invoked command in '/home/federico/dev_ws/build/python_parameters' returned '0': PYTHONPATH=/home/federico/dev_ws/install/python_parameters/lib/python3.8/site-packages:${PYTHONPATH} /usr/bin/python3 setup.py develop --prefix /home/federico/dev_ws/install/python_parameters --uninstall --editable --build-directory /home/federico/dev_ws/build/python_parameters/build
[7.238s] Invoking command in '/home/federico/dev_ws/src/python_parameters': PYTHONPATH=/home/federico/dev_ws/install/python_parameters/lib/python3.8/site-packages:${PYTHONPATH} /usr/bin/python3 setup.py egg_info --egg-base ../../build/python_parameters build --build-base /home/federico/dev_ws/build/python_parameters/build install --prefix /home/federico/dev_ws/install/python_parameters --record /home/federico/dev_ws/build/python_parameters/install.log --single-version-externally-managed
[9.642s] running egg_info
[9.766s] writing ../../build/python_parameters/python_parameters.egg-info/PKG-INFO
[9.867s] writing dependency_links to ../../build/python_parameters/python_parameters.egg-info/dependency_links.txt
[10.175s] writing entry points to ../../build/python_parameters/python_parameters.egg-info/entry_points.txt
[10.392s] writing requirements to ../../build/python_parameters/python_parameters.egg-info/requires.txt
[10.498s] writing top-level names to ../../build/python_parameters/python_parameters.egg-info/top_level.txt
[10.644s] reading manifest file '../../build/python_parameters/python_parameters.egg-info/SOURCES.txt'
[10.647s] writing manifest file '../../build/python_parameters/python_parameters.egg-info/SOURCES.txt'
[10.647s] running build
[10.647s] running build_py
[10.648s] running install
[10.648s] /home/federico/.local/lib/python3.8/site-packages/setuptools/command/install.py:34: SetuptoolsDeprecationWarning: setup.py install is deprecated. Use build and pip and other standards-based tools.
[10.648s]   warnings.warn(
[10.660s] running install_lib
[10.796s] running install_data
[10.825s] running install_egg_info
[10.987s] removing '/home/federico/dev_ws/install/python_parameters/lib/python3.8/site-packages/python_parameters-0.0.0-py3.8.egg-info' (and everything under it)
[10.988s] Copying ../../build/python_parameters/python_parameters.egg-info to /home/federico/dev_ws/install/python_parameters/lib/python3.8/site-packages/python_parameters-0.0.0-py3.8.egg-info
[11.003s] running install_scripts
[11.337s] Installing param_talker script to /home/federico/dev_ws/install/python_parameters/lib/python_parameters
[11.338s] writing list of installed files to '/home/federico/dev_ws/build/python_parameters/install.log'
[11.401s] Invoked command in '/home/federico/dev_ws/src/python_parameters' returned '0': PYTHONPATH=/home/federico/dev_ws/install/python_parameters/lib/python3.8/site-packages:${PYTHONPATH} /usr/bin/python3 setup.py egg_info --egg-base ../../build/python_parameters build --build-base /home/federico/dev_ws/build/python_parameters/build install --prefix /home/federico/dev_ws/install/python_parameters --record /home/federico/dev_ws/build/python_parameters/install.log --single-version-externally-managed
