[0.044s] Invoking command in '/home/federico/dev_ws/build/dolly_follow': CMAKE_PREFIX_PATH=/opt/ros/galactic /usr/bin/cmake /home/federico/dev_ws/src/dolly/dolly_follow -DAMENT_CMAKE_SYMLINK_INSTALL=1 -DCMAKE_INSTALL_PREFIX=/home/federico/dev_ws/install/dolly_follow
[1.554s] -- The C compiler identification is GNU 9.4.0
[1.554s] -- The CXX compiler identification is GNU 9.4.0
[1.555s] -- Check for working C compiler: /usr/bin/cc
[1.555s] -- Check for working C compiler: /usr/bin/cc -- works
[1.556s] -- Detecting C compiler ABI info
[1.556s] -- Detecting C compiler ABI info - done
[1.557s] -- Detecting C compile features
[1.557s] -- Detecting C compile features - done
[1.558s] -- Check for working CXX compiler: /usr/bin/c++
[1.560s] -- Check for working CXX compiler: /usr/bin/c++ -- works
[1.561s] -- Detecting CXX compiler ABI info
[1.561s] -- Detecting CXX compiler ABI info - done
[1.562s] -- Detecting CXX compile features
[1.565s] -- Detecting CXX compile features - done
[1.565s] -- Found ament_cmake: 1.1.5 (/opt/ros/galactic/share/ament_cmake/cmake)
[1.570s] -- Found PythonInterp: /usr/bin/python3 (found suitable version "3.8.10", minimum required is "3") 
[1.570s] -- Using PYTHON_EXECUTABLE: /usr/bin/python3
[1.571s] -- Override CMake install command with custom implementation using symlinks instead of copying resources
[1.573s] -- Found geometry_msgs: 2.2.4 (/opt/ros/galactic/share/geometry_msgs/cmake)
[1.574s] -- Using all available rosidl_typesupport_c: rosidl_typesupport_fastrtps_c;rosidl_typesupport_introspection_c
[1.575s] -- Found rosidl_adapter: 2.2.1 (/opt/ros/galactic/share/rosidl_adapter/cmake)
[1.576s] -- Found OpenSSL: /usr/lib/x86_64-linux-gnu/libcrypto.so (found version "1.1.1f")  
[1.577s] -- Found FastRTPS: /opt/ros/galactic/include  
[1.579s] -- Using all available rosidl_typesupport_cpp: rosidl_typesupport_fastrtps_cpp;rosidl_typesupport_introspection_cpp
[1.579s] -- Found rclcpp: 9.2.0 (/opt/ros/galactic/share/rclcpp/cmake)
[1.580s] -- Found rmw_implementation_cmake: 3.3.1 (/opt/ros/galactic/share/rmw_implementation_cmake/cmake)
[1.580s] -- Found rmw_cyclonedds_cpp: 0.22.4 (/opt/ros/galactic/share/rmw_cyclonedds_cpp/cmake)
[1.580s] -- Using RMW implementation 'rmw_cyclonedds_cpp' as default
[1.580s] -- Looking for pthread.h
[1.581s] -- Looking for pthread.h - found
[1.582s] -- Performing Test CMAKE_HAVE_LIBC_PTHREAD
[1.582s] -- Performing Test CMAKE_HAVE_LIBC_PTHREAD - Failed
[1.582s] -- Looking for pthread_create in pthreads
[1.583s] -- Looking for pthread_create in pthreads - not found
[1.583s] -- Looking for pthread_create in pthread
[1.593s] -- Looking for pthread_create in pthread - found
[1.594s] -- Found Threads: TRUE  
[1.765s] -- Found sensor_msgs: 2.2.4 (/opt/ros/galactic/share/sensor_msgs/cmake)
[1.855s] -- Found ament_lint_auto: 0.10.6 (/opt/ros/galactic/share/ament_lint_auto/cmake)
[1.942s] -- Added test 'copyright' to check source files copyright and LICENSE
[1.943s] -- Added test 'cppcheck' to perform static code analysis on C / C++ code
[1.944s] -- Configured cppcheck include dirs: 
[1.944s] -- Configured cppcheck exclude dirs and/or files: 
[1.945s] -- Added test 'cpplint' to check C / C++ code against the Google style
[1.945s] -- Configured cpplint exclude dirs and/or files: 
[1.946s] -- Added test 'lint_cmake' to check CMake code style
[1.947s] -- Added test 'uncrustify' to check C / C++ code style
[1.947s] -- Configured uncrustify additional arguments: 
[1.948s] -- Added test 'xmllint' to check XML markup files
[1.953s] -- Configuring done
[1.966s] -- Generating done
[1.968s] -- Build files have been written to: /home/federico/dev_ws/build/dolly_follow
[1.984s] Invoked command in '/home/federico/dev_ws/build/dolly_follow' returned '0': CMAKE_PREFIX_PATH=/opt/ros/galactic /usr/bin/cmake /home/federico/dev_ws/src/dolly/dolly_follow -DAMENT_CMAKE_SYMLINK_INSTALL=1 -DCMAKE_INSTALL_PREFIX=/home/federico/dev_ws/install/dolly_follow
[1.987s] Invoking command in '/home/federico/dev_ws/build/dolly_follow': CMAKE_PREFIX_PATH=/opt/ros/galactic /usr/bin/cmake --build /home/federico/dev_ws/build/dolly_follow -- -j12 -l12
[2.041s] [35m[1mScanning dependencies of target dolly_follow[0m
[2.187s] [ 50%] [32mBuilding CXX object CMakeFiles/dolly_follow.dir/src/dolly_follow.cpp.o[0m
[11.749s] [100%] [32m[1mLinking CXX executable dolly_follow[0m
[12.118s] [100%] Built target dolly_follow
[12.129s] Invoked command in '/home/federico/dev_ws/build/dolly_follow' returned '0': CMAKE_PREFIX_PATH=/opt/ros/galactic /usr/bin/cmake --build /home/federico/dev_ws/build/dolly_follow -- -j12 -l12
[12.150s] Invoking command in '/home/federico/dev_ws/build/dolly_follow': CMAKE_PREFIX_PATH=/opt/ros/galactic /usr/bin/cmake --install /home/federico/dev_ws/build/dolly_follow
[12.160s] -- Install configuration: ""
[12.160s] -- Execute custom install script
[12.161s] -- Symlinking: /home/federico/dev_ws/install/dolly_follow/lib/dolly_follow/dolly_follow
[12.169s] -- Symlinking: /home/federico/dev_ws/install/dolly_follow/share/ament_index/resource_index/package_run_dependencies/dolly_follow
[12.178s] -- Symlinking: /home/federico/dev_ws/install/dolly_follow/share/ament_index/resource_index/parent_prefix_path/dolly_follow
[12.186s] -- Symlinking: /home/federico/dev_ws/install/dolly_follow/share/dolly_follow/environment/ament_prefix_path.sh
[12.195s] -- Symlinking: /home/federico/dev_ws/install/dolly_follow/share/dolly_follow/environment/ament_prefix_path.dsv
[12.203s] -- Symlinking: /home/federico/dev_ws/install/dolly_follow/share/dolly_follow/environment/path.sh
[12.214s] -- Symlinking: /home/federico/dev_ws/install/dolly_follow/share/dolly_follow/environment/path.dsv
[12.223s] -- Symlinking: /home/federico/dev_ws/install/dolly_follow/share/dolly_follow/local_setup.bash
[12.233s] -- Symlinking: /home/federico/dev_ws/install/dolly_follow/share/dolly_follow/local_setup.sh
[12.242s] -- Symlinking: /home/federico/dev_ws/install/dolly_follow/share/dolly_follow/local_setup.zsh
[12.251s] -- Symlinking: /home/federico/dev_ws/install/dolly_follow/share/dolly_follow/local_setup.dsv
[12.259s] -- Symlinking: /home/federico/dev_ws/install/dolly_follow/share/dolly_follow/package.dsv
[12.269s] -- Symlinking: /home/federico/dev_ws/install/dolly_follow/share/ament_index/resource_index/packages/dolly_follow
[12.277s] -- Symlinking: /home/federico/dev_ws/install/dolly_follow/share/dolly_follow/cmake/dolly_followConfig.cmake
[12.290s] -- Symlinking: /home/federico/dev_ws/install/dolly_follow/share/dolly_follow/cmake/dolly_followConfig-version.cmake
[12.298s] -- Symlinking: /home/federico/dev_ws/install/dolly_follow/share/dolly_follow/package.xml
[12.312s] Invoked command in '/home/federico/dev_ws/build/dolly_follow' returned '0': CMAKE_PREFIX_PATH=/opt/ros/galactic /usr/bin/cmake --install /home/federico/dev_ws/build/dolly_follow
