-- Found ament_cmake: 1.1.5 (/opt/ros/galactic/share/ament_cmake/cmake)
-- Using PYTHON_EXECUTABLE: /usr/bin/python3
-- Override CMake install command with custom implementation using symlinks instead of copying resources
-- Found geometry_msgs: 2.2.4 (/opt/ros/galactic/share/geometry_msgs/cmake)
-- Using all available rosidl_typesupport_c: rosidl_typesupport_fastrtps_c;rosidl_typesupport_introspection_c
-- Found rosidl_adapter: 2.2.1 (/opt/ros/galactic/share/rosidl_adapter/cmake)
-- Using all available rosidl_typesupport_cpp: rosidl_typesupport_fastrtps_cpp;rosidl_typesupport_introspection_cpp
-- Found rclcpp: 9.2.0 (/opt/ros/galactic/share/rclcpp/cmake)
-- Found rmw_implementation_cmake: 3.3.1 (/opt/ros/galactic/share/rmw_implementation_cmake/cmake)
-- Found rmw_cyclonedds_cpp: 0.22.4 (/opt/ros/galactic/share/rmw_cyclonedds_cpp/cmake)
-- Using RMW implementation 'rmw_cyclonedds_cpp' as default
-- Found sensor_msgs: 2.2.4 (/opt/ros/galactic/share/sensor_msgs/cmake)
-- Found ament_lint_auto: 0.10.6 (/opt/ros/galactic/share/ament_lint_auto/cmake)
-- Added test 'copyright' to check source files copyright and LICENSE
-- Added test 'cppcheck' to perform static code analysis on C / C++ code
-- Configured cppcheck include dirs: 
-- Configured cppcheck exclude dirs and/or files: 
-- Added test 'cpplint' to check C / C++ code against the Google style
-- Configured cpplint exclude dirs and/or files: 
-- Added test 'lint_cmake' to check CMake code style
-- Added test 'uncrustify' to check C / C++ code style
-- Configured uncrustify additional arguments: 
-- Added test 'xmllint' to check XML markup files
-- Configuring done
-- Generating done
-- Build files have been written to: /home/federico/dev_ws/build/dolly_follow
[100%] Built target dolly_follow
-- Install configuration: ""
-- Execute custom install script
-- Up-to-date symlink: /home/federico/dev_ws/install/dolly_follow/lib/dolly_follow/dolly_follow
-- Up-to-date symlink: /home/federico/dev_ws/install/dolly_follow/share/ament_index/resource_index/package_run_dependencies/dolly_follow
-- Up-to-date symlink: /home/federico/dev_ws/install/dolly_follow/share/ament_index/resource_index/parent_prefix_path/dolly_follow
-- Up-to-date symlink: /home/federico/dev_ws/install/dolly_follow/share/dolly_follow/environment/ament_prefix_path.sh
-- Up-to-date symlink: /home/federico/dev_ws/install/dolly_follow/share/dolly_follow/environment/ament_prefix_path.dsv
-- Up-to-date symlink: /home/federico/dev_ws/install/dolly_follow/share/dolly_follow/environment/path.sh
-- Up-to-date symlink: /home/federico/dev_ws/install/dolly_follow/share/dolly_follow/environment/path.dsv
-- Up-to-date symlink: /home/federico/dev_ws/install/dolly_follow/share/dolly_follow/local_setup.bash
-- Up-to-date symlink: /home/federico/dev_ws/install/dolly_follow/share/dolly_follow/local_setup.sh
-- Up-to-date symlink: /home/federico/dev_ws/install/dolly_follow/share/dolly_follow/local_setup.zsh
-- Up-to-date symlink: /home/federico/dev_ws/install/dolly_follow/share/dolly_follow/local_setup.dsv
-- Symlinking: /home/federico/dev_ws/install/dolly_follow/share/dolly_follow/package.dsv
-- Up-to-date symlink: /home/federico/dev_ws/install/dolly_follow/share/ament_index/resource_index/packages/dolly_follow
-- Up-to-date symlink: /home/federico/dev_ws/install/dolly_follow/share/dolly_follow/cmake/dolly_followConfig.cmake
-- Up-to-date symlink: /home/federico/dev_ws/install/dolly_follow/share/dolly_follow/cmake/dolly_followConfig-version.cmake
-- Up-to-date symlink: /home/federico/dev_ws/install/dolly_follow/share/dolly_follow/package.xml
