[0.048s] Invoking command in '/home/federico/dev_ws/build/tutorial_interfaces': CMAKE_PREFIX_PATH=${CMAKE_PREFIX_PATH}:/home/federico/dev_ws/install/py_srvcli:/home/federico/dev_ws/install/py_pubsub:/home/federico/dev_ws/install/python_parameters:/opt/ros/galactic /usr/bin/cmake --build /home/federico/dev_ws/build/tutorial_interfaces -- -j12 -l12
[1.426s] [  7%] Built target tutorial_interfaces__cpp
[1.427s] [ 12%] Built target tutorial_interfaces__rosidl_generator_c
[1.427s] [ 43%] Built target tutorial_interfaces__rosidl_typesupport_cpp
[1.428s] [ 43%] Built target tutorial_interfaces__rosidl_typesupport_c
[1.429s] [ 43%] Built target tutorial_interfaces__rosidl_typesupport_introspection_c
[1.429s] [ 53%] Built target tutorial_interfaces__rosidl_typesupport_introspection_cpp
[1.429s] [ 64%] Built target tutorial_interfaces__rosidl_typesupport_fastrtps_cpp
[1.429s] [ 74%] Built target tutorial_interfaces__rosidl_typesupport_fastrtps_c
[1.429s] [ 74%] Built target tutorial_interfaces
[1.430s] [ 76%] Built target tutorial_interfaces__py
[1.431s] [ 84%] Built target tutorial_interfaces__python
[1.431s] [ 89%] Built target tutorial_interfaces__rosidl_typesupport_introspection_c__pyext
[1.432s] [ 94%] Built target tutorial_interfaces__rosidl_typesupport_fastrtps_c__pyext
[1.432s] [100%] Built target tutorial_interfaces__rosidl_typesupport_c__pyext
[1.444s] Invoked command in '/home/federico/dev_ws/build/tutorial_interfaces' returned '0': CMAKE_PREFIX_PATH=${CMAKE_PREFIX_PATH}:/home/federico/dev_ws/install/py_srvcli:/home/federico/dev_ws/install/py_pubsub:/home/federico/dev_ws/install/python_parameters:/opt/ros/galactic /usr/bin/cmake --build /home/federico/dev_ws/build/tutorial_interfaces -- -j12 -l12
[1.539s] Invoking command in '/home/federico/dev_ws/build/tutorial_interfaces': CMAKE_PREFIX_PATH=${CMAKE_PREFIX_PATH}:/home/federico/dev_ws/install/py_srvcli:/home/federico/dev_ws/install/py_pubsub:/home/federico/dev_ws/install/python_parameters:/opt/ros/galactic /usr/bin/cmake --install /home/federico/dev_ws/build/tutorial_interfaces
[1.547s] -- Install configuration: ""
[1.548s] -- Execute custom install script
[1.548s] -- Up-to-date symlink: /home/federico/dev_ws/install/tutorial_interfaces/share/ament_index/resource_index/rosidl_interfaces/tutorial_interfaces
[1.549s] -- Up-to-date symlink: /home/federico/dev_ws/install/tutorial_interfaces/include/tutorial_interfaces/msg/detail/num__functions.h
[1.549s] -- Up-to-date symlink: /home/federico/dev_ws/install/tutorial_interfaces/include/tutorial_interfaces/msg/detail/num__struct.h
[1.549s] -- Up-to-date symlink: /home/federico/dev_ws/install/tutorial_interfaces/include/tutorial_interfaces/msg/detail/num__type_support.h
[1.549s] -- Up-to-date symlink: /home/federico/dev_ws/install/tutorial_interfaces/include/tutorial_interfaces/msg/num.h
[1.549s] -- Up-to-date symlink: /home/federico/dev_ws/install/tutorial_interfaces/include/tutorial_interfaces/msg/rosidl_generator_c__visibility_control.h
[1.549s] -- Up-to-date symlink: /home/federico/dev_ws/install/tutorial_interfaces/include/tutorial_interfaces/srv/add_three_ints.h
[1.550s] -- Up-to-date symlink: /home/federico/dev_ws/install/tutorial_interfaces/include/tutorial_interfaces/srv/detail/add_three_ints__functions.h
[1.550s] -- Up-to-date symlink: /home/federico/dev_ws/install/tutorial_interfaces/include/tutorial_interfaces/srv/detail/add_three_ints__struct.h
[1.550s] -- Up-to-date symlink: /home/federico/dev_ws/install/tutorial_interfaces/include/tutorial_interfaces/srv/detail/add_three_ints__type_support.h
[1.550s] -- Up-to-date symlink: /home/federico/dev_ws/install/tutorial_interfaces/share/tutorial_interfaces/environment/library_path.sh
[1.551s] -- Up-to-date symlink: /home/federico/dev_ws/install/tutorial_interfaces/share/tutorial_interfaces/environment/library_path.dsv
[1.552s] -- Up-to-date symlink: /home/federico/dev_ws/install/tutorial_interfaces/include/tutorial_interfaces/msg/detail/num__rosidl_typesupport_fastrtps_c.h
[1.552s] -- Up-to-date symlink: /home/federico/dev_ws/install/tutorial_interfaces/include/tutorial_interfaces/msg/rosidl_typesupport_fastrtps_c__visibility_control.h
[1.552s] -- Up-to-date symlink: /home/federico/dev_ws/install/tutorial_interfaces/include/tutorial_interfaces/srv/detail/add_three_ints__rosidl_typesupport_fastrtps_c.h
[1.552s] -- Up-to-date symlink: /home/federico/dev_ws/install/tutorial_interfaces/lib/libtutorial_interfaces__rosidl_typesupport_fastrtps_c.so
[1.553s] -- Up-to-date symlink: /home/federico/dev_ws/install/tutorial_interfaces/include/tutorial_interfaces/msg/detail/num__rosidl_typesupport_fastrtps_cpp.hpp
[1.553s] -- Up-to-date symlink: /home/federico/dev_ws/install/tutorial_interfaces/include/tutorial_interfaces/msg/rosidl_typesupport_fastrtps_cpp__visibility_control.h
[1.553s] -- Up-to-date symlink: /home/federico/dev_ws/install/tutorial_interfaces/include/tutorial_interfaces/srv/detail/add_three_ints__rosidl_typesupport_fastrtps_cpp.hpp
[1.554s] -- Up-to-date symlink: /home/federico/dev_ws/install/tutorial_interfaces/lib/libtutorial_interfaces__rosidl_typesupport_fastrtps_cpp.so
[1.558s] -- Up-to-date symlink: /home/federico/dev_ws/install/tutorial_interfaces/include/tutorial_interfaces/msg/detail/num__rosidl_typesupport_introspection_c.h
[1.558s] -- Up-to-date symlink: /home/federico/dev_ws/install/tutorial_interfaces/include/tutorial_interfaces/msg/rosidl_typesupport_introspection_c__visibility_control.h
[1.559s] -- Up-to-date symlink: /home/federico/dev_ws/install/tutorial_interfaces/include/tutorial_interfaces/srv/detail/add_three_ints__rosidl_typesupport_introspection_c.h
[1.559s] -- Up-to-date symlink: /home/federico/dev_ws/install/tutorial_interfaces/include/tutorial_interfaces/msg/detail/num__builder.hpp
[1.559s] -- Up-to-date symlink: /home/federico/dev_ws/install/tutorial_interfaces/include/tutorial_interfaces/msg/detail/num__struct.hpp
[1.559s] -- Up-to-date symlink: /home/federico/dev_ws/install/tutorial_interfaces/include/tutorial_interfaces/msg/detail/num__traits.hpp
[1.559s] -- Up-to-date symlink: /home/federico/dev_ws/install/tutorial_interfaces/include/tutorial_interfaces/msg/num.hpp
[1.560s] -- Up-to-date symlink: /home/federico/dev_ws/install/tutorial_interfaces/include/tutorial_interfaces/srv/add_three_ints.hpp
[1.560s] -- Up-to-date symlink: /home/federico/dev_ws/install/tutorial_interfaces/include/tutorial_interfaces/srv/detail/add_three_ints__builder.hpp
[1.560s] -- Up-to-date symlink: /home/federico/dev_ws/install/tutorial_interfaces/include/tutorial_interfaces/srv/detail/add_three_ints__struct.hpp
[1.560s] -- Up-to-date symlink: /home/federico/dev_ws/install/tutorial_interfaces/include/tutorial_interfaces/srv/detail/add_three_ints__traits.hpp
[1.561s] -- Up-to-date symlink: /home/federico/dev_ws/install/tutorial_interfaces/include/tutorial_interfaces/msg/detail/num__rosidl_typesupport_introspection_cpp.hpp
[1.561s] -- Up-to-date symlink: /home/federico/dev_ws/install/tutorial_interfaces/include/tutorial_interfaces/srv/detail/add_three_ints__rosidl_typesupport_introspection_cpp.hpp
[1.561s] -- Up-to-date symlink: /home/federico/dev_ws/install/tutorial_interfaces/share/tutorial_interfaces/environment/pythonpath.sh
[1.561s] -- Up-to-date symlink: /home/federico/dev_ws/install/tutorial_interfaces/share/tutorial_interfaces/environment/pythonpath.dsv
[1.561s] -- Up-to-date symlink: /home/federico/dev_ws/install/tutorial_interfaces/lib/python3.8/site-packages/tutorial_interfaces/__init__.py
[1.561s] -- Up-to-date symlink: /home/federico/dev_ws/install/tutorial_interfaces/lib/python3.8/site-packages/tutorial_interfaces/msg/__init__.py
[1.562s] -- Up-to-date symlink: /home/federico/dev_ws/install/tutorial_interfaces/lib/python3.8/site-packages/tutorial_interfaces/msg/_num.py
[1.562s] -- Up-to-date symlink: /home/federico/dev_ws/install/tutorial_interfaces/lib/python3.8/site-packages/tutorial_interfaces/srv/__init__.py
[1.562s] -- Up-to-date symlink: /home/federico/dev_ws/install/tutorial_interfaces/lib/python3.8/site-packages/tutorial_interfaces/srv/_add_three_ints.py
[1.562s] -- Up-to-date symlink: /home/federico/dev_ws/install/tutorial_interfaces/lib/python3.8/site-packages/tutorial_interfaces/tutorial_interfaces_s__rosidl_typesupport_fastrtps_c.cpython-38-x86_64-linux-gnu.so
[1.563s] -- Up-to-date symlink: /home/federico/dev_ws/install/tutorial_interfaces/lib/python3.8/site-packages/tutorial_interfaces/tutorial_interfaces_s__rosidl_typesupport_introspection_c.cpython-38-x86_64-linux-gnu.so
[1.564s] -- Up-to-date symlink: /home/federico/dev_ws/install/tutorial_interfaces/lib/python3.8/site-packages/tutorial_interfaces/tutorial_interfaces_s__rosidl_typesupport_c.cpython-38-x86_64-linux-gnu.so
[1.565s] -- Up-to-date symlink: /home/federico/dev_ws/install/tutorial_interfaces/lib/libtutorial_interfaces__python.so
[1.565s] -- Up-to-date symlink: /home/federico/dev_ws/install/tutorial_interfaces/share/tutorial_interfaces/msg/Num.idl
[1.565s] -- Up-to-date symlink: /home/federico/dev_ws/install/tutorial_interfaces/share/tutorial_interfaces/srv/AddThreeInts.idl
[1.565s] -- Up-to-date symlink: /home/federico/dev_ws/install/tutorial_interfaces/share/tutorial_interfaces/msg/Num.msg
[1.566s] -- Up-to-date symlink: /home/federico/dev_ws/install/tutorial_interfaces/share/tutorial_interfaces/srv/AddThreeInts.srv
[1.566s] -- Up-to-date symlink: /home/federico/dev_ws/install/tutorial_interfaces/share/tutorial_interfaces/srv/AddThreeInts_Request.msg
[1.566s] -- Up-to-date symlink: /home/federico/dev_ws/install/tutorial_interfaces/share/tutorial_interfaces/srv/AddThreeInts_Response.msg
[1.567s] -- Up-to-date symlink: /home/federico/dev_ws/install/tutorial_interfaces/share/ament_index/resource_index/package_run_dependencies/tutorial_interfaces
[1.567s] -- Up-to-date symlink: /home/federico/dev_ws/install/tutorial_interfaces/share/ament_index/resource_index/parent_prefix_path/tutorial_interfaces
[1.567s] -- Up-to-date symlink: /home/federico/dev_ws/install/tutorial_interfaces/share/tutorial_interfaces/environment/ament_prefix_path.sh
[1.569s] -- Up-to-date symlink: /home/federico/dev_ws/install/tutorial_interfaces/share/tutorial_interfaces/environment/ament_prefix_path.dsv
[1.569s] -- Up-to-date symlink: /home/federico/dev_ws/install/tutorial_interfaces/share/tutorial_interfaces/environment/path.sh
[1.569s] -- Up-to-date symlink: /home/federico/dev_ws/install/tutorial_interfaces/share/tutorial_interfaces/environment/path.dsv
[1.569s] -- Up-to-date symlink: /home/federico/dev_ws/install/tutorial_interfaces/share/tutorial_interfaces/local_setup.bash
[1.570s] -- Up-to-date symlink: /home/federico/dev_ws/install/tutorial_interfaces/share/tutorial_interfaces/local_setup.sh
[1.570s] -- Up-to-date symlink: /home/federico/dev_ws/install/tutorial_interfaces/share/tutorial_interfaces/local_setup.zsh
[1.570s] -- Up-to-date symlink: /home/federico/dev_ws/install/tutorial_interfaces/share/tutorial_interfaces/local_setup.dsv
[1.571s] -- Symlinking: /home/federico/dev_ws/install/tutorial_interfaces/share/tutorial_interfaces/package.dsv
[1.576s] -- Up-to-date symlink: /home/federico/dev_ws/install/tutorial_interfaces/share/ament_index/resource_index/packages/tutorial_interfaces
[1.576s] -- Up-to-date symlink: /home/federico/dev_ws/install/tutorial_interfaces/share/tutorial_interfaces/cmake/rosidl_cmake-extras.cmake
[1.576s] -- Up-to-date symlink: /home/federico/dev_ws/install/tutorial_interfaces/share/tutorial_interfaces/cmake/ament_cmake_export_dependencies-extras.cmake
[1.577s] -- Up-to-date symlink: /home/federico/dev_ws/install/tutorial_interfaces/share/tutorial_interfaces/cmake/ament_cmake_export_libraries-extras.cmake
[1.577s] -- Up-to-date symlink: /home/federico/dev_ws/install/tutorial_interfaces/share/tutorial_interfaces/cmake/ament_cmake_export_targets-extras.cmake
[1.577s] -- Up-to-date symlink: /home/federico/dev_ws/install/tutorial_interfaces/share/tutorial_interfaces/cmake/ament_cmake_export_include_directories-extras.cmake
[1.578s] -- Up-to-date symlink: /home/federico/dev_ws/install/tutorial_interfaces/share/tutorial_interfaces/cmake/rosidl_cmake_export_typesupport_libraries-extras.cmake
[1.578s] -- Up-to-date symlink: /home/federico/dev_ws/install/tutorial_interfaces/share/tutorial_interfaces/cmake/rosidl_cmake_export_typesupport_targets-extras.cmake
[1.578s] -- Up-to-date symlink: /home/federico/dev_ws/install/tutorial_interfaces/share/tutorial_interfaces/cmake/tutorial_interfacesConfig.cmake
[1.579s] -- Up-to-date symlink: /home/federico/dev_ws/install/tutorial_interfaces/share/tutorial_interfaces/cmake/tutorial_interfacesConfig-version.cmake
[1.579s] -- Up-to-date symlink: /home/federico/dev_ws/install/tutorial_interfaces/share/tutorial_interfaces/package.xml
[1.581s] -- Up-to-date: /home/federico/dev_ws/install/tutorial_interfaces/lib/libtutorial_interfaces__rosidl_generator_c.so
[1.582s] -- Up-to-date: /home/federico/dev_ws/install/tutorial_interfaces/lib/libtutorial_interfaces__rosidl_typesupport_introspection_c.so
[1.582s] -- Up-to-date: /home/federico/dev_ws/install/tutorial_interfaces/lib/libtutorial_interfaces__rosidl_typesupport_c.so
[1.583s] -- Up-to-date: /home/federico/dev_ws/install/tutorial_interfaces/lib/libtutorial_interfaces__rosidl_typesupport_introspection_cpp.so
[1.586s] -- Up-to-date: /home/federico/dev_ws/install/tutorial_interfaces/lib/libtutorial_interfaces__rosidl_typesupport_cpp.so
[1.643s] -- Up-to-date: /home/federico/dev_ws/install/tutorial_interfaces/share/tutorial_interfaces/cmake/tutorial_interfaces__rosidl_generator_cExport.cmake
[1.644s] -- Up-to-date: /home/federico/dev_ws/install/tutorial_interfaces/share/tutorial_interfaces/cmake/tutorial_interfaces__rosidl_generator_cExport-noconfig.cmake
[1.644s] -- Up-to-date: /home/federico/dev_ws/install/tutorial_interfaces/share/tutorial_interfaces/cmake/tutorial_interfaces__rosidl_typesupport_introspection_cExport.cmake
[1.644s] -- Up-to-date: /home/federico/dev_ws/install/tutorial_interfaces/share/tutorial_interfaces/cmake/tutorial_interfaces__rosidl_typesupport_introspection_cExport-noconfig.cmake
[1.645s] -- Up-to-date: /home/federico/dev_ws/install/tutorial_interfaces/share/tutorial_interfaces/cmake/tutorial_interfaces__rosidl_typesupport_cExport.cmake
[1.646s] -- Up-to-date: /home/federico/dev_ws/install/tutorial_interfaces/share/tutorial_interfaces/cmake/tutorial_interfaces__rosidl_typesupport_cExport-noconfig.cmake
[1.649s] -- Up-to-date: /home/federico/dev_ws/install/tutorial_interfaces/share/tutorial_interfaces/cmake/tutorial_interfaces__rosidl_generator_cppExport.cmake
[1.649s] -- Up-to-date: /home/federico/dev_ws/install/tutorial_interfaces/share/tutorial_interfaces/cmake/tutorial_interfaces__rosidl_typesupport_introspection_cppExport.cmake
[1.650s] -- Up-to-date: /home/federico/dev_ws/install/tutorial_interfaces/share/tutorial_interfaces/cmake/tutorial_interfaces__rosidl_typesupport_introspection_cppExport-noconfig.cmake
[1.650s] -- Up-to-date: /home/federico/dev_ws/install/tutorial_interfaces/share/tutorial_interfaces/cmake/tutorial_interfaces__rosidl_typesupport_cppExport.cmake
[1.651s] -- Up-to-date: /home/federico/dev_ws/install/tutorial_interfaces/share/tutorial_interfaces/cmake/tutorial_interfaces__rosidl_typesupport_cppExport-noconfig.cmake
[1.656s] Invoked command in '/home/federico/dev_ws/build/tutorial_interfaces' returned '0': CMAKE_PREFIX_PATH=${CMAKE_PREFIX_PATH}:/home/federico/dev_ws/install/py_srvcli:/home/federico/dev_ws/install/py_pubsub:/home/federico/dev_ws/install/python_parameters:/opt/ros/galactic /usr/bin/cmake --install /home/federico/dev_ws/build/tutorial_interfaces
