[0.392s] DEBUG:colcon:Command line arguments: ['/usr/bin/colcon', 'list', '-p', '--base-paths', '/home/federico/dev_ws']
[0.392s] DEBUG:colcon:Parsed command line arguments: Namespace(allow_overriding=[], base_paths=['/home/federico/dev_ws'], build_base='build', ignore_user_meta=False, log_base=None, log_level=None, main=<bound method ListVerb.main of <colcon_package_information.verb.list.ListVerb object at 0x7f8b0015edc0>>, metas=['./colcon.meta'], names_only=False, packages_above=None, packages_above_and_dependencies=None, packages_above_depth=None, packages_end=None, packages_ignore=None, packages_ignore_regex=None, packages_select=None, packages_select_build_failed=False, packages_select_by_dep=None, packages_select_regex=None, packages_select_test_failures=False, packages_skip=None, packages_skip_build_finished=False, packages_skip_by_dep=None, packages_skip_regex=None, packages_skip_test_passed=False, packages_skip_up_to=None, packages_start=None, packages_up_to=None, packages_up_to_regex=None, paths=None, paths_only=True, topological_graph=False, topological_graph_density=False, topological_graph_dot=False, topological_graph_dot_cluster=False, topological_graph_dot_include_skipped=False, topological_graph_legend=False, topological_order=False, verb_extension=<colcon_package_information.verb.list.ListVerb object at 0x7f8b0015edc0>, verb_name='list', verb_parser=<colcon_defaults.argument_parser.defaults.DefaultArgumentsDecorator object at 0x7f8b00088820>)
[0.463s] Level 1:colcon.colcon_core.package_discovery:discover_packages(colcon_meta) check parameters
[0.463s] Level 1:colcon.colcon_core.package_discovery:discover_packages(recursive) check parameters
[0.463s] Level 1:colcon.colcon_core.package_discovery:discover_packages(ignore) check parameters
[0.463s] Level 1:colcon.colcon_core.package_discovery:discover_packages(path) check parameters
[0.463s] Level 1:colcon.colcon_core.package_discovery:discover_packages(recursive) discover
[0.463s] INFO:colcon.colcon_core.package_discovery:Crawling recursively for packages in '/home/federico/dev_ws'
[0.463s] Level 1:colcon.colcon_core.package_identification:_identify(/home/federico/dev_ws) by extensions ['ignore', 'ignore_ament_install']
[0.463s] Level 1:colcon.colcon_core.package_identification:_identify(/home/federico/dev_ws) by extension 'ignore'
[0.464s] Level 1:colcon.colcon_core.package_identification:_identify(/home/federico/dev_ws) by extension 'ignore_ament_install'
[0.464s] Level 1:colcon.colcon_core.package_identification:_identify(/home/federico/dev_ws) by extensions ['colcon_pkg']
[0.464s] Level 1:colcon.colcon_core.package_identification:_identify(/home/federico/dev_ws) by extension 'colcon_pkg'
[0.464s] Level 1:colcon.colcon_core.package_identification:_identify(/home/federico/dev_ws) by extensions ['colcon_meta']
[0.464s] Level 1:colcon.colcon_core.package_identification:_identify(/home/federico/dev_ws) by extension 'colcon_meta'
[0.464s] Level 1:colcon.colcon_core.package_identification:_identify(/home/federico/dev_ws) by extensions ['ros']
[0.464s] Level 1:colcon.colcon_core.package_identification:_identify(/home/federico/dev_ws) by extension 'ros'
[0.474s] Level 1:colcon.colcon_core.package_identification:_identify(/home/federico/dev_ws) by extensions ['cmake', 'python']
[0.474s] Level 1:colcon.colcon_core.package_identification:_identify(/home/federico/dev_ws) by extension 'cmake'
[0.474s] Level 1:colcon.colcon_core.package_identification:_identify(/home/federico/dev_ws) by extension 'python'
[0.474s] Level 1:colcon.colcon_core.package_identification:_identify(/home/federico/dev_ws) by extensions ['python_setup_py']
[0.474s] Level 1:colcon.colcon_core.package_identification:_identify(/home/federico/dev_ws) by extension 'python_setup_py'
[0.475s] Level 1:colcon.colcon_core.package_identification:_identify(/home/federico/dev_ws/build) by extensions ['ignore', 'ignore_ament_install']
[0.475s] Level 1:colcon.colcon_core.package_identification:_identify(/home/federico/dev_ws/build) by extension 'ignore'
[0.475s] Level 1:colcon.colcon_core.package_identification:_identify(/home/federico/dev_ws/build) ignored
[0.475s] Level 1:colcon.colcon_core.package_identification:_identify(/home/federico/dev_ws/install) by extensions ['ignore', 'ignore_ament_install']
[0.475s] Level 1:colcon.colcon_core.package_identification:_identify(/home/federico/dev_ws/install) by extension 'ignore'
[0.475s] Level 1:colcon.colcon_core.package_identification:_identify(/home/federico/dev_ws/install) ignored
[0.475s] Level 1:colcon.colcon_core.package_identification:_identify(/home/federico/dev_ws/log) by extensions ['ignore', 'ignore_ament_install']
[0.475s] Level 1:colcon.colcon_core.package_identification:_identify(/home/federico/dev_ws/log) by extension 'ignore'
[0.475s] Level 1:colcon.colcon_core.package_identification:_identify(/home/federico/dev_ws/log) ignored
[0.475s] Level 1:colcon.colcon_core.package_identification:_identify(/home/federico/dev_ws/src) by extensions ['ignore', 'ignore_ament_install']
[0.476s] Level 1:colcon.colcon_core.package_identification:_identify(/home/federico/dev_ws/src) by extension 'ignore'
[0.476s] Level 1:colcon.colcon_core.package_identification:_identify(/home/federico/dev_ws/src) by extension 'ignore_ament_install'
[0.476s] Level 1:colcon.colcon_core.package_identification:_identify(/home/federico/dev_ws/src) by extensions ['colcon_pkg']
[0.476s] Level 1:colcon.colcon_core.package_identification:_identify(/home/federico/dev_ws/src) by extension 'colcon_pkg'
[0.476s] Level 1:colcon.colcon_core.package_identification:_identify(/home/federico/dev_ws/src) by extensions ['colcon_meta']
[0.476s] Level 1:colcon.colcon_core.package_identification:_identify(/home/federico/dev_ws/src) by extension 'colcon_meta'
[0.476s] Level 1:colcon.colcon_core.package_identification:_identify(/home/federico/dev_ws/src) by extensions ['ros']
[0.476s] Level 1:colcon.colcon_core.package_identification:_identify(/home/federico/dev_ws/src) by extension 'ros'
[0.476s] Level 1:colcon.colcon_core.package_identification:_identify(/home/federico/dev_ws/src) by extensions ['cmake', 'python']
[0.476s] Level 1:colcon.colcon_core.package_identification:_identify(/home/federico/dev_ws/src) by extension 'cmake'
[0.476s] Level 1:colcon.colcon_core.package_identification:_identify(/home/federico/dev_ws/src) by extension 'python'
[0.476s] Level 1:colcon.colcon_core.package_identification:_identify(/home/federico/dev_ws/src) by extensions ['python_setup_py']
[0.476s] Level 1:colcon.colcon_core.package_identification:_identify(/home/federico/dev_ws/src) by extension 'python_setup_py'
[0.476s] Level 1:colcon.colcon_core.package_identification:_identify(/home/federico/dev_ws/src/build) by extensions ['ignore', 'ignore_ament_install']
[0.476s] Level 1:colcon.colcon_core.package_identification:_identify(/home/federico/dev_ws/src/build) by extension 'ignore'
[0.477s] Level 1:colcon.colcon_core.package_identification:_identify(/home/federico/dev_ws/src/build) ignored
[0.477s] Level 1:colcon.colcon_core.package_identification:_identify(/home/federico/dev_ws/src/dolly) by extensions ['ignore', 'ignore_ament_install']
[0.477s] Level 1:colcon.colcon_core.package_identification:_identify(/home/federico/dev_ws/src/dolly) by extension 'ignore'
[0.477s] Level 1:colcon.colcon_core.package_identification:_identify(/home/federico/dev_ws/src/dolly) by extension 'ignore_ament_install'
[0.477s] Level 1:colcon.colcon_core.package_identification:_identify(/home/federico/dev_ws/src/dolly) by extensions ['colcon_pkg']
[0.477s] Level 1:colcon.colcon_core.package_identification:_identify(/home/federico/dev_ws/src/dolly) by extension 'colcon_pkg'
[0.477s] Level 1:colcon.colcon_core.package_identification:_identify(/home/federico/dev_ws/src/dolly) by extensions ['colcon_meta']
[0.477s] Level 1:colcon.colcon_core.package_identification:_identify(/home/federico/dev_ws/src/dolly) by extension 'colcon_meta'
[0.477s] Level 1:colcon.colcon_core.package_identification:_identify(/home/federico/dev_ws/src/dolly) by extensions ['ros']
[0.477s] Level 1:colcon.colcon_core.package_identification:_identify(/home/federico/dev_ws/src/dolly) by extension 'ros'
[0.477s] Level 1:colcon.colcon_core.package_identification:_identify(/home/federico/dev_ws/src/dolly) by extensions ['cmake', 'python']
[0.477s] Level 1:colcon.colcon_core.package_identification:_identify(/home/federico/dev_ws/src/dolly) by extension 'cmake'
[0.477s] Level 1:colcon.colcon_core.package_identification:_identify(/home/federico/dev_ws/src/dolly) by extension 'python'
[0.477s] Level 1:colcon.colcon_core.package_identification:_identify(/home/federico/dev_ws/src/dolly) by extensions ['python_setup_py']
[0.477s] Level 1:colcon.colcon_core.package_identification:_identify(/home/federico/dev_ws/src/dolly) by extension 'python_setup_py'
[0.478s] Level 1:colcon.colcon_core.package_identification:_identify(/home/federico/dev_ws/src/dolly/dolly) by extensions ['ignore', 'ignore_ament_install']
[0.478s] Level 1:colcon.colcon_core.package_identification:_identify(/home/federico/dev_ws/src/dolly/dolly) by extension 'ignore'
[0.478s] Level 1:colcon.colcon_core.package_identification:_identify(/home/federico/dev_ws/src/dolly/dolly) by extension 'ignore_ament_install'
[0.478s] Level 1:colcon.colcon_core.package_identification:_identify(/home/federico/dev_ws/src/dolly/dolly) by extensions ['colcon_pkg']
[0.478s] Level 1:colcon.colcon_core.package_identification:_identify(/home/federico/dev_ws/src/dolly/dolly) by extension 'colcon_pkg'
[0.478s] Level 1:colcon.colcon_core.package_identification:_identify(/home/federico/dev_ws/src/dolly/dolly) by extensions ['colcon_meta']
[0.478s] Level 1:colcon.colcon_core.package_identification:_identify(/home/federico/dev_ws/src/dolly/dolly) by extension 'colcon_meta'
[0.478s] Level 1:colcon.colcon_core.package_identification:_identify(/home/federico/dev_ws/src/dolly/dolly) by extensions ['ros']
[0.478s] Level 1:colcon.colcon_core.package_identification:_identify(/home/federico/dev_ws/src/dolly/dolly) by extension 'ros'
[0.480s] DEBUG:colcon.colcon_core.package_identification:Package '/home/federico/dev_ws/src/dolly/dolly' with type 'ros.ament_cmake' and name 'dolly'
[0.481s] Level 1:colcon.colcon_core.package_identification:_identify(/home/federico/dev_ws/src/dolly/dolly_follow) by extensions ['ignore', 'ignore_ament_install']
[0.481s] Level 1:colcon.colcon_core.package_identification:_identify(/home/federico/dev_ws/src/dolly/dolly_follow) by extension 'ignore'
[0.481s] Level 1:colcon.colcon_core.package_identification:_identify(/home/federico/dev_ws/src/dolly/dolly_follow) by extension 'ignore_ament_install'
[0.481s] Level 1:colcon.colcon_core.package_identification:_identify(/home/federico/dev_ws/src/dolly/dolly_follow) by extensions ['colcon_pkg']
[0.481s] Level 1:colcon.colcon_core.package_identification:_identify(/home/federico/dev_ws/src/dolly/dolly_follow) by extension 'colcon_pkg'
[0.481s] Level 1:colcon.colcon_core.package_identification:_identify(/home/federico/dev_ws/src/dolly/dolly_follow) by extensions ['colcon_meta']
[0.481s] Level 1:colcon.colcon_core.package_identification:_identify(/home/federico/dev_ws/src/dolly/dolly_follow) by extension 'colcon_meta'
[0.481s] Level 1:colcon.colcon_core.package_identification:_identify(/home/federico/dev_ws/src/dolly/dolly_follow) by extensions ['ros']
[0.481s] Level 1:colcon.colcon_core.package_identification:_identify(/home/federico/dev_ws/src/dolly/dolly_follow) by extension 'ros'
[0.482s] DEBUG:colcon.colcon_core.package_identification:Package '/home/federico/dev_ws/src/dolly/dolly_follow' with type 'ros.ament_cmake' and name 'dolly_follow'
[0.483s] Level 1:colcon.colcon_core.package_identification:_identify(/home/federico/dev_ws/src/dolly/dolly_gazebo) by extensions ['ignore', 'ignore_ament_install']
[0.483s] Level 1:colcon.colcon_core.package_identification:_identify(/home/federico/dev_ws/src/dolly/dolly_gazebo) by extension 'ignore'
[0.483s] Level 1:colcon.colcon_core.package_identification:_identify(/home/federico/dev_ws/src/dolly/dolly_gazebo) by extension 'ignore_ament_install'
[0.483s] Level 1:colcon.colcon_core.package_identification:_identify(/home/federico/dev_ws/src/dolly/dolly_gazebo) by extensions ['colcon_pkg']
[0.483s] Level 1:colcon.colcon_core.package_identification:_identify(/home/federico/dev_ws/src/dolly/dolly_gazebo) by extension 'colcon_pkg'
[0.483s] Level 1:colcon.colcon_core.package_identification:_identify(/home/federico/dev_ws/src/dolly/dolly_gazebo) by extensions ['colcon_meta']
[0.483s] Level 1:colcon.colcon_core.package_identification:_identify(/home/federico/dev_ws/src/dolly/dolly_gazebo) by extension 'colcon_meta'
[0.483s] Level 1:colcon.colcon_core.package_identification:_identify(/home/federico/dev_ws/src/dolly/dolly_gazebo) by extensions ['ros']
[0.483s] Level 1:colcon.colcon_core.package_identification:_identify(/home/federico/dev_ws/src/dolly/dolly_gazebo) by extension 'ros'
[0.484s] DEBUG:colcon.colcon_core.package_identification:Package '/home/federico/dev_ws/src/dolly/dolly_gazebo' with type 'ros.ament_cmake' and name 'dolly_gazebo'
[0.485s] Level 1:colcon.colcon_core.package_identification:_identify(/home/federico/dev_ws/src/dolly/dolly_tests) by extensions ['ignore', 'ignore_ament_install']
[0.485s] Level 1:colcon.colcon_core.package_identification:_identify(/home/federico/dev_ws/src/dolly/dolly_tests) by extension 'ignore'
[0.485s] Level 1:colcon.colcon_core.package_identification:_identify(/home/federico/dev_ws/src/dolly/dolly_tests) by extension 'ignore_ament_install'
[0.485s] Level 1:colcon.colcon_core.package_identification:_identify(/home/federico/dev_ws/src/dolly/dolly_tests) by extensions ['colcon_pkg']
[0.485s] Level 1:colcon.colcon_core.package_identification:_identify(/home/federico/dev_ws/src/dolly/dolly_tests) by extension 'colcon_pkg'
[0.485s] Level 1:colcon.colcon_core.package_identification:_identify(/home/federico/dev_ws/src/dolly/dolly_tests) by extensions ['colcon_meta']
[0.485s] Level 1:colcon.colcon_core.package_identification:_identify(/home/federico/dev_ws/src/dolly/dolly_tests) by extension 'colcon_meta'
[0.485s] Level 1:colcon.colcon_core.package_identification:_identify(/home/federico/dev_ws/src/dolly/dolly_tests) by extensions ['ros']
[0.485s] Level 1:colcon.colcon_core.package_identification:_identify(/home/federico/dev_ws/src/dolly/dolly_tests) by extension 'ros'
[0.494s] DEBUG:colcon.colcon_core.package_identification:Package '/home/federico/dev_ws/src/dolly/dolly_tests' with type 'ros.ament_cmake' and name 'dolly_tests'
[0.494s] Level 1:colcon.colcon_core.package_identification:_identify(/home/federico/dev_ws/src/dolly/images) by extensions ['ignore', 'ignore_ament_install']
[0.494s] Level 1:colcon.colcon_core.package_identification:_identify(/home/federico/dev_ws/src/dolly/images) by extension 'ignore'
[0.495s] Level 1:colcon.colcon_core.package_identification:_identify(/home/federico/dev_ws/src/dolly/images) by extension 'ignore_ament_install'
[0.495s] Level 1:colcon.colcon_core.package_identification:_identify(/home/federico/dev_ws/src/dolly/images) by extensions ['colcon_pkg']
[0.495s] Level 1:colcon.colcon_core.package_identification:_identify(/home/federico/dev_ws/src/dolly/images) by extension 'colcon_pkg'
[0.495s] Level 1:colcon.colcon_core.package_identification:_identify(/home/federico/dev_ws/src/dolly/images) by extensions ['colcon_meta']
[0.495s] Level 1:colcon.colcon_core.package_identification:_identify(/home/federico/dev_ws/src/dolly/images) by extension 'colcon_meta'
[0.495s] Level 1:colcon.colcon_core.package_identification:_identify(/home/federico/dev_ws/src/dolly/images) by extensions ['ros']
[0.495s] Level 1:colcon.colcon_core.package_identification:_identify(/home/federico/dev_ws/src/dolly/images) by extension 'ros'
[0.495s] Level 1:colcon.colcon_core.package_identification:_identify(/home/federico/dev_ws/src/dolly/images) by extensions ['cmake', 'python']
[0.495s] Level 1:colcon.colcon_core.package_identification:_identify(/home/federico/dev_ws/src/dolly/images) by extension 'cmake'
[0.495s] Level 1:colcon.colcon_core.package_identification:_identify(/home/federico/dev_ws/src/dolly/images) by extension 'python'
[0.495s] Level 1:colcon.colcon_core.package_identification:_identify(/home/federico/dev_ws/src/dolly/images) by extensions ['python_setup_py']
[0.495s] Level 1:colcon.colcon_core.package_identification:_identify(/home/federico/dev_ws/src/dolly/images) by extension 'python_setup_py'
[0.495s] Level 1:colcon.colcon_core.package_identification:_identify(/home/federico/dev_ws/src/install) by extensions ['ignore', 'ignore_ament_install']
[0.496s] Level 1:colcon.colcon_core.package_identification:_identify(/home/federico/dev_ws/src/install) by extension 'ignore'
[0.496s] Level 1:colcon.colcon_core.package_identification:_identify(/home/federico/dev_ws/src/install) ignored
[0.496s] Level 1:colcon.colcon_core.package_identification:_identify(/home/federico/dev_ws/src/log) by extensions ['ignore', 'ignore_ament_install']
[0.496s] Level 1:colcon.colcon_core.package_identification:_identify(/home/federico/dev_ws/src/log) by extension 'ignore'
[0.496s] Level 1:colcon.colcon_core.package_identification:_identify(/home/federico/dev_ws/src/log) ignored
[0.496s] Level 1:colcon.colcon_core.package_identification:_identify(/home/federico/dev_ws/src/more_interfaces) by extensions ['ignore', 'ignore_ament_install']
[0.496s] Level 1:colcon.colcon_core.package_identification:_identify(/home/federico/dev_ws/src/more_interfaces) by extension 'ignore'
[0.496s] Level 1:colcon.colcon_core.package_identification:_identify(/home/federico/dev_ws/src/more_interfaces) by extension 'ignore_ament_install'
[0.496s] Level 1:colcon.colcon_core.package_identification:_identify(/home/federico/dev_ws/src/more_interfaces) by extensions ['colcon_pkg']
[0.496s] Level 1:colcon.colcon_core.package_identification:_identify(/home/federico/dev_ws/src/more_interfaces) by extension 'colcon_pkg'
[0.496s] Level 1:colcon.colcon_core.package_identification:_identify(/home/federico/dev_ws/src/more_interfaces) by extensions ['colcon_meta']
[0.496s] Level 1:colcon.colcon_core.package_identification:_identify(/home/federico/dev_ws/src/more_interfaces) by extension 'colcon_meta'
[0.496s] Level 1:colcon.colcon_core.package_identification:_identify(/home/federico/dev_ws/src/more_interfaces) by extensions ['ros']
[0.496s] Level 1:colcon.colcon_core.package_identification:_identify(/home/federico/dev_ws/src/more_interfaces) by extension 'ros'
[0.497s] DEBUG:colcon.colcon_core.package_identification:Package '/home/federico/dev_ws/src/more_interfaces' with type 'ros.ament_cmake' and name 'more_interfaces'
[0.497s] Level 1:colcon.colcon_core.package_identification:_identify(/home/federico/dev_ws/src/my_package) by extensions ['ignore', 'ignore_ament_install']
[0.497s] Level 1:colcon.colcon_core.package_identification:_identify(/home/federico/dev_ws/src/my_package) by extension 'ignore'
[0.497s] Level 1:colcon.colcon_core.package_identification:_identify(/home/federico/dev_ws/src/my_package) by extension 'ignore_ament_install'
[0.497s] Level 1:colcon.colcon_core.package_identification:_identify(/home/federico/dev_ws/src/my_package) by extensions ['colcon_pkg']
[0.497s] Level 1:colcon.colcon_core.package_identification:_identify(/home/federico/dev_ws/src/my_package) by extension 'colcon_pkg'
[0.497s] Level 1:colcon.colcon_core.package_identification:_identify(/home/federico/dev_ws/src/my_package) by extensions ['colcon_meta']
[0.497s] Level 1:colcon.colcon_core.package_identification:_identify(/home/federico/dev_ws/src/my_package) by extension 'colcon_meta'
[0.498s] Level 1:colcon.colcon_core.package_identification:_identify(/home/federico/dev_ws/src/my_package) by extensions ['ros']
[0.498s] Level 1:colcon.colcon_core.package_identification:_identify(/home/federico/dev_ws/src/my_package) by extension 'ros'
[0.498s] DEBUG:colcon.colcon_core.package_identification:Package '/home/federico/dev_ws/src/my_package' with type 'ros.ament_python' and name 'my_package'
[0.498s] Level 1:colcon.colcon_core.package_identification:_identify(/home/federico/dev_ws/src/py_pubsub) by extensions ['ignore', 'ignore_ament_install']
[0.498s] Level 1:colcon.colcon_core.package_identification:_identify(/home/federico/dev_ws/src/py_pubsub) by extension 'ignore'
[0.498s] Level 1:colcon.colcon_core.package_identification:_identify(/home/federico/dev_ws/src/py_pubsub) by extension 'ignore_ament_install'
[0.499s] Level 1:colcon.colcon_core.package_identification:_identify(/home/federico/dev_ws/src/py_pubsub) by extensions ['colcon_pkg']
[0.499s] Level 1:colcon.colcon_core.package_identification:_identify(/home/federico/dev_ws/src/py_pubsub) by extension 'colcon_pkg'
[0.499s] Level 1:colcon.colcon_core.package_identification:_identify(/home/federico/dev_ws/src/py_pubsub) by extensions ['colcon_meta']
[0.499s] Level 1:colcon.colcon_core.package_identification:_identify(/home/federico/dev_ws/src/py_pubsub) by extension 'colcon_meta'
[0.499s] Level 1:colcon.colcon_core.package_identification:_identify(/home/federico/dev_ws/src/py_pubsub) by extensions ['ros']
[0.499s] Level 1:colcon.colcon_core.package_identification:_identify(/home/federico/dev_ws/src/py_pubsub) by extension 'ros'
[0.499s] DEBUG:colcon.colcon_core.package_identification:Package '/home/federico/dev_ws/src/py_pubsub' with type 'ros.ament_python' and name 'py_pubsub'
[0.499s] Level 1:colcon.colcon_core.package_identification:_identify(/home/federico/dev_ws/src/py_srvcli) by extensions ['ignore', 'ignore_ament_install']
[0.500s] Level 1:colcon.colcon_core.package_identification:_identify(/home/federico/dev_ws/src/py_srvcli) by extension 'ignore'
[0.500s] Level 1:colcon.colcon_core.package_identification:_identify(/home/federico/dev_ws/src/py_srvcli) by extension 'ignore_ament_install'
[0.500s] Level 1:colcon.colcon_core.package_identification:_identify(/home/federico/dev_ws/src/py_srvcli) by extensions ['colcon_pkg']
[0.500s] Level 1:colcon.colcon_core.package_identification:_identify(/home/federico/dev_ws/src/py_srvcli) by extension 'colcon_pkg'
[0.500s] Level 1:colcon.colcon_core.package_identification:_identify(/home/federico/dev_ws/src/py_srvcli) by extensions ['colcon_meta']
[0.500s] Level 1:colcon.colcon_core.package_identification:_identify(/home/federico/dev_ws/src/py_srvcli) by extension 'colcon_meta'
[0.500s] Level 1:colcon.colcon_core.package_identification:_identify(/home/federico/dev_ws/src/py_srvcli) by extensions ['ros']
[0.500s] Level 1:colcon.colcon_core.package_identification:_identify(/home/federico/dev_ws/src/py_srvcli) by extension 'ros'
[0.501s] DEBUG:colcon.colcon_core.package_identification:Package '/home/federico/dev_ws/src/py_srvcli' with type 'ros.ament_python' and name 'py_srvcli'
[0.501s] Level 1:colcon.colcon_core.package_identification:_identify(/home/federico/dev_ws/src/python_parameters) by extensions ['ignore', 'ignore_ament_install']
[0.501s] Level 1:colcon.colcon_core.package_identification:_identify(/home/federico/dev_ws/src/python_parameters) by extension 'ignore'
[0.501s] Level 1:colcon.colcon_core.package_identification:_identify(/home/federico/dev_ws/src/python_parameters) by extension 'ignore_ament_install'
[0.501s] Level 1:colcon.colcon_core.package_identification:_identify(/home/federico/dev_ws/src/python_parameters) by extensions ['colcon_pkg']
[0.501s] Level 1:colcon.colcon_core.package_identification:_identify(/home/federico/dev_ws/src/python_parameters) by extension 'colcon_pkg'
[0.501s] Level 1:colcon.colcon_core.package_identification:_identify(/home/federico/dev_ws/src/python_parameters) by extensions ['colcon_meta']
[0.501s] Level 1:colcon.colcon_core.package_identification:_identify(/home/federico/dev_ws/src/python_parameters) by extension 'colcon_meta'
[0.501s] Level 1:colcon.colcon_core.package_identification:_identify(/home/federico/dev_ws/src/python_parameters) by extensions ['ros']
[0.501s] Level 1:colcon.colcon_core.package_identification:_identify(/home/federico/dev_ws/src/python_parameters) by extension 'ros'
[0.502s] DEBUG:colcon.colcon_core.package_identification:Package '/home/federico/dev_ws/src/python_parameters' with type 'ros.ament_python' and name 'python_parameters'
[0.502s] Level 1:colcon.colcon_core.package_identification:_identify(/home/federico/dev_ws/src/ros_tutorials) by extensions ['ignore', 'ignore_ament_install']
[0.502s] Level 1:colcon.colcon_core.package_identification:_identify(/home/federico/dev_ws/src/ros_tutorials) by extension 'ignore'
[0.503s] Level 1:colcon.colcon_core.package_identification:_identify(/home/federico/dev_ws/src/ros_tutorials) by extension 'ignore_ament_install'
[0.503s] Level 1:colcon.colcon_core.package_identification:_identify(/home/federico/dev_ws/src/ros_tutorials) by extensions ['colcon_pkg']
[0.503s] Level 1:colcon.colcon_core.package_identification:_identify(/home/federico/dev_ws/src/ros_tutorials) by extension 'colcon_pkg'
[0.503s] Level 1:colcon.colcon_core.package_identification:_identify(/home/federico/dev_ws/src/ros_tutorials) by extensions ['colcon_meta']
[0.503s] Level 1:colcon.colcon_core.package_identification:_identify(/home/federico/dev_ws/src/ros_tutorials) by extension 'colcon_meta'
[0.503s] Level 1:colcon.colcon_core.package_identification:_identify(/home/federico/dev_ws/src/ros_tutorials) by extensions ['ros']
[0.503s] Level 1:colcon.colcon_core.package_identification:_identify(/home/federico/dev_ws/src/ros_tutorials) by extension 'ros'
[0.503s] Level 1:colcon.colcon_core.package_identification:_identify(/home/federico/dev_ws/src/ros_tutorials) by extensions ['cmake', 'python']
[0.503s] Level 1:colcon.colcon_core.package_identification:_identify(/home/federico/dev_ws/src/ros_tutorials) by extension 'cmake'
[0.503s] Level 1:colcon.colcon_core.package_identification:_identify(/home/federico/dev_ws/src/ros_tutorials) by extension 'python'
[0.503s] Level 1:colcon.colcon_core.package_identification:_identify(/home/federico/dev_ws/src/ros_tutorials) by extensions ['python_setup_py']
[0.504s] Level 1:colcon.colcon_core.package_identification:_identify(/home/federico/dev_ws/src/ros_tutorials) by extension 'python_setup_py'
[0.504s] Level 1:colcon.colcon_core.package_identification:_identify(/home/federico/dev_ws/src/ros_tutorials/ros_tutorials) by extensions ['ignore', 'ignore_ament_install']
[0.504s] Level 1:colcon.colcon_core.package_identification:_identify(/home/federico/dev_ws/src/ros_tutorials/ros_tutorials) by extension 'ignore'
[0.504s] Level 1:colcon.colcon_core.package_identification:_identify(/home/federico/dev_ws/src/ros_tutorials/ros_tutorials) ignored
[0.504s] Level 1:colcon.colcon_core.package_identification:_identify(/home/federico/dev_ws/src/ros_tutorials/roscpp_tutorials) by extensions ['ignore', 'ignore_ament_install']
[0.504s] Level 1:colcon.colcon_core.package_identification:_identify(/home/federico/dev_ws/src/ros_tutorials/roscpp_tutorials) by extension 'ignore'
[0.504s] Level 1:colcon.colcon_core.package_identification:_identify(/home/federico/dev_ws/src/ros_tutorials/roscpp_tutorials) ignored
[0.505s] Level 1:colcon.colcon_core.package_identification:_identify(/home/federico/dev_ws/src/ros_tutorials/rospy_tutorials) by extensions ['ignore', 'ignore_ament_install']
[0.505s] Level 1:colcon.colcon_core.package_identification:_identify(/home/federico/dev_ws/src/ros_tutorials/rospy_tutorials) by extension 'ignore'
[0.505s] Level 1:colcon.colcon_core.package_identification:_identify(/home/federico/dev_ws/src/ros_tutorials/rospy_tutorials) ignored
[0.505s] Level 1:colcon.colcon_core.package_identification:_identify(/home/federico/dev_ws/src/ros_tutorials/turtlesim) by extensions ['ignore', 'ignore_ament_install']
[0.505s] Level 1:colcon.colcon_core.package_identification:_identify(/home/federico/dev_ws/src/ros_tutorials/turtlesim) by extension 'ignore'
[0.505s] Level 1:colcon.colcon_core.package_identification:_identify(/home/federico/dev_ws/src/ros_tutorials/turtlesim) by extension 'ignore_ament_install'
[0.505s] Level 1:colcon.colcon_core.package_identification:_identify(/home/federico/dev_ws/src/ros_tutorials/turtlesim) by extensions ['colcon_pkg']
[0.505s] Level 1:colcon.colcon_core.package_identification:_identify(/home/federico/dev_ws/src/ros_tutorials/turtlesim) by extension 'colcon_pkg'
[0.505s] Level 1:colcon.colcon_core.package_identification:_identify(/home/federico/dev_ws/src/ros_tutorials/turtlesim) by extensions ['colcon_meta']
[0.505s] Level 1:colcon.colcon_core.package_identification:_identify(/home/federico/dev_ws/src/ros_tutorials/turtlesim) by extension 'colcon_meta'
[0.505s] Level 1:colcon.colcon_core.package_identification:_identify(/home/federico/dev_ws/src/ros_tutorials/turtlesim) by extensions ['ros']
[0.505s] Level 1:colcon.colcon_core.package_identification:_identify(/home/federico/dev_ws/src/ros_tutorials/turtlesim) by extension 'ros'
[0.507s] DEBUG:colcon.colcon_core.package_identification:Package '/home/federico/dev_ws/src/ros_tutorials/turtlesim' with type 'ros.ament_cmake' and name 'turtlesim'
[0.507s] Level 1:colcon.colcon_core.package_identification:_identify(/home/federico/dev_ws/src/tutorial_interfaces) by extensions ['ignore', 'ignore_ament_install']
[0.507s] Level 1:colcon.colcon_core.package_identification:_identify(/home/federico/dev_ws/src/tutorial_interfaces) by extension 'ignore'
[0.507s] Level 1:colcon.colcon_core.package_identification:_identify(/home/federico/dev_ws/src/tutorial_interfaces) by extension 'ignore_ament_install'
[0.507s] Level 1:colcon.colcon_core.package_identification:_identify(/home/federico/dev_ws/src/tutorial_interfaces) by extensions ['colcon_pkg']
[0.507s] Level 1:colcon.colcon_core.package_identification:_identify(/home/federico/dev_ws/src/tutorial_interfaces) by extension 'colcon_pkg'
[0.507s] Level 1:colcon.colcon_core.package_identification:_identify(/home/federico/dev_ws/src/tutorial_interfaces) by extensions ['colcon_meta']
[0.507s] Level 1:colcon.colcon_core.package_identification:_identify(/home/federico/dev_ws/src/tutorial_interfaces) by extension 'colcon_meta'
[0.508s] Level 1:colcon.colcon_core.package_identification:_identify(/home/federico/dev_ws/src/tutorial_interfaces) by extensions ['ros']
[0.508s] Level 1:colcon.colcon_core.package_identification:_identify(/home/federico/dev_ws/src/tutorial_interfaces) by extension 'ros'
[0.508s] DEBUG:colcon.colcon_core.package_identification:Package '/home/federico/dev_ws/src/tutorial_interfaces' with type 'ros.ament_cmake' and name 'tutorial_interfaces'
[0.508s] Level 1:colcon.colcon_core.package_discovery:discover_packages(recursive) using defaults
