[3.180s] Invoking command in '/home/federico/dev_ws/build/my_package': PYTHONPATH=/home/federico/dev_ws/install/my_package/lib/python3.8/site-packages:${PYTHONPATH} /usr/bin/python3 setup.py develop --prefix /home/federico/dev_ws/install/my_package --uninstall --editable --build-directory /home/federico/dev_ws/build/my_package/build
[4.016s] running develop
[4.016s] /home/federico/.local/lib/python3.8/site-packages/setuptools/command/easy_install.py:144: EasyInstallDeprecationWarning: easy_install command is deprecated. Use build and pip and other standards-based tools.
[4.017s]   warnings.warn(
[4.139s] /home/federico/.local/lib/python3.8/site-packages/setuptools/command/install.py:34: SetuptoolsDeprecationWarning: setup.py install is deprecated. Use build and pip and other standards-based tools.
[4.139s]   warnings.warn(
[4.323s] /home/federico/.local/lib/python3.8/site-packages/pkg_resources/__init__.py:123: PkgResourcesDeprecationWarning: 0.1.36ubuntu1 is an invalid version and will not be supported in a future release
[4.323s]   warnings.warn(
[4.323s] /home/federico/.local/lib/python3.8/site-packages/pkg_resources/__init__.py:123: PkgResourcesDeprecationWarning: 0.23ubuntu1 is an invalid version and will not be supported in a future release
[4.323s]   warnings.warn(
[4.453s] Invoked command in '/home/federico/dev_ws/build/my_package' returned '0': PYTHONPATH=/home/federico/dev_ws/install/my_package/lib/python3.8/site-packages:${PYTHONPATH} /usr/bin/python3 setup.py develop --prefix /home/federico/dev_ws/install/my_package --uninstall --editable --build-directory /home/federico/dev_ws/build/my_package/build
[4.455s] Invoking command in '/home/federico/dev_ws/src/my_package': PYTHONPATH=/home/federico/dev_ws/install/my_package/lib/python3.8/site-packages:${PYTHONPATH} /usr/bin/python3 setup.py egg_info --egg-base ../../build/my_package build --build-base /home/federico/dev_ws/build/my_package/build install --prefix /home/federico/dev_ws/install/my_package --record /home/federico/dev_ws/build/my_package/install.log --single-version-externally-managed
[5.206s] running egg_info
[5.261s] writing ../../build/my_package/my_package.egg-info/PKG-INFO
[5.305s] writing dependency_links to ../../build/my_package/my_package.egg-info/dependency_links.txt
[5.440s] writing entry points to ../../build/my_package/my_package.egg-info/entry_points.txt
[5.528s] writing requirements to ../../build/my_package/my_package.egg-info/requires.txt
[5.572s] writing top-level names to ../../build/my_package/my_package.egg-info/top_level.txt
[5.655s] reading manifest file '../../build/my_package/my_package.egg-info/SOURCES.txt'
[5.656s] writing manifest file '../../build/my_package/my_package.egg-info/SOURCES.txt'
[5.657s] running build
[5.657s] running build_py
[5.657s] copying my_package/my_node.py -> /home/federico/dev_ws/build/my_package/build/lib/my_package
[5.657s] copying my_package/__init__.py -> /home/federico/dev_ws/build/my_package/build/lib/my_package
[5.658s] running install
[5.658s] /home/federico/.local/lib/python3.8/site-packages/setuptools/command/install.py:34: SetuptoolsDeprecationWarning: setup.py install is deprecated. Use build and pip and other standards-based tools.
[5.658s]   warnings.warn(
[5.662s] running install_lib
[5.721s] copying /home/federico/dev_ws/build/my_package/build/lib/my_package/my_node.py -> /home/federico/dev_ws/install/my_package/lib/python3.8/site-packages/my_package
[5.721s] copying /home/federico/dev_ws/build/my_package/build/lib/my_package/__init__.py -> /home/federico/dev_ws/install/my_package/lib/python3.8/site-packages/my_package
[5.722s] byte-compiling /home/federico/dev_ws/install/my_package/lib/python3.8/site-packages/my_package/my_node.py to my_node.cpython-38.pyc
[5.722s] byte-compiling /home/federico/dev_ws/install/my_package/lib/python3.8/site-packages/my_package/__init__.py to __init__.cpython-38.pyc
[5.722s] running install_data
[5.734s] copying resource/my_package -> /home/federico/dev_ws/install/my_package/share/ament_index/resource_index/packages
[5.735s] running install_egg_info
[5.795s] removing '/home/federico/dev_ws/install/my_package/lib/python3.8/site-packages/my_package-0.0.0-py3.8.egg-info' (and everything under it)
[5.795s] Copying ../../build/my_package/my_package.egg-info to /home/federico/dev_ws/install/my_package/lib/python3.8/site-packages/my_package-0.0.0-py3.8.egg-info
[5.796s] running install_scripts
[5.911s] Installing my_node script to /home/federico/dev_ws/install/my_package/lib/my_package
[5.911s] writing list of installed files to '/home/federico/dev_ws/build/my_package/install.log'
[5.974s] Invoked command in '/home/federico/dev_ws/src/my_package' returned '0': PYTHONPATH=/home/federico/dev_ws/install/my_package/lib/python3.8/site-packages:${PYTHONPATH} /usr/bin/python3 setup.py egg_info --egg-base ../../build/my_package build --build-base /home/federico/dev_ws/build/my_package/build install --prefix /home/federico/dev_ws/install/my_package --record /home/federico/dev_ws/build/my_package/install.log --single-version-externally-managed
