[2.635s] Invoking command in '/home/federico/dev_ws/build/py_pubsub': AMENT_PREFIX_PATH=/home/federico/dev_ws/install/tutorial_interfaces:${AMENT_PREFIX_PATH} CMAKE_PREFIX_PATH=/home/federico/dev_ws/install/tutorial_interfaces LD_LIBRARY_PATH=/home/federico/dev_ws/install/tutorial_interfaces/lib:/usr/lib/x86_64-linux-gnu/gazebo-11/plugins:/opt/ros/galactic/opt/yaml_cpp_vendor/lib:/opt/ros/galactic/opt/rviz_ogre_vendor/lib:/opt/ros/galactic/lib/x86_64-linux-gnu:/opt/ros/galactic/lib:/usr/lib/x86_64-linux-gnu/gazebo-11/plugins PYTHONPATH=/home/federico/dev_ws/install/py_pubsub/lib/python3.8/site-packages:/home/federico/dev_ws/install/tutorial_interfaces/lib/python3.8/site-packages:${PYTHONPATH} /usr/bin/python3 setup.py develop --prefix /home/federico/dev_ws/install/py_pubsub --uninstall --editable --build-directory /home/federico/dev_ws/build/py_pubsub/build
[2.869s] /home/federico/.local/lib/python3.8/site-packages/setuptools/dist.py:757: UserWarning: Usage of dash-separated 'script-dir' will not be supported in future versions. Please use the underscore name 'script_dir' instead
[2.869s]   warnings.warn(
[2.869s] /home/federico/.local/lib/python3.8/site-packages/setuptools/dist.py:757: UserWarning: Usage of dash-separated 'install-scripts' will not be supported in future versions. Please use the underscore name 'install_scripts' instead
[2.869s]   warnings.warn(
[3.344s] running develop
[3.344s] /home/federico/.local/lib/python3.8/site-packages/setuptools/command/easy_install.py:144: EasyInstallDeprecationWarning: easy_install command is deprecated. Use build and pip and other standards-based tools.
[3.344s]   warnings.warn(
[3.468s] /home/federico/.local/lib/python3.8/site-packages/setuptools/command/install.py:34: SetuptoolsDeprecationWarning: setup.py install is deprecated. Use build and pip and other standards-based tools.
[3.468s]   warnings.warn(
[3.644s] /home/federico/.local/lib/python3.8/site-packages/pkg_resources/__init__.py:123: PkgResourcesDeprecationWarning: 0.1.36ubuntu1 is an invalid version and will not be supported in a future release
[3.644s]   warnings.warn(
[3.644s] /home/federico/.local/lib/python3.8/site-packages/pkg_resources/__init__.py:123: PkgResourcesDeprecationWarning: 0.23ubuntu1 is an invalid version and will not be supported in a future release
[3.644s]   warnings.warn(
[3.728s] Removing /home/federico/dev_ws/install/py_pubsub/lib/python3.8/site-packages/py-pubsub.egg-link (link to .)
[3.776s] Invoked command in '/home/federico/dev_ws/build/py_pubsub' returned '0': AMENT_PREFIX_PATH=/home/federico/dev_ws/install/tutorial_interfaces:${AMENT_PREFIX_PATH} CMAKE_PREFIX_PATH=/home/federico/dev_ws/install/tutorial_interfaces LD_LIBRARY_PATH=/home/federico/dev_ws/install/tutorial_interfaces/lib:/usr/lib/x86_64-linux-gnu/gazebo-11/plugins:/opt/ros/galactic/opt/yaml_cpp_vendor/lib:/opt/ros/galactic/opt/rviz_ogre_vendor/lib:/opt/ros/galactic/lib/x86_64-linux-gnu:/opt/ros/galactic/lib:/usr/lib/x86_64-linux-gnu/gazebo-11/plugins PYTHONPATH=/home/federico/dev_ws/install/py_pubsub/lib/python3.8/site-packages:/home/federico/dev_ws/install/tutorial_interfaces/lib/python3.8/site-packages:${PYTHONPATH} /usr/bin/python3 setup.py develop --prefix /home/federico/dev_ws/install/py_pubsub --uninstall --editable --build-directory /home/federico/dev_ws/build/py_pubsub/build
[3.779s] Invoking command in '/home/federico/dev_ws/src/py_pubsub': AMENT_PREFIX_PATH=/home/federico/dev_ws/install/tutorial_interfaces:${AMENT_PREFIX_PATH} CMAKE_PREFIX_PATH=/home/federico/dev_ws/install/tutorial_interfaces LD_LIBRARY_PATH=/home/federico/dev_ws/install/tutorial_interfaces/lib:/usr/lib/x86_64-linux-gnu/gazebo-11/plugins:/opt/ros/galactic/opt/yaml_cpp_vendor/lib:/opt/ros/galactic/opt/rviz_ogre_vendor/lib:/opt/ros/galactic/lib/x86_64-linux-gnu:/opt/ros/galactic/lib:/usr/lib/x86_64-linux-gnu/gazebo-11/plugins PYTHONPATH=/home/federico/dev_ws/install/py_pubsub/lib/python3.8/site-packages:/home/federico/dev_ws/install/tutorial_interfaces/lib/python3.8/site-packages:${PYTHONPATH} /usr/bin/python3 setup.py egg_info --egg-base ../../build/py_pubsub build --build-base /home/federico/dev_ws/build/py_pubsub/build install --prefix /home/federico/dev_ws/install/py_pubsub --record /home/federico/dev_ws/build/py_pubsub/install.log --single-version-externally-managed
[4.024s] /home/federico/.local/lib/python3.8/site-packages/setuptools/dist.py:757: UserWarning: Usage of dash-separated 'script-dir' will not be supported in future versions. Please use the underscore name 'script_dir' instead
[4.024s]   warnings.warn(
[4.024s] /home/federico/.local/lib/python3.8/site-packages/setuptools/dist.py:757: UserWarning: Usage of dash-separated 'install-scripts' will not be supported in future versions. Please use the underscore name 'install_scripts' instead
[4.024s]   warnings.warn(
[4.675s] running egg_info
[4.730s] writing ../../build/py_pubsub/py_pubsub.egg-info/PKG-INFO
[4.773s] writing dependency_links to ../../build/py_pubsub/py_pubsub.egg-info/dependency_links.txt
[4.900s] writing entry points to ../../build/py_pubsub/py_pubsub.egg-info/entry_points.txt
[4.985s] writing requirements to ../../build/py_pubsub/py_pubsub.egg-info/requires.txt
[5.027s] writing top-level names to ../../build/py_pubsub/py_pubsub.egg-info/top_level.txt
[5.102s] reading manifest file '../../build/py_pubsub/py_pubsub.egg-info/SOURCES.txt'
[5.103s] writing manifest file '../../build/py_pubsub/py_pubsub.egg-info/SOURCES.txt'
[5.103s] running build
[5.103s] running build_py
[5.103s] running install
[5.104s] /home/federico/.local/lib/python3.8/site-packages/setuptools/command/install.py:34: SetuptoolsDeprecationWarning: setup.py install is deprecated. Use build and pip and other standards-based tools.
[5.104s]   warnings.warn(
[5.108s] running install_lib
[5.162s] creating /home/federico/dev_ws/install/py_pubsub/lib/python3.8/site-packages/py_pubsub
[5.162s] copying /home/federico/dev_ws/build/py_pubsub/build/lib/py_pubsub/publisher_member_function.py -> /home/federico/dev_ws/install/py_pubsub/lib/python3.8/site-packages/py_pubsub
[5.162s] copying /home/federico/dev_ws/build/py_pubsub/build/lib/py_pubsub/__init__.py -> /home/federico/dev_ws/install/py_pubsub/lib/python3.8/site-packages/py_pubsub
[5.162s] copying /home/federico/dev_ws/build/py_pubsub/build/lib/py_pubsub/subscriber_member_function.py -> /home/federico/dev_ws/install/py_pubsub/lib/python3.8/site-packages/py_pubsub
[5.162s] byte-compiling /home/federico/dev_ws/install/py_pubsub/lib/python3.8/site-packages/py_pubsub/publisher_member_function.py to publisher_member_function.cpython-38.pyc
[5.163s] byte-compiling /home/federico/dev_ws/install/py_pubsub/lib/python3.8/site-packages/py_pubsub/__init__.py to __init__.cpython-38.pyc
[5.163s] byte-compiling /home/federico/dev_ws/install/py_pubsub/lib/python3.8/site-packages/py_pubsub/subscriber_member_function.py to subscriber_member_function.cpython-38.pyc
[5.163s] running install_data
[5.176s] running install_egg_info
[5.233s] Copying ../../build/py_pubsub/py_pubsub.egg-info to /home/federico/dev_ws/install/py_pubsub/lib/python3.8/site-packages/py_pubsub-0.0.0-py3.8.egg-info
[5.234s] running install_scripts
[5.356s] Installing listener script to /home/federico/dev_ws/install/py_pubsub/lib/py_pubsub
[5.356s] Installing talker script to /home/federico/dev_ws/install/py_pubsub/lib/py_pubsub
[5.356s] writing list of installed files to '/home/federico/dev_ws/build/py_pubsub/install.log'
[5.387s] Invoked command in '/home/federico/dev_ws/src/py_pubsub' returned '0': AMENT_PREFIX_PATH=/home/federico/dev_ws/install/tutorial_interfaces:${AMENT_PREFIX_PATH} CMAKE_PREFIX_PATH=/home/federico/dev_ws/install/tutorial_interfaces LD_LIBRARY_PATH=/home/federico/dev_ws/install/tutorial_interfaces/lib:/usr/lib/x86_64-linux-gnu/gazebo-11/plugins:/opt/ros/galactic/opt/yaml_cpp_vendor/lib:/opt/ros/galactic/opt/rviz_ogre_vendor/lib:/opt/ros/galactic/lib/x86_64-linux-gnu:/opt/ros/galactic/lib:/usr/lib/x86_64-linux-gnu/gazebo-11/plugins PYTHONPATH=/home/federico/dev_ws/install/py_pubsub/lib/python3.8/site-packages:/home/federico/dev_ws/install/tutorial_interfaces/lib/python3.8/site-packages:${PYTHONPATH} /usr/bin/python3 setup.py egg_info --egg-base ../../build/py_pubsub build --build-base /home/federico/dev_ws/build/py_pubsub/build install --prefix /home/federico/dev_ws/install/py_pubsub --record /home/federico/dev_ws/build/py_pubsub/install.log --single-version-externally-managed
