[0.041s] Invoking command in '/home/federico/dev_ws/build/more_interfaces': CMAKE_PREFIX_PATH=/opt/ros/galactic /usr/bin/cmake /home/federico/dev_ws/src/more_interfaces -DAMENT_CMAKE_SYMLINK_INSTALL=1 -DCMAKE_INSTALL_PREFIX=/home/federico/dev_ws/install/more_interfaces
[1.571s] -- Found ament_cmake: 1.1.5 (/opt/ros/galactic/share/ament_cmake/cmake)
[1.571s] -- Found PythonInterp: /usr/bin/python3 (found suitable version "3.8.10", minimum required is "3") 
[1.571s] -- Using PYTHON_EXECUTABLE: /usr/bin/python3
[1.571s] -- Override CMake install command with custom implementation using symlinks instead of copying resources
[1.571s] -- Found rosidl_default_generators: 1.1.1 (/opt/ros/galactic/share/rosidl_default_generators/cmake)
[1.571s] -- Using all available rosidl_typesupport_c: rosidl_typesupport_fastrtps_c;rosidl_typesupport_introspection_c
[1.571s] -- Found rosidl_adapter: 2.2.1 (/opt/ros/galactic/share/rosidl_adapter/cmake)
[1.572s] -- Using all available rosidl_typesupport_cpp: rosidl_typesupport_fastrtps_cpp;rosidl_typesupport_introspection_cpp
[1.572s] -- Found rclcpp: 9.2.0 (/opt/ros/galactic/share/rclcpp/cmake)
[1.572s] -- Found rmw_implementation_cmake: 3.3.1 (/opt/ros/galactic/share/rmw_implementation_cmake/cmake)
[1.572s] -- Found rmw_cyclonedds_cpp: 0.22.4 (/opt/ros/galactic/share/rmw_cyclonedds_cpp/cmake)
[1.572s] -- Using RMW implementation 'rmw_cyclonedds_cpp' as default
[1.572s] -- Found PythonInterp: /usr/bin/python3 (found version "3.8.10") 
[1.572s] -- Found ament_cmake_ros: 0.9.2 (/opt/ros/galactic/share/ament_cmake_ros/cmake)
[1.572s] -- Using all available rosidl_typesupport_c: rosidl_typesupport_fastrtps_c;rosidl_typesupport_introspection_c
[1.572s] -- Using all available rosidl_typesupport_cpp: rosidl_typesupport_fastrtps_cpp;rosidl_typesupport_introspection_cpp
[1.573s] -- Found PythonInterp: /usr/bin/python3 (found suitable version "3.8.10", minimum required is "3.5") 
[1.573s] -- Found python_cmake_module: 0.8.1 (/opt/ros/galactic/share/python_cmake_module/cmake)
[1.573s] -- Using PYTHON_EXECUTABLE: /usr/bin/python3
[1.573s] -- Using PYTHON_INCLUDE_DIRS: /usr/include/python3.8
[1.573s] -- Using PYTHON_LIBRARIES: /usr/lib/x86_64-linux-gnu/libpython3.8.so
[1.574s] -- Found ament_lint_auto: 0.10.6 (/opt/ros/galactic/share/ament_lint_auto/cmake)
[1.574s] -- Added test 'copyright' to check source files copyright and LICENSE
[1.574s] -- Added test 'cppcheck' to perform static code analysis on C / C++ code
[1.574s] -- Configured cppcheck include dirs: 
[1.574s] -- Configured cppcheck exclude dirs and/or files: 
[1.574s] -- Added test 'cpplint' to check C / C++ code against the Google style
[1.574s] -- Configured cpplint exclude dirs and/or files: 
[1.574s] -- Added test 'lint_cmake' to check CMake code style
[1.575s] -- Added test 'uncrustify' to check C / C++ code style
[1.575s] -- Configured uncrustify additional arguments: 
[1.575s] -- Added test 'xmllint' to check XML markup files
[1.575s] -- Configuring done
[1.575s] -- Generating done
[1.575s] -- Build files have been written to: /home/federico/dev_ws/build/more_interfaces
[1.577s] Invoked command in '/home/federico/dev_ws/build/more_interfaces' returned '0': CMAKE_PREFIX_PATH=/opt/ros/galactic /usr/bin/cmake /home/federico/dev_ws/src/more_interfaces -DAMENT_CMAKE_SYMLINK_INSTALL=1 -DCMAKE_INSTALL_PREFIX=/home/federico/dev_ws/install/more_interfaces
[1.578s] Invoking command in '/home/federico/dev_ws/build/more_interfaces': CMAKE_PREFIX_PATH=/opt/ros/galactic /usr/bin/cmake --build /home/federico/dev_ws/build/more_interfaces -- -j12 -l12
[1.636s] [  3%] Built target more_interfaces__cpp
[1.637s] [ 12%] Built target more_interfaces__rosidl_generator_c
[1.683s] [ 21%] Built target more_interfaces__rosidl_typesupport_c
[1.685s] [ 30%] Built target more_interfaces__rosidl_typesupport_introspection_c
[1.692s] [ 39%] Built target more_interfaces__rosidl_typesupport_cpp
[1.695s] [ 48%] Built target more_interfaces__rosidl_typesupport_introspection_cpp
[1.696s] [ 51%] [32m[1mLinking CXX shared library libmore_interfaces__rosidl_typesupport_fastrtps_cpp.so[0m
[1.816s] [ 57%] Built target more_interfaces__rosidl_typesupport_fastrtps_cpp
[1.844s] [ 60%] [32m[1mLinking CXX shared library libmore_interfaces__rosidl_typesupport_fastrtps_c.so[0m
[2.022s] [ 66%] Built target more_interfaces__rosidl_typesupport_fastrtps_c
[2.044s] [ 66%] Built target more_interfaces
[2.069s] [ 69%] Built target more_interfaces__py
[2.078s] [ 72%] [32m[1mLinking CXX executable publish_address_book[0m
[2.098s] [ 75%] [32m[1mLinking C shared library rosidl_generator_py/more_interfaces/libmore_interfaces__python.so[0m
[2.161s] [ 78%] Built target more_interfaces__python
[2.211s] [ 84%] [32m[1mLinking C shared library rosidl_generator_py/more_interfaces/more_interfaces_s__rosidl_typesupport_c.cpython-38-x86_64-linux-gnu.so[0m
[2.212s] [ 84%] [32m[1mLinking CXX shared library rosidl_generator_py/more_interfaces/more_interfaces_s__rosidl_typesupport_fastrtps_c.cpython-38-x86_64-linux-gnu.so[0m
[2.212s] [ 87%] [32m[1mLinking C shared library rosidl_generator_py/more_interfaces/more_interfaces_s__rosidl_typesupport_introspection_c.cpython-38-x86_64-linux-gnu.so[0m
[2.296s] [ 90%] Built target more_interfaces__rosidl_typesupport_c__pyext
[2.327s] [ 93%] Built target more_interfaces__rosidl_typesupport_introspection_c__pyext
[2.376s] [ 96%] Built target more_interfaces__rosidl_typesupport_fastrtps_c__pyext
[2.539s] [100%] Built target publish_address_book
[2.563s] Invoked command in '/home/federico/dev_ws/build/more_interfaces' returned '0': CMAKE_PREFIX_PATH=/opt/ros/galactic /usr/bin/cmake --build /home/federico/dev_ws/build/more_interfaces -- -j12 -l12
[2.641s] Invoking command in '/home/federico/dev_ws/build/more_interfaces': CMAKE_PREFIX_PATH=/opt/ros/galactic /usr/bin/cmake --install /home/federico/dev_ws/build/more_interfaces
[2.654s] -- Install configuration: ""
[2.654s] -- Execute custom install script
[2.655s] -- Symlinking: /home/federico/dev_ws/install/more_interfaces/lib/more_interfaces/publish_address_book
[2.672s] -- Symlinking: /home/federico/dev_ws/install/more_interfaces/share/ament_index/resource_index/rosidl_interfaces/more_interfaces
[2.689s] -- Symlinking: /home/federico/dev_ws/install/more_interfaces/include/more_interfaces/msg/address_book.h
[2.707s] -- Symlinking: /home/federico/dev_ws/install/more_interfaces/include/more_interfaces/msg/detail/address_book__functions.h
[2.724s] -- Symlinking: /home/federico/dev_ws/install/more_interfaces/include/more_interfaces/msg/detail/address_book__struct.h
[2.737s] -- Symlinking: /home/federico/dev_ws/install/more_interfaces/include/more_interfaces/msg/detail/address_book__type_support.h
[2.749s] -- Symlinking: /home/federico/dev_ws/install/more_interfaces/include/more_interfaces/msg/rosidl_generator_c__visibility_control.h
[2.762s] -- Symlinking: /home/federico/dev_ws/install/more_interfaces/share/more_interfaces/environment/library_path.sh
[2.773s] -- Symlinking: /home/federico/dev_ws/install/more_interfaces/share/more_interfaces/environment/library_path.dsv
[2.782s] -- Symlinking: /home/federico/dev_ws/install/more_interfaces/include/more_interfaces/msg/detail/address_book__rosidl_typesupport_fastrtps_c.h
[2.796s] -- Symlinking: /home/federico/dev_ws/install/more_interfaces/include/more_interfaces/msg/rosidl_typesupport_fastrtps_c__visibility_control.h
[2.809s] -- Symlinking: /home/federico/dev_ws/install/more_interfaces/lib/libmore_interfaces__rosidl_typesupport_fastrtps_c.so
[2.826s] -- Symlinking: /home/federico/dev_ws/install/more_interfaces/include/more_interfaces/msg/detail/address_book__rosidl_typesupport_fastrtps_cpp.hpp
[2.837s] -- Symlinking: /home/federico/dev_ws/install/more_interfaces/include/more_interfaces/msg/rosidl_typesupport_fastrtps_cpp__visibility_control.h
[2.847s] -- Symlinking: /home/federico/dev_ws/install/more_interfaces/lib/libmore_interfaces__rosidl_typesupport_fastrtps_cpp.so
[2.865s] -- Symlinking: /home/federico/dev_ws/install/more_interfaces/include/more_interfaces/msg/detail/address_book__rosidl_typesupport_introspection_c.h
[2.881s] -- Symlinking: /home/federico/dev_ws/install/more_interfaces/include/more_interfaces/msg/rosidl_typesupport_introspection_c__visibility_control.h
[2.896s] -- Symlinking: /home/federico/dev_ws/install/more_interfaces/include/more_interfaces/msg/address_book.hpp
[2.913s] -- Symlinking: /home/federico/dev_ws/install/more_interfaces/include/more_interfaces/msg/detail/address_book__builder.hpp
[2.926s] -- Symlinking: /home/federico/dev_ws/install/more_interfaces/include/more_interfaces/msg/detail/address_book__struct.hpp
[2.937s] -- Symlinking: /home/federico/dev_ws/install/more_interfaces/include/more_interfaces/msg/detail/address_book__traits.hpp
[2.947s] -- Symlinking: /home/federico/dev_ws/install/more_interfaces/include/more_interfaces/msg/detail/address_book__rosidl_typesupport_introspection_cpp.hpp
[2.960s] -- Symlinking: /home/federico/dev_ws/install/more_interfaces/share/more_interfaces/environment/pythonpath.sh
[2.975s] -- Symlinking: /home/federico/dev_ws/install/more_interfaces/share/more_interfaces/environment/pythonpath.dsv
[2.986s] -- Symlinking: /home/federico/dev_ws/install/more_interfaces/lib/python3.8/site-packages/more_interfaces/__init__.py
[2.999s] -- Symlinking: /home/federico/dev_ws/install/more_interfaces/lib/python3.8/site-packages/more_interfaces/msg/__init__.py
[3.009s] -- Symlinking: /home/federico/dev_ws/install/more_interfaces/lib/python3.8/site-packages/more_interfaces/msg/_address_book.py
[3.025s] -- Symlinking: /home/federico/dev_ws/install/more_interfaces/lib/python3.8/site-packages/more_interfaces/more_interfaces_s__rosidl_typesupport_fastrtps_c.cpython-38-x86_64-linux-gnu.so
[3.037s] -- Symlinking: /home/federico/dev_ws/install/more_interfaces/lib/python3.8/site-packages/more_interfaces/more_interfaces_s__rosidl_typesupport_introspection_c.cpython-38-x86_64-linux-gnu.so
[3.046s] -- Symlinking: /home/federico/dev_ws/install/more_interfaces/lib/python3.8/site-packages/more_interfaces/more_interfaces_s__rosidl_typesupport_c.cpython-38-x86_64-linux-gnu.so
[3.058s] -- Symlinking: /home/federico/dev_ws/install/more_interfaces/lib/libmore_interfaces__python.so
[3.069s] -- Symlinking: /home/federico/dev_ws/install/more_interfaces/share/more_interfaces/msg/AddressBook.idl
[3.078s] -- Symlinking: /home/federico/dev_ws/install/more_interfaces/share/more_interfaces/msg/AddressBook.msg
[3.089s] -- Symlinking: /home/federico/dev_ws/install/more_interfaces/share/ament_index/resource_index/package_run_dependencies/more_interfaces
[3.100s] -- Symlinking: /home/federico/dev_ws/install/more_interfaces/share/ament_index/resource_index/parent_prefix_path/more_interfaces
[3.112s] -- Symlinking: /home/federico/dev_ws/install/more_interfaces/share/more_interfaces/environment/ament_prefix_path.sh
[3.125s] -- Symlinking: /home/federico/dev_ws/install/more_interfaces/share/more_interfaces/environment/ament_prefix_path.dsv
[3.137s] -- Symlinking: /home/federico/dev_ws/install/more_interfaces/share/more_interfaces/environment/path.sh
[3.148s] -- Symlinking: /home/federico/dev_ws/install/more_interfaces/share/more_interfaces/environment/path.dsv
[3.158s] -- Symlinking: /home/federico/dev_ws/install/more_interfaces/share/more_interfaces/local_setup.bash
[3.169s] -- Symlinking: /home/federico/dev_ws/install/more_interfaces/share/more_interfaces/local_setup.sh
[3.181s] -- Symlinking: /home/federico/dev_ws/install/more_interfaces/share/more_interfaces/local_setup.zsh
[3.194s] -- Symlinking: /home/federico/dev_ws/install/more_interfaces/share/more_interfaces/local_setup.dsv
[3.203s] -- Symlinking: /home/federico/dev_ws/install/more_interfaces/share/more_interfaces/package.dsv
[3.214s] -- Symlinking: /home/federico/dev_ws/install/more_interfaces/share/ament_index/resource_index/packages/more_interfaces
[3.227s] -- Symlinking: /home/federico/dev_ws/install/more_interfaces/share/more_interfaces/cmake/rosidl_cmake-extras.cmake
[3.237s] -- Symlinking: /home/federico/dev_ws/install/more_interfaces/share/more_interfaces/cmake/ament_cmake_export_dependencies-extras.cmake
[3.248s] -- Symlinking: /home/federico/dev_ws/install/more_interfaces/share/more_interfaces/cmake/ament_cmake_export_libraries-extras.cmake
[3.263s] -- Symlinking: /home/federico/dev_ws/install/more_interfaces/share/more_interfaces/cmake/ament_cmake_export_targets-extras.cmake
[3.277s] -- Symlinking: /home/federico/dev_ws/install/more_interfaces/share/more_interfaces/cmake/ament_cmake_export_include_directories-extras.cmake
[3.289s] -- Symlinking: /home/federico/dev_ws/install/more_interfaces/share/more_interfaces/cmake/rosidl_cmake_export_typesupport_libraries-extras.cmake
[3.303s] -- Symlinking: /home/federico/dev_ws/install/more_interfaces/share/more_interfaces/cmake/rosidl_cmake_export_typesupport_targets-extras.cmake
[3.316s] -- Symlinking: /home/federico/dev_ws/install/more_interfaces/share/more_interfaces/cmake/more_interfacesConfig.cmake
[3.327s] -- Symlinking: /home/federico/dev_ws/install/more_interfaces/share/more_interfaces/cmake/more_interfacesConfig-version.cmake
[3.342s] -- Symlinking: /home/federico/dev_ws/install/more_interfaces/share/more_interfaces/package.xml
[3.354s] -- Up-to-date: /home/federico/dev_ws/install/more_interfaces/lib/libmore_interfaces__rosidl_generator_c.so
[3.355s] -- Up-to-date: /home/federico/dev_ws/install/more_interfaces/lib/libmore_interfaces__rosidl_typesupport_introspection_c.so
[3.355s] -- Up-to-date: /home/federico/dev_ws/install/more_interfaces/lib/libmore_interfaces__rosidl_typesupport_c.so
[3.356s] -- Up-to-date: /home/federico/dev_ws/install/more_interfaces/lib/libmore_interfaces__rosidl_typesupport_introspection_cpp.so
[3.357s] -- Up-to-date: /home/federico/dev_ws/install/more_interfaces/lib/libmore_interfaces__rosidl_typesupport_cpp.so
[3.396s] Compiling '/home/federico/dev_ws/install/more_interfaces/lib/python3.8/site-packages/more_interfaces/__init__.py'...
[3.408s] -- Up-to-date: /home/federico/dev_ws/install/more_interfaces/share/more_interfaces/cmake/more_interfaces__rosidl_generator_cExport.cmake
[3.408s] -- Installing: /home/federico/dev_ws/install/more_interfaces/share/more_interfaces/cmake/more_interfaces__rosidl_generator_cExport-noconfig.cmake
[3.409s] -- Up-to-date: /home/federico/dev_ws/install/more_interfaces/share/more_interfaces/cmake/more_interfaces__rosidl_typesupport_introspection_cExport.cmake
[3.409s] -- Installing: /home/federico/dev_ws/install/more_interfaces/share/more_interfaces/cmake/more_interfaces__rosidl_typesupport_introspection_cExport-noconfig.cmake
[3.410s] -- Up-to-date: /home/federico/dev_ws/install/more_interfaces/share/more_interfaces/cmake/more_interfaces__rosidl_typesupport_cExport.cmake
[3.410s] -- Installing: /home/federico/dev_ws/install/more_interfaces/share/more_interfaces/cmake/more_interfaces__rosidl_typesupport_cExport-noconfig.cmake
[3.411s] -- Up-to-date: /home/federico/dev_ws/install/more_interfaces/share/more_interfaces/cmake/more_interfaces__rosidl_generator_cppExport.cmake
[3.411s] -- Up-to-date: /home/federico/dev_ws/install/more_interfaces/share/more_interfaces/cmake/more_interfaces__rosidl_typesupport_introspection_cppExport.cmake
[3.411s] -- Installing: /home/federico/dev_ws/install/more_interfaces/share/more_interfaces/cmake/more_interfaces__rosidl_typesupport_introspection_cppExport-noconfig.cmake
[3.411s] -- Up-to-date: /home/federico/dev_ws/install/more_interfaces/share/more_interfaces/cmake/more_interfaces__rosidl_typesupport_cppExport.cmake
[3.411s] -- Installing: /home/federico/dev_ws/install/more_interfaces/share/more_interfaces/cmake/more_interfaces__rosidl_typesupport_cppExport-noconfig.cmake
[3.422s] Invoked command in '/home/federico/dev_ws/build/more_interfaces' returned '0': CMAKE_PREFIX_PATH=/opt/ros/galactic /usr/bin/cmake --install /home/federico/dev_ws/build/more_interfaces
