[3.169s] Invoking command in '/home/federico/dev_ws/build/python_parameters': PYTHONPATH=/home/federico/dev_ws/install/python_parameters/lib/python3.8/site-packages:${PYTHONPATH} /usr/bin/python3 setup.py develop --prefix /home/federico/dev_ws/install/python_parameters --uninstall --editable --build-directory /home/federico/dev_ws/build/python_parameters/build
[3.980s] running develop
[3.981s] /home/federico/.local/lib/python3.8/site-packages/setuptools/command/easy_install.py:144: EasyInstallDeprecationWarning: easy_install command is deprecated. Use build and pip and other standards-based tools.
[3.981s]   warnings.warn(
[4.105s] /home/federico/.local/lib/python3.8/site-packages/setuptools/command/install.py:34: SetuptoolsDeprecationWarning: setup.py install is deprecated. Use build and pip and other standards-based tools.
[4.105s]   warnings.warn(
[4.289s] /home/federico/.local/lib/python3.8/site-packages/pkg_resources/__init__.py:123: PkgResourcesDeprecationWarning: 0.1.36ubuntu1 is an invalid version and will not be supported in a future release
[4.290s]   warnings.warn(
[4.290s] /home/federico/.local/lib/python3.8/site-packages/pkg_resources/__init__.py:123: PkgResourcesDeprecationWarning: 0.23ubuntu1 is an invalid version and will not be supported in a future release
[4.290s]   warnings.warn(
[4.416s] Invoked command in '/home/federico/dev_ws/build/python_parameters' returned '0': PYTHONPATH=/home/federico/dev_ws/install/python_parameters/lib/python3.8/site-packages:${PYTHONPATH} /usr/bin/python3 setup.py develop --prefix /home/federico/dev_ws/install/python_parameters --uninstall --editable --build-directory /home/federico/dev_ws/build/python_parameters/build
[4.419s] Invoking command in '/home/federico/dev_ws/src/python_parameters': PYTHONPATH=/home/federico/dev_ws/install/python_parameters/lib/python3.8/site-packages:${PYTHONPATH} /usr/bin/python3 setup.py egg_info --egg-base ../../build/python_parameters build --build-base /home/federico/dev_ws/build/python_parameters/build install --prefix /home/federico/dev_ws/install/python_parameters --record /home/federico/dev_ws/build/python_parameters/install.log --single-version-externally-managed
[5.181s] running egg_info
[5.237s] writing ../../build/python_parameters/python_parameters.egg-info/PKG-INFO
[5.282s] writing dependency_links to ../../build/python_parameters/python_parameters.egg-info/dependency_links.txt
[5.421s] writing entry points to ../../build/python_parameters/python_parameters.egg-info/entry_points.txt
[5.516s] writing requirements to ../../build/python_parameters/python_parameters.egg-info/requires.txt
[5.562s] writing top-level names to ../../build/python_parameters/python_parameters.egg-info/top_level.txt
[5.648s] reading manifest file '../../build/python_parameters/python_parameters.egg-info/SOURCES.txt'
[5.648s] writing manifest file '../../build/python_parameters/python_parameters.egg-info/SOURCES.txt'
[5.649s] running build
[5.649s] running build_py
[5.649s] running install
[5.650s] /home/federico/.local/lib/python3.8/site-packages/setuptools/command/install.py:34: SetuptoolsDeprecationWarning: setup.py install is deprecated. Use build and pip and other standards-based tools.
[5.650s]   warnings.warn(
[5.654s] running install_lib
[5.714s] running install_data
[5.726s] running install_egg_info
[5.789s] removing '/home/federico/dev_ws/install/python_parameters/lib/python3.8/site-packages/python_parameters-0.0.0-py3.8.egg-info' (and everything under it)
[5.789s] Copying ../../build/python_parameters/python_parameters.egg-info to /home/federico/dev_ws/install/python_parameters/lib/python3.8/site-packages/python_parameters-0.0.0-py3.8.egg-info
[5.790s] running install_scripts
[5.912s] Installing param_talker script to /home/federico/dev_ws/install/python_parameters/lib/python_parameters
[5.912s] writing list of installed files to '/home/federico/dev_ws/build/python_parameters/install.log'
[5.978s] Invoked command in '/home/federico/dev_ws/src/python_parameters' returned '0': PYTHONPATH=/home/federico/dev_ws/install/python_parameters/lib/python3.8/site-packages:${PYTHONPATH} /usr/bin/python3 setup.py egg_info --egg-base ../../build/python_parameters build --build-base /home/federico/dev_ws/build/python_parameters/build install --prefix /home/federico/dev_ws/install/python_parameters --record /home/federico/dev_ws/build/python_parameters/install.log --single-version-externally-managed
