running develop
/home/federico/.local/lib/python3.8/site-packages/setuptools/command/easy_install.py:144: EasyInstallDeprecationWarning: easy_install command is deprecated. Use build and pip and other standards-based tools.
  warnings.warn(
/home/federico/.local/lib/python3.8/site-packages/setuptools/command/install.py:34: SetuptoolsDeprecationWarning: setup.py install is deprecated. Use build and pip and other standards-based tools.
  warnings.warn(
/home/federico/.local/lib/python3.8/site-packages/pkg_resources/__init__.py:123: PkgResourcesDeprecationWarning: 0.1.36ubuntu1 is an invalid version and will not be supported in a future release
  warnings.warn(
/home/federico/.local/lib/python3.8/site-packages/pkg_resources/__init__.py:123: PkgResourcesDeprecationWarning: 0.23ubuntu1 is an invalid version and will not be supported in a future release
  warnings.warn(
running egg_info
writing python_parameters.egg-info/PKG-INFO
writing dependency_links to python_parameters.egg-info/dependency_links.txt
writing entry points to python_parameters.egg-info/entry_points.txt
writing requirements to python_parameters.egg-info/requires.txt
writing top-level names to python_parameters.egg-info/top_level.txt
reading manifest file 'python_parameters.egg-info/SOURCES.txt'
writing manifest file 'python_parameters.egg-info/SOURCES.txt'
running build_ext
Creating /home/federico/dev_ws/install/python_parameters/lib/python3.8/site-packages/python-parameters.egg-link (link to .)
Installing param_talker script to /home/federico/dev_ws/install/python_parameters/lib/python_parameters

Installed /home/federico/dev_ws/build/python_parameters
running install_data
