[4.471s] Invoking command in '/home/federico/dev_ws/build/my_package': PYTHONPATH=/home/federico/dev_ws/install/my_package/lib/python3.8/site-packages:${PYTHONPATH} /usr/bin/python3 setup.py develop --prefix /home/federico/dev_ws/install/my_package --uninstall --editable --build-directory /home/federico/dev_ws/build/my_package/build
[6.412s] running develop
[6.413s] /home/federico/.local/lib/python3.8/site-packages/setuptools/command/easy_install.py:144: EasyInstallDeprecationWarning: easy_install command is deprecated. Use build and pip and other standards-based tools.
[6.413s]   warnings.warn(
[6.682s] /home/federico/.local/lib/python3.8/site-packages/setuptools/command/install.py:34: SetuptoolsDeprecationWarning: setup.py install is deprecated. Use build and pip and other standards-based tools.
[6.682s]   warnings.warn(
[7.191s] /home/federico/.local/lib/python3.8/site-packages/pkg_resources/__init__.py:123: PkgResourcesDeprecationWarning: 0.1.36ubuntu1 is an invalid version and will not be supported in a future release
[7.192s]   warnings.warn(
[7.192s] /home/federico/.local/lib/python3.8/site-packages/pkg_resources/__init__.py:123: PkgResourcesDeprecationWarning: 0.23ubuntu1 is an invalid version and will not be supported in a future release
[7.192s]   warnings.warn(
[7.552s] Invoked command in '/home/federico/dev_ws/build/my_package' returned '0': PYTHONPATH=/home/federico/dev_ws/install/my_package/lib/python3.8/site-packages:${PYTHONPATH} /usr/bin/python3 setup.py develop --prefix /home/federico/dev_ws/install/my_package --uninstall --editable --build-directory /home/federico/dev_ws/build/my_package/build
[7.556s] Invoking command in '/home/federico/dev_ws/src/my_package': PYTHONPATH=/home/federico/dev_ws/install/my_package/lib/python3.8/site-packages:${PYTHONPATH} /usr/bin/python3 setup.py egg_info --egg-base ../../build/my_package build --build-base /home/federico/dev_ws/build/my_package/build install --prefix /home/federico/dev_ws/install/my_package --record /home/federico/dev_ws/build/my_package/install.log --single-version-externally-managed
[9.592s] running egg_info
[9.734s] writing ../../build/my_package/my_package.egg-info/PKG-INFO
[9.811s] writing dependency_links to ../../build/my_package/my_package.egg-info/dependency_links.txt
[10.042s] writing entry points to ../../build/my_package/my_package.egg-info/entry_points.txt
[10.197s] writing requirements to ../../build/my_package/my_package.egg-info/requires.txt
[10.274s] writing top-level names to ../../build/my_package/my_package.egg-info/top_level.txt
[10.473s] reading manifest file '../../build/my_package/my_package.egg-info/SOURCES.txt'
[10.475s] writing manifest file '../../build/my_package/my_package.egg-info/SOURCES.txt'
[10.475s] running build
[10.475s] running build_py
[10.475s] running install
[10.475s] /home/federico/.local/lib/python3.8/site-packages/setuptools/command/install.py:34: SetuptoolsDeprecationWarning: setup.py install is deprecated. Use build and pip and other standards-based tools.
[10.476s]   warnings.warn(
[10.487s] running install_lib
[10.621s] running install_data
[10.672s] running install_egg_info
[10.806s] removing '/home/federico/dev_ws/install/my_package/lib/python3.8/site-packages/my_package-0.0.0-py3.8.egg-info' (and everything under it)
[10.807s] Copying ../../build/my_package/my_package.egg-info to /home/federico/dev_ws/install/my_package/lib/python3.8/site-packages/my_package-0.0.0-py3.8.egg-info
[10.808s] running install_scripts
[11.157s] Installing reading_laser script to /home/federico/dev_ws/install/my_package/lib/my_package
[11.157s] writing list of installed files to '/home/federico/dev_ws/build/my_package/install.log'
[11.203s] Invoked command in '/home/federico/dev_ws/src/my_package' returned '0': PYTHONPATH=/home/federico/dev_ws/install/my_package/lib/python3.8/site-packages:${PYTHONPATH} /usr/bin/python3 setup.py egg_info --egg-base ../../build/my_package build --build-base /home/federico/dev_ws/build/my_package/build install --prefix /home/federico/dev_ws/install/my_package --record /home/federico/dev_ws/build/my_package/install.log --single-version-externally-managed
