[0.019s] Invoking command in '/home/federico/dev_ws/build/tutorial_interfaces': CMAKE_PREFIX_PATH=${CMAKE_PREFIX_PATH}:/home/federico/dev_ws/install/py_srvcli:/home/federico/dev_ws/install/py_pubsub:/home/federico/dev_ws/install/my_package:/opt/ros/galactic /usr/bin/cmake /home/federico/dev_ws/src/tutorial_interfaces -DCMAKE_INSTALL_PREFIX=/home/federico/dev_ws/install/tutorial_interfaces
[0.535s] -- The C compiler identification is GNU 9.4.0
[0.835s] -- The CXX compiler identification is GNU 9.4.0
[0.859s] -- Check for working C compiler: /usr/bin/cc
[0.974s] -- Check for working C compiler: /usr/bin/cc -- works
[0.978s] -- Detecting C compiler ABI info
[1.089s] -- Detecting C compiler ABI info - done
[1.117s] -- Detecting C compile features
[1.118s] -- Detecting C compile features - done
[1.124s] -- Check for working CXX compiler: /usr/bin/c++
[1.236s] -- Check for working CXX compiler: /usr/bin/c++ -- works
[1.237s] -- Detecting CXX compiler ABI info
[1.361s] -- Detecting CXX compiler ABI info - done
[1.380s] -- Detecting CXX compile features
[1.380s] -- Detecting CXX compile features - done
[1.391s] -- Found ament_cmake: 1.1.5 (/opt/ros/galactic/share/ament_cmake/cmake)
[1.447s] -- Found PythonInterp: /usr/bin/python3 (found suitable version "3.8.10", minimum required is "3") 
[1.448s] -- Using PYTHON_EXECUTABLE: /usr/bin/python3
[1.623s] -- Found rosidl_default_generators: 1.1.1 (/opt/ros/galactic/share/rosidl_default_generators/cmake)
[1.637s] -- Using all available rosidl_typesupport_c: rosidl_typesupport_fastrtps_c;rosidl_typesupport_introspection_c
[1.672s] -- Found rosidl_adapter: 2.2.1 (/opt/ros/galactic/share/rosidl_adapter/cmake)
[1.916s] -- Found OpenSSL: /usr/lib/x86_64-linux-gnu/libcrypto.so (found version "1.1.1f")  
[1.961s] -- Found FastRTPS: /opt/ros/galactic/include  
[2.120s] -- Using all available rosidl_typesupport_cpp: rosidl_typesupport_fastrtps_cpp;rosidl_typesupport_introspection_cpp
[2.210s] -- Found PythonInterp: /usr/bin/python3 (found version "3.8.10") 
[2.415s] -- Found ament_cmake_ros: 0.9.2 (/opt/ros/galactic/share/ament_cmake_ros/cmake)
[2.611s] -- Using all available rosidl_typesupport_c: rosidl_typesupport_fastrtps_c;rosidl_typesupport_introspection_c
[2.626s] -- Using all available rosidl_typesupport_cpp: rosidl_typesupport_fastrtps_cpp;rosidl_typesupport_introspection_cpp
[2.663s] -- Found PythonInterp: /usr/bin/python3 (found suitable version "3.8.10", minimum required is "3.5") 
[2.682s] -- Found python_cmake_module: 0.8.1 (/opt/ros/galactic/share/python_cmake_module/cmake)
[2.891s] -- Found PythonLibs: /usr/lib/x86_64-linux-gnu/libpython3.8.so (found suitable version "3.8.10", minimum required is "3.5") 
[2.891s] -- Using PYTHON_EXECUTABLE: /usr/bin/python3
[2.891s] -- Using PYTHON_INCLUDE_DIRS: /usr/include/python3.8
[2.891s] -- Using PYTHON_LIBRARIES: /usr/lib/x86_64-linux-gnu/libpython3.8.so
[2.925s] -- Found PythonExtra: .so  
[3.358s] -- Found ament_lint_auto: 0.10.6 (/opt/ros/galactic/share/ament_lint_auto/cmake)
[3.455s] -- Added test 'copyright' to check source files copyright and LICENSE
[3.464s] -- Added test 'lint_cmake' to check CMake code style
[3.468s] -- Added test 'xmllint' to check XML markup files
[3.477s] -- Configuring done
[3.532s] -- Generating done
[3.536s] -- Build files have been written to: /home/federico/dev_ws/build/tutorial_interfaces
[3.543s] Invoked command in '/home/federico/dev_ws/build/tutorial_interfaces' returned '0': CMAKE_PREFIX_PATH=${CMAKE_PREFIX_PATH}:/home/federico/dev_ws/install/py_srvcli:/home/federico/dev_ws/install/py_pubsub:/home/federico/dev_ws/install/my_package:/opt/ros/galactic /usr/bin/cmake /home/federico/dev_ws/src/tutorial_interfaces -DCMAKE_INSTALL_PREFIX=/home/federico/dev_ws/install/tutorial_interfaces
[3.548s] Invoking command in '/home/federico/dev_ws/build/tutorial_interfaces': CMAKE_PREFIX_PATH=${CMAKE_PREFIX_PATH}:/home/federico/dev_ws/install/py_srvcli:/home/federico/dev_ws/install/py_pubsub:/home/federico/dev_ws/install/my_package:/opt/ros/galactic /usr/bin/cmake --build /home/federico/dev_ws/build/tutorial_interfaces -- -j12 -l12
[3.605s] [  2%] [34m[1mGenerating C code for ROS interfaces[0m
[3.605s] [35m[1mScanning dependencies of target tutorial_interfaces__cpp[0m
[3.621s] [  5%] [34m[1mGenerating C++ code for ROS interfaces[0m
[4.076s] [35m[1mScanning dependencies of target tutorial_interfaces__rosidl_generator_c[0m
[4.099s] [ 10%] [32mBuilding C object CMakeFiles/tutorial_interfaces__rosidl_generator_c.dir/rosidl_generator_c/tutorial_interfaces/srv/detail/add_three_ints__functions.c.o[0m
[4.099s] [ 10%] [32mBuilding C object CMakeFiles/tutorial_interfaces__rosidl_generator_c.dir/rosidl_generator_c/tutorial_interfaces/msg/detail/num__functions.c.o[0m
[4.117s] [ 10%] Built target tutorial_interfaces__cpp
[4.133s] [ 15%] [34m[1mGenerating C++ type support dispatch for ROS interfaces[0m
[4.133s] [ 15%] [34m[1mGenerating C++ type support for eProsima Fast-RTPS[0m
[4.140s] [ 17%] [34m[1mGenerating C++ introspection for ROS interfaces[0m
[4.199s] [ 20%] [32m[1mLinking C shared library libtutorial_interfaces__rosidl_generator_c.so[0m
[4.253s] [ 20%] Built target tutorial_interfaces__rosidl_generator_c
[4.270s] [ 23%] [34m[1mGenerating C introspection for ROS interfaces[0m
[4.271s] [ 25%] [34m[1mGenerating C type support dispatch for ROS interfaces[0m
[4.491s] [35m[1mScanning dependencies of target tutorial_interfaces__rosidl_typesupport_cpp[0m
[4.509s] [ 28%] [32mBuilding CXX object CMakeFiles/tutorial_interfaces__rosidl_typesupport_cpp.dir/rosidl_typesupport_cpp/tutorial_interfaces/msg/num__type_support.cpp.o[0m
[4.510s] [ 30%] [32mBuilding CXX object CMakeFiles/tutorial_interfaces__rosidl_typesupport_cpp.dir/rosidl_typesupport_cpp/tutorial_interfaces/srv/add_three_ints__type_support.cpp.o[0m
[4.589s] [35m[1mScanning dependencies of target tutorial_interfaces__rosidl_typesupport_fastrtps_cpp[0m
[4.619s] [ 33%] [32mBuilding CXX object CMakeFiles/tutorial_interfaces__rosidl_typesupport_fastrtps_cpp.dir/rosidl_typesupport_fastrtps_cpp/tutorial_interfaces/srv/detail/dds_fastrtps/add_three_ints__type_support.cpp.o[0m
[4.621s] [ 35%] [32mBuilding CXX object CMakeFiles/tutorial_interfaces__rosidl_typesupport_fastrtps_cpp.dir/rosidl_typesupport_fastrtps_cpp/tutorial_interfaces/msg/detail/dds_fastrtps/num__type_support.cpp.o[0m
[4.647s] [35m[1mScanning dependencies of target tutorial_interfaces__rosidl_typesupport_introspection_cpp[0m
[4.676s] [ 38%] [32mBuilding CXX object CMakeFiles/tutorial_interfaces__rosidl_typesupport_introspection_cpp.dir/rosidl_typesupport_introspection_cpp/tutorial_interfaces/msg/detail/num__type_support.cpp.o[0m
[4.677s] [ 41%] [32mBuilding CXX object CMakeFiles/tutorial_interfaces__rosidl_typesupport_introspection_cpp.dir/rosidl_typesupport_introspection_cpp/tutorial_interfaces/srv/detail/add_three_ints__type_support.cpp.o[0m
[4.696s] [35m[1mScanning dependencies of target tutorial_interfaces__rosidl_typesupport_introspection_c[0m
[4.723s] [ 43%] [32mBuilding C object CMakeFiles/tutorial_interfaces__rosidl_typesupport_introspection_c.dir/rosidl_typesupport_introspection_c/tutorial_interfaces/msg/detail/num__type_support.c.o[0m
[4.728s] [ 46%] [32mBuilding C object CMakeFiles/tutorial_interfaces__rosidl_typesupport_introspection_c.dir/rosidl_typesupport_introspection_c/tutorial_interfaces/srv/detail/add_three_ints__type_support.c.o[0m
[4.848s] [35m[1mScanning dependencies of target tutorial_interfaces__rosidl_typesupport_c[0m
[4.863s] [ 48%] [32m[1mLinking C shared library libtutorial_interfaces__rosidl_typesupport_introspection_c.so[0m
[4.884s] [ 51%] [32mBuilding CXX object CMakeFiles/tutorial_interfaces__rosidl_typesupport_c.dir/rosidl_typesupport_c/tutorial_interfaces/srv/add_three_ints__type_support.cpp.o[0m
[4.899s] [ 53%] [32mBuilding CXX object CMakeFiles/tutorial_interfaces__rosidl_typesupport_c.dir/rosidl_typesupport_c/tutorial_interfaces/msg/num__type_support.cpp.o[0m
[4.961s] [ 53%] Built target tutorial_interfaces__rosidl_typesupport_introspection_c
[4.983s] [ 56%] [32m[1mLinking CXX shared library libtutorial_interfaces__rosidl_typesupport_c.so[0m
[5.079s] [ 56%] Built target tutorial_interfaces__rosidl_typesupport_c
[5.117s] [ 58%] [32m[1mLinking CXX shared library libtutorial_interfaces__rosidl_typesupport_cpp.so[0m
[5.178s] [ 58%] Built target tutorial_interfaces__rosidl_typesupport_cpp
[5.375s] [ 61%] [32m[1mLinking CXX shared library libtutorial_interfaces__rosidl_typesupport_introspection_cpp.so[0m
[5.442s] [ 61%] Built target tutorial_interfaces__rosidl_typesupport_introspection_cpp
[5.516s] [ 64%] [32m[1mLinking CXX shared library libtutorial_interfaces__rosidl_typesupport_fastrtps_cpp.so[0m
[5.715s] [ 64%] Built target tutorial_interfaces__rosidl_typesupport_fastrtps_cpp
[5.729s] [ 66%] [34m[1mGenerating C type support for eProsima Fast-RTPS[0m
[6.117s] [35m[1mScanning dependencies of target tutorial_interfaces__rosidl_typesupport_fastrtps_c[0m
[6.141s] [ 69%] [32mBuilding CXX object CMakeFiles/tutorial_interfaces__rosidl_typesupport_fastrtps_c.dir/rosidl_typesupport_fastrtps_c/tutorial_interfaces/msg/detail/num__type_support_c.cpp.o[0m
[6.142s] [ 71%] [32mBuilding CXX object CMakeFiles/tutorial_interfaces__rosidl_typesupport_fastrtps_c.dir/rosidl_typesupport_fastrtps_c/tutorial_interfaces/srv/detail/add_three_ints__type_support_c.cpp.o[0m
[6.671s] [ 74%] [32m[1mLinking CXX shared library libtutorial_interfaces__rosidl_typesupport_fastrtps_c.so[0m
[6.793s] [ 74%] Built target tutorial_interfaces__rosidl_typesupport_fastrtps_c
[6.807s] [35m[1mScanning dependencies of target tutorial_interfaces[0m
[6.822s] [ 74%] Built target tutorial_interfaces
[6.836s] [35m[1mScanning dependencies of target tutorial_interfaces__py[0m
[6.851s] [ 76%] [34m[1mGenerating Python code for ROS interfaces[0m
[7.613s] [ 76%] Built target tutorial_interfaces__py
[7.627s] [35m[1mScanning dependencies of target tutorial_interfaces__python[0m
[7.656s] [ 82%] [32mBuilding C object CMakeFiles/tutorial_interfaces__python.dir/rosidl_generator_py/tutorial_interfaces/msg/_num_s.c.o[0m
[7.657s] [ 82%] [32mBuilding C object CMakeFiles/tutorial_interfaces__python.dir/rosidl_generator_py/tutorial_interfaces/srv/_add_three_ints_s.c.o[0m
[7.794s] [ 84%] [32m[1mLinking C shared library rosidl_generator_py/tutorial_interfaces/libtutorial_interfaces__python.so[0m
[7.849s] [ 84%] Built target tutorial_interfaces__python
[7.864s] [35m[1mScanning dependencies of target tutorial_interfaces__rosidl_typesupport_c__pyext[0m
[7.864s] [35m[1mScanning dependencies of target tutorial_interfaces__rosidl_typesupport_introspection_c__pyext[0m
[7.864s] [35m[1mScanning dependencies of target tutorial_interfaces__rosidl_typesupport_fastrtps_c__pyext[0m
[7.889s] [ 87%] [32mBuilding C object CMakeFiles/tutorial_interfaces__rosidl_typesupport_c__pyext.dir/rosidl_generator_py/tutorial_interfaces/_tutorial_interfaces_s.ep.rosidl_typesupport_c.c.o[0m
[7.890s] [ 89%] [32mBuilding C object CMakeFiles/tutorial_interfaces__rosidl_typesupport_fastrtps_c__pyext.dir/rosidl_generator_py/tutorial_interfaces/_tutorial_interfaces_s.ep.rosidl_typesupport_fastrtps_c.c.o[0m
[7.892s] [ 92%] [32mBuilding C object CMakeFiles/tutorial_interfaces__rosidl_typesupport_introspection_c__pyext.dir/rosidl_generator_py/tutorial_interfaces/_tutorial_interfaces_s.ep.rosidl_typesupport_introspection_c.c.o[0m
[8.016s] [ 97%] [32m[1mLinking C shared library rosidl_generator_py/tutorial_interfaces/tutorial_interfaces_s__rosidl_typesupport_introspection_c.cpython-38-x86_64-linux-gnu.so[0m
[8.016s] [ 97%] [32m[1mLinking C shared library rosidl_generator_py/tutorial_interfaces/tutorial_interfaces_s__rosidl_typesupport_c.cpython-38-x86_64-linux-gnu.so[0m
[8.016s] [100%] [32m[1mLinking CXX shared library rosidl_generator_py/tutorial_interfaces/tutorial_interfaces_s__rosidl_typesupport_fastrtps_c.cpython-38-x86_64-linux-gnu.so[0m
[8.074s] [100%] Built target tutorial_interfaces__rosidl_typesupport_c__pyext
[8.074s] [100%] Built target tutorial_interfaces__rosidl_typesupport_introspection_c__pyext
[8.111s] [100%] Built target tutorial_interfaces__rosidl_typesupport_fastrtps_c__pyext
[8.127s] Invoked command in '/home/federico/dev_ws/build/tutorial_interfaces' returned '0': CMAKE_PREFIX_PATH=${CMAKE_PREFIX_PATH}:/home/federico/dev_ws/install/py_srvcli:/home/federico/dev_ws/install/py_pubsub:/home/federico/dev_ws/install/my_package:/opt/ros/galactic /usr/bin/cmake --build /home/federico/dev_ws/build/tutorial_interfaces -- -j12 -l12
[8.228s] Invoking command in '/home/federico/dev_ws/build/tutorial_interfaces': CMAKE_PREFIX_PATH=${CMAKE_PREFIX_PATH}:/home/federico/dev_ws/install/py_srvcli:/home/federico/dev_ws/install/py_pubsub:/home/federico/dev_ws/install/my_package:/opt/ros/galactic /usr/bin/cmake --install /home/federico/dev_ws/build/tutorial_interfaces
[8.240s] -- Install configuration: ""
[8.241s] -- Installing: /home/federico/dev_ws/install/tutorial_interfaces/share/ament_index/resource_index/rosidl_interfaces/tutorial_interfaces
[8.241s] -- Installing: /home/federico/dev_ws/install/tutorial_interfaces/include/tutorial_interfaces
[8.241s] -- Installing: /home/federico/dev_ws/install/tutorial_interfaces/include/tutorial_interfaces/msg
[8.242s] -- Installing: /home/federico/dev_ws/install/tutorial_interfaces/include/tutorial_interfaces/msg/num.h
[8.242s] -- Installing: /home/federico/dev_ws/install/tutorial_interfaces/include/tutorial_interfaces/msg/rosidl_generator_c__visibility_control.h
[8.242s] -- Installing: /home/federico/dev_ws/install/tutorial_interfaces/include/tutorial_interfaces/msg/detail
[8.242s] -- Installing: /home/federico/dev_ws/install/tutorial_interfaces/include/tutorial_interfaces/msg/detail/num__functions.h
[8.243s] -- Installing: /home/federico/dev_ws/install/tutorial_interfaces/include/tutorial_interfaces/msg/detail/num__functions.c
[8.243s] -- Installing: /home/federico/dev_ws/install/tutorial_interfaces/include/tutorial_interfaces/msg/detail/num__type_support.h
[8.243s] -- Installing: /home/federico/dev_ws/install/tutorial_interfaces/include/tutorial_interfaces/msg/detail/num__struct.h
[8.243s] -- Installing: /home/federico/dev_ws/install/tutorial_interfaces/include/tutorial_interfaces/srv
[8.244s] -- Installing: /home/federico/dev_ws/install/tutorial_interfaces/include/tutorial_interfaces/srv/add_three_ints.h
[8.244s] -- Installing: /home/federico/dev_ws/install/tutorial_interfaces/include/tutorial_interfaces/srv/detail
[8.244s] -- Installing: /home/federico/dev_ws/install/tutorial_interfaces/include/tutorial_interfaces/srv/detail/add_three_ints__struct.h
[8.244s] -- Installing: /home/federico/dev_ws/install/tutorial_interfaces/include/tutorial_interfaces/srv/detail/add_three_ints__type_support.h
[8.244s] -- Installing: /home/federico/dev_ws/install/tutorial_interfaces/include/tutorial_interfaces/srv/detail/add_three_ints__functions.c
[8.245s] -- Installing: /home/federico/dev_ws/install/tutorial_interfaces/include/tutorial_interfaces/srv/detail/add_three_ints__functions.h
[8.245s] -- Installing: /home/federico/dev_ws/install/tutorial_interfaces/share/tutorial_interfaces/environment/library_path.sh
[8.245s] -- Installing: /home/federico/dev_ws/install/tutorial_interfaces/share/tutorial_interfaces/environment/library_path.dsv
[8.245s] -- Installing: /home/federico/dev_ws/install/tutorial_interfaces/lib/libtutorial_interfaces__rosidl_generator_c.so
[8.246s] -- Set runtime path of "/home/federico/dev_ws/install/tutorial_interfaces/lib/libtutorial_interfaces__rosidl_generator_c.so" to ""
[8.246s] -- Up-to-date: /home/federico/dev_ws/install/tutorial_interfaces/include/tutorial_interfaces
[8.246s] -- Up-to-date: /home/federico/dev_ws/install/tutorial_interfaces/include/tutorial_interfaces/msg
[8.247s] -- Up-to-date: /home/federico/dev_ws/install/tutorial_interfaces/include/tutorial_interfaces/msg/detail
[8.247s] -- Installing: /home/federico/dev_ws/install/tutorial_interfaces/include/tutorial_interfaces/msg/detail/num__rosidl_typesupport_fastrtps_c.h
[8.247s] -- Installing: /home/federico/dev_ws/install/tutorial_interfaces/include/tutorial_interfaces/msg/rosidl_typesupport_fastrtps_c__visibility_control.h
[8.247s] -- Up-to-date: /home/federico/dev_ws/install/tutorial_interfaces/include/tutorial_interfaces/srv
[8.247s] -- Up-to-date: /home/federico/dev_ws/install/tutorial_interfaces/include/tutorial_interfaces/srv/detail
[8.248s] -- Installing: /home/federico/dev_ws/install/tutorial_interfaces/include/tutorial_interfaces/srv/detail/add_three_ints__rosidl_typesupport_fastrtps_c.h
[8.248s] -- Installing: /home/federico/dev_ws/install/tutorial_interfaces/lib/libtutorial_interfaces__rosidl_typesupport_fastrtps_c.so
[8.248s] -- Set runtime path of "/home/federico/dev_ws/install/tutorial_interfaces/lib/libtutorial_interfaces__rosidl_typesupport_fastrtps_c.so" to ""
[8.248s] -- Up-to-date: /home/federico/dev_ws/install/tutorial_interfaces/include/tutorial_interfaces
[8.249s] -- Up-to-date: /home/federico/dev_ws/install/tutorial_interfaces/include/tutorial_interfaces/msg
[8.249s] -- Installing: /home/federico/dev_ws/install/tutorial_interfaces/include/tutorial_interfaces/msg/rosidl_typesupport_fastrtps_cpp__visibility_control.h
[8.249s] -- Up-to-date: /home/federico/dev_ws/install/tutorial_interfaces/include/tutorial_interfaces/msg/detail
[8.249s] -- Installing: /home/federico/dev_ws/install/tutorial_interfaces/include/tutorial_interfaces/msg/detail/num__rosidl_typesupport_fastrtps_cpp.hpp
[8.250s] -- Installing: /home/federico/dev_ws/install/tutorial_interfaces/include/tutorial_interfaces/msg/detail/dds_fastrtps
[8.250s] -- Up-to-date: /home/federico/dev_ws/install/tutorial_interfaces/include/tutorial_interfaces/srv
[8.250s] -- Up-to-date: /home/federico/dev_ws/install/tutorial_interfaces/include/tutorial_interfaces/srv/detail
[8.250s] -- Installing: /home/federico/dev_ws/install/tutorial_interfaces/include/tutorial_interfaces/srv/detail/add_three_ints__rosidl_typesupport_fastrtps_cpp.hpp
[8.250s] -- Installing: /home/federico/dev_ws/install/tutorial_interfaces/include/tutorial_interfaces/srv/detail/dds_fastrtps
[8.251s] -- Installing: /home/federico/dev_ws/install/tutorial_interfaces/lib/libtutorial_interfaces__rosidl_typesupport_fastrtps_cpp.so
[8.251s] -- Set runtime path of "/home/federico/dev_ws/install/tutorial_interfaces/lib/libtutorial_interfaces__rosidl_typesupport_fastrtps_cpp.so" to ""
[8.251s] -- Up-to-date: /home/federico/dev_ws/install/tutorial_interfaces/include/tutorial_interfaces
[8.251s] -- Up-to-date: /home/federico/dev_ws/install/tutorial_interfaces/include/tutorial_interfaces/msg
[8.252s] -- Installing: /home/federico/dev_ws/install/tutorial_interfaces/include/tutorial_interfaces/msg/rosidl_typesupport_introspection_c__visibility_control.h
[8.252s] -- Up-to-date: /home/federico/dev_ws/install/tutorial_interfaces/include/tutorial_interfaces/msg/detail
[8.252s] -- Installing: /home/federico/dev_ws/install/tutorial_interfaces/include/tutorial_interfaces/msg/detail/num__type_support.c
[8.252s] -- Installing: /home/federico/dev_ws/install/tutorial_interfaces/include/tutorial_interfaces/msg/detail/num__rosidl_typesupport_introspection_c.h
[8.252s] -- Up-to-date: /home/federico/dev_ws/install/tutorial_interfaces/include/tutorial_interfaces/srv
[8.253s] -- Up-to-date: /home/federico/dev_ws/install/tutorial_interfaces/include/tutorial_interfaces/srv/detail
[8.253s] -- Installing: /home/federico/dev_ws/install/tutorial_interfaces/include/tutorial_interfaces/srv/detail/add_three_ints__type_support.c
[8.253s] -- Installing: /home/federico/dev_ws/install/tutorial_interfaces/include/tutorial_interfaces/srv/detail/add_three_ints__rosidl_typesupport_introspection_c.h
[8.253s] -- Installing: /home/federico/dev_ws/install/tutorial_interfaces/lib/libtutorial_interfaces__rosidl_typesupport_introspection_c.so
[8.254s] -- Set runtime path of "/home/federico/dev_ws/install/tutorial_interfaces/lib/libtutorial_interfaces__rosidl_typesupport_introspection_c.so" to ""
[8.254s] -- Installing: /home/federico/dev_ws/install/tutorial_interfaces/lib/libtutorial_interfaces__rosidl_typesupport_c.so
[8.254s] -- Set runtime path of "/home/federico/dev_ws/install/tutorial_interfaces/lib/libtutorial_interfaces__rosidl_typesupport_c.so" to ""
[8.254s] -- Up-to-date: /home/federico/dev_ws/install/tutorial_interfaces/include/tutorial_interfaces
[8.255s] -- Up-to-date: /home/federico/dev_ws/install/tutorial_interfaces/include/tutorial_interfaces/msg
[8.255s] -- Installing: /home/federico/dev_ws/install/tutorial_interfaces/include/tutorial_interfaces/msg/num.hpp
[8.255s] -- Up-to-date: /home/federico/dev_ws/install/tutorial_interfaces/include/tutorial_interfaces/msg/detail
[8.256s] -- Installing: /home/federico/dev_ws/install/tutorial_interfaces/include/tutorial_interfaces/msg/detail/num__struct.hpp
[8.256s] -- Installing: /home/federico/dev_ws/install/tutorial_interfaces/include/tutorial_interfaces/msg/detail/num__builder.hpp
[8.256s] -- Installing: /home/federico/dev_ws/install/tutorial_interfaces/include/tutorial_interfaces/msg/detail/num__traits.hpp
[8.256s] -- Up-to-date: /home/federico/dev_ws/install/tutorial_interfaces/include/tutorial_interfaces/srv
[8.257s] -- Up-to-date: /home/federico/dev_ws/install/tutorial_interfaces/include/tutorial_interfaces/srv/detail
[8.257s] -- Installing: /home/federico/dev_ws/install/tutorial_interfaces/include/tutorial_interfaces/srv/detail/add_three_ints__traits.hpp
[8.257s] -- Installing: /home/federico/dev_ws/install/tutorial_interfaces/include/tutorial_interfaces/srv/detail/add_three_ints__builder.hpp
[8.257s] -- Installing: /home/federico/dev_ws/install/tutorial_interfaces/include/tutorial_interfaces/srv/detail/add_three_ints__struct.hpp
[8.258s] -- Installing: /home/federico/dev_ws/install/tutorial_interfaces/include/tutorial_interfaces/srv/add_three_ints.hpp
[8.258s] -- Up-to-date: /home/federico/dev_ws/install/tutorial_interfaces/include/tutorial_interfaces
[8.258s] -- Up-to-date: /home/federico/dev_ws/install/tutorial_interfaces/include/tutorial_interfaces/msg
[8.258s] -- Up-to-date: /home/federico/dev_ws/install/tutorial_interfaces/include/tutorial_interfaces/msg/detail
[8.258s] -- Installing: /home/federico/dev_ws/install/tutorial_interfaces/include/tutorial_interfaces/msg/detail/num__rosidl_typesupport_introspection_cpp.hpp
[8.259s] -- Installing: /home/federico/dev_ws/install/tutorial_interfaces/include/tutorial_interfaces/msg/detail/num__type_support.cpp
[8.259s] -- Up-to-date: /home/federico/dev_ws/install/tutorial_interfaces/include/tutorial_interfaces/srv
[8.259s] -- Up-to-date: /home/federico/dev_ws/install/tutorial_interfaces/include/tutorial_interfaces/srv/detail
[8.259s] -- Installing: /home/federico/dev_ws/install/tutorial_interfaces/include/tutorial_interfaces/srv/detail/add_three_ints__rosidl_typesupport_introspection_cpp.hpp
[8.260s] -- Installing: /home/federico/dev_ws/install/tutorial_interfaces/include/tutorial_interfaces/srv/detail/add_three_ints__type_support.cpp
[8.260s] -- Installing: /home/federico/dev_ws/install/tutorial_interfaces/lib/libtutorial_interfaces__rosidl_typesupport_introspection_cpp.so
[8.260s] -- Set runtime path of "/home/federico/dev_ws/install/tutorial_interfaces/lib/libtutorial_interfaces__rosidl_typesupport_introspection_cpp.so" to ""
[8.260s] -- Installing: /home/federico/dev_ws/install/tutorial_interfaces/lib/libtutorial_interfaces__rosidl_typesupport_cpp.so
[8.260s] -- Set runtime path of "/home/federico/dev_ws/install/tutorial_interfaces/lib/libtutorial_interfaces__rosidl_typesupport_cpp.so" to ""
[8.261s] -- Installing: /home/federico/dev_ws/install/tutorial_interfaces/share/tutorial_interfaces/environment/pythonpath.sh
[8.261s] -- Installing: /home/federico/dev_ws/install/tutorial_interfaces/share/tutorial_interfaces/environment/pythonpath.dsv
[8.261s] -- Installing: /home/federico/dev_ws/install/tutorial_interfaces/lib/python3.8/site-packages/tutorial_interfaces/__init__.py
[8.308s] Compiling '/home/federico/dev_ws/install/tutorial_interfaces/lib/python3.8/site-packages/tutorial_interfaces/__init__.py'...
[8.314s] -- Installing: /home/federico/dev_ws/install/tutorial_interfaces/lib/python3.8/site-packages/tutorial_interfaces/msg
[8.314s] -- Installing: /home/federico/dev_ws/install/tutorial_interfaces/lib/python3.8/site-packages/tutorial_interfaces/msg/__init__.py
[8.314s] -- Installing: /home/federico/dev_ws/install/tutorial_interfaces/lib/python3.8/site-packages/tutorial_interfaces/msg/_num_s.c
[8.314s] -- Installing: /home/federico/dev_ws/install/tutorial_interfaces/lib/python3.8/site-packages/tutorial_interfaces/msg/_num.py
[8.315s] -- Installing: /home/federico/dev_ws/install/tutorial_interfaces/lib/python3.8/site-packages/tutorial_interfaces/srv
[8.315s] -- Installing: /home/federico/dev_ws/install/tutorial_interfaces/lib/python3.8/site-packages/tutorial_interfaces/srv/__init__.py
[8.315s] -- Installing: /home/federico/dev_ws/install/tutorial_interfaces/lib/python3.8/site-packages/tutorial_interfaces/srv/_add_three_ints.py
[8.315s] -- Installing: /home/federico/dev_ws/install/tutorial_interfaces/lib/python3.8/site-packages/tutorial_interfaces/srv/_add_three_ints_s.c
[8.316s] -- Installing: /home/federico/dev_ws/install/tutorial_interfaces/lib/python3.8/site-packages/tutorial_interfaces/tutorial_interfaces_s__rosidl_typesupport_fastrtps_c.cpython-38-x86_64-linux-gnu.so
[8.317s] -- Set runtime path of "/home/federico/dev_ws/install/tutorial_interfaces/lib/python3.8/site-packages/tutorial_interfaces/tutorial_interfaces_s__rosidl_typesupport_fastrtps_c.cpython-38-x86_64-linux-gnu.so" to ""
[8.317s] -- Installing: /home/federico/dev_ws/install/tutorial_interfaces/lib/python3.8/site-packages/tutorial_interfaces/tutorial_interfaces_s__rosidl_typesupport_introspection_c.cpython-38-x86_64-linux-gnu.so
[8.318s] -- Set runtime path of "/home/federico/dev_ws/install/tutorial_interfaces/lib/python3.8/site-packages/tutorial_interfaces/tutorial_interfaces_s__rosidl_typesupport_introspection_c.cpython-38-x86_64-linux-gnu.so" to ""
[8.319s] -- Installing: /home/federico/dev_ws/install/tutorial_interfaces/lib/python3.8/site-packages/tutorial_interfaces/tutorial_interfaces_s__rosidl_typesupport_c.cpython-38-x86_64-linux-gnu.so
[8.319s] -- Set runtime path of "/home/federico/dev_ws/install/tutorial_interfaces/lib/python3.8/site-packages/tutorial_interfaces/tutorial_interfaces_s__rosidl_typesupport_c.cpython-38-x86_64-linux-gnu.so" to ""
[8.320s] -- Installing: /home/federico/dev_ws/install/tutorial_interfaces/lib/libtutorial_interfaces__python.so
[8.320s] -- Set runtime path of "/home/federico/dev_ws/install/tutorial_interfaces/lib/libtutorial_interfaces__python.so" to ""
[8.321s] -- Installing: /home/federico/dev_ws/install/tutorial_interfaces/share/tutorial_interfaces/msg/Num.idl
[8.321s] -- Installing: /home/federico/dev_ws/install/tutorial_interfaces/share/tutorial_interfaces/srv/AddThreeInts.idl
[8.321s] -- Installing: /home/federico/dev_ws/install/tutorial_interfaces/share/tutorial_interfaces/msg/Num.msg
[8.322s] -- Installing: /home/federico/dev_ws/install/tutorial_interfaces/share/tutorial_interfaces/srv/AddThreeInts.srv
[8.322s] -- Installing: /home/federico/dev_ws/install/tutorial_interfaces/share/tutorial_interfaces/srv/AddThreeInts_Request.msg
[8.322s] -- Installing: /home/federico/dev_ws/install/tutorial_interfaces/share/tutorial_interfaces/srv/AddThreeInts_Response.msg
[8.326s] -- Installing: /home/federico/dev_ws/install/tutorial_interfaces/share/ament_index/resource_index/package_run_dependencies/tutorial_interfaces
[8.327s] -- Installing: /home/federico/dev_ws/install/tutorial_interfaces/share/ament_index/resource_index/parent_prefix_path/tutorial_interfaces
[8.327s] -- Installing: /home/federico/dev_ws/install/tutorial_interfaces/share/tutorial_interfaces/environment/ament_prefix_path.sh
[8.327s] -- Installing: /home/federico/dev_ws/install/tutorial_interfaces/share/tutorial_interfaces/environment/ament_prefix_path.dsv
[8.327s] -- Installing: /home/federico/dev_ws/install/tutorial_interfaces/share/tutorial_interfaces/environment/path.sh
[8.328s] -- Installing: /home/federico/dev_ws/install/tutorial_interfaces/share/tutorial_interfaces/environment/path.dsv
[8.328s] -- Installing: /home/federico/dev_ws/install/tutorial_interfaces/share/tutorial_interfaces/local_setup.bash
[8.328s] -- Installing: /home/federico/dev_ws/install/tutorial_interfaces/share/tutorial_interfaces/local_setup.sh
[8.329s] -- Installing: /home/federico/dev_ws/install/tutorial_interfaces/share/tutorial_interfaces/local_setup.zsh
[8.329s] -- Installing: /home/federico/dev_ws/install/tutorial_interfaces/share/tutorial_interfaces/local_setup.dsv
[8.329s] -- Installing: /home/federico/dev_ws/install/tutorial_interfaces/share/tutorial_interfaces/package.dsv
[8.329s] -- Installing: /home/federico/dev_ws/install/tutorial_interfaces/share/ament_index/resource_index/packages/tutorial_interfaces
[8.330s] -- Installing: /home/federico/dev_ws/install/tutorial_interfaces/share/tutorial_interfaces/cmake/tutorial_interfaces__rosidl_generator_cExport.cmake
[8.330s] -- Installing: /home/federico/dev_ws/install/tutorial_interfaces/share/tutorial_interfaces/cmake/tutorial_interfaces__rosidl_generator_cExport-noconfig.cmake
[8.331s] -- Installing: /home/federico/dev_ws/install/tutorial_interfaces/share/tutorial_interfaces/cmake/tutorial_interfaces__rosidl_typesupport_introspection_cExport.cmake
[8.331s] -- Installing: /home/federico/dev_ws/install/tutorial_interfaces/share/tutorial_interfaces/cmake/tutorial_interfaces__rosidl_typesupport_introspection_cExport-noconfig.cmake
[8.331s] -- Installing: /home/federico/dev_ws/install/tutorial_interfaces/share/tutorial_interfaces/cmake/tutorial_interfaces__rosidl_typesupport_cExport.cmake
[8.332s] -- Installing: /home/federico/dev_ws/install/tutorial_interfaces/share/tutorial_interfaces/cmake/tutorial_interfaces__rosidl_typesupport_cExport-noconfig.cmake
[8.332s] -- Installing: /home/federico/dev_ws/install/tutorial_interfaces/share/tutorial_interfaces/cmake/tutorial_interfaces__rosidl_generator_cppExport.cmake
[8.332s] -- Installing: /home/federico/dev_ws/install/tutorial_interfaces/share/tutorial_interfaces/cmake/tutorial_interfaces__rosidl_typesupport_introspection_cppExport.cmake
[8.333s] -- Installing: /home/federico/dev_ws/install/tutorial_interfaces/share/tutorial_interfaces/cmake/tutorial_interfaces__rosidl_typesupport_introspection_cppExport-noconfig.cmake
[8.333s] -- Installing: /home/federico/dev_ws/install/tutorial_interfaces/share/tutorial_interfaces/cmake/tutorial_interfaces__rosidl_typesupport_cppExport.cmake
[8.333s] -- Installing: /home/federico/dev_ws/install/tutorial_interfaces/share/tutorial_interfaces/cmake/tutorial_interfaces__rosidl_typesupport_cppExport-noconfig.cmake
[8.334s] -- Installing: /home/federico/dev_ws/install/tutorial_interfaces/share/tutorial_interfaces/cmake/rosidl_cmake-extras.cmake
[8.334s] -- Installing: /home/federico/dev_ws/install/tutorial_interfaces/share/tutorial_interfaces/cmake/ament_cmake_export_dependencies-extras.cmake
[8.334s] -- Installing: /home/federico/dev_ws/install/tutorial_interfaces/share/tutorial_interfaces/cmake/ament_cmake_export_libraries-extras.cmake
[8.334s] -- Installing: /home/federico/dev_ws/install/tutorial_interfaces/share/tutorial_interfaces/cmake/ament_cmake_export_targets-extras.cmake
[8.335s] -- Installing: /home/federico/dev_ws/install/tutorial_interfaces/share/tutorial_interfaces/cmake/ament_cmake_export_include_directories-extras.cmake
[8.335s] -- Installing: /home/federico/dev_ws/install/tutorial_interfaces/share/tutorial_interfaces/cmake/rosidl_cmake_export_typesupport_libraries-extras.cmake
[8.335s] -- Installing: /home/federico/dev_ws/install/tutorial_interfaces/share/tutorial_interfaces/cmake/rosidl_cmake_export_typesupport_targets-extras.cmake
[8.336s] -- Installing: /home/federico/dev_ws/install/tutorial_interfaces/share/tutorial_interfaces/cmake/tutorial_interfacesConfig.cmake
[8.336s] -- Installing: /home/federico/dev_ws/install/tutorial_interfaces/share/tutorial_interfaces/cmake/tutorial_interfacesConfig-version.cmake
[8.336s] -- Installing: /home/federico/dev_ws/install/tutorial_interfaces/share/tutorial_interfaces/package.xml
[8.341s] Invoked command in '/home/federico/dev_ws/build/tutorial_interfaces' returned '0': CMAKE_PREFIX_PATH=${CMAKE_PREFIX_PATH}:/home/federico/dev_ws/install/py_srvcli:/home/federico/dev_ws/install/py_pubsub:/home/federico/dev_ws/install/my_package:/opt/ros/galactic /usr/bin/cmake --install /home/federico/dev_ws/build/tutorial_interfaces
