[0.044s] Invoking command in '/home/federico/dev_ws/build/more_interfaces': CMAKE_PREFIX_PATH=${CMAKE_PREFIX_PATH}:/home/federico/dev_ws/install/py_srvcli:/home/federico/dev_ws/install/py_pubsub:/home/federico/dev_ws/install/python_parameters:/opt/ros/galactic /usr/bin/cmake --build /home/federico/dev_ws/build/more_interfaces -- -j12 -l12
[1.427s] [  9%] Built target more_interfaces__cpp
[1.427s] [ 12%] Built target more_interfaces__rosidl_generator_c
[1.427s] [ 21%] Built target more_interfaces__rosidl_typesupport_introspection_cpp
[1.428s] [ 30%] Built target more_interfaces__rosidl_typesupport_cpp
[1.429s] [ 39%] Built target more_interfaces__rosidl_typesupport_introspection_c
[1.429s] [ 48%] Built target more_interfaces__rosidl_typesupport_c
[1.430s] [ 57%] Built target more_interfaces__rosidl_typesupport_fastrtps_cpp
[1.432s] [ 66%] Built target more_interfaces__rosidl_typesupport_fastrtps_c
[1.432s] [ 66%] Built target more_interfaces
[1.432s] [ 69%] Built target more_interfaces__py
[1.432s] [ 75%] Built target publish_address_book
[1.433s] [ 81%] Built target more_interfaces__python
[1.433s] [ 93%] Built target more_interfaces__rosidl_typesupport_c__pyext
[1.436s] [ 93%] Built target more_interfaces__rosidl_typesupport_introspection_c__pyext
[1.436s] [100%] Built target more_interfaces__rosidl_typesupport_fastrtps_c__pyext
[1.439s] Invoked command in '/home/federico/dev_ws/build/more_interfaces' returned '0': CMAKE_PREFIX_PATH=${CMAKE_PREFIX_PATH}:/home/federico/dev_ws/install/py_srvcli:/home/federico/dev_ws/install/py_pubsub:/home/federico/dev_ws/install/python_parameters:/opt/ros/galactic /usr/bin/cmake --build /home/federico/dev_ws/build/more_interfaces -- -j12 -l12
[1.479s] Invoking command in '/home/federico/dev_ws/build/more_interfaces': CMAKE_PREFIX_PATH=${CMAKE_PREFIX_PATH}:/home/federico/dev_ws/install/py_srvcli:/home/federico/dev_ws/install/py_pubsub:/home/federico/dev_ws/install/python_parameters:/opt/ros/galactic /usr/bin/cmake --install /home/federico/dev_ws/build/more_interfaces
[1.496s] -- Install configuration: ""
[1.497s] -- Execute custom install script
[1.499s] -- Up-to-date symlink: /home/federico/dev_ws/install/more_interfaces/lib/more_interfaces/publish_address_book
[1.499s] -- Up-to-date symlink: /home/federico/dev_ws/install/more_interfaces/share/ament_index/resource_index/rosidl_interfaces/more_interfaces
[1.500s] -- Up-to-date symlink: /home/federico/dev_ws/install/more_interfaces/include/more_interfaces/msg/address_book.h
[1.500s] -- Up-to-date symlink: /home/federico/dev_ws/install/more_interfaces/include/more_interfaces/msg/detail/address_book__functions.h
[1.501s] -- Up-to-date symlink: /home/federico/dev_ws/install/more_interfaces/include/more_interfaces/msg/detail/address_book__struct.h
[1.501s] -- Up-to-date symlink: /home/federico/dev_ws/install/more_interfaces/include/more_interfaces/msg/detail/address_book__type_support.h
[1.501s] -- Up-to-date symlink: /home/federico/dev_ws/install/more_interfaces/include/more_interfaces/msg/rosidl_generator_c__visibility_control.h
[1.502s] -- Up-to-date symlink: /home/federico/dev_ws/install/more_interfaces/share/more_interfaces/environment/library_path.sh
[1.502s] -- Up-to-date symlink: /home/federico/dev_ws/install/more_interfaces/share/more_interfaces/environment/library_path.dsv
[1.504s] -- Up-to-date symlink: /home/federico/dev_ws/install/more_interfaces/include/more_interfaces/msg/detail/address_book__rosidl_typesupport_fastrtps_c.h
[1.504s] -- Up-to-date symlink: /home/federico/dev_ws/install/more_interfaces/include/more_interfaces/msg/rosidl_typesupport_fastrtps_c__visibility_control.h
[1.505s] -- Up-to-date symlink: /home/federico/dev_ws/install/more_interfaces/lib/libmore_interfaces__rosidl_typesupport_fastrtps_c.so
[1.505s] -- Up-to-date symlink: /home/federico/dev_ws/install/more_interfaces/include/more_interfaces/msg/detail/address_book__rosidl_typesupport_fastrtps_cpp.hpp
[1.505s] -- Up-to-date symlink: /home/federico/dev_ws/install/more_interfaces/include/more_interfaces/msg/rosidl_typesupport_fastrtps_cpp__visibility_control.h
[1.505s] -- Up-to-date symlink: /home/federico/dev_ws/install/more_interfaces/lib/libmore_interfaces__rosidl_typesupport_fastrtps_cpp.so
[1.507s] -- Up-to-date symlink: /home/federico/dev_ws/install/more_interfaces/include/more_interfaces/msg/detail/address_book__rosidl_typesupport_introspection_c.h
[1.507s] -- Up-to-date symlink: /home/federico/dev_ws/install/more_interfaces/include/more_interfaces/msg/rosidl_typesupport_introspection_c__visibility_control.h
[1.508s] -- Up-to-date symlink: /home/federico/dev_ws/install/more_interfaces/include/more_interfaces/msg/address_book.hpp
[1.508s] -- Up-to-date symlink: /home/federico/dev_ws/install/more_interfaces/include/more_interfaces/msg/detail/address_book__builder.hpp
[1.511s] -- Up-to-date symlink: /home/federico/dev_ws/install/more_interfaces/include/more_interfaces/msg/detail/address_book__struct.hpp
[1.512s] -- Up-to-date symlink: /home/federico/dev_ws/install/more_interfaces/include/more_interfaces/msg/detail/address_book__traits.hpp
[1.512s] -- Up-to-date symlink: /home/federico/dev_ws/install/more_interfaces/include/more_interfaces/msg/detail/address_book__rosidl_typesupport_introspection_cpp.hpp
[1.513s] -- Up-to-date symlink: /home/federico/dev_ws/install/more_interfaces/share/more_interfaces/environment/pythonpath.sh
[1.514s] -- Up-to-date symlink: /home/federico/dev_ws/install/more_interfaces/share/more_interfaces/environment/pythonpath.dsv
[1.514s] -- Up-to-date symlink: /home/federico/dev_ws/install/more_interfaces/lib/python3.8/site-packages/more_interfaces/__init__.py
[1.515s] -- Up-to-date symlink: /home/federico/dev_ws/install/more_interfaces/lib/python3.8/site-packages/more_interfaces/msg/__init__.py
[1.515s] -- Up-to-date symlink: /home/federico/dev_ws/install/more_interfaces/lib/python3.8/site-packages/more_interfaces/msg/_address_book.py
[1.515s] -- Up-to-date symlink: /home/federico/dev_ws/install/more_interfaces/lib/python3.8/site-packages/more_interfaces/more_interfaces_s__rosidl_typesupport_fastrtps_c.cpython-38-x86_64-linux-gnu.so
[1.516s] -- Up-to-date symlink: /home/federico/dev_ws/install/more_interfaces/lib/python3.8/site-packages/more_interfaces/more_interfaces_s__rosidl_typesupport_introspection_c.cpython-38-x86_64-linux-gnu.so
[1.517s] -- Up-to-date symlink: /home/federico/dev_ws/install/more_interfaces/lib/python3.8/site-packages/more_interfaces/more_interfaces_s__rosidl_typesupport_c.cpython-38-x86_64-linux-gnu.so
[1.518s] -- Up-to-date symlink: /home/federico/dev_ws/install/more_interfaces/lib/libmore_interfaces__python.so
[1.518s] -- Up-to-date symlink: /home/federico/dev_ws/install/more_interfaces/share/more_interfaces/msg/AddressBook.idl
[1.518s] -- Up-to-date symlink: /home/federico/dev_ws/install/more_interfaces/share/more_interfaces/msg/AddressBook.msg
[1.519s] -- Up-to-date symlink: /home/federico/dev_ws/install/more_interfaces/share/ament_index/resource_index/package_run_dependencies/more_interfaces
[1.519s] -- Up-to-date symlink: /home/federico/dev_ws/install/more_interfaces/share/ament_index/resource_index/parent_prefix_path/more_interfaces
[1.519s] -- Up-to-date symlink: /home/federico/dev_ws/install/more_interfaces/share/more_interfaces/environment/ament_prefix_path.sh
[1.520s] -- Up-to-date symlink: /home/federico/dev_ws/install/more_interfaces/share/more_interfaces/environment/ament_prefix_path.dsv
[1.520s] -- Up-to-date symlink: /home/federico/dev_ws/install/more_interfaces/share/more_interfaces/environment/path.sh
[1.520s] -- Up-to-date symlink: /home/federico/dev_ws/install/more_interfaces/share/more_interfaces/environment/path.dsv
[1.525s] -- Up-to-date symlink: /home/federico/dev_ws/install/more_interfaces/share/more_interfaces/local_setup.bash
[1.525s] -- Up-to-date symlink: /home/federico/dev_ws/install/more_interfaces/share/more_interfaces/local_setup.sh
[1.526s] -- Up-to-date symlink: /home/federico/dev_ws/install/more_interfaces/share/more_interfaces/local_setup.zsh
[1.527s] -- Up-to-date symlink: /home/federico/dev_ws/install/more_interfaces/share/more_interfaces/local_setup.dsv
[1.527s] -- Symlinking: /home/federico/dev_ws/install/more_interfaces/share/more_interfaces/package.dsv
[1.533s] -- Up-to-date symlink: /home/federico/dev_ws/install/more_interfaces/share/ament_index/resource_index/packages/more_interfaces
[1.533s] -- Up-to-date symlink: /home/federico/dev_ws/install/more_interfaces/share/more_interfaces/cmake/rosidl_cmake-extras.cmake
[1.533s] -- Up-to-date symlink: /home/federico/dev_ws/install/more_interfaces/share/more_interfaces/cmake/ament_cmake_export_dependencies-extras.cmake
[1.534s] -- Up-to-date symlink: /home/federico/dev_ws/install/more_interfaces/share/more_interfaces/cmake/ament_cmake_export_libraries-extras.cmake
[1.534s] -- Up-to-date symlink: /home/federico/dev_ws/install/more_interfaces/share/more_interfaces/cmake/ament_cmake_export_targets-extras.cmake
[1.534s] -- Up-to-date symlink: /home/federico/dev_ws/install/more_interfaces/share/more_interfaces/cmake/ament_cmake_export_include_directories-extras.cmake
[1.534s] -- Up-to-date symlink: /home/federico/dev_ws/install/more_interfaces/share/more_interfaces/cmake/rosidl_cmake_export_typesupport_libraries-extras.cmake
[1.534s] -- Up-to-date symlink: /home/federico/dev_ws/install/more_interfaces/share/more_interfaces/cmake/rosidl_cmake_export_typesupport_targets-extras.cmake
[1.534s] -- Up-to-date symlink: /home/federico/dev_ws/install/more_interfaces/share/more_interfaces/cmake/more_interfacesConfig.cmake
[1.534s] -- Up-to-date symlink: /home/federico/dev_ws/install/more_interfaces/share/more_interfaces/cmake/more_interfacesConfig-version.cmake
[1.534s] -- Up-to-date symlink: /home/federico/dev_ws/install/more_interfaces/share/more_interfaces/package.xml
[1.534s] -- Up-to-date: /home/federico/dev_ws/install/more_interfaces/lib/libmore_interfaces__rosidl_generator_c.so
[1.534s] -- Up-to-date: /home/federico/dev_ws/install/more_interfaces/lib/libmore_interfaces__rosidl_typesupport_introspection_c.so
[1.534s] -- Up-to-date: /home/federico/dev_ws/install/more_interfaces/lib/libmore_interfaces__rosidl_typesupport_c.so
[1.534s] -- Up-to-date: /home/federico/dev_ws/install/more_interfaces/lib/libmore_interfaces__rosidl_typesupport_introspection_cpp.so
[1.534s] -- Up-to-date: /home/federico/dev_ws/install/more_interfaces/lib/libmore_interfaces__rosidl_typesupport_cpp.so
[1.577s] -- Up-to-date: /home/federico/dev_ws/install/more_interfaces/share/more_interfaces/cmake/more_interfaces__rosidl_generator_cExport.cmake
[1.579s] -- Up-to-date: /home/federico/dev_ws/install/more_interfaces/share/more_interfaces/cmake/more_interfaces__rosidl_generator_cExport-noconfig.cmake
[1.579s] -- Up-to-date: /home/federico/dev_ws/install/more_interfaces/share/more_interfaces/cmake/more_interfaces__rosidl_typesupport_introspection_cExport.cmake
[1.579s] -- Up-to-date: /home/federico/dev_ws/install/more_interfaces/share/more_interfaces/cmake/more_interfaces__rosidl_typesupport_introspection_cExport-noconfig.cmake
[1.580s] -- Up-to-date: /home/federico/dev_ws/install/more_interfaces/share/more_interfaces/cmake/more_interfaces__rosidl_typesupport_cExport.cmake
[1.580s] -- Up-to-date: /home/federico/dev_ws/install/more_interfaces/share/more_interfaces/cmake/more_interfaces__rosidl_typesupport_cExport-noconfig.cmake
[1.580s] -- Up-to-date: /home/federico/dev_ws/install/more_interfaces/share/more_interfaces/cmake/more_interfaces__rosidl_generator_cppExport.cmake
[1.580s] -- Up-to-date: /home/federico/dev_ws/install/more_interfaces/share/more_interfaces/cmake/more_interfaces__rosidl_typesupport_introspection_cppExport.cmake
[1.580s] -- Up-to-date: /home/federico/dev_ws/install/more_interfaces/share/more_interfaces/cmake/more_interfaces__rosidl_typesupport_introspection_cppExport-noconfig.cmake
[1.580s] -- Up-to-date: /home/federico/dev_ws/install/more_interfaces/share/more_interfaces/cmake/more_interfaces__rosidl_typesupport_cppExport.cmake
[1.580s] -- Up-to-date: /home/federico/dev_ws/install/more_interfaces/share/more_interfaces/cmake/more_interfaces__rosidl_typesupport_cppExport-noconfig.cmake
[1.598s] Invoked command in '/home/federico/dev_ws/build/more_interfaces' returned '0': CMAKE_PREFIX_PATH=${CMAKE_PREFIX_PATH}:/home/federico/dev_ws/install/py_srvcli:/home/federico/dev_ws/install/py_pubsub:/home/federico/dev_ws/install/python_parameters:/opt/ros/galactic /usr/bin/cmake --install /home/federico/dev_ws/build/more_interfaces
