[3.007s] Invoking command in '/home/federico/dev_ws/src/my_package': PYTHONPATH=/home/federico/dev_ws/install/my_package/lib/python3.8/site-packages:${PYTHONPATH} /usr/bin/python3 setup.py egg_info --egg-base ../../build/my_package build --build-base /home/federico/dev_ws/build/my_package/build install --prefix /home/federico/dev_ws/install/my_package --record /home/federico/dev_ws/build/my_package/install.log --single-version-externally-managed
[4.282s] running egg_info
[4.283s] creating ../../build/my_package/my_package.egg-info
[4.380s] writing ../../build/my_package/my_package.egg-info/PKG-INFO
[4.456s] writing dependency_links to ../../build/my_package/my_package.egg-info/dependency_links.txt
[4.685s] writing entry points to ../../build/my_package/my_package.egg-info/entry_points.txt
[4.838s] writing requirements to ../../build/my_package/my_package.egg-info/requires.txt
[4.914s] writing top-level names to ../../build/my_package/my_package.egg-info/top_level.txt
[4.921s] writing manifest file '../../build/my_package/my_package.egg-info/SOURCES.txt'
[5.047s] reading manifest file '../../build/my_package/my_package.egg-info/SOURCES.txt'
[5.048s] writing manifest file '../../build/my_package/my_package.egg-info/SOURCES.txt'
[5.049s] running build
[5.049s] running build_py
[5.049s] creating /home/federico/dev_ws/build/my_package/build
[5.049s] creating /home/federico/dev_ws/build/my_package/build/lib
[5.049s] creating /home/federico/dev_ws/build/my_package/build/lib/my_package
[5.050s] copying my_package/my_node.py -> /home/federico/dev_ws/build/my_package/build/lib/my_package
[5.050s] copying my_package/__init__.py -> /home/federico/dev_ws/build/my_package/build/lib/my_package
[5.050s] running install
[5.050s] /home/federico/.local/lib/python3.8/site-packages/setuptools/command/install.py:34: SetuptoolsDeprecationWarning: setup.py install is deprecated. Use build and pip and other standards-based tools.
[5.050s]   warnings.warn(
[5.058s] running install_lib
[5.154s] creating /home/federico/dev_ws/install/my_package/lib/python3.8/site-packages/my_package
[5.155s] copying /home/federico/dev_ws/build/my_package/build/lib/my_package/my_node.py -> /home/federico/dev_ws/install/my_package/lib/python3.8/site-packages/my_package
[5.155s] copying /home/federico/dev_ws/build/my_package/build/lib/my_package/__init__.py -> /home/federico/dev_ws/install/my_package/lib/python3.8/site-packages/my_package
[5.155s] byte-compiling /home/federico/dev_ws/install/my_package/lib/python3.8/site-packages/my_package/my_node.py to my_node.cpython-38.pyc
[5.155s] byte-compiling /home/federico/dev_ws/install/my_package/lib/python3.8/site-packages/my_package/__init__.py to __init__.cpython-38.pyc
[5.156s] running install_data
[5.176s] creating /home/federico/dev_ws/install/my_package/share/ament_index
[5.176s] creating /home/federico/dev_ws/install/my_package/share/ament_index/resource_index
[5.176s] creating /home/federico/dev_ws/install/my_package/share/ament_index/resource_index/packages
[5.176s] copying resource/my_package -> /home/federico/dev_ws/install/my_package/share/ament_index/resource_index/packages
[5.176s] copying package.xml -> /home/federico/dev_ws/install/my_package/share/my_package
[5.176s] running install_egg_info
[5.274s] Copying ../../build/my_package/my_package.egg-info to /home/federico/dev_ws/install/my_package/lib/python3.8/site-packages/my_package-0.0.0-py3.8.egg-info
[5.275s] running install_scripts
[5.463s] Installing my_node script to /home/federico/dev_ws/install/my_package/lib/my_package
[5.463s] writing list of installed files to '/home/federico/dev_ws/build/my_package/install.log'
[5.500s] Invoked command in '/home/federico/dev_ws/src/my_package' returned '0': PYTHONPATH=/home/federico/dev_ws/install/my_package/lib/python3.8/site-packages:${PYTHONPATH} /usr/bin/python3 setup.py egg_info --egg-base ../../build/my_package build --build-base /home/federico/dev_ws/build/my_package/build install --prefix /home/federico/dev_ws/install/my_package --record /home/federico/dev_ws/build/my_package/install.log --single-version-externally-managed
