[0.089s] Invoking command in '/home/federico/dev_ws/build/dolly_gazebo': CMAKE_PREFIX_PATH=/home/federico/dev_ws/install/dolly_follow:/home/federico/dev_ws/install/tutorial_interfaces:/home/federico/dev_ws/install/turtlesim:/home/federico/dev_ws/install/my_package:/home/federico/dev_ws/install/more_interfaces:/home/federico/dev_ws/install/dolly:/home/federico/dev_ws/install/dolly_gazebo:/home/federico/dev_ws/install/py_srvcli:/home/federico/dev_ws/install/py_pubsub:/home/federico/dev_ws/install/python_parameters:/opt/ros/galactic /usr/bin/cmake --build /home/federico/dev_ws/build/dolly_gazebo -- -j12 -l12
[0.163s] Invoked command in '/home/federico/dev_ws/build/dolly_gazebo' returned '0': CMAKE_PREFIX_PATH=/home/federico/dev_ws/install/dolly_follow:/home/federico/dev_ws/install/tutorial_interfaces:/home/federico/dev_ws/install/turtlesim:/home/federico/dev_ws/install/my_package:/home/federico/dev_ws/install/more_interfaces:/home/federico/dev_ws/install/dolly:/home/federico/dev_ws/install/dolly_gazebo:/home/federico/dev_ws/install/py_srvcli:/home/federico/dev_ws/install/py_pubsub:/home/federico/dev_ws/install/python_parameters:/opt/ros/galactic /usr/bin/cmake --build /home/federico/dev_ws/build/dolly_gazebo -- -j12 -l12
[0.228s] Invoking command in '/home/federico/dev_ws/build/dolly_gazebo': CMAKE_PREFIX_PATH=/home/federico/dev_ws/install/dolly_follow:/home/federico/dev_ws/install/tutorial_interfaces:/home/federico/dev_ws/install/turtlesim:/home/federico/dev_ws/install/my_package:/home/federico/dev_ws/install/more_interfaces:/home/federico/dev_ws/install/dolly:/home/federico/dev_ws/install/dolly_gazebo:/home/federico/dev_ws/install/py_srvcli:/home/federico/dev_ws/install/py_pubsub:/home/federico/dev_ws/install/python_parameters:/opt/ros/galactic /usr/bin/cmake --install /home/federico/dev_ws/build/dolly_gazebo
[0.240s] -- Install configuration: ""
[0.240s] -- Execute custom install script
[0.240s] -- Up-to-date symlink: /home/federico/dev_ws/install/dolly_gazebo/share/dolly_gazebo//launch/dolly.launch.py
[0.242s] -- Up-to-date symlink: /home/federico/dev_ws/install/dolly_gazebo/share/dolly_gazebo//models/casual_female/materials/textures/brown_eye.png
[0.242s] -- Up-to-date symlink: /home/federico/dev_ws/install/dolly_gazebo/share/dolly_gazebo//models/casual_female/materials/textures/casual_female.png
[0.242s] -- Up-to-date symlink: /home/federico/dev_ws/install/dolly_gazebo/share/dolly_gazebo//models/casual_female/materials/textures/eyebrow002.png
[0.243s] -- Up-to-date symlink: /home/federico/dev_ws/install/dolly_gazebo/share/dolly_gazebo//models/casual_female/materials/textures/eyelashes01.png
[0.243s] -- Up-to-date symlink: /home/federico/dev_ws/install/dolly_gazebo/share/dolly_gazebo//models/casual_female/materials/textures/female_casualsuit01_diffuse.png
[0.243s] -- Up-to-date symlink: /home/federico/dev_ws/install/dolly_gazebo/share/dolly_gazebo//models/casual_female/materials/textures/female_casualsuit01_normal.png
[0.244s] -- Up-to-date symlink: /home/federico/dev_ws/install/dolly_gazebo/share/dolly_gazebo//models/casual_female/materials/textures/female_casualsuit02_diffuse.png
[0.244s] -- Up-to-date symlink: /home/federico/dev_ws/install/dolly_gazebo/share/dolly_gazebo//models/casual_female/materials/textures/female_casualsuit02_normal.png
[0.244s] -- Up-to-date symlink: /home/federico/dev_ws/install/dolly_gazebo/share/dolly_gazebo//models/casual_female/materials/textures/ponytail01_diffuse.png
[0.245s] -- Up-to-date symlink: /home/federico/dev_ws/install/dolly_gazebo/share/dolly_gazebo//models/casual_female/materials/textures/shoes05_diffuse.png
[0.245s] -- Up-to-date symlink: /home/federico/dev_ws/install/dolly_gazebo/share/dolly_gazebo//models/casual_female/materials/textures/tongue01_diffuse.png
[0.245s] -- Up-to-date symlink: /home/federico/dev_ws/install/dolly_gazebo/share/dolly_gazebo//models/casual_female/materials/textures/young_lightskinned_female_diffuse.png
[0.245s] -- Up-to-date symlink: /home/federico/dev_ws/install/dolly_gazebo/share/dolly_gazebo//models/casual_female/meshes/casual_female.dae
[0.246s] -- Up-to-date symlink: /home/federico/dev_ws/install/dolly_gazebo/share/dolly_gazebo//models/casual_female/model.config
[0.246s] -- Up-to-date symlink: /home/federico/dev_ws/install/dolly_gazebo/share/dolly_gazebo//models/casual_female/model.sdf
[0.246s] -- Up-to-date symlink: /home/federico/dev_ws/install/dolly_gazebo/share/dolly_gazebo//models/casual_female/thumbnails/1.png
[0.247s] -- Up-to-date symlink: /home/federico/dev_ws/install/dolly_gazebo/share/dolly_gazebo//models/casual_female/thumbnails/2.png
[0.248s] -- Up-to-date symlink: /home/federico/dev_ws/install/dolly_gazebo/share/dolly_gazebo//models/casual_female/thumbnails/3.png
[0.248s] -- Up-to-date symlink: /home/federico/dev_ws/install/dolly_gazebo/share/dolly_gazebo//models/casual_female/thumbnails/4.png
[0.248s] -- Up-to-date symlink: /home/federico/dev_ws/install/dolly_gazebo/share/dolly_gazebo//models/casual_female/thumbnails/5.png
[0.248s] -- Up-to-date symlink: /home/federico/dev_ws/install/dolly_gazebo/share/dolly_gazebo//models/city_terrain/materials/textures/city_terrain (original).jpg
[0.248s] -- Up-to-date symlink: /home/federico/dev_ws/install/dolly_gazebo/share/dolly_gazebo//models/city_terrain/materials/textures/city_terrain.jpg
[0.248s] -- Up-to-date symlink: /home/federico/dev_ws/install/dolly_gazebo/share/dolly_gazebo//models/city_terrain/materials/textures/forest.jpg
[0.249s] -- Up-to-date symlink: /home/federico/dev_ws/install/dolly_gazebo/share/dolly_gazebo//models/city_terrain/model.config
[0.249s] -- Up-to-date symlink: /home/federico/dev_ws/install/dolly_gazebo/share/dolly_gazebo//models/city_terrain/model.sdf
[0.249s] -- Up-to-date symlink: /home/federico/dev_ws/install/dolly_gazebo/share/dolly_gazebo//models/dolly/materials/scripts/script.material
[0.250s] -- Up-to-date symlink: /home/federico/dev_ws/install/dolly_gazebo/share/dolly_gazebo//models/dolly/materials/textures/sheep.jpg
[0.250s] -- Up-to-date symlink: /home/federico/dev_ws/install/dolly_gazebo/share/dolly_gazebo//models/dolly/model.config
[0.250s] -- Up-to-date symlink: /home/federico/dev_ws/install/dolly_gazebo/share/dolly_gazebo//models/dolly/model.sdf
[0.251s] -- Up-to-date symlink: /home/federico/dev_ws/install/dolly_gazebo/share/dolly_gazebo//models/ocean/materials/programs/GLSL/Waves.frag
[0.251s] -- Up-to-date symlink: /home/federico/dev_ws/install/dolly_gazebo/share/dolly_gazebo//models/ocean/materials/programs/GLSL/Waves.vert
[0.251s] -- Up-to-date symlink: /home/federico/dev_ws/install/dolly_gazebo/share/dolly_gazebo//models/ocean/materials/scripts/ocean.material
[0.251s] -- Up-to-date symlink: /home/federico/dev_ws/install/dolly_gazebo/share/dolly_gazebo//models/ocean/materials/textures/License and source soil_sand_0045_01.txt
[0.252s] -- Up-to-date symlink: /home/federico/dev_ws/install/dolly_gazebo/share/dolly_gazebo//models/ocean/materials/textures/clouds.jpg
[0.252s] -- Up-to-date symlink: /home/federico/dev_ws/install/dolly_gazebo/share/dolly_gazebo//models/ocean/materials/textures/clouds_bk.jpg
[0.252s] -- Up-to-date symlink: /home/federico/dev_ws/install/dolly_gazebo/share/dolly_gazebo//models/ocean/materials/textures/clouds_dn.jpg
[0.252s] -- Up-to-date symlink: /home/federico/dev_ws/install/dolly_gazebo/share/dolly_gazebo//models/ocean/materials/textures/clouds_fr.jpg
[0.253s] -- Up-to-date symlink: /home/federico/dev_ws/install/dolly_gazebo/share/dolly_gazebo//models/ocean/materials/textures/clouds_lf.jpg
[0.253s] -- Up-to-date symlink: /home/federico/dev_ws/install/dolly_gazebo/share/dolly_gazebo//models/ocean/materials/textures/clouds_rt.jpg
[0.253s] -- Up-to-date symlink: /home/federico/dev_ws/install/dolly_gazebo/share/dolly_gazebo//models/ocean/materials/textures/clouds_up.jpg
[0.253s] -- Up-to-date symlink: /home/federico/dev_ws/install/dolly_gazebo/share/dolly_gazebo//models/ocean/materials/textures/normals.dds
[0.254s] -- Up-to-date symlink: /home/federico/dev_ws/install/dolly_gazebo/share/dolly_gazebo//models/ocean/materials/textures/soil_sand_0045_01.jpg
[0.254s] -- Up-to-date symlink: /home/federico/dev_ws/install/dolly_gazebo/share/dolly_gazebo//models/ocean/mesh-simple.dae
[0.254s] -- Up-to-date symlink: /home/federico/dev_ws/install/dolly_gazebo/share/dolly_gazebo//models/ocean/mesh.blend
[0.254s] -- Up-to-date symlink: /home/federico/dev_ws/install/dolly_gazebo/share/dolly_gazebo//models/ocean/mesh.dae
[0.255s] -- Up-to-date symlink: /home/federico/dev_ws/install/dolly_gazebo/share/dolly_gazebo//models/ocean/mesh_below.dae
[0.255s] -- Up-to-date symlink: /home/federico/dev_ws/install/dolly_gazebo/share/dolly_gazebo//models/ocean/model.config
[0.255s] -- Up-to-date symlink: /home/federico/dev_ws/install/dolly_gazebo/share/dolly_gazebo//models/ocean/model.sdf
[0.256s] -- Up-to-date symlink: /home/federico/dev_ws/install/dolly_gazebo/share/dolly_gazebo//rviz/dolly_gazebo.rviz
[0.256s] -- Up-to-date symlink: /home/federico/dev_ws/install/dolly_gazebo/share/dolly_gazebo//worlds/dolly_city.world
[0.256s] -- Up-to-date symlink: /home/federico/dev_ws/install/dolly_gazebo/share/dolly_gazebo//worlds/dolly_empty.world
[0.257s] -- Up-to-date symlink: /home/federico/dev_ws/install/dolly_gazebo/share/dolly_gazebo/environment/dolly_gazebo.sh
[0.257s] -- Up-to-date symlink: /home/federico/dev_ws/install/dolly_gazebo/share/dolly_gazebo/environment/dolly_gazebo.dsv
[0.258s] -- Up-to-date symlink: /home/federico/dev_ws/install/dolly_gazebo/share/ament_index/resource_index/package_run_dependencies/dolly_gazebo
[0.258s] -- Up-to-date symlink: /home/federico/dev_ws/install/dolly_gazebo/share/ament_index/resource_index/parent_prefix_path/dolly_gazebo
[0.260s] -- Up-to-date symlink: /home/federico/dev_ws/install/dolly_gazebo/share/dolly_gazebo/environment/ament_prefix_path.sh
[0.260s] -- Up-to-date symlink: /home/federico/dev_ws/install/dolly_gazebo/share/dolly_gazebo/environment/ament_prefix_path.dsv
[0.260s] -- Up-to-date symlink: /home/federico/dev_ws/install/dolly_gazebo/share/dolly_gazebo/environment/path.sh
[0.260s] -- Up-to-date symlink: /home/federico/dev_ws/install/dolly_gazebo/share/dolly_gazebo/environment/path.dsv
[0.261s] -- Up-to-date symlink: /home/federico/dev_ws/install/dolly_gazebo/share/dolly_gazebo/local_setup.bash
[0.261s] -- Up-to-date symlink: /home/federico/dev_ws/install/dolly_gazebo/share/dolly_gazebo/local_setup.sh
[0.261s] -- Up-to-date symlink: /home/federico/dev_ws/install/dolly_gazebo/share/dolly_gazebo/local_setup.zsh
[0.262s] -- Up-to-date symlink: /home/federico/dev_ws/install/dolly_gazebo/share/dolly_gazebo/local_setup.dsv
[0.262s] -- Symlinking: /home/federico/dev_ws/install/dolly_gazebo/share/dolly_gazebo/package.dsv
[0.273s] -- Up-to-date symlink: /home/federico/dev_ws/install/dolly_gazebo/share/ament_index/resource_index/packages/dolly_gazebo
[0.274s] -- Up-to-date symlink: /home/federico/dev_ws/install/dolly_gazebo/share/dolly_gazebo/cmake/dolly_gazeboConfig.cmake
[0.274s] -- Up-to-date symlink: /home/federico/dev_ws/install/dolly_gazebo/share/dolly_gazebo/cmake/dolly_gazeboConfig-version.cmake
[0.275s] -- Up-to-date symlink: /home/federico/dev_ws/install/dolly_gazebo/share/dolly_gazebo/package.xml
[1.669s] Invoked command in '/home/federico/dev_ws/build/dolly_gazebo' returned '0': CMAKE_PREFIX_PATH=/home/federico/dev_ws/install/dolly_follow:/home/federico/dev_ws/install/tutorial_interfaces:/home/federico/dev_ws/install/turtlesim:/home/federico/dev_ws/install/my_package:/home/federico/dev_ws/install/more_interfaces:/home/federico/dev_ws/install/dolly:/home/federico/dev_ws/install/dolly_gazebo:/home/federico/dev_ws/install/py_srvcli:/home/federico/dev_ws/install/py_pubsub:/home/federico/dev_ws/install/python_parameters:/opt/ros/galactic /usr/bin/cmake --install /home/federico/dev_ws/build/dolly_gazebo
