[2.226s] Invoking command in '/home/federico/dev_ws/build/my_package': PYTHONPATH=/home/federico/dev_ws/install/my_package/lib/python3.8/site-packages:${PYTHONPATH} /usr/bin/python3 setup.py develop --prefix /home/federico/dev_ws/install/my_package --uninstall --editable --build-directory /home/federico/dev_ws/build/my_package/build
[3.194s] running develop
[3.194s] /home/federico/.local/lib/python3.8/site-packages/setuptools/command/easy_install.py:144: EasyInstallDeprecationWarning: easy_install command is deprecated. Use build and pip and other standards-based tools.
[3.194s]   warnings.warn(
[3.360s] /home/federico/.local/lib/python3.8/site-packages/setuptools/command/install.py:34: SetuptoolsDeprecationWarning: setup.py install is deprecated. Use build and pip and other standards-based tools.
[3.360s]   warnings.warn(
[3.597s] /home/federico/.local/lib/python3.8/site-packages/pkg_resources/__init__.py:123: PkgResourcesDeprecationWarning: 0.1.36ubuntu1 is an invalid version and will not be supported in a future release
[3.597s]   warnings.warn(
[3.597s] /home/federico/.local/lib/python3.8/site-packages/pkg_resources/__init__.py:123: PkgResourcesDeprecationWarning: 0.23ubuntu1 is an invalid version and will not be supported in a future release
[3.597s]   warnings.warn(
[3.761s] Invoked command in '/home/federico/dev_ws/build/my_package' returned '0': PYTHONPATH=/home/federico/dev_ws/install/my_package/lib/python3.8/site-packages:${PYTHONPATH} /usr/bin/python3 setup.py develop --prefix /home/federico/dev_ws/install/my_package --uninstall --editable --build-directory /home/federico/dev_ws/build/my_package/build
[3.763s] Invoking command in '/home/federico/dev_ws/src/my_package': PYTHONPATH=/home/federico/dev_ws/install/my_package/lib/python3.8/site-packages:${PYTHONPATH} /usr/bin/python3 setup.py egg_info --egg-base ../../build/my_package build --build-base /home/federico/dev_ws/build/my_package/build install --prefix /home/federico/dev_ws/install/my_package --record /home/federico/dev_ws/build/my_package/install.log --single-version-externally-managed
[4.783s] running egg_info
[4.858s] writing ../../build/my_package/my_package.egg-info/PKG-INFO
[4.918s] writing dependency_links to ../../build/my_package/my_package.egg-info/dependency_links.txt
[5.106s] writing entry points to ../../build/my_package/my_package.egg-info/entry_points.txt
[5.229s] writing requirements to ../../build/my_package/my_package.egg-info/requires.txt
[5.289s] writing top-level names to ../../build/my_package/my_package.egg-info/top_level.txt
[5.399s] reading manifest file '../../build/my_package/my_package.egg-info/SOURCES.txt'
[5.401s] writing manifest file '../../build/my_package/my_package.egg-info/SOURCES.txt'
[5.401s] running build
[5.401s] running build_py
[5.401s] copying my_package/reading_laser.py -> /home/federico/dev_ws/build/my_package/build/lib/my_package
[5.402s] running install
[5.402s] /home/federico/.local/lib/python3.8/site-packages/setuptools/command/install.py:34: SetuptoolsDeprecationWarning: setup.py install is deprecated. Use build and pip and other standards-based tools.
[5.402s]   warnings.warn(
[5.407s] running install_lib
[5.482s] copying /home/federico/dev_ws/build/my_package/build/lib/my_package/reading_laser.py -> /home/federico/dev_ws/install/my_package/lib/python3.8/site-packages/my_package
[5.483s] byte-compiling /home/federico/dev_ws/install/my_package/lib/python3.8/site-packages/my_package/reading_laser.py to reading_laser.cpython-38.pyc
[5.484s] running install_data
[5.499s] running install_egg_info
[5.570s] removing '/home/federico/dev_ws/install/my_package/lib/python3.8/site-packages/my_package-0.0.0-py3.8.egg-info' (and everything under it)
[5.570s] Copying ../../build/my_package/my_package.egg-info to /home/federico/dev_ws/install/my_package/lib/python3.8/site-packages/my_package-0.0.0-py3.8.egg-info
[5.571s] running install_scripts
[5.710s] Installing reading_laser script to /home/federico/dev_ws/install/my_package/lib/my_package
[5.710s] writing list of installed files to '/home/federico/dev_ws/build/my_package/install.log'
[5.759s] Invoked command in '/home/federico/dev_ws/src/my_package' returned '0': PYTHONPATH=/home/federico/dev_ws/install/my_package/lib/python3.8/site-packages:${PYTHONPATH} /usr/bin/python3 setup.py egg_info --egg-base ../../build/my_package build --build-base /home/federico/dev_ws/build/my_package/build install --prefix /home/federico/dev_ws/install/my_package --record /home/federico/dev_ws/build/my_package/install.log --single-version-externally-managed
