[0.386s] DEBUG:colcon:Command line arguments: ['/usr/bin/colcon', 'list', '-p', '--base-paths', '/home/federico/dev_ws']
[0.386s] DEBUG:colcon:Parsed command line arguments: Namespace(allow_overriding=[], base_paths=['/home/federico/dev_ws'], build_base='build', ignore_user_meta=False, log_base=None, log_level=None, main=<bound method ListVerb.main of <colcon_package_information.verb.list.ListVerb object at 0x7f5cf20d1e80>>, metas=['./colcon.meta'], names_only=False, packages_above=None, packages_above_and_dependencies=None, packages_above_depth=None, packages_end=None, packages_ignore=None, packages_ignore_regex=None, packages_select=None, packages_select_build_failed=False, packages_select_by_dep=None, packages_select_regex=None, packages_select_test_failures=False, packages_skip=None, packages_skip_build_finished=False, packages_skip_by_dep=None, packages_skip_regex=None, packages_skip_test_passed=False, packages_skip_up_to=None, packages_start=None, packages_up_to=None, packages_up_to_regex=None, paths=None, paths_only=True, topological_graph=False, topological_graph_density=False, topological_graph_dot=False, topological_graph_dot_cluster=False, topological_graph_dot_include_skipped=False, topological_graph_legend=False, topological_order=False, verb_extension=<colcon_package_information.verb.list.ListVerb object at 0x7f5cf20d1e80>, verb_name='list', verb_parser=<colcon_defaults.argument_parser.defaults.DefaultArgumentsDecorator object at 0x7f5cf20324f0>)
[0.460s] Level 1:colcon.colcon_core.package_discovery:discover_packages(colcon_meta) check parameters
[0.460s] Level 1:colcon.colcon_core.package_discovery:discover_packages(recursive) check parameters
[0.460s] Level 1:colcon.colcon_core.package_discovery:discover_packages(ignore) check parameters
[0.461s] Level 1:colcon.colcon_core.package_discovery:discover_packages(path) check parameters
[0.461s] Level 1:colcon.colcon_core.package_discovery:discover_packages(recursive) discover
[0.461s] INFO:colcon.colcon_core.package_discovery:Crawling recursively for packages in '/home/federico/dev_ws'
[0.461s] Level 1:colcon.colcon_core.package_identification:_identify(/home/federico/dev_ws) by extensions ['ignore', 'ignore_ament_install']
[0.461s] Level 1:colcon.colcon_core.package_identification:_identify(/home/federico/dev_ws) by extension 'ignore'
[0.461s] Level 1:colcon.colcon_core.package_identification:_identify(/home/federico/dev_ws) by extension 'ignore_ament_install'
[0.461s] Level 1:colcon.colcon_core.package_identification:_identify(/home/federico/dev_ws) by extensions ['colcon_pkg']
[0.461s] Level 1:colcon.colcon_core.package_identification:_identify(/home/federico/dev_ws) by extension 'colcon_pkg'
[0.461s] Level 1:colcon.colcon_core.package_identification:_identify(/home/federico/dev_ws) by extensions ['colcon_meta']
[0.461s] Level 1:colcon.colcon_core.package_identification:_identify(/home/federico/dev_ws) by extension 'colcon_meta'
[0.461s] Level 1:colcon.colcon_core.package_identification:_identify(/home/federico/dev_ws) by extensions ['ros']
[0.461s] Level 1:colcon.colcon_core.package_identification:_identify(/home/federico/dev_ws) by extension 'ros'
[0.473s] Level 1:colcon.colcon_core.package_identification:_identify(/home/federico/dev_ws) by extensions ['cmake', 'python']
[0.473s] Level 1:colcon.colcon_core.package_identification:_identify(/home/federico/dev_ws) by extension 'cmake'
[0.473s] Level 1:colcon.colcon_core.package_identification:_identify(/home/federico/dev_ws) by extension 'python'
[0.473s] Level 1:colcon.colcon_core.package_identification:_identify(/home/federico/dev_ws) by extensions ['python_setup_py']
[0.473s] Level 1:colcon.colcon_core.package_identification:_identify(/home/federico/dev_ws) by extension 'python_setup_py'
[0.473s] Level 1:colcon.colcon_core.package_identification:_identify(/home/federico/dev_ws/build) by extensions ['ignore', 'ignore_ament_install']
[0.473s] Level 1:colcon.colcon_core.package_identification:_identify(/home/federico/dev_ws/build) by extension 'ignore'
[0.473s] Level 1:colcon.colcon_core.package_identification:_identify(/home/federico/dev_ws/build) ignored
[0.474s] Level 1:colcon.colcon_core.package_identification:_identify(/home/federico/dev_ws/install) by extensions ['ignore', 'ignore_ament_install']
[0.474s] Level 1:colcon.colcon_core.package_identification:_identify(/home/federico/dev_ws/install) by extension 'ignore'
[0.474s] Level 1:colcon.colcon_core.package_identification:_identify(/home/federico/dev_ws/install) ignored
[0.474s] Level 1:colcon.colcon_core.package_identification:_identify(/home/federico/dev_ws/log) by extensions ['ignore', 'ignore_ament_install']
[0.474s] Level 1:colcon.colcon_core.package_identification:_identify(/home/federico/dev_ws/log) by extension 'ignore'
[0.474s] Level 1:colcon.colcon_core.package_identification:_identify(/home/federico/dev_ws/log) ignored
[0.474s] Level 1:colcon.colcon_core.package_identification:_identify(/home/federico/dev_ws/src) by extensions ['ignore', 'ignore_ament_install']
[0.474s] Level 1:colcon.colcon_core.package_identification:_identify(/home/federico/dev_ws/src) by extension 'ignore'
[0.474s] Level 1:colcon.colcon_core.package_identification:_identify(/home/federico/dev_ws/src) by extension 'ignore_ament_install'
[0.474s] Level 1:colcon.colcon_core.package_identification:_identify(/home/federico/dev_ws/src) by extensions ['colcon_pkg']
[0.475s] Level 1:colcon.colcon_core.package_identification:_identify(/home/federico/dev_ws/src) by extension 'colcon_pkg'
[0.475s] Level 1:colcon.colcon_core.package_identification:_identify(/home/federico/dev_ws/src) by extensions ['colcon_meta']
[0.475s] Level 1:colcon.colcon_core.package_identification:_identify(/home/federico/dev_ws/src) by extension 'colcon_meta'
[0.475s] Level 1:colcon.colcon_core.package_identification:_identify(/home/federico/dev_ws/src) by extensions ['ros']
[0.475s] Level 1:colcon.colcon_core.package_identification:_identify(/home/federico/dev_ws/src) by extension 'ros'
[0.475s] Level 1:colcon.colcon_core.package_identification:_identify(/home/federico/dev_ws/src) by extensions ['cmake', 'python']
[0.475s] Level 1:colcon.colcon_core.package_identification:_identify(/home/federico/dev_ws/src) by extension 'cmake'
[0.475s] Level 1:colcon.colcon_core.package_identification:_identify(/home/federico/dev_ws/src) by extension 'python'
[0.475s] Level 1:colcon.colcon_core.package_identification:_identify(/home/federico/dev_ws/src) by extensions ['python_setup_py']
[0.475s] Level 1:colcon.colcon_core.package_identification:_identify(/home/federico/dev_ws/src) by extension 'python_setup_py'
[0.475s] Level 1:colcon.colcon_core.package_identification:_identify(/home/federico/dev_ws/src/build) by extensions ['ignore', 'ignore_ament_install']
[0.475s] Level 1:colcon.colcon_core.package_identification:_identify(/home/federico/dev_ws/src/build) by extension 'ignore'
[0.475s] Level 1:colcon.colcon_core.package_identification:_identify(/home/federico/dev_ws/src/build) ignored
[0.475s] Level 1:colcon.colcon_core.package_identification:_identify(/home/federico/dev_ws/src/dolly) by extensions ['ignore', 'ignore_ament_install']
[0.475s] Level 1:colcon.colcon_core.package_identification:_identify(/home/federico/dev_ws/src/dolly) by extension 'ignore'
[0.475s] Level 1:colcon.colcon_core.package_identification:_identify(/home/federico/dev_ws/src/dolly) by extension 'ignore_ament_install'
[0.475s] Level 1:colcon.colcon_core.package_identification:_identify(/home/federico/dev_ws/src/dolly) by extensions ['colcon_pkg']
[0.475s] Level 1:colcon.colcon_core.package_identification:_identify(/home/federico/dev_ws/src/dolly) by extension 'colcon_pkg'
[0.476s] Level 1:colcon.colcon_core.package_identification:_identify(/home/federico/dev_ws/src/dolly) by extensions ['colcon_meta']
[0.476s] Level 1:colcon.colcon_core.package_identification:_identify(/home/federico/dev_ws/src/dolly) by extension 'colcon_meta'
[0.476s] Level 1:colcon.colcon_core.package_identification:_identify(/home/federico/dev_ws/src/dolly) by extensions ['ros']
[0.476s] Level 1:colcon.colcon_core.package_identification:_identify(/home/federico/dev_ws/src/dolly) by extension 'ros'
[0.476s] Level 1:colcon.colcon_core.package_identification:_identify(/home/federico/dev_ws/src/dolly) by extensions ['cmake', 'python']
[0.476s] Level 1:colcon.colcon_core.package_identification:_identify(/home/federico/dev_ws/src/dolly) by extension 'cmake'
[0.476s] Level 1:colcon.colcon_core.package_identification:_identify(/home/federico/dev_ws/src/dolly) by extension 'python'
[0.476s] Level 1:colcon.colcon_core.package_identification:_identify(/home/federico/dev_ws/src/dolly) by extensions ['python_setup_py']
[0.476s] Level 1:colcon.colcon_core.package_identification:_identify(/home/federico/dev_ws/src/dolly) by extension 'python_setup_py'
[0.476s] Level 1:colcon.colcon_core.package_identification:_identify(/home/federico/dev_ws/src/dolly/dolly) by extensions ['ignore', 'ignore_ament_install']
[0.476s] Level 1:colcon.colcon_core.package_identification:_identify(/home/federico/dev_ws/src/dolly/dolly) by extension 'ignore'
[0.476s] Level 1:colcon.colcon_core.package_identification:_identify(/home/federico/dev_ws/src/dolly/dolly) by extension 'ignore_ament_install'
[0.476s] Level 1:colcon.colcon_core.package_identification:_identify(/home/federico/dev_ws/src/dolly/dolly) by extensions ['colcon_pkg']
[0.476s] Level 1:colcon.colcon_core.package_identification:_identify(/home/federico/dev_ws/src/dolly/dolly) by extension 'colcon_pkg'
[0.476s] Level 1:colcon.colcon_core.package_identification:_identify(/home/federico/dev_ws/src/dolly/dolly) by extensions ['colcon_meta']
[0.476s] Level 1:colcon.colcon_core.package_identification:_identify(/home/federico/dev_ws/src/dolly/dolly) by extension 'colcon_meta'
[0.476s] Level 1:colcon.colcon_core.package_identification:_identify(/home/federico/dev_ws/src/dolly/dolly) by extensions ['ros']
[0.476s] Level 1:colcon.colcon_core.package_identification:_identify(/home/federico/dev_ws/src/dolly/dolly) by extension 'ros'
[0.479s] DEBUG:colcon.colcon_core.package_identification:Package '/home/federico/dev_ws/src/dolly/dolly' with type 'ros.ament_cmake' and name 'dolly'
[0.479s] Level 1:colcon.colcon_core.package_identification:_identify(/home/federico/dev_ws/src/dolly/dolly_follow) by extensions ['ignore', 'ignore_ament_install']
[0.479s] Level 1:colcon.colcon_core.package_identification:_identify(/home/federico/dev_ws/src/dolly/dolly_follow) by extension 'ignore'
[0.479s] Level 1:colcon.colcon_core.package_identification:_identify(/home/federico/dev_ws/src/dolly/dolly_follow) by extension 'ignore_ament_install'
[0.479s] Level 1:colcon.colcon_core.package_identification:_identify(/home/federico/dev_ws/src/dolly/dolly_follow) by extensions ['colcon_pkg']
[0.479s] Level 1:colcon.colcon_core.package_identification:_identify(/home/federico/dev_ws/src/dolly/dolly_follow) by extension 'colcon_pkg'
[0.479s] Level 1:colcon.colcon_core.package_identification:_identify(/home/federico/dev_ws/src/dolly/dolly_follow) by extensions ['colcon_meta']
[0.479s] Level 1:colcon.colcon_core.package_identification:_identify(/home/federico/dev_ws/src/dolly/dolly_follow) by extension 'colcon_meta'
[0.479s] Level 1:colcon.colcon_core.package_identification:_identify(/home/federico/dev_ws/src/dolly/dolly_follow) by extensions ['ros']
[0.479s] Level 1:colcon.colcon_core.package_identification:_identify(/home/federico/dev_ws/src/dolly/dolly_follow) by extension 'ros'
[0.480s] DEBUG:colcon.colcon_core.package_identification:Package '/home/federico/dev_ws/src/dolly/dolly_follow' with type 'ros.ament_cmake' and name 'dolly_follow'
[0.480s] Level 1:colcon.colcon_core.package_identification:_identify(/home/federico/dev_ws/src/dolly/dolly_gazebo) by extensions ['ignore', 'ignore_ament_install']
[0.480s] Level 1:colcon.colcon_core.package_identification:_identify(/home/federico/dev_ws/src/dolly/dolly_gazebo) by extension 'ignore'
[0.480s] Level 1:colcon.colcon_core.package_identification:_identify(/home/federico/dev_ws/src/dolly/dolly_gazebo) by extension 'ignore_ament_install'
[0.480s] Level 1:colcon.colcon_core.package_identification:_identify(/home/federico/dev_ws/src/dolly/dolly_gazebo) by extensions ['colcon_pkg']
[0.480s] Level 1:colcon.colcon_core.package_identification:_identify(/home/federico/dev_ws/src/dolly/dolly_gazebo) by extension 'colcon_pkg'
[0.480s] Level 1:colcon.colcon_core.package_identification:_identify(/home/federico/dev_ws/src/dolly/dolly_gazebo) by extensions ['colcon_meta']
[0.480s] Level 1:colcon.colcon_core.package_identification:_identify(/home/federico/dev_ws/src/dolly/dolly_gazebo) by extension 'colcon_meta'
[0.480s] Level 1:colcon.colcon_core.package_identification:_identify(/home/federico/dev_ws/src/dolly/dolly_gazebo) by extensions ['ros']
[0.480s] Level 1:colcon.colcon_core.package_identification:_identify(/home/federico/dev_ws/src/dolly/dolly_gazebo) by extension 'ros'
[0.481s] DEBUG:colcon.colcon_core.package_identification:Package '/home/federico/dev_ws/src/dolly/dolly_gazebo' with type 'ros.ament_cmake' and name 'dolly_gazebo'
[0.481s] Level 1:colcon.colcon_core.package_identification:_identify(/home/federico/dev_ws/src/dolly/dolly_tests) by extensions ['ignore', 'ignore_ament_install']
[0.481s] Level 1:colcon.colcon_core.package_identification:_identify(/home/federico/dev_ws/src/dolly/dolly_tests) by extension 'ignore'
[0.481s] Level 1:colcon.colcon_core.package_identification:_identify(/home/federico/dev_ws/src/dolly/dolly_tests) by extension 'ignore_ament_install'
[0.481s] Level 1:colcon.colcon_core.package_identification:_identify(/home/federico/dev_ws/src/dolly/dolly_tests) by extensions ['colcon_pkg']
[0.481s] Level 1:colcon.colcon_core.package_identification:_identify(/home/federico/dev_ws/src/dolly/dolly_tests) by extension 'colcon_pkg'
[0.481s] Level 1:colcon.colcon_core.package_identification:_identify(/home/federico/dev_ws/src/dolly/dolly_tests) by extensions ['colcon_meta']
[0.481s] Level 1:colcon.colcon_core.package_identification:_identify(/home/federico/dev_ws/src/dolly/dolly_tests) by extension 'colcon_meta'
[0.481s] Level 1:colcon.colcon_core.package_identification:_identify(/home/federico/dev_ws/src/dolly/dolly_tests) by extensions ['ros']
[0.481s] Level 1:colcon.colcon_core.package_identification:_identify(/home/federico/dev_ws/src/dolly/dolly_tests) by extension 'ros'
[0.486s] DEBUG:colcon.colcon_core.package_identification:Package '/home/federico/dev_ws/src/dolly/dolly_tests' with type 'ros.ament_cmake' and name 'dolly_tests'
[0.486s] Level 1:colcon.colcon_core.package_identification:_identify(/home/federico/dev_ws/src/dolly/images) by extensions ['ignore', 'ignore_ament_install']
[0.486s] Level 1:colcon.colcon_core.package_identification:_identify(/home/federico/dev_ws/src/dolly/images) by extension 'ignore'
[0.486s] Level 1:colcon.colcon_core.package_identification:_identify(/home/federico/dev_ws/src/dolly/images) by extension 'ignore_ament_install'
[0.486s] Level 1:colcon.colcon_core.package_identification:_identify(/home/federico/dev_ws/src/dolly/images) by extensions ['colcon_pkg']
[0.486s] Level 1:colcon.colcon_core.package_identification:_identify(/home/federico/dev_ws/src/dolly/images) by extension 'colcon_pkg'
[0.486s] Level 1:colcon.colcon_core.package_identification:_identify(/home/federico/dev_ws/src/dolly/images) by extensions ['colcon_meta']
[0.486s] Level 1:colcon.colcon_core.package_identification:_identify(/home/federico/dev_ws/src/dolly/images) by extension 'colcon_meta'
[0.487s] Level 1:colcon.colcon_core.package_identification:_identify(/home/federico/dev_ws/src/dolly/images) by extensions ['ros']
[0.487s] Level 1:colcon.colcon_core.package_identification:_identify(/home/federico/dev_ws/src/dolly/images) by extension 'ros'
[0.487s] Level 1:colcon.colcon_core.package_identification:_identify(/home/federico/dev_ws/src/dolly/images) by extensions ['cmake', 'python']
[0.487s] Level 1:colcon.colcon_core.package_identification:_identify(/home/federico/dev_ws/src/dolly/images) by extension 'cmake'
[0.487s] Level 1:colcon.colcon_core.package_identification:_identify(/home/federico/dev_ws/src/dolly/images) by extension 'python'
[0.487s] Level 1:colcon.colcon_core.package_identification:_identify(/home/federico/dev_ws/src/dolly/images) by extensions ['python_setup_py']
[0.487s] Level 1:colcon.colcon_core.package_identification:_identify(/home/federico/dev_ws/src/dolly/images) by extension 'python_setup_py'
[0.487s] Level 1:colcon.colcon_core.package_identification:_identify(/home/federico/dev_ws/src/install) by extensions ['ignore', 'ignore_ament_install']
[0.487s] Level 1:colcon.colcon_core.package_identification:_identify(/home/federico/dev_ws/src/install) by extension 'ignore'
[0.487s] Level 1:colcon.colcon_core.package_identification:_identify(/home/federico/dev_ws/src/install) ignored
[0.487s] Level 1:colcon.colcon_core.package_identification:_identify(/home/federico/dev_ws/src/log) by extensions ['ignore', 'ignore_ament_install']
[0.487s] Level 1:colcon.colcon_core.package_identification:_identify(/home/federico/dev_ws/src/log) by extension 'ignore'
[0.487s] Level 1:colcon.colcon_core.package_identification:_identify(/home/federico/dev_ws/src/log) ignored
[0.487s] Level 1:colcon.colcon_core.package_identification:_identify(/home/federico/dev_ws/src/more_interfaces) by extensions ['ignore', 'ignore_ament_install']
[0.487s] Level 1:colcon.colcon_core.package_identification:_identify(/home/federico/dev_ws/src/more_interfaces) by extension 'ignore'
[0.488s] Level 1:colcon.colcon_core.package_identification:_identify(/home/federico/dev_ws/src/more_interfaces) by extension 'ignore_ament_install'
[0.488s] Level 1:colcon.colcon_core.package_identification:_identify(/home/federico/dev_ws/src/more_interfaces) by extensions ['colcon_pkg']
[0.488s] Level 1:colcon.colcon_core.package_identification:_identify(/home/federico/dev_ws/src/more_interfaces) by extension 'colcon_pkg'
[0.488s] Level 1:colcon.colcon_core.package_identification:_identify(/home/federico/dev_ws/src/more_interfaces) by extensions ['colcon_meta']
[0.488s] Level 1:colcon.colcon_core.package_identification:_identify(/home/federico/dev_ws/src/more_interfaces) by extension 'colcon_meta'
[0.488s] Level 1:colcon.colcon_core.package_identification:_identify(/home/federico/dev_ws/src/more_interfaces) by extensions ['ros']
[0.488s] Level 1:colcon.colcon_core.package_identification:_identify(/home/federico/dev_ws/src/more_interfaces) by extension 'ros'
[0.488s] DEBUG:colcon.colcon_core.package_identification:Package '/home/federico/dev_ws/src/more_interfaces' with type 'ros.ament_cmake' and name 'more_interfaces'
[0.488s] Level 1:colcon.colcon_core.package_identification:_identify(/home/federico/dev_ws/src/my_package) by extensions ['ignore', 'ignore_ament_install']
[0.488s] Level 1:colcon.colcon_core.package_identification:_identify(/home/federico/dev_ws/src/my_package) by extension 'ignore'
[0.488s] Level 1:colcon.colcon_core.package_identification:_identify(/home/federico/dev_ws/src/my_package) by extension 'ignore_ament_install'
[0.489s] Level 1:colcon.colcon_core.package_identification:_identify(/home/federico/dev_ws/src/my_package) by extensions ['colcon_pkg']
[0.489s] Level 1:colcon.colcon_core.package_identification:_identify(/home/federico/dev_ws/src/my_package) by extension 'colcon_pkg'
[0.489s] Level 1:colcon.colcon_core.package_identification:_identify(/home/federico/dev_ws/src/my_package) by extensions ['colcon_meta']
[0.489s] Level 1:colcon.colcon_core.package_identification:_identify(/home/federico/dev_ws/src/my_package) by extension 'colcon_meta'
[0.489s] Level 1:colcon.colcon_core.package_identification:_identify(/home/federico/dev_ws/src/my_package) by extensions ['ros']
[0.489s] Level 1:colcon.colcon_core.package_identification:_identify(/home/federico/dev_ws/src/my_package) by extension 'ros'
[0.489s] DEBUG:colcon.colcon_core.package_identification:Package '/home/federico/dev_ws/src/my_package' with type 'ros.ament_python' and name 'my_package'
[0.489s] Level 1:colcon.colcon_core.package_identification:_identify(/home/federico/dev_ws/src/py_pubsub) by extensions ['ignore', 'ignore_ament_install']
[0.489s] Level 1:colcon.colcon_core.package_identification:_identify(/home/federico/dev_ws/src/py_pubsub) by extension 'ignore'
[0.489s] Level 1:colcon.colcon_core.package_identification:_identify(/home/federico/dev_ws/src/py_pubsub) by extension 'ignore_ament_install'
[0.489s] Level 1:colcon.colcon_core.package_identification:_identify(/home/federico/dev_ws/src/py_pubsub) by extensions ['colcon_pkg']
[0.489s] Level 1:colcon.colcon_core.package_identification:_identify(/home/federico/dev_ws/src/py_pubsub) by extension 'colcon_pkg'
[0.490s] Level 1:colcon.colcon_core.package_identification:_identify(/home/federico/dev_ws/src/py_pubsub) by extensions ['colcon_meta']
[0.490s] Level 1:colcon.colcon_core.package_identification:_identify(/home/federico/dev_ws/src/py_pubsub) by extension 'colcon_meta'
[0.490s] Level 1:colcon.colcon_core.package_identification:_identify(/home/federico/dev_ws/src/py_pubsub) by extensions ['ros']
[0.490s] Level 1:colcon.colcon_core.package_identification:_identify(/home/federico/dev_ws/src/py_pubsub) by extension 'ros'
[0.490s] DEBUG:colcon.colcon_core.package_identification:Package '/home/federico/dev_ws/src/py_pubsub' with type 'ros.ament_python' and name 'py_pubsub'
[0.490s] Level 1:colcon.colcon_core.package_identification:_identify(/home/federico/dev_ws/src/py_srvcli) by extensions ['ignore', 'ignore_ament_install']
[0.490s] Level 1:colcon.colcon_core.package_identification:_identify(/home/federico/dev_ws/src/py_srvcli) by extension 'ignore'
[0.490s] Level 1:colcon.colcon_core.package_identification:_identify(/home/federico/dev_ws/src/py_srvcli) by extension 'ignore_ament_install'
[0.490s] Level 1:colcon.colcon_core.package_identification:_identify(/home/federico/dev_ws/src/py_srvcli) by extensions ['colcon_pkg']
[0.490s] Level 1:colcon.colcon_core.package_identification:_identify(/home/federico/dev_ws/src/py_srvcli) by extension 'colcon_pkg'
[0.490s] Level 1:colcon.colcon_core.package_identification:_identify(/home/federico/dev_ws/src/py_srvcli) by extensions ['colcon_meta']
[0.490s] Level 1:colcon.colcon_core.package_identification:_identify(/home/federico/dev_ws/src/py_srvcli) by extension 'colcon_meta'
[0.491s] Level 1:colcon.colcon_core.package_identification:_identify(/home/federico/dev_ws/src/py_srvcli) by extensions ['ros']
[0.491s] Level 1:colcon.colcon_core.package_identification:_identify(/home/federico/dev_ws/src/py_srvcli) by extension 'ros'
[0.491s] DEBUG:colcon.colcon_core.package_identification:Package '/home/federico/dev_ws/src/py_srvcli' with type 'ros.ament_python' and name 'py_srvcli'
[0.491s] Level 1:colcon.colcon_core.package_identification:_identify(/home/federico/dev_ws/src/python_parameters) by extensions ['ignore', 'ignore_ament_install']
[0.491s] Level 1:colcon.colcon_core.package_identification:_identify(/home/federico/dev_ws/src/python_parameters) by extension 'ignore'
[0.491s] Level 1:colcon.colcon_core.package_identification:_identify(/home/federico/dev_ws/src/python_parameters) by extension 'ignore_ament_install'
[0.491s] Level 1:colcon.colcon_core.package_identification:_identify(/home/federico/dev_ws/src/python_parameters) by extensions ['colcon_pkg']
[0.491s] Level 1:colcon.colcon_core.package_identification:_identify(/home/federico/dev_ws/src/python_parameters) by extension 'colcon_pkg'
[0.491s] Level 1:colcon.colcon_core.package_identification:_identify(/home/federico/dev_ws/src/python_parameters) by extensions ['colcon_meta']
[0.492s] Level 1:colcon.colcon_core.package_identification:_identify(/home/federico/dev_ws/src/python_parameters) by extension 'colcon_meta'
[0.492s] Level 1:colcon.colcon_core.package_identification:_identify(/home/federico/dev_ws/src/python_parameters) by extensions ['ros']
[0.492s] Level 1:colcon.colcon_core.package_identification:_identify(/home/federico/dev_ws/src/python_parameters) by extension 'ros'
[0.492s] DEBUG:colcon.colcon_core.package_identification:Package '/home/federico/dev_ws/src/python_parameters' with type 'ros.ament_python' and name 'python_parameters'
[0.492s] Level 1:colcon.colcon_core.package_identification:_identify(/home/federico/dev_ws/src/ros_tutorials) by extensions ['ignore', 'ignore_ament_install']
[0.492s] Level 1:colcon.colcon_core.package_identification:_identify(/home/federico/dev_ws/src/ros_tutorials) by extension 'ignore'
[0.492s] Level 1:colcon.colcon_core.package_identification:_identify(/home/federico/dev_ws/src/ros_tutorials) by extension 'ignore_ament_install'
[0.492s] Level 1:colcon.colcon_core.package_identification:_identify(/home/federico/dev_ws/src/ros_tutorials) by extensions ['colcon_pkg']
[0.492s] Level 1:colcon.colcon_core.package_identification:_identify(/home/federico/dev_ws/src/ros_tutorials) by extension 'colcon_pkg'
[0.492s] Level 1:colcon.colcon_core.package_identification:_identify(/home/federico/dev_ws/src/ros_tutorials) by extensions ['colcon_meta']
[0.492s] Level 1:colcon.colcon_core.package_identification:_identify(/home/federico/dev_ws/src/ros_tutorials) by extension 'colcon_meta'
[0.493s] Level 1:colcon.colcon_core.package_identification:_identify(/home/federico/dev_ws/src/ros_tutorials) by extensions ['ros']
[0.493s] Level 1:colcon.colcon_core.package_identification:_identify(/home/federico/dev_ws/src/ros_tutorials) by extension 'ros'
[0.493s] Level 1:colcon.colcon_core.package_identification:_identify(/home/federico/dev_ws/src/ros_tutorials) by extensions ['cmake', 'python']
[0.493s] Level 1:colcon.colcon_core.package_identification:_identify(/home/federico/dev_ws/src/ros_tutorials) by extension 'cmake'
[0.493s] Level 1:colcon.colcon_core.package_identification:_identify(/home/federico/dev_ws/src/ros_tutorials) by extension 'python'
[0.493s] Level 1:colcon.colcon_core.package_identification:_identify(/home/federico/dev_ws/src/ros_tutorials) by extensions ['python_setup_py']
[0.493s] Level 1:colcon.colcon_core.package_identification:_identify(/home/federico/dev_ws/src/ros_tutorials) by extension 'python_setup_py'
[0.493s] Level 1:colcon.colcon_core.package_identification:_identify(/home/federico/dev_ws/src/ros_tutorials/ros_tutorials) by extensions ['ignore', 'ignore_ament_install']
[0.493s] Level 1:colcon.colcon_core.package_identification:_identify(/home/federico/dev_ws/src/ros_tutorials/ros_tutorials) by extension 'ignore'
[0.493s] Level 1:colcon.colcon_core.package_identification:_identify(/home/federico/dev_ws/src/ros_tutorials/ros_tutorials) ignored
[0.493s] Level 1:colcon.colcon_core.package_identification:_identify(/home/federico/dev_ws/src/ros_tutorials/roscpp_tutorials) by extensions ['ignore', 'ignore_ament_install']
[0.493s] Level 1:colcon.colcon_core.package_identification:_identify(/home/federico/dev_ws/src/ros_tutorials/roscpp_tutorials) by extension 'ignore'
[0.493s] Level 1:colcon.colcon_core.package_identification:_identify(/home/federico/dev_ws/src/ros_tutorials/roscpp_tutorials) ignored
[0.493s] Level 1:colcon.colcon_core.package_identification:_identify(/home/federico/dev_ws/src/ros_tutorials/rospy_tutorials) by extensions ['ignore', 'ignore_ament_install']
[0.493s] Level 1:colcon.colcon_core.package_identification:_identify(/home/federico/dev_ws/src/ros_tutorials/rospy_tutorials) by extension 'ignore'
[0.494s] Level 1:colcon.colcon_core.package_identification:_identify(/home/federico/dev_ws/src/ros_tutorials/rospy_tutorials) ignored
[0.494s] Level 1:colcon.colcon_core.package_identification:_identify(/home/federico/dev_ws/src/ros_tutorials/turtlesim) by extensions ['ignore', 'ignore_ament_install']
[0.494s] Level 1:colcon.colcon_core.package_identification:_identify(/home/federico/dev_ws/src/ros_tutorials/turtlesim) by extension 'ignore'
[0.494s] Level 1:colcon.colcon_core.package_identification:_identify(/home/federico/dev_ws/src/ros_tutorials/turtlesim) by extension 'ignore_ament_install'
[0.494s] Level 1:colcon.colcon_core.package_identification:_identify(/home/federico/dev_ws/src/ros_tutorials/turtlesim) by extensions ['colcon_pkg']
[0.494s] Level 1:colcon.colcon_core.package_identification:_identify(/home/federico/dev_ws/src/ros_tutorials/turtlesim) by extension 'colcon_pkg'
[0.494s] Level 1:colcon.colcon_core.package_identification:_identify(/home/federico/dev_ws/src/ros_tutorials/turtlesim) by extensions ['colcon_meta']
[0.494s] Level 1:colcon.colcon_core.package_identification:_identify(/home/federico/dev_ws/src/ros_tutorials/turtlesim) by extension 'colcon_meta'
[0.494s] Level 1:colcon.colcon_core.package_identification:_identify(/home/federico/dev_ws/src/ros_tutorials/turtlesim) by extensions ['ros']
[0.494s] Level 1:colcon.colcon_core.package_identification:_identify(/home/federico/dev_ws/src/ros_tutorials/turtlesim) by extension 'ros'
[0.495s] DEBUG:colcon.colcon_core.package_identification:Package '/home/federico/dev_ws/src/ros_tutorials/turtlesim' with type 'ros.ament_cmake' and name 'turtlesim'
[0.495s] Level 1:colcon.colcon_core.package_identification:_identify(/home/federico/dev_ws/src/tutorial_interfaces) by extensions ['ignore', 'ignore_ament_install']
[0.495s] Level 1:colcon.colcon_core.package_identification:_identify(/home/federico/dev_ws/src/tutorial_interfaces) by extension 'ignore'
[0.495s] Level 1:colcon.colcon_core.package_identification:_identify(/home/federico/dev_ws/src/tutorial_interfaces) by extension 'ignore_ament_install'
[0.495s] Level 1:colcon.colcon_core.package_identification:_identify(/home/federico/dev_ws/src/tutorial_interfaces) by extensions ['colcon_pkg']
[0.495s] Level 1:colcon.colcon_core.package_identification:_identify(/home/federico/dev_ws/src/tutorial_interfaces) by extension 'colcon_pkg'
[0.495s] Level 1:colcon.colcon_core.package_identification:_identify(/home/federico/dev_ws/src/tutorial_interfaces) by extensions ['colcon_meta']
[0.495s] Level 1:colcon.colcon_core.package_identification:_identify(/home/federico/dev_ws/src/tutorial_interfaces) by extension 'colcon_meta'
[0.495s] Level 1:colcon.colcon_core.package_identification:_identify(/home/federico/dev_ws/src/tutorial_interfaces) by extensions ['ros']
[0.496s] Level 1:colcon.colcon_core.package_identification:_identify(/home/federico/dev_ws/src/tutorial_interfaces) by extension 'ros'
[0.496s] DEBUG:colcon.colcon_core.package_identification:Package '/home/federico/dev_ws/src/tutorial_interfaces' with type 'ros.ament_cmake' and name 'tutorial_interfaces'
[0.496s] Level 1:colcon.colcon_core.package_discovery:discover_packages(recursive) using defaults
