[0.021s] Invoking command in '/home/federico/dev_ws/src/build/more_interfaces': CMAKE_PREFIX_PATH=${CMAKE_PREFIX_PATH}:/home/federico/dev_ws/install/py_srvcli:/home/federico/dev_ws/install/py_pubsub:/home/federico/dev_ws/install/my_package:/opt/ros/galactic /usr/bin/cmake /home/federico/dev_ws/src/more_interfaces -DCMAKE_INSTALL_PREFIX=/home/federico/dev_ws/src/install/more_interfaces
[0.102s] -- The C compiler identification is GNU 9.4.0
[0.182s] -- The CXX compiler identification is GNU 9.4.0
[0.189s] -- Check for working C compiler: /usr/bin/cc
[0.287s] -- Check for working C compiler: /usr/bin/cc -- works
[0.288s] -- Detecting C compiler ABI info
[0.386s] -- Detecting C compiler ABI info - done
[0.404s] -- Detecting C compile features
[0.404s] -- Detecting C compile features - done
[0.408s] -- Check for working CXX compiler: /usr/bin/c++
[0.520s] -- Check for working CXX compiler: /usr/bin/c++ -- works
[0.521s] -- Detecting CXX compiler ABI info
[0.632s] -- Detecting CXX compiler ABI info - done
[0.650s] -- Detecting CXX compile features
[0.651s] -- Detecting CXX compile features - done
[0.654s] -- Found ament_cmake: 1.1.5 (/opt/ros/galactic/share/ament_cmake/cmake)
[0.692s] -- Found PythonInterp: /usr/bin/python3 (found suitable version "3.8.10", minimum required is "3") 
[0.693s] -- Using PYTHON_EXECUTABLE: /usr/bin/python3
[0.817s] -- Found rosidl_default_generators: 1.1.1 (/opt/ros/galactic/share/rosidl_default_generators/cmake)
[0.823s] -- Using all available rosidl_typesupport_c: rosidl_typesupport_fastrtps_c;rosidl_typesupport_introspection_c
[0.834s] -- Found rosidl_adapter: 2.2.1 (/opt/ros/galactic/share/rosidl_adapter/cmake)
[0.981s] -- Found OpenSSL: /usr/lib/x86_64-linux-gnu/libcrypto.so (found version "1.1.1f")  
[1.025s] -- Found FastRTPS: /opt/ros/galactic/include  
[1.148s] -- Using all available rosidl_typesupport_cpp: rosidl_typesupport_fastrtps_cpp;rosidl_typesupport_introspection_cpp
[1.194s] -- Found rclcpp: 9.2.0 (/opt/ros/galactic/share/rclcpp/cmake)
[1.383s] -- Found rmw_implementation_cmake: 3.3.1 (/opt/ros/galactic/share/rmw_implementation_cmake/cmake)
[1.393s] -- Found rmw_cyclonedds_cpp: 0.22.4 (/opt/ros/galactic/share/rmw_cyclonedds_cpp/cmake)
[1.437s] -- Using RMW implementation 'rmw_cyclonedds_cpp' as default
[1.441s] -- Looking for pthread.h
[1.547s] -- Looking for pthread.h - found
[1.547s] -- Performing Test CMAKE_HAVE_LIBC_PTHREAD
[1.666s] -- Performing Test CMAKE_HAVE_LIBC_PTHREAD - Failed
[1.666s] -- Looking for pthread_create in pthreads
[1.752s] -- Looking for pthread_create in pthreads - not found
[1.752s] -- Looking for pthread_create in pthread
[1.850s] -- Looking for pthread_create in pthread - found
[1.852s] -- Found Threads: TRUE  
[2.170s] -- Found PythonInterp: /usr/bin/python3 (found version "3.8.10") 
[2.352s] -- Found ament_cmake_ros: 0.9.2 (/opt/ros/galactic/share/ament_cmake_ros/cmake)
[2.504s] -- Using all available rosidl_typesupport_c: rosidl_typesupport_fastrtps_c;rosidl_typesupport_introspection_c
[2.517s] -- Using all available rosidl_typesupport_cpp: rosidl_typesupport_fastrtps_cpp;rosidl_typesupport_introspection_cpp
[2.554s] -- Found PythonInterp: /usr/bin/python3 (found suitable version "3.8.10", minimum required is "3.5") 
[2.556s] -- Found python_cmake_module: 0.8.1 (/opt/ros/galactic/share/python_cmake_module/cmake)
[2.598s] -- Found PythonLibs: /usr/lib/x86_64-linux-gnu/libpython3.8.so (found suitable version "3.8.10", minimum required is "3.5") 
[2.598s] -- Using PYTHON_EXECUTABLE: /usr/bin/python3
[2.598s] -- Using PYTHON_INCLUDE_DIRS: /usr/include/python3.8
[2.598s] -- Using PYTHON_LIBRARIES: /usr/lib/x86_64-linux-gnu/libpython3.8.so
[2.632s] -- Found PythonExtra: .so  
[3.054s] CMake Error at /opt/ros/galactic/share/rosidl_cmake/cmake/rosidl_target_interfaces.cmake:37 (message):
[3.054s]   rosidl_target_interfaces() the first argument 'publish_address_book' must
[3.054s]   be a valid target name
[3.054s] Call Stack (most recent call first):
[3.054s]   CMakeLists.txt:25 (rosidl_target_interfaces)
[3.054s] 
[3.055s] 
[3.057s] -- Configuring incomplete, errors occurred!
[3.057s] See also "/home/federico/dev_ws/src/build/more_interfaces/CMakeFiles/CMakeOutput.log".
[3.058s] See also "/home/federico/dev_ws/src/build/more_interfaces/CMakeFiles/CMakeError.log".
[3.069s] Invoked command in '/home/federico/dev_ws/src/build/more_interfaces' returned '1': CMAKE_PREFIX_PATH=${CMAKE_PREFIX_PATH}:/home/federico/dev_ws/install/py_srvcli:/home/federico/dev_ws/install/py_pubsub:/home/federico/dev_ws/install/my_package:/opt/ros/galactic /usr/bin/cmake /home/federico/dev_ws/src/more_interfaces -DCMAKE_INSTALL_PREFIX=/home/federico/dev_ws/src/install/more_interfaces
