[0.011s] Invoking command in '/home/federico/dev_ws/build/my_package': CMAKE_PREFIX_PATH=/opt/ros/galactic /usr/bin/cmake /home/federico/dev_ws/src/my_package -DAMENT_CMAKE_SYMLINK_INSTALL=1 -DCMAKE_INSTALL_PREFIX=/home/federico/dev_ws/install/my_package
[0.056s] -- The C compiler identification is GNU 9.4.0
[0.099s] -- The CXX compiler identification is GNU 9.4.0
[0.103s] -- Check for working C compiler: /usr/bin/cc
[0.160s] -- Check for working C compiler: /usr/bin/cc -- works
[0.160s] -- Detecting C compiler ABI info
[0.216s] -- Detecting C compiler ABI info - done
[0.226s] -- Detecting C compile features
[0.226s] -- Detecting C compile features - done
[0.228s] -- Check for working CXX compiler: /usr/bin/c++
[0.302s] -- Check for working CXX compiler: /usr/bin/c++ -- works
[0.304s] -- Detecting CXX compiler ABI info
[0.379s] -- Detecting CXX compiler ABI info - done
[0.390s] -- Detecting CXX compile features
[0.391s] -- Detecting CXX compile features - done
[0.393s] -- Found ament_cmake: 1.1.5 (/opt/ros/galactic/share/ament_cmake/cmake)
[0.413s] -- Found PythonInterp: /usr/bin/python3 (found suitable version "3.8.10", minimum required is "3") 
[0.413s] -- Using PYTHON_EXECUTABLE: /usr/bin/python3
[0.461s] -- Override CMake install command with custom implementation using symlinks instead of copying resources
[0.478s] -- Found rclcpp: 9.2.0 (/opt/ros/galactic/share/rclcpp/cmake)
[0.517s] -- Using all available rosidl_typesupport_c: rosidl_typesupport_fastrtps_c;rosidl_typesupport_introspection_c
[0.523s] -- Found rosidl_adapter: 2.2.1 (/opt/ros/galactic/share/rosidl_adapter/cmake)
[0.607s] -- Found OpenSSL: /usr/lib/x86_64-linux-gnu/libcrypto.so (found version "1.1.1f")  
[0.633s] -- Found FastRTPS: /opt/ros/galactic/include  
[0.704s] -- Using all available rosidl_typesupport_cpp: rosidl_typesupport_fastrtps_cpp;rosidl_typesupport_introspection_cpp
[0.758s] -- Found rmw_implementation_cmake: 3.3.1 (/opt/ros/galactic/share/rmw_implementation_cmake/cmake)
[0.760s] -- Found rmw_cyclonedds_cpp: 0.22.4 (/opt/ros/galactic/share/rmw_cyclonedds_cpp/cmake)
[0.778s] -- Using RMW implementation 'rmw_cyclonedds_cpp' as default
[0.778s] -- Looking for pthread.h
[0.837s] -- Looking for pthread.h - found
[0.837s] -- Performing Test CMAKE_HAVE_LIBC_PTHREAD
[0.897s] -- Performing Test CMAKE_HAVE_LIBC_PTHREAD - Failed
[0.897s] -- Looking for pthread_create in pthreads
[0.944s] -- Looking for pthread_create in pthreads - not found
[0.944s] -- Looking for pthread_create in pthread
[1.009s] -- Looking for pthread_create in pthread - found
[1.011s] -- Found Threads: TRUE  
[1.156s] -- Found ament_lint_auto: 0.10.6 (/opt/ros/galactic/share/ament_lint_auto/cmake)
[1.226s] -- Added test 'copyright' to check source files copyright and LICENSE
[1.228s] -- Added test 'flake8' to check Python code syntax and style conventions
[1.229s] -- Added test 'lint_cmake' to check CMake code style
[1.230s] -- Added test 'pep257' to check Python code against some of the style conventions in PEP 257
[1.231s] -- Added test 'xmllint' to check XML markup files
[1.235s] -- Configuring done
[1.238s] -- Generating done
[1.240s] -- Build files have been written to: /home/federico/dev_ws/build/my_package
[1.248s] Invoked command in '/home/federico/dev_ws/build/my_package' returned '0': CMAKE_PREFIX_PATH=/opt/ros/galactic /usr/bin/cmake /home/federico/dev_ws/src/my_package -DAMENT_CMAKE_SYMLINK_INSTALL=1 -DCMAKE_INSTALL_PREFIX=/home/federico/dev_ws/install/my_package
[1.251s] Invoking command in '/home/federico/dev_ws/build/my_package': CMAKE_PREFIX_PATH=/opt/ros/galactic /usr/bin/cmake --build /home/federico/dev_ws/build/my_package -- -j12 -l12
[1.290s] Invoked command in '/home/federico/dev_ws/build/my_package' returned '0': CMAKE_PREFIX_PATH=/opt/ros/galactic /usr/bin/cmake --build /home/federico/dev_ws/build/my_package -- -j12 -l12
[1.318s] Invoking command in '/home/federico/dev_ws/build/my_package': CMAKE_PREFIX_PATH=/opt/ros/galactic /usr/bin/cmake --install /home/federico/dev_ws/build/my_package
[1.328s] -- Install configuration: ""
[1.328s] -- Execute custom install script
[1.328s] -- Symlinking: /home/federico/dev_ws/install/my_package/share/my_package//launch/dolly_launch.py
[1.337s] -- Symlinking: /home/federico/dev_ws/install/my_package/share/ament_index/resource_index/package_run_dependencies/my_package
[1.345s] -- Symlinking: /home/federico/dev_ws/install/my_package/share/ament_index/resource_index/parent_prefix_path/my_package
[1.354s] -- Symlinking: /home/federico/dev_ws/install/my_package/share/my_package/environment/ament_prefix_path.sh
[1.362s] -- Symlinking: /home/federico/dev_ws/install/my_package/share/my_package/environment/ament_prefix_path.dsv
[1.371s] -- Symlinking: /home/federico/dev_ws/install/my_package/share/my_package/environment/path.sh
[1.380s] -- Symlinking: /home/federico/dev_ws/install/my_package/share/my_package/environment/path.dsv
[1.390s] -- Symlinking: /home/federico/dev_ws/install/my_package/share/my_package/local_setup.bash
[1.398s] -- Symlinking: /home/federico/dev_ws/install/my_package/share/my_package/local_setup.sh
[1.407s] -- Symlinking: /home/federico/dev_ws/install/my_package/share/my_package/local_setup.zsh
[1.414s] -- Symlinking: /home/federico/dev_ws/install/my_package/share/my_package/local_setup.dsv
[1.422s] -- Symlinking: /home/federico/dev_ws/install/my_package/share/my_package/package.dsv
[1.430s] -- Symlinking: /home/federico/dev_ws/install/my_package/share/ament_index/resource_index/packages/my_package
[1.438s] -- Symlinking: /home/federico/dev_ws/install/my_package/share/my_package/cmake/my_packageConfig.cmake
[1.445s] -- Symlinking: /home/federico/dev_ws/install/my_package/share/my_package/cmake/my_packageConfig-version.cmake
[1.453s] -- Symlinking: /home/federico/dev_ws/install/my_package/share/my_package/package.xml
[1.462s] Invoked command in '/home/federico/dev_ws/build/my_package' returned '0': CMAKE_PREFIX_PATH=/opt/ros/galactic /usr/bin/cmake --install /home/federico/dev_ws/build/my_package
