[0.013s] Invoking command in '/home/federico/dev_ws/build/dolly': AMENT_PREFIX_PATH=/home/federico/dev_ws/install/dolly_gazebo:/home/federico/dev_ws/install/dolly_follow:${AMENT_PREFIX_PATH} CMAKE_PREFIX_PATH=/home/federico/dev_ws/install/dolly_gazebo:/home/federico/dev_ws/install/dolly_follow:/opt/ros/galactic GAZEBO_MODEL_PATH=/home/federico/dev_ws/install/dolly_gazebo/share/dolly_gazebo/models:${GAZEBO_MODEL_PATH} GAZEBO_RESOURCE_PATH=/home/federico/dev_ws/install/dolly_gazebo/share/dolly_gazebo/worlds:${GAZEBO_RESOURCE_PATH} /usr/bin/cmake --build /home/federico/dev_ws/build/dolly -- -j12 -l12
[0.056s] Invoked command in '/home/federico/dev_ws/build/dolly' returned '0': AMENT_PREFIX_PATH=/home/federico/dev_ws/install/dolly_gazebo:/home/federico/dev_ws/install/dolly_follow:${AMENT_PREFIX_PATH} CMAKE_PREFIX_PATH=/home/federico/dev_ws/install/dolly_gazebo:/home/federico/dev_ws/install/dolly_follow:/opt/ros/galactic GAZEBO_MODEL_PATH=/home/federico/dev_ws/install/dolly_gazebo/share/dolly_gazebo/models:${GAZEBO_MODEL_PATH} GAZEBO_RESOURCE_PATH=/home/federico/dev_ws/install/dolly_gazebo/share/dolly_gazebo/worlds:${GAZEBO_RESOURCE_PATH} /usr/bin/cmake --build /home/federico/dev_ws/build/dolly -- -j12 -l12
[0.078s] Invoking command in '/home/federico/dev_ws/build/dolly': AMENT_PREFIX_PATH=/home/federico/dev_ws/install/dolly_gazebo:/home/federico/dev_ws/install/dolly_follow:${AMENT_PREFIX_PATH} CMAKE_PREFIX_PATH=/home/federico/dev_ws/install/dolly_gazebo:/home/federico/dev_ws/install/dolly_follow:/opt/ros/galactic GAZEBO_MODEL_PATH=/home/federico/dev_ws/install/dolly_gazebo/share/dolly_gazebo/models:${GAZEBO_MODEL_PATH} GAZEBO_RESOURCE_PATH=/home/federico/dev_ws/install/dolly_gazebo/share/dolly_gazebo/worlds:${GAZEBO_RESOURCE_PATH} /usr/bin/cmake --install /home/federico/dev_ws/build/dolly
[0.088s] -- Install configuration: ""
[0.088s] -- Execute custom install script
[0.090s] -- Up-to-date symlink: /home/federico/dev_ws/install/dolly/share/ament_index/resource_index/package_run_dependencies/dolly
[0.090s] -- Up-to-date symlink: /home/federico/dev_ws/install/dolly/share/ament_index/resource_index/parent_prefix_path/dolly
[0.091s] -- Up-to-date symlink: /home/federico/dev_ws/install/dolly/share/dolly/environment/ament_prefix_path.sh
[0.091s] -- Up-to-date symlink: /home/federico/dev_ws/install/dolly/share/dolly/environment/ament_prefix_path.dsv
[0.092s] -- Up-to-date symlink: /home/federico/dev_ws/install/dolly/share/dolly/environment/path.sh
[0.092s] -- Up-to-date symlink: /home/federico/dev_ws/install/dolly/share/dolly/environment/path.dsv
[0.093s] -- Up-to-date symlink: /home/federico/dev_ws/install/dolly/share/dolly/local_setup.bash
[0.093s] -- Up-to-date symlink: /home/federico/dev_ws/install/dolly/share/dolly/local_setup.sh
[0.093s] -- Up-to-date symlink: /home/federico/dev_ws/install/dolly/share/dolly/local_setup.zsh
[0.094s] -- Up-to-date symlink: /home/federico/dev_ws/install/dolly/share/dolly/local_setup.dsv
[0.094s] -- Symlinking: /home/federico/dev_ws/install/dolly/share/dolly/package.dsv
[0.105s] -- Up-to-date symlink: /home/federico/dev_ws/install/dolly/share/ament_index/resource_index/packages/dolly
[0.105s] -- Up-to-date symlink: /home/federico/dev_ws/install/dolly/share/dolly/cmake/dollyConfig.cmake
[0.106s] -- Up-to-date symlink: /home/federico/dev_ws/install/dolly/share/dolly/cmake/dollyConfig-version.cmake
[0.106s] -- Up-to-date symlink: /home/federico/dev_ws/install/dolly/share/dolly/package.xml
[0.111s] Invoked command in '/home/federico/dev_ws/build/dolly' returned '0': AMENT_PREFIX_PATH=/home/federico/dev_ws/install/dolly_gazebo:/home/federico/dev_ws/install/dolly_follow:${AMENT_PREFIX_PATH} CMAKE_PREFIX_PATH=/home/federico/dev_ws/install/dolly_gazebo:/home/federico/dev_ws/install/dolly_follow:/opt/ros/galactic GAZEBO_MODEL_PATH=/home/federico/dev_ws/install/dolly_gazebo/share/dolly_gazebo/models:${GAZEBO_MODEL_PATH} GAZEBO_RESOURCE_PATH=/home/federico/dev_ws/install/dolly_gazebo/share/dolly_gazebo/worlds:${GAZEBO_RESOURCE_PATH} /usr/bin/cmake --install /home/federico/dev_ws/build/dolly
