[5.185s] Invoking command in '/home/federico/dev_ws/build/py_srvcli': LD_LIBRARY_PATH=/home/federico/dev_ws/install/tutorial_interfaces/lib:/home/federico/dev_ws/install/turtlesim/lib:/home/federico/dev_ws/install/more_interfaces/lib:/usr/lib/x86_64-linux-gnu/gazebo-11/plugins:/opt/ros/galactic/opt/yaml_cpp_vendor/lib:/opt/ros/galactic/opt/rviz_ogre_vendor/lib:/opt/ros/galactic/lib/x86_64-linux-gnu:/opt/ros/galactic/lib:/usr/lib/x86_64-linux-gnu/gazebo-11/plugins PYTHONPATH=/home/federico/dev_ws/install/py_srvcli/lib/python3.8/site-packages:/home/federico/dev_ws/install/tutorial_interfaces/lib/python3.8/site-packages:/home/federico/dev_ws/install/py_srvcli/lib/python3.8/site-packages:/home/federico/dev_ws/install/py_pubsub/lib/python3.8/site-packages:/home/federico/dev_ws/install/turtlesim/lib/python3.8/site-packages:/home/federico/dev_ws/install/python_parameters/lib/python3.8/site-packages:/home/federico/dev_ws/install/my_package/lib/python3.8/site-packages:/home/federico/dev_ws/install/more_interfaces/lib/python3.8/site-packages:/opt/ros/galactic/lib/python3.8/site-packages /usr/bin/python3 setup.py develop --prefix /home/federico/dev_ws/install/py_srvcli --uninstall --editable --build-directory /home/federico/dev_ws/build/py_srvcli/build
[6.737s] running develop
[6.737s] /home/federico/.local/lib/python3.8/site-packages/setuptools/command/easy_install.py:144: EasyInstallDeprecationWarning: easy_install command is deprecated. Use build and pip and other standards-based tools.
[6.738s]   warnings.warn(
[7.042s] /home/federico/.local/lib/python3.8/site-packages/setuptools/command/install.py:34: SetuptoolsDeprecationWarning: setup.py install is deprecated. Use build and pip and other standards-based tools.
[7.042s]   warnings.warn(
[7.484s] /home/federico/.local/lib/python3.8/site-packages/pkg_resources/__init__.py:123: PkgResourcesDeprecationWarning: 0.1.36ubuntu1 is an invalid version and will not be supported in a future release
[7.485s]   warnings.warn(
[7.485s] /home/federico/.local/lib/python3.8/site-packages/pkg_resources/__init__.py:123: PkgResourcesDeprecationWarning: 0.23ubuntu1 is an invalid version and will not be supported in a future release
[7.485s]   warnings.warn(
[7.801s] Invoked command in '/home/federico/dev_ws/build/py_srvcli' returned '0': LD_LIBRARY_PATH=/home/federico/dev_ws/install/tutorial_interfaces/lib:/home/federico/dev_ws/install/turtlesim/lib:/home/federico/dev_ws/install/more_interfaces/lib:/usr/lib/x86_64-linux-gnu/gazebo-11/plugins:/opt/ros/galactic/opt/yaml_cpp_vendor/lib:/opt/ros/galactic/opt/rviz_ogre_vendor/lib:/opt/ros/galactic/lib/x86_64-linux-gnu:/opt/ros/galactic/lib:/usr/lib/x86_64-linux-gnu/gazebo-11/plugins PYTHONPATH=/home/federico/dev_ws/install/py_srvcli/lib/python3.8/site-packages:/home/federico/dev_ws/install/tutorial_interfaces/lib/python3.8/site-packages:/home/federico/dev_ws/install/py_srvcli/lib/python3.8/site-packages:/home/federico/dev_ws/install/py_pubsub/lib/python3.8/site-packages:/home/federico/dev_ws/install/turtlesim/lib/python3.8/site-packages:/home/federico/dev_ws/install/python_parameters/lib/python3.8/site-packages:/home/federico/dev_ws/install/my_package/lib/python3.8/site-packages:/home/federico/dev_ws/install/more_interfaces/lib/python3.8/site-packages:/opt/ros/galactic/lib/python3.8/site-packages /usr/bin/python3 setup.py develop --prefix /home/federico/dev_ws/install/py_srvcli --uninstall --editable --build-directory /home/federico/dev_ws/build/py_srvcli/build
[7.803s] Invoking command in '/home/federico/dev_ws/src/py_srvcli': LD_LIBRARY_PATH=/home/federico/dev_ws/install/tutorial_interfaces/lib:/home/federico/dev_ws/install/turtlesim/lib:/home/federico/dev_ws/install/more_interfaces/lib:/usr/lib/x86_64-linux-gnu/gazebo-11/plugins:/opt/ros/galactic/opt/yaml_cpp_vendor/lib:/opt/ros/galactic/opt/rviz_ogre_vendor/lib:/opt/ros/galactic/lib/x86_64-linux-gnu:/opt/ros/galactic/lib:/usr/lib/x86_64-linux-gnu/gazebo-11/plugins PYTHONPATH=/home/federico/dev_ws/install/py_srvcli/lib/python3.8/site-packages:/home/federico/dev_ws/install/tutorial_interfaces/lib/python3.8/site-packages:/home/federico/dev_ws/install/py_srvcli/lib/python3.8/site-packages:/home/federico/dev_ws/install/py_pubsub/lib/python3.8/site-packages:/home/federico/dev_ws/install/turtlesim/lib/python3.8/site-packages:/home/federico/dev_ws/install/python_parameters/lib/python3.8/site-packages:/home/federico/dev_ws/install/my_package/lib/python3.8/site-packages:/home/federico/dev_ws/install/more_interfaces/lib/python3.8/site-packages:/opt/ros/galactic/lib/python3.8/site-packages /usr/bin/python3 setup.py egg_info --egg-base ../../build/py_srvcli build --build-base /home/federico/dev_ws/build/py_srvcli/build install --prefix /home/federico/dev_ws/install/py_srvcli --record /home/federico/dev_ws/build/py_srvcli/install.log --single-version-externally-managed
[9.713s] running egg_info
[9.861s] writing ../../build/py_srvcli/py_srvcli.egg-info/PKG-INFO
[9.986s] writing dependency_links to ../../build/py_srvcli/py_srvcli.egg-info/dependency_links.txt
[10.367s] writing entry points to ../../build/py_srvcli/py_srvcli.egg-info/entry_points.txt
[10.655s] writing requirements to ../../build/py_srvcli/py_srvcli.egg-info/requires.txt
[10.791s] writing top-level names to ../../build/py_srvcli/py_srvcli.egg-info/top_level.txt
[10.964s] reading manifest file '../../build/py_srvcli/py_srvcli.egg-info/SOURCES.txt'
[10.967s] writing manifest file '../../build/py_srvcli/py_srvcli.egg-info/SOURCES.txt'
[10.967s] running build
[10.967s] running build_py
[10.968s] running install
[10.968s] /home/federico/.local/lib/python3.8/site-packages/setuptools/command/install.py:34: SetuptoolsDeprecationWarning: setup.py install is deprecated. Use build and pip and other standards-based tools.
[10.969s]   warnings.warn(
[10.980s] running install_lib
[11.138s] running install_data
[11.164s] running install_egg_info
[11.325s] removing '/home/federico/dev_ws/install/py_srvcli/lib/python3.8/site-packages/py_srvcli-0.0.0-py3.8.egg-info' (and everything under it)
[11.349s] Copying ../../build/py_srvcli/py_srvcli.egg-info to /home/federico/dev_ws/install/py_srvcli/lib/python3.8/site-packages/py_srvcli-0.0.0-py3.8.egg-info
[11.349s] running install_scripts
[11.664s] Installing client script to /home/federico/dev_ws/install/py_srvcli/lib/py_srvcli
[11.665s] Installing service script to /home/federico/dev_ws/install/py_srvcli/lib/py_srvcli
[11.667s] writing list of installed files to '/home/federico/dev_ws/build/py_srvcli/install.log'
[11.818s] Invoked command in '/home/federico/dev_ws/src/py_srvcli' returned '0': LD_LIBRARY_PATH=/home/federico/dev_ws/install/tutorial_interfaces/lib:/home/federico/dev_ws/install/turtlesim/lib:/home/federico/dev_ws/install/more_interfaces/lib:/usr/lib/x86_64-linux-gnu/gazebo-11/plugins:/opt/ros/galactic/opt/yaml_cpp_vendor/lib:/opt/ros/galactic/opt/rviz_ogre_vendor/lib:/opt/ros/galactic/lib/x86_64-linux-gnu:/opt/ros/galactic/lib:/usr/lib/x86_64-linux-gnu/gazebo-11/plugins PYTHONPATH=/home/federico/dev_ws/install/py_srvcli/lib/python3.8/site-packages:/home/federico/dev_ws/install/tutorial_interfaces/lib/python3.8/site-packages:/home/federico/dev_ws/install/py_srvcli/lib/python3.8/site-packages:/home/federico/dev_ws/install/py_pubsub/lib/python3.8/site-packages:/home/federico/dev_ws/install/turtlesim/lib/python3.8/site-packages:/home/federico/dev_ws/install/python_parameters/lib/python3.8/site-packages:/home/federico/dev_ws/install/my_package/lib/python3.8/site-packages:/home/federico/dev_ws/install/more_interfaces/lib/python3.8/site-packages:/opt/ros/galactic/lib/python3.8/site-packages /usr/bin/python3 setup.py egg_info --egg-base ../../build/py_srvcli build --build-base /home/federico/dev_ws/build/py_srvcli/build install --prefix /home/federico/dev_ws/install/py_srvcli --record /home/federico/dev_ws/build/py_srvcli/install.log --single-version-externally-managed
