[2.628s] Invoking command in '/home/federico/dev_ws/build/my_package': PYTHONPATH=/home/federico/dev_ws/install/my_package/lib/python3.8/site-packages:${PYTHONPATH} /usr/bin/python3 setup.py develop --prefix /home/federico/dev_ws/install/my_package --editable --build-directory /home/federico/dev_ws/build/my_package/build --no-deps install_data --install-dir /home/federico/dev_ws/install/my_package
[3.711s] running develop
[3.712s] /home/federico/.local/lib/python3.8/site-packages/setuptools/command/easy_install.py:144: EasyInstallDeprecationWarning: easy_install command is deprecated. Use build and pip and other standards-based tools.
[3.713s]   warnings.warn(
[3.883s] /home/federico/.local/lib/python3.8/site-packages/setuptools/command/install.py:34: SetuptoolsDeprecationWarning: setup.py install is deprecated. Use build and pip and other standards-based tools.
[3.884s]   warnings.warn(
[4.175s] /home/federico/.local/lib/python3.8/site-packages/pkg_resources/__init__.py:123: PkgResourcesDeprecationWarning: 0.1.36ubuntu1 is an invalid version and will not be supported in a future release
[4.176s]   warnings.warn(
[4.178s] /home/federico/.local/lib/python3.8/site-packages/pkg_resources/__init__.py:123: PkgResourcesDeprecationWarning: 0.23ubuntu1 is an invalid version and will not be supported in a future release
[4.179s]   warnings.warn(
[4.293s] running egg_info
[4.395s] writing my_package.egg-info/PKG-INFO
[4.483s] writing dependency_links to my_package.egg-info/dependency_links.txt
[4.710s] writing entry points to my_package.egg-info/entry_points.txt
[4.852s] writing requirements to my_package.egg-info/requires.txt
[4.919s] writing top-level names to my_package.egg-info/top_level.txt
[5.028s] reading manifest file 'my_package.egg-info/SOURCES.txt'
[5.029s] writing manifest file 'my_package.egg-info/SOURCES.txt'
[5.178s] running build_ext
[5.178s] Creating /home/federico/dev_ws/install/my_package/lib/python3.8/site-packages/my-package.egg-link (link to .)
[5.179s] Installing reading_laser script to /home/federico/dev_ws/install/my_package/lib/my_package
[5.179s] 
[5.180s] Installed /home/federico/dev_ws/build/my_package
[5.180s] running install_data
[5.269s] Invoked command in '/home/federico/dev_ws/build/my_package' returned '0': PYTHONPATH=/home/federico/dev_ws/install/my_package/lib/python3.8/site-packages:${PYTHONPATH} /usr/bin/python3 setup.py develop --prefix /home/federico/dev_ws/install/my_package --editable --build-directory /home/federico/dev_ws/build/my_package/build --no-deps install_data --install-dir /home/federico/dev_ws/install/my_package
