[2.670s] Invoking command in '/home/federico/dev_ws/build/my_package': PYTHONPATH=/home/federico/dev_ws/install/my_package/lib/python3.8/site-packages:${PYTHONPATH} /usr/bin/python3 setup.py develop --prefix /home/federico/dev_ws/install/my_package --editable --build-directory /home/federico/dev_ws/build/my_package/build --no-deps install_data --install-dir /home/federico/dev_ws/install/my_package
[3.732s] running develop
[3.732s] /home/federico/.local/lib/python3.8/site-packages/setuptools/command/easy_install.py:144: EasyInstallDeprecationWarning: easy_install command is deprecated. Use build and pip and other standards-based tools.
[3.732s]   warnings.warn(
[3.897s] /home/federico/.local/lib/python3.8/site-packages/setuptools/command/install.py:34: SetuptoolsDeprecationWarning: setup.py install is deprecated. Use build and pip and other standards-based tools.
[3.897s]   warnings.warn(
[4.185s] /home/federico/.local/lib/python3.8/site-packages/pkg_resources/__init__.py:123: PkgResourcesDeprecationWarning: 0.1.36ubuntu1 is an invalid version and will not be supported in a future release
[4.185s]   warnings.warn(
[4.185s] /home/federico/.local/lib/python3.8/site-packages/pkg_resources/__init__.py:123: PkgResourcesDeprecationWarning: 0.23ubuntu1 is an invalid version and will not be supported in a future release
[4.185s]   warnings.warn(
[4.309s] running egg_info
[4.405s] writing my_package.egg-info/PKG-INFO
[4.473s] writing dependency_links to my_package.egg-info/dependency_links.txt
[4.683s] writing entry points to my_package.egg-info/entry_points.txt
[4.815s] writing requirements to my_package.egg-info/requires.txt
[4.886s] writing top-level names to my_package.egg-info/top_level.txt
[4.993s] reading manifest file 'my_package.egg-info/SOURCES.txt'
[4.995s] writing manifest file 'my_package.egg-info/SOURCES.txt'
[5.137s] running build_ext
[5.138s] Creating /home/federico/dev_ws/install/my_package/lib/python3.8/site-packages/my-package.egg-link (link to .)
[5.139s] Installing reading_laser script to /home/federico/dev_ws/install/my_package/lib/my_package
[5.139s] 
[5.139s] Installed /home/federico/dev_ws/build/my_package
[5.139s] running install_data
[5.228s] Invoked command in '/home/federico/dev_ws/build/my_package' returned '0': PYTHONPATH=/home/federico/dev_ws/install/my_package/lib/python3.8/site-packages:${PYTHONPATH} /usr/bin/python3 setup.py develop --prefix /home/federico/dev_ws/install/my_package --editable --build-directory /home/federico/dev_ws/build/my_package/build --no-deps install_data --install-dir /home/federico/dev_ws/install/my_package
