[1.503s] Invoking command in '/home/federico/dev_ws/build/my_package': PYTHONPATH=/home/federico/dev_ws/install/my_package/lib/python3.8/site-packages:${PYTHONPATH} /usr/bin/python3 setup.py develop --prefix /home/federico/dev_ws/install/my_package --uninstall --editable --build-directory /home/federico/dev_ws/build/my_package/build
[2.160s] running develop
[2.160s] /home/federico/.local/lib/python3.8/site-packages/setuptools/command/easy_install.py:144: EasyInstallDeprecationWarning: easy_install command is deprecated. Use build and pip and other standards-based tools.
[2.160s]   warnings.warn(
[2.272s] /home/federico/.local/lib/python3.8/site-packages/setuptools/command/install.py:34: SetuptoolsDeprecationWarning: setup.py install is deprecated. Use build and pip and other standards-based tools.
[2.273s]   warnings.warn(
[2.436s] /home/federico/.local/lib/python3.8/site-packages/pkg_resources/__init__.py:123: PkgResourcesDeprecationWarning: 0.1.36ubuntu1 is an invalid version and will not be supported in a future release
[2.437s]   warnings.warn(
[2.437s] /home/federico/.local/lib/python3.8/site-packages/pkg_resources/__init__.py:123: PkgResourcesDeprecationWarning: 0.23ubuntu1 is an invalid version and will not be supported in a future release
[2.437s]   warnings.warn(
[2.545s] Invoked command in '/home/federico/dev_ws/build/my_package' returned '0': PYTHONPATH=/home/federico/dev_ws/install/my_package/lib/python3.8/site-packages:${PYTHONPATH} /usr/bin/python3 setup.py develop --prefix /home/federico/dev_ws/install/my_package --uninstall --editable --build-directory /home/federico/dev_ws/build/my_package/build
[2.546s] Invoking command in '/home/federico/dev_ws/src/my_package': PYTHONPATH=/home/federico/dev_ws/install/my_package/lib/python3.8/site-packages:${PYTHONPATH} /usr/bin/python3 setup.py egg_info --egg-base ../../build/my_package build --build-base /home/federico/dev_ws/build/my_package/build install --prefix /home/federico/dev_ws/install/my_package --record /home/federico/dev_ws/build/my_package/install.log --single-version-externally-managed
[3.249s] running egg_info
[3.302s] writing ../../build/my_package/my_package.egg-info/PKG-INFO
[3.343s] writing dependency_links to ../../build/my_package/my_package.egg-info/dependency_links.txt
[3.467s] writing entry points to ../../build/my_package/my_package.egg-info/entry_points.txt
[3.549s] writing requirements to ../../build/my_package/my_package.egg-info/requires.txt
[3.590s] writing top-level names to ../../build/my_package/my_package.egg-info/top_level.txt
[3.661s] reading manifest file '../../build/my_package/my_package.egg-info/SOURCES.txt'
[3.662s] writing manifest file '../../build/my_package/my_package.egg-info/SOURCES.txt'
[3.662s] running build
[3.662s] running build_py
[3.662s] running install
[3.662s] /home/federico/.local/lib/python3.8/site-packages/setuptools/command/install.py:34: SetuptoolsDeprecationWarning: setup.py install is deprecated. Use build and pip and other standards-based tools.
[3.663s]   warnings.warn(
[3.667s] running install_lib
[3.720s] running install_data
[3.731s] running install_egg_info
[3.785s] removing '/home/federico/dev_ws/install/my_package/lib/python3.8/site-packages/my_package-0.0.0-py3.8.egg-info' (and everything under it)
[3.785s] Copying ../../build/my_package/my_package.egg-info to /home/federico/dev_ws/install/my_package/lib/python3.8/site-packages/my_package-0.0.0-py3.8.egg-info
[3.786s] running install_scripts
[3.886s] Installing my_node script to /home/federico/dev_ws/install/my_package/lib/my_package
[3.886s] writing list of installed files to '/home/federico/dev_ws/build/my_package/install.log'
[3.910s] Invoked command in '/home/federico/dev_ws/src/my_package' returned '0': PYTHONPATH=/home/federico/dev_ws/install/my_package/lib/python3.8/site-packages:${PYTHONPATH} /usr/bin/python3 setup.py egg_info --egg-base ../../build/my_package build --build-base /home/federico/dev_ws/build/my_package/build install --prefix /home/federico/dev_ws/install/my_package --record /home/federico/dev_ws/build/my_package/install.log --single-version-externally-managed
