[0.046s] Invoking command in '/home/federico/dev_ws/build/dolly_gazebo': AMENT_PREFIX_PATH=/home/federico/dev_ws/install/dolly_follow:${AMENT_PREFIX_PATH} CMAKE_PREFIX_PATH=/home/federico/dev_ws/install/dolly_follow:/opt/ros/galactic /usr/bin/cmake --build /home/federico/dev_ws/build/dolly_gazebo -- -j12 -l12
[0.177s] -- Found DART: /usr/include (Required is at least version "6.6") found components: dart 
[0.233s] -- Found Protobuf: /usr/lib/x86_64-linux-gnu/libprotobuf.so;-lpthread (found version "3.6.1") 
[0.235s] -- Looking for ignition-math6 -- found version 6.10.0
[0.243s] -- Searching for dependencies of ignition-math6
[0.246s] -- Looking for OGRE...
[0.252s] -- Found Ogre Ghadamon (1.9.0)
[0.253s] -- Found OGRE: optimized;/usr/lib/x86_64-linux-gnu/libOgreMain.so;debug;/usr/lib/x86_64-linux-gnu/libOgreMain.so
[0.263s] -- Looking for OGRE_Paging...
[0.264s] -- Found OGRE_Paging: optimized;/usr/lib/x86_64-linux-gnu/libOgrePaging.so;debug;/usr/lib/x86_64-linux-gnu/libOgrePaging.so
[0.264s] -- Looking for OGRE_Terrain...
[0.264s] -- Found OGRE_Terrain: optimized;/usr/lib/x86_64-linux-gnu/libOgreTerrain.so;debug;/usr/lib/x86_64-linux-gnu/libOgreTerrain.so
[0.264s] -- Looking for OGRE_Property...
[0.264s] -- Found OGRE_Property: optimized;/usr/lib/x86_64-linux-gnu/libOgreProperty.so;debug;/usr/lib/x86_64-linux-gnu/libOgreProperty.so
[0.264s] -- Looking for OGRE_RTShaderSystem...
[0.264s] -- Found OGRE_RTShaderSystem: optimized;/usr/lib/x86_64-linux-gnu/libOgreRTShaderSystem.so;debug;/usr/lib/x86_64-linux-gnu/libOgreRTShaderSystem.so
[0.264s] -- Looking for OGRE_Volume...
[0.264s] -- Found OGRE_Volume: optimized;/usr/lib/x86_64-linux-gnu/libOgreVolume.so;debug;/usr/lib/x86_64-linux-gnu/libOgreVolume.so
[0.264s] -- Looking for OGRE_Overlay...
[0.264s] -- Found OGRE_Overlay: optimized;/usr/lib/x86_64-linux-gnu/libOgreOverlay.so;debug;/usr/lib/x86_64-linux-gnu/libOgreOverlay.so
[0.395s] -- Looking for ignition-math6 -- found version 6.10.0
[0.396s] -- Looking for ignition-transport8 -- found version 8.2.1
[0.396s] -- Searching for dependencies of ignition-transport8
[0.413s] -- Found Protobuf: /usr/lib/x86_64-linux-gnu/libprotobuf.so;-lpthread (found suitable version "3.6.1", minimum required is "3") 
[0.423s] -- Config-file not installed for ZeroMQ -- checking for pkg-config
[0.427s] -- Checking for module 'libzmq >= 4'
[0.444s] --   Found libzmq , version 4.3.2
[0.486s] -- Checking for module 'uuid'
[0.501s] --   Found uuid, version 2.34.0
[0.538s] -- Looking for ignition-msgs5 -- found version 5.9.0
[0.538s] -- Searching for dependencies of ignition-msgs5
[0.556s] -- Looking for ignition-math6 -- found version 6.10.0
[0.560s] -- Checking for module 'tinyxml2'
[0.575s] --   Found tinyxml2, version 6.2.0
[0.613s] -- Looking for ignition-msgs5 -- found version 5.9.0
[0.613s] -- Looking for ignition-common3 -- found version 3.14.0
[0.614s] -- Searching for dependencies of ignition-common3
[0.614s] -- Looking for dlfcn.h - found
[0.614s] -- Looking for libdl - found
[0.623s] -- Searching for <ignition-common3> component [graphics]
[0.624s] -- Looking for ignition-common3-graphics -- found version 3.14.0
[0.624s] -- Searching for dependencies of ignition-common3-graphics
[0.625s] -- Looking for ignition-math6 -- found version 6.10.0
[0.627s] -- Looking for ignition-fuel_tools4 -- found version 4.4.0
[0.627s] -- Searching for dependencies of ignition-fuel_tools4
[0.654s] -- Checking for module 'jsoncpp'
[0.672s] --   Found jsoncpp, version 1.7.4
[0.715s] -- Checking for module 'libzip'
[0.730s] --   Found libzip, version 1.5.1
[0.767s] -- Looking for ignition-common3 -- found version 3.14.0
[0.767s] -- Looking for ignition-math6 -- found version 6.10.0
[0.767s] -- Looking for ignition-msgs5 -- found version 5.9.0
[0.769s] -- Found ament_cmake: 1.1.5 (/opt/ros/galactic/share/ament_cmake/cmake)
[0.792s] -- Using PYTHON_EXECUTABLE: /usr/bin/python3
[0.848s] -- Override CMake install command with custom implementation using symlinks instead of copying resources
[0.865s] -- Found ament_lint_auto: 0.10.6 (/opt/ros/galactic/share/ament_lint_auto/cmake)
[0.934s] -- Added test 'copyright' to check source files copyright and LICENSE
[0.944s] -- Added test 'flake8' to check Python code syntax and style conventions
[0.945s] -- Added test 'lint_cmake' to check CMake code style
[0.946s] -- Added test 'pep257' to check Python code against some of the style conventions in PEP 257
[0.950s] -- Added test 'xmllint' to check XML markup files
[0.953s] -- Configuring done
[0.958s] -- Generating done
[0.960s] -- Build files have been written to: /home/federico/dev_ws/build/dolly_gazebo
[1.497s] Invoked command in '/home/federico/dev_ws/build/dolly_gazebo' returned '0': AMENT_PREFIX_PATH=/home/federico/dev_ws/install/dolly_follow:${AMENT_PREFIX_PATH} CMAKE_PREFIX_PATH=/home/federico/dev_ws/install/dolly_follow:/opt/ros/galactic /usr/bin/cmake --build /home/federico/dev_ws/build/dolly_gazebo -- -j12 -l12
[1.518s] Invoking command in '/home/federico/dev_ws/build/dolly_gazebo': AMENT_PREFIX_PATH=/home/federico/dev_ws/install/dolly_follow:${AMENT_PREFIX_PATH} CMAKE_PREFIX_PATH=/home/federico/dev_ws/install/dolly_follow:/opt/ros/galactic /usr/bin/cmake --install /home/federico/dev_ws/build/dolly_gazebo
[1.526s] -- Install configuration: ""
[1.526s] -- Execute custom install script
[1.527s] -- Up-to-date symlink: /home/federico/dev_ws/install/dolly_gazebo/share/dolly_gazebo//launch/dolly.launch.py
[1.529s] -- Up-to-date symlink: /home/federico/dev_ws/install/dolly_gazebo/share/dolly_gazebo//models/casual_female/materials/textures/brown_eye.png
[1.530s] -- Up-to-date symlink: /home/federico/dev_ws/install/dolly_gazebo/share/dolly_gazebo//models/casual_female/materials/textures/casual_female.png
[1.530s] -- Up-to-date symlink: /home/federico/dev_ws/install/dolly_gazebo/share/dolly_gazebo//models/casual_female/materials/textures/eyebrow002.png
[1.530s] -- Up-to-date symlink: /home/federico/dev_ws/install/dolly_gazebo/share/dolly_gazebo//models/casual_female/materials/textures/eyelashes01.png
[1.530s] -- Up-to-date symlink: /home/federico/dev_ws/install/dolly_gazebo/share/dolly_gazebo//models/casual_female/materials/textures/female_casualsuit01_diffuse.png
[1.530s] -- Up-to-date symlink: /home/federico/dev_ws/install/dolly_gazebo/share/dolly_gazebo//models/casual_female/materials/textures/female_casualsuit01_normal.png
[1.530s] -- Up-to-date symlink: /home/federico/dev_ws/install/dolly_gazebo/share/dolly_gazebo//models/casual_female/materials/textures/female_casualsuit02_diffuse.png
[1.531s] -- Up-to-date symlink: /home/federico/dev_ws/install/dolly_gazebo/share/dolly_gazebo//models/casual_female/materials/textures/female_casualsuit02_normal.png
[1.531s] -- Up-to-date symlink: /home/federico/dev_ws/install/dolly_gazebo/share/dolly_gazebo//models/casual_female/materials/textures/ponytail01_diffuse.png
[1.531s] -- Up-to-date symlink: /home/federico/dev_ws/install/dolly_gazebo/share/dolly_gazebo//models/casual_female/materials/textures/shoes05_diffuse.png
[1.532s] -- Up-to-date symlink: /home/federico/dev_ws/install/dolly_gazebo/share/dolly_gazebo//models/casual_female/materials/textures/tongue01_diffuse.png
[1.532s] -- Up-to-date symlink: /home/federico/dev_ws/install/dolly_gazebo/share/dolly_gazebo//models/casual_female/materials/textures/young_lightskinned_female_diffuse.png
[1.532s] -- Up-to-date symlink: /home/federico/dev_ws/install/dolly_gazebo/share/dolly_gazebo//models/casual_female/meshes/casual_female.dae
[1.533s] -- Up-to-date symlink: /home/federico/dev_ws/install/dolly_gazebo/share/dolly_gazebo//models/casual_female/model.config
[1.533s] -- Up-to-date symlink: /home/federico/dev_ws/install/dolly_gazebo/share/dolly_gazebo//models/casual_female/model.sdf
[1.533s] -- Up-to-date symlink: /home/federico/dev_ws/install/dolly_gazebo/share/dolly_gazebo//models/casual_female/thumbnails/1.png
[1.534s] -- Up-to-date symlink: /home/federico/dev_ws/install/dolly_gazebo/share/dolly_gazebo//models/casual_female/thumbnails/2.png
[1.534s] -- Up-to-date symlink: /home/federico/dev_ws/install/dolly_gazebo/share/dolly_gazebo//models/casual_female/thumbnails/3.png
[1.534s] -- Up-to-date symlink: /home/federico/dev_ws/install/dolly_gazebo/share/dolly_gazebo//models/casual_female/thumbnails/4.png
[1.534s] -- Up-to-date symlink: /home/federico/dev_ws/install/dolly_gazebo/share/dolly_gazebo//models/casual_female/thumbnails/5.png
[1.535s] -- Up-to-date symlink: /home/federico/dev_ws/install/dolly_gazebo/share/dolly_gazebo//models/city_terrain/materials/textures/city_terrain (original).jpg
[1.535s] -- Up-to-date symlink: /home/federico/dev_ws/install/dolly_gazebo/share/dolly_gazebo//models/city_terrain/materials/textures/city_terrain.jpg
[1.536s] -- Up-to-date symlink: /home/federico/dev_ws/install/dolly_gazebo/share/dolly_gazebo//models/city_terrain/materials/textures/forest.jpg
[1.536s] -- Up-to-date symlink: /home/federico/dev_ws/install/dolly_gazebo/share/dolly_gazebo//models/city_terrain/model.config
[1.536s] -- Up-to-date symlink: /home/federico/dev_ws/install/dolly_gazebo/share/dolly_gazebo//models/city_terrain/model.sdf
[1.537s] -- Up-to-date symlink: /home/federico/dev_ws/install/dolly_gazebo/share/dolly_gazebo//models/dolly/materials/scripts/script.material
[1.537s] -- Up-to-date symlink: /home/federico/dev_ws/install/dolly_gazebo/share/dolly_gazebo//models/dolly/materials/textures/sheep.jpg
[1.537s] -- Up-to-date symlink: /home/federico/dev_ws/install/dolly_gazebo/share/dolly_gazebo//models/dolly/model.config
[1.538s] -- Up-to-date symlink: /home/federico/dev_ws/install/dolly_gazebo/share/dolly_gazebo//models/dolly/model.sdf
[1.539s] -- Up-to-date symlink: /home/federico/dev_ws/install/dolly_gazebo/share/dolly_gazebo//models/ocean/materials/programs/GLSL/Waves.frag
[1.539s] -- Up-to-date symlink: /home/federico/dev_ws/install/dolly_gazebo/share/dolly_gazebo//models/ocean/materials/programs/GLSL/Waves.vert
[1.539s] -- Up-to-date symlink: /home/federico/dev_ws/install/dolly_gazebo/share/dolly_gazebo//models/ocean/materials/scripts/ocean.material
[1.540s] -- Up-to-date symlink: /home/federico/dev_ws/install/dolly_gazebo/share/dolly_gazebo//models/ocean/materials/textures/License and source soil_sand_0045_01.txt
[1.540s] -- Up-to-date symlink: /home/federico/dev_ws/install/dolly_gazebo/share/dolly_gazebo//models/ocean/materials/textures/clouds.jpg
[1.540s] -- Up-to-date symlink: /home/federico/dev_ws/install/dolly_gazebo/share/dolly_gazebo//models/ocean/materials/textures/clouds_bk.jpg
[1.541s] -- Up-to-date symlink: /home/federico/dev_ws/install/dolly_gazebo/share/dolly_gazebo//models/ocean/materials/textures/clouds_dn.jpg
[1.541s] -- Up-to-date symlink: /home/federico/dev_ws/install/dolly_gazebo/share/dolly_gazebo//models/ocean/materials/textures/clouds_fr.jpg
[1.541s] -- Up-to-date symlink: /home/federico/dev_ws/install/dolly_gazebo/share/dolly_gazebo//models/ocean/materials/textures/clouds_lf.jpg
[1.541s] -- Up-to-date symlink: /home/federico/dev_ws/install/dolly_gazebo/share/dolly_gazebo//models/ocean/materials/textures/clouds_rt.jpg
[1.542s] -- Up-to-date symlink: /home/federico/dev_ws/install/dolly_gazebo/share/dolly_gazebo//models/ocean/materials/textures/clouds_up.jpg
[1.542s] -- Up-to-date symlink: /home/federico/dev_ws/install/dolly_gazebo/share/dolly_gazebo//models/ocean/materials/textures/normals.dds
[1.542s] -- Up-to-date symlink: /home/federico/dev_ws/install/dolly_gazebo/share/dolly_gazebo//models/ocean/materials/textures/soil_sand_0045_01.jpg
[1.543s] -- Up-to-date symlink: /home/federico/dev_ws/install/dolly_gazebo/share/dolly_gazebo//models/ocean/mesh-simple.dae
[1.543s] -- Up-to-date symlink: /home/federico/dev_ws/install/dolly_gazebo/share/dolly_gazebo//models/ocean/mesh.blend
[1.543s] -- Up-to-date symlink: /home/federico/dev_ws/install/dolly_gazebo/share/dolly_gazebo//models/ocean/mesh.dae
[1.543s] -- Up-to-date symlink: /home/federico/dev_ws/install/dolly_gazebo/share/dolly_gazebo//models/ocean/mesh_below.dae
[1.544s] -- Up-to-date symlink: /home/federico/dev_ws/install/dolly_gazebo/share/dolly_gazebo//models/ocean/model.config
[1.544s] -- Up-to-date symlink: /home/federico/dev_ws/install/dolly_gazebo/share/dolly_gazebo//models/ocean/model.sdf
[1.544s] -- Up-to-date symlink: /home/federico/dev_ws/install/dolly_gazebo/share/dolly_gazebo//rviz/dolly_gazebo.rviz
[1.545s] -- Up-to-date symlink: /home/federico/dev_ws/install/dolly_gazebo/share/dolly_gazebo//worlds/dolly_city.world
[1.545s] -- Up-to-date symlink: /home/federico/dev_ws/install/dolly_gazebo/share/dolly_gazebo//worlds/dolly_empty.world
[1.546s] -- Up-to-date symlink: /home/federico/dev_ws/install/dolly_gazebo/share/dolly_gazebo/environment/dolly_gazebo.sh
[1.546s] -- Up-to-date symlink: /home/federico/dev_ws/install/dolly_gazebo/share/dolly_gazebo/environment/dolly_gazebo.dsv
[1.547s] -- Up-to-date symlink: /home/federico/dev_ws/install/dolly_gazebo/share/ament_index/resource_index/package_run_dependencies/dolly_gazebo
[1.548s] -- Up-to-date symlink: /home/federico/dev_ws/install/dolly_gazebo/share/ament_index/resource_index/parent_prefix_path/dolly_gazebo
[1.548s] -- Up-to-date symlink: /home/federico/dev_ws/install/dolly_gazebo/share/dolly_gazebo/environment/ament_prefix_path.sh
[1.549s] -- Up-to-date symlink: /home/federico/dev_ws/install/dolly_gazebo/share/dolly_gazebo/environment/ament_prefix_path.dsv
[1.549s] -- Up-to-date symlink: /home/federico/dev_ws/install/dolly_gazebo/share/dolly_gazebo/environment/path.sh
[1.550s] -- Up-to-date symlink: /home/federico/dev_ws/install/dolly_gazebo/share/dolly_gazebo/environment/path.dsv
[1.550s] -- Up-to-date symlink: /home/federico/dev_ws/install/dolly_gazebo/share/dolly_gazebo/local_setup.bash
[1.551s] -- Up-to-date symlink: /home/federico/dev_ws/install/dolly_gazebo/share/dolly_gazebo/local_setup.sh
[1.551s] -- Up-to-date symlink: /home/federico/dev_ws/install/dolly_gazebo/share/dolly_gazebo/local_setup.zsh
[1.552s] -- Up-to-date symlink: /home/federico/dev_ws/install/dolly_gazebo/share/dolly_gazebo/local_setup.dsv
[1.552s] -- Symlinking: /home/federico/dev_ws/install/dolly_gazebo/share/dolly_gazebo/package.dsv
[1.563s] -- Up-to-date symlink: /home/federico/dev_ws/install/dolly_gazebo/share/ament_index/resource_index/packages/dolly_gazebo
[1.564s] -- Up-to-date symlink: /home/federico/dev_ws/install/dolly_gazebo/share/dolly_gazebo/cmake/dolly_gazeboConfig.cmake
[1.564s] -- Up-to-date symlink: /home/federico/dev_ws/install/dolly_gazebo/share/dolly_gazebo/cmake/dolly_gazeboConfig-version.cmake
[1.565s] -- Up-to-date symlink: /home/federico/dev_ws/install/dolly_gazebo/share/dolly_gazebo/package.xml
[1.569s] Invoked command in '/home/federico/dev_ws/build/dolly_gazebo' returned '0': AMENT_PREFIX_PATH=/home/federico/dev_ws/install/dolly_follow:${AMENT_PREFIX_PATH} CMAKE_PREFIX_PATH=/home/federico/dev_ws/install/dolly_follow:/opt/ros/galactic /usr/bin/cmake --install /home/federico/dev_ws/build/dolly_gazebo
