[3.432s] Invoking command in '/home/federico/dev_ws/build/my_package': PYTHONPATH=/home/federico/dev_ws/install/my_package/lib/python3.8/site-packages:${PYTHONPATH} /usr/bin/python3 setup.py develop --prefix /home/federico/dev_ws/install/my_package --uninstall --editable --build-directory /home/federico/dev_ws/build/my_package/build
[4.537s] running develop
[4.538s] /home/federico/.local/lib/python3.8/site-packages/setuptools/command/easy_install.py:144: EasyInstallDeprecationWarning: easy_install command is deprecated. Use build and pip and other standards-based tools.
[4.538s]   warnings.warn(
[4.728s] /home/federico/.local/lib/python3.8/site-packages/setuptools/command/install.py:34: SetuptoolsDeprecationWarning: setup.py install is deprecated. Use build and pip and other standards-based tools.
[4.728s]   warnings.warn(
[4.993s] /home/federico/.local/lib/python3.8/site-packages/pkg_resources/__init__.py:123: PkgResourcesDeprecationWarning: 0.1.36ubuntu1 is an invalid version and will not be supported in a future release
[4.993s]   warnings.warn(
[4.993s] /home/federico/.local/lib/python3.8/site-packages/pkg_resources/__init__.py:123: PkgResourcesDeprecationWarning: 0.23ubuntu1 is an invalid version and will not be supported in a future release
[4.993s]   warnings.warn(
[5.211s] Invoked command in '/home/federico/dev_ws/build/my_package' returned '0': PYTHONPATH=/home/federico/dev_ws/install/my_package/lib/python3.8/site-packages:${PYTHONPATH} /usr/bin/python3 setup.py develop --prefix /home/federico/dev_ws/install/my_package --uninstall --editable --build-directory /home/federico/dev_ws/build/my_package/build
[5.215s] Invoking command in '/home/federico/dev_ws/src/my_package': PYTHONPATH=/home/federico/dev_ws/install/my_package/lib/python3.8/site-packages:${PYTHONPATH} /usr/bin/python3 setup.py egg_info --egg-base ../../build/my_package build --build-base /home/federico/dev_ws/build/my_package/build install --prefix /home/federico/dev_ws/install/my_package --record /home/federico/dev_ws/build/my_package/install.log --single-version-externally-managed
[6.450s] running egg_info
[6.545s] writing ../../build/my_package/my_package.egg-info/PKG-INFO
[6.617s] writing dependency_links to ../../build/my_package/my_package.egg-info/dependency_links.txt
[6.825s] writing entry points to ../../build/my_package/my_package.egg-info/entry_points.txt
[6.970s] writing requirements to ../../build/my_package/my_package.egg-info/requires.txt
[7.040s] writing top-level names to ../../build/my_package/my_package.egg-info/top_level.txt
[7.161s] reading manifest file '../../build/my_package/my_package.egg-info/SOURCES.txt'
[7.163s] writing manifest file '../../build/my_package/my_package.egg-info/SOURCES.txt'
[7.163s] running build
[7.163s] running build_py
[7.163s] running install
[7.163s] /home/federico/.local/lib/python3.8/site-packages/setuptools/command/install.py:34: SetuptoolsDeprecationWarning: setup.py install is deprecated. Use build and pip and other standards-based tools.
[7.163s]   warnings.warn(
[7.169s] running install_lib
[7.260s] running install_data
[7.276s] running install_egg_info
[7.368s] removing '/home/federico/dev_ws/install/my_package/lib/python3.8/site-packages/my_package-0.0.0-py3.8.egg-info' (and everything under it)
[7.369s] Copying ../../build/my_package/my_package.egg-info to /home/federico/dev_ws/install/my_package/lib/python3.8/site-packages/my_package-0.0.0-py3.8.egg-info
[7.370s] running install_scripts
[7.602s] Installing reading_laser script to /home/federico/dev_ws/install/my_package/lib/my_package
[7.604s] writing list of installed files to '/home/federico/dev_ws/build/my_package/install.log'
[7.682s] Invoked command in '/home/federico/dev_ws/src/my_package' returned '0': PYTHONPATH=/home/federico/dev_ws/install/my_package/lib/python3.8/site-packages:${PYTHONPATH} /usr/bin/python3 setup.py egg_info --egg-base ../../build/my_package build --build-base /home/federico/dev_ws/build/my_package/build install --prefix /home/federico/dev_ws/install/my_package --record /home/federico/dev_ws/build/my_package/install.log --single-version-externally-managed
