[0.144s] Invoking command in '/home/federico/dev_ws/build/tutorial_interfaces': CMAKE_PREFIX_PATH=${CMAKE_PREFIX_PATH}:/home/federico/dev_ws/install/py_srvcli:/home/federico/dev_ws/install/py_pubsub:/home/federico/dev_ws/install/python_parameters:/home/federico/install/rqt_bag_plugins:/home/federico/install/rqt_bag:/home/federico/install/ros2bag:/home/federico/install/tracetools_launch:/home/federico/install/topic_monitor:/home/federico/install/tf2_tools:/home/federico/install/examples_tf2_py:/home/federico/install/tf2_ros_py:/home/federico/install/sros2:/home/federico/install/rqt_topic:/home/federico/install/rqt_top:/home/federico/install/rqt_srv:/home/federico/install/rqt_shell:/home/federico/install/rqt_service_caller:/home/federico/install/rqt_reconfigure:/home/federico/install/rqt_py_console:/home/federico/install/rqt_publisher:/home/federico/install/rqt_plot:/home/federico/install/rqt_action:/home/federico/install/rqt_msg:/home/federico/install/rqt_console:/home/federico/install/rqt:/home/federico/install/rqt_graph:/home/federico/install/rqt_gui_py:/home/federico/install/rqt_gui:/home/federico/install/ros2trace:/home/federico/install/ros2topic:/home/federico/install/ros2test:/home/federico/install/ros2component:/home/federico/install/ros2param:/home/federico/install/ros2lifecycle:/home/federico/install/ros2service:/home/federico/install/ros2run:/home/federico/install/ros2launch:/home/federico/install/ros2pkg:/home/federico/install/ros2node:/home/federico/install/ros2multicast:/home/federico/install/ros2interface:/home/federico/install/ros2doctor:/home/federico/install/ros2action:/home/federico/install/ros2cli:/home/federico/install/quality_of_service_demo_py:/home/federico/install/launch_testing_ros:/home/federico/install/launch_ros:/home/federico/install/examples_rclpy_pointcloud_publisher:/home/federico/install/examples_rclpy_minimal_subscriber:/home/federico/install/examples_rclpy_minimal_service:/home/federico/install/examples_rclpy_minimal_publisher:/home/federico/install/examples_rclpy_minimal_client:/home/federico/install/examples_rclpy_minimal_action_server:/home/federico/install/examples_rclpy_minimal_action_client:/home/federico/install/examples_rclpy_guard_conditions:/home/federico/install/examples_rclpy_executors:/home/federico/install/demo_nodes_py:/home/federico/install/action_tutorials_py:/home/federico/install/ament_uncrustify:/home/federico/install/tracetools_trace:/home/federico/install/tracetools_read:/home/federico/install/test_launch_ros:/home/federico/install/sensor_msgs_py:/home/federico/install/rpyutils:/home/federico/install/rosidl_runtime_py:/home/federico/install/rosidl_cli:/home/federico/install/launch_yaml:/home/federico/install/launch_xml:/home/federico/install/launch_testing:/home/federico/install/launch:/home/federico/install/osrf_pycommon:/home/federico/install/domain_coordinator:/home/federico/install/ament_xmllint:/home/federico/install/ament_pyflakes:/home/federico/install/ament_pycodestyle:/home/federico/install/ament_pep257:/home/federico/install/ament_pclint:/home/federico/install/ament_package:/home/federico/install/ament_mypy:/home/federico/install/ament_lint_cmake:/home/federico/install/ament_flake8:/home/federico/install/ament_copyright:/home/federico/install/ament_lint:/home/federico/install/ament_index_python:/home/federico/install/ament_cpplint:/home/federico/install/ament_cppcheck:/home/federico/install/ament_clang_tidy:/home/federico/install/ament_clang_format:/opt/ros/galactic /usr/bin/cmake --build /home/federico/dev_ws/build/tutorial_interfaces -- -j12 -l12
[1.361s] [  2%] Built target tutorial_interfaces__cpp
[1.361s] [ 12%] Built target tutorial_interfaces__rosidl_generator_c
[1.362s] [ 23%] Built target tutorial_interfaces__rosidl_typesupport_cpp
[1.362s] [ 33%] Built target tutorial_interfaces__rosidl_typesupport_c
[1.362s] [ 43%] Built target tutorial_interfaces__rosidl_typesupport_introspection_c
[1.363s] [ 53%] Built target tutorial_interfaces__rosidl_typesupport_fastrtps_cpp
[1.363s] [ 64%] Built target tutorial_interfaces__rosidl_typesupport_introspection_cpp
[1.363s] [ 74%] Built target tutorial_interfaces__rosidl_typesupport_fastrtps_c
[1.363s] [ 74%] Built target tutorial_interfaces
[1.365s] [ 76%] Built target tutorial_interfaces__py
[1.365s] [ 84%] Built target tutorial_interfaces__python
[1.365s] [ 89%] Built target tutorial_interfaces__rosidl_typesupport_introspection_c__pyext
[1.365s] [ 94%] Built target tutorial_interfaces__rosidl_typesupport_fastrtps_c__pyext
[1.367s] [100%] Built target tutorial_interfaces__rosidl_typesupport_c__pyext
[1.375s] Invoked command in '/home/federico/dev_ws/build/tutorial_interfaces' returned '0': CMAKE_PREFIX_PATH=${CMAKE_PREFIX_PATH}:/home/federico/dev_ws/install/py_srvcli:/home/federico/dev_ws/install/py_pubsub:/home/federico/dev_ws/install/python_parameters:/home/federico/install/rqt_bag_plugins:/home/federico/install/rqt_bag:/home/federico/install/ros2bag:/home/federico/install/tracetools_launch:/home/federico/install/topic_monitor:/home/federico/install/tf2_tools:/home/federico/install/examples_tf2_py:/home/federico/install/tf2_ros_py:/home/federico/install/sros2:/home/federico/install/rqt_topic:/home/federico/install/rqt_top:/home/federico/install/rqt_srv:/home/federico/install/rqt_shell:/home/federico/install/rqt_service_caller:/home/federico/install/rqt_reconfigure:/home/federico/install/rqt_py_console:/home/federico/install/rqt_publisher:/home/federico/install/rqt_plot:/home/federico/install/rqt_action:/home/federico/install/rqt_msg:/home/federico/install/rqt_console:/home/federico/install/rqt:/home/federico/install/rqt_graph:/home/federico/install/rqt_gui_py:/home/federico/install/rqt_gui:/home/federico/install/ros2trace:/home/federico/install/ros2topic:/home/federico/install/ros2test:/home/federico/install/ros2component:/home/federico/install/ros2param:/home/federico/install/ros2lifecycle:/home/federico/install/ros2service:/home/federico/install/ros2run:/home/federico/install/ros2launch:/home/federico/install/ros2pkg:/home/federico/install/ros2node:/home/federico/install/ros2multicast:/home/federico/install/ros2interface:/home/federico/install/ros2doctor:/home/federico/install/ros2action:/home/federico/install/ros2cli:/home/federico/install/quality_of_service_demo_py:/home/federico/install/launch_testing_ros:/home/federico/install/launch_ros:/home/federico/install/examples_rclpy_pointcloud_publisher:/home/federico/install/examples_rclpy_minimal_subscriber:/home/federico/install/examples_rclpy_minimal_service:/home/federico/install/examples_rclpy_minimal_publisher:/home/federico/install/examples_rclpy_minimal_client:/home/federico/install/examples_rclpy_minimal_action_server:/home/federico/install/examples_rclpy_minimal_action_client:/home/federico/install/examples_rclpy_guard_conditions:/home/federico/install/examples_rclpy_executors:/home/federico/install/demo_nodes_py:/home/federico/install/action_tutorials_py:/home/federico/install/ament_uncrustify:/home/federico/install/tracetools_trace:/home/federico/install/tracetools_read:/home/federico/install/test_launch_ros:/home/federico/install/sensor_msgs_py:/home/federico/install/rpyutils:/home/federico/install/rosidl_runtime_py:/home/federico/install/rosidl_cli:/home/federico/install/launch_yaml:/home/federico/install/launch_xml:/home/federico/install/launch_testing:/home/federico/install/launch:/home/federico/install/osrf_pycommon:/home/federico/install/domain_coordinator:/home/federico/install/ament_xmllint:/home/federico/install/ament_pyflakes:/home/federico/install/ament_pycodestyle:/home/federico/install/ament_pep257:/home/federico/install/ament_pclint:/home/federico/install/ament_package:/home/federico/install/ament_mypy:/home/federico/install/ament_lint_cmake:/home/federico/install/ament_flake8:/home/federico/install/ament_copyright:/home/federico/install/ament_lint:/home/federico/install/ament_index_python:/home/federico/install/ament_cpplint:/home/federico/install/ament_cppcheck:/home/federico/install/ament_clang_tidy:/home/federico/install/ament_clang_format:/opt/ros/galactic /usr/bin/cmake --build /home/federico/dev_ws/build/tutorial_interfaces -- -j12 -l12
[1.658s] Invoking command in '/home/federico/dev_ws/build/tutorial_interfaces': CMAKE_PREFIX_PATH=${CMAKE_PREFIX_PATH}:/home/federico/dev_ws/install/py_srvcli:/home/federico/dev_ws/install/py_pubsub:/home/federico/dev_ws/install/python_parameters:/home/federico/install/rqt_bag_plugins:/home/federico/install/rqt_bag:/home/federico/install/ros2bag:/home/federico/install/tracetools_launch:/home/federico/install/topic_monitor:/home/federico/install/tf2_tools:/home/federico/install/examples_tf2_py:/home/federico/install/tf2_ros_py:/home/federico/install/sros2:/home/federico/install/rqt_topic:/home/federico/install/rqt_top:/home/federico/install/rqt_srv:/home/federico/install/rqt_shell:/home/federico/install/rqt_service_caller:/home/federico/install/rqt_reconfigure:/home/federico/install/rqt_py_console:/home/federico/install/rqt_publisher:/home/federico/install/rqt_plot:/home/federico/install/rqt_action:/home/federico/install/rqt_msg:/home/federico/install/rqt_console:/home/federico/install/rqt:/home/federico/install/rqt_graph:/home/federico/install/rqt_gui_py:/home/federico/install/rqt_gui:/home/federico/install/ros2trace:/home/federico/install/ros2topic:/home/federico/install/ros2test:/home/federico/install/ros2component:/home/federico/install/ros2param:/home/federico/install/ros2lifecycle:/home/federico/install/ros2service:/home/federico/install/ros2run:/home/federico/install/ros2launch:/home/federico/install/ros2pkg:/home/federico/install/ros2node:/home/federico/install/ros2multicast:/home/federico/install/ros2interface:/home/federico/install/ros2doctor:/home/federico/install/ros2action:/home/federico/install/ros2cli:/home/federico/install/quality_of_service_demo_py:/home/federico/install/launch_testing_ros:/home/federico/install/launch_ros:/home/federico/install/examples_rclpy_pointcloud_publisher:/home/federico/install/examples_rclpy_minimal_subscriber:/home/federico/install/examples_rclpy_minimal_service:/home/federico/install/examples_rclpy_minimal_publisher:/home/federico/install/examples_rclpy_minimal_client:/home/federico/install/examples_rclpy_minimal_action_server:/home/federico/install/examples_rclpy_minimal_action_client:/home/federico/install/examples_rclpy_guard_conditions:/home/federico/install/examples_rclpy_executors:/home/federico/install/demo_nodes_py:/home/federico/install/action_tutorials_py:/home/federico/install/ament_uncrustify:/home/federico/install/tracetools_trace:/home/federico/install/tracetools_read:/home/federico/install/test_launch_ros:/home/federico/install/sensor_msgs_py:/home/federico/install/rpyutils:/home/federico/install/rosidl_runtime_py:/home/federico/install/rosidl_cli:/home/federico/install/launch_yaml:/home/federico/install/launch_xml:/home/federico/install/launch_testing:/home/federico/install/launch:/home/federico/install/osrf_pycommon:/home/federico/install/domain_coordinator:/home/federico/install/ament_xmllint:/home/federico/install/ament_pyflakes:/home/federico/install/ament_pycodestyle:/home/federico/install/ament_pep257:/home/federico/install/ament_pclint:/home/federico/install/ament_package:/home/federico/install/ament_mypy:/home/federico/install/ament_lint_cmake:/home/federico/install/ament_flake8:/home/federico/install/ament_copyright:/home/federico/install/ament_lint:/home/federico/install/ament_index_python:/home/federico/install/ament_cpplint:/home/federico/install/ament_cppcheck:/home/federico/install/ament_clang_tidy:/home/federico/install/ament_clang_format:/opt/ros/galactic /usr/bin/cmake --install /home/federico/dev_ws/build/tutorial_interfaces
[1.683s] -- Install configuration: ""
[1.683s] -- Execute custom install script
[1.683s] -- Up-to-date symlink: /home/federico/dev_ws/install/tutorial_interfaces/share/ament_index/resource_index/rosidl_interfaces/tutorial_interfaces
[1.684s] -- Up-to-date symlink: /home/federico/dev_ws/install/tutorial_interfaces/include/tutorial_interfaces/msg/detail/num__functions.h
[1.684s] -- Up-to-date symlink: /home/federico/dev_ws/install/tutorial_interfaces/include/tutorial_interfaces/msg/detail/num__struct.h
[1.684s] -- Up-to-date symlink: /home/federico/dev_ws/install/tutorial_interfaces/include/tutorial_interfaces/msg/detail/num__type_support.h
[1.684s] -- Up-to-date symlink: /home/federico/dev_ws/install/tutorial_interfaces/include/tutorial_interfaces/msg/num.h
[1.685s] -- Up-to-date symlink: /home/federico/dev_ws/install/tutorial_interfaces/include/tutorial_interfaces/msg/rosidl_generator_c__visibility_control.h
[1.685s] -- Up-to-date symlink: /home/federico/dev_ws/install/tutorial_interfaces/include/tutorial_interfaces/srv/add_three_ints.h
[1.685s] -- Up-to-date symlink: /home/federico/dev_ws/install/tutorial_interfaces/include/tutorial_interfaces/srv/detail/add_three_ints__functions.h
[1.685s] -- Up-to-date symlink: /home/federico/dev_ws/install/tutorial_interfaces/include/tutorial_interfaces/srv/detail/add_three_ints__struct.h
[1.686s] -- Up-to-date symlink: /home/federico/dev_ws/install/tutorial_interfaces/include/tutorial_interfaces/srv/detail/add_three_ints__type_support.h
[1.686s] -- Up-to-date symlink: /home/federico/dev_ws/install/tutorial_interfaces/share/tutorial_interfaces/environment/library_path.sh
[1.686s] -- Up-to-date symlink: /home/federico/dev_ws/install/tutorial_interfaces/share/tutorial_interfaces/environment/library_path.dsv
[1.687s] -- Up-to-date symlink: /home/federico/dev_ws/install/tutorial_interfaces/include/tutorial_interfaces/msg/detail/num__rosidl_typesupport_fastrtps_c.h
[1.687s] -- Up-to-date symlink: /home/federico/dev_ws/install/tutorial_interfaces/include/tutorial_interfaces/msg/rosidl_typesupport_fastrtps_c__visibility_control.h
[1.687s] -- Up-to-date symlink: /home/federico/dev_ws/install/tutorial_interfaces/include/tutorial_interfaces/srv/detail/add_three_ints__rosidl_typesupport_fastrtps_c.h
[1.688s] -- Up-to-date symlink: /home/federico/dev_ws/install/tutorial_interfaces/lib/libtutorial_interfaces__rosidl_typesupport_fastrtps_c.so
[1.689s] -- Up-to-date symlink: /home/federico/dev_ws/install/tutorial_interfaces/include/tutorial_interfaces/msg/detail/num__rosidl_typesupport_fastrtps_cpp.hpp
[1.689s] -- Up-to-date symlink: /home/federico/dev_ws/install/tutorial_interfaces/include/tutorial_interfaces/msg/rosidl_typesupport_fastrtps_cpp__visibility_control.h
[1.689s] -- Up-to-date symlink: /home/federico/dev_ws/install/tutorial_interfaces/include/tutorial_interfaces/srv/detail/add_three_ints__rosidl_typesupport_fastrtps_cpp.hpp
[1.690s] -- Up-to-date symlink: /home/federico/dev_ws/install/tutorial_interfaces/lib/libtutorial_interfaces__rosidl_typesupport_fastrtps_cpp.so
[1.690s] -- Up-to-date symlink: /home/federico/dev_ws/install/tutorial_interfaces/include/tutorial_interfaces/msg/detail/num__rosidl_typesupport_introspection_c.h
[1.690s] -- Up-to-date symlink: /home/federico/dev_ws/install/tutorial_interfaces/include/tutorial_interfaces/msg/rosidl_typesupport_introspection_c__visibility_control.h
[1.691s] -- Up-to-date symlink: /home/federico/dev_ws/install/tutorial_interfaces/include/tutorial_interfaces/srv/detail/add_three_ints__rosidl_typesupport_introspection_c.h
[1.691s] -- Up-to-date symlink: /home/federico/dev_ws/install/tutorial_interfaces/include/tutorial_interfaces/msg/detail/num__builder.hpp
[1.691s] -- Up-to-date symlink: /home/federico/dev_ws/install/tutorial_interfaces/include/tutorial_interfaces/msg/detail/num__struct.hpp
[1.691s] -- Up-to-date symlink: /home/federico/dev_ws/install/tutorial_interfaces/include/tutorial_interfaces/msg/detail/num__traits.hpp
[1.692s] -- Up-to-date symlink: /home/federico/dev_ws/install/tutorial_interfaces/include/tutorial_interfaces/msg/num.hpp
[1.692s] -- Up-to-date symlink: /home/federico/dev_ws/install/tutorial_interfaces/include/tutorial_interfaces/srv/add_three_ints.hpp
[1.692s] -- Up-to-date symlink: /home/federico/dev_ws/install/tutorial_interfaces/include/tutorial_interfaces/srv/detail/add_three_ints__builder.hpp
[1.692s] -- Up-to-date symlink: /home/federico/dev_ws/install/tutorial_interfaces/include/tutorial_interfaces/srv/detail/add_three_ints__struct.hpp
[1.692s] -- Up-to-date symlink: /home/federico/dev_ws/install/tutorial_interfaces/include/tutorial_interfaces/srv/detail/add_three_ints__traits.hpp
[1.693s] -- Up-to-date symlink: /home/federico/dev_ws/install/tutorial_interfaces/include/tutorial_interfaces/msg/detail/num__rosidl_typesupport_introspection_cpp.hpp
[1.693s] -- Up-to-date symlink: /home/federico/dev_ws/install/tutorial_interfaces/include/tutorial_interfaces/srv/detail/add_three_ints__rosidl_typesupport_introspection_cpp.hpp
[1.693s] -- Up-to-date symlink: /home/federico/dev_ws/install/tutorial_interfaces/share/tutorial_interfaces/environment/pythonpath.sh
[1.695s] -- Up-to-date symlink: /home/federico/dev_ws/install/tutorial_interfaces/share/tutorial_interfaces/environment/pythonpath.dsv
[1.695s] -- Up-to-date symlink: /home/federico/dev_ws/install/tutorial_interfaces/lib/python3.8/site-packages/tutorial_interfaces/__init__.py
[1.695s] -- Up-to-date symlink: /home/federico/dev_ws/install/tutorial_interfaces/lib/python3.8/site-packages/tutorial_interfaces/msg/__init__.py
[1.696s] -- Up-to-date symlink: /home/federico/dev_ws/install/tutorial_interfaces/lib/python3.8/site-packages/tutorial_interfaces/msg/_num.py
[1.697s] -- Up-to-date symlink: /home/federico/dev_ws/install/tutorial_interfaces/lib/python3.8/site-packages/tutorial_interfaces/srv/__init__.py
[1.697s] -- Up-to-date symlink: /home/federico/dev_ws/install/tutorial_interfaces/lib/python3.8/site-packages/tutorial_interfaces/srv/_add_three_ints.py
[1.697s] -- Up-to-date symlink: /home/federico/dev_ws/install/tutorial_interfaces/lib/python3.8/site-packages/tutorial_interfaces/tutorial_interfaces_s__rosidl_typesupport_fastrtps_c.cpython-38-x86_64-linux-gnu.so
[1.698s] -- Up-to-date symlink: /home/federico/dev_ws/install/tutorial_interfaces/lib/python3.8/site-packages/tutorial_interfaces/tutorial_interfaces_s__rosidl_typesupport_introspection_c.cpython-38-x86_64-linux-gnu.so
[1.699s] -- Up-to-date symlink: /home/federico/dev_ws/install/tutorial_interfaces/lib/python3.8/site-packages/tutorial_interfaces/tutorial_interfaces_s__rosidl_typesupport_c.cpython-38-x86_64-linux-gnu.so
[1.699s] -- Up-to-date symlink: /home/federico/dev_ws/install/tutorial_interfaces/lib/libtutorial_interfaces__python.so
[1.699s] -- Up-to-date symlink: /home/federico/dev_ws/install/tutorial_interfaces/share/tutorial_interfaces/msg/Num.idl
[1.700s] -- Up-to-date symlink: /home/federico/dev_ws/install/tutorial_interfaces/share/tutorial_interfaces/srv/AddThreeInts.idl
[1.700s] -- Up-to-date symlink: /home/federico/dev_ws/install/tutorial_interfaces/share/tutorial_interfaces/msg/Num.msg
[1.700s] -- Up-to-date symlink: /home/federico/dev_ws/install/tutorial_interfaces/share/tutorial_interfaces/srv/AddThreeInts.srv
[1.701s] -- Up-to-date symlink: /home/federico/dev_ws/install/tutorial_interfaces/share/tutorial_interfaces/srv/AddThreeInts_Request.msg
[1.701s] -- Up-to-date symlink: /home/federico/dev_ws/install/tutorial_interfaces/share/tutorial_interfaces/srv/AddThreeInts_Response.msg
[1.701s] -- Up-to-date symlink: /home/federico/dev_ws/install/tutorial_interfaces/share/ament_index/resource_index/package_run_dependencies/tutorial_interfaces
[1.702s] -- Up-to-date symlink: /home/federico/dev_ws/install/tutorial_interfaces/share/ament_index/resource_index/parent_prefix_path/tutorial_interfaces
[1.703s] -- Up-to-date symlink: /home/federico/dev_ws/install/tutorial_interfaces/share/tutorial_interfaces/environment/ament_prefix_path.sh
[1.704s] -- Up-to-date symlink: /home/federico/dev_ws/install/tutorial_interfaces/share/tutorial_interfaces/environment/ament_prefix_path.dsv
[1.704s] -- Up-to-date symlink: /home/federico/dev_ws/install/tutorial_interfaces/share/tutorial_interfaces/environment/path.sh
[1.704s] -- Up-to-date symlink: /home/federico/dev_ws/install/tutorial_interfaces/share/tutorial_interfaces/environment/path.dsv
[1.704s] -- Up-to-date symlink: /home/federico/dev_ws/install/tutorial_interfaces/share/tutorial_interfaces/local_setup.bash
[1.705s] -- Up-to-date symlink: /home/federico/dev_ws/install/tutorial_interfaces/share/tutorial_interfaces/local_setup.sh
[1.705s] -- Up-to-date symlink: /home/federico/dev_ws/install/tutorial_interfaces/share/tutorial_interfaces/local_setup.zsh
[1.705s] -- Up-to-date symlink: /home/federico/dev_ws/install/tutorial_interfaces/share/tutorial_interfaces/local_setup.dsv
[1.706s] -- Symlinking: /home/federico/dev_ws/install/tutorial_interfaces/share/tutorial_interfaces/package.dsv
[1.726s] -- Up-to-date symlink: /home/federico/dev_ws/install/tutorial_interfaces/share/ament_index/resource_index/packages/tutorial_interfaces
[1.726s] -- Up-to-date symlink: /home/federico/dev_ws/install/tutorial_interfaces/share/tutorial_interfaces/cmake/rosidl_cmake-extras.cmake
[1.727s] -- Up-to-date symlink: /home/federico/dev_ws/install/tutorial_interfaces/share/tutorial_interfaces/cmake/ament_cmake_export_dependencies-extras.cmake
[1.727s] -- Up-to-date symlink: /home/federico/dev_ws/install/tutorial_interfaces/share/tutorial_interfaces/cmake/ament_cmake_export_libraries-extras.cmake
[1.727s] -- Up-to-date symlink: /home/federico/dev_ws/install/tutorial_interfaces/share/tutorial_interfaces/cmake/ament_cmake_export_targets-extras.cmake
[1.727s] -- Up-to-date symlink: /home/federico/dev_ws/install/tutorial_interfaces/share/tutorial_interfaces/cmake/ament_cmake_export_include_directories-extras.cmake
[1.728s] -- Up-to-date symlink: /home/federico/dev_ws/install/tutorial_interfaces/share/tutorial_interfaces/cmake/rosidl_cmake_export_typesupport_libraries-extras.cmake
[1.728s] -- Up-to-date symlink: /home/federico/dev_ws/install/tutorial_interfaces/share/tutorial_interfaces/cmake/rosidl_cmake_export_typesupport_targets-extras.cmake
[1.728s] -- Up-to-date symlink: /home/federico/dev_ws/install/tutorial_interfaces/share/tutorial_interfaces/cmake/tutorial_interfacesConfig.cmake
[1.728s] -- Up-to-date symlink: /home/federico/dev_ws/install/tutorial_interfaces/share/tutorial_interfaces/cmake/tutorial_interfacesConfig-version.cmake
[1.729s] -- Up-to-date symlink: /home/federico/dev_ws/install/tutorial_interfaces/share/tutorial_interfaces/package.xml
[1.729s] -- Up-to-date: /home/federico/dev_ws/install/tutorial_interfaces/lib/libtutorial_interfaces__rosidl_generator_c.so
[1.730s] -- Up-to-date: /home/federico/dev_ws/install/tutorial_interfaces/lib/libtutorial_interfaces__rosidl_typesupport_introspection_c.so
[1.731s] -- Up-to-date: /home/federico/dev_ws/install/tutorial_interfaces/lib/libtutorial_interfaces__rosidl_typesupport_c.so
[1.732s] -- Up-to-date: /home/federico/dev_ws/install/tutorial_interfaces/lib/libtutorial_interfaces__rosidl_typesupport_introspection_cpp.so
[1.732s] -- Up-to-date: /home/federico/dev_ws/install/tutorial_interfaces/lib/libtutorial_interfaces__rosidl_typesupport_cpp.so
[1.938s] -- Up-to-date: /home/federico/dev_ws/install/tutorial_interfaces/share/tutorial_interfaces/cmake/tutorial_interfaces__rosidl_generator_cExport.cmake
[1.938s] -- Up-to-date: /home/federico/dev_ws/install/tutorial_interfaces/share/tutorial_interfaces/cmake/tutorial_interfaces__rosidl_generator_cExport-noconfig.cmake
[1.939s] -- Up-to-date: /home/federico/dev_ws/install/tutorial_interfaces/share/tutorial_interfaces/cmake/tutorial_interfaces__rosidl_typesupport_introspection_cExport.cmake
[1.940s] -- Up-to-date: /home/federico/dev_ws/install/tutorial_interfaces/share/tutorial_interfaces/cmake/tutorial_interfaces__rosidl_typesupport_introspection_cExport-noconfig.cmake
[1.941s] -- Up-to-date: /home/federico/dev_ws/install/tutorial_interfaces/share/tutorial_interfaces/cmake/tutorial_interfaces__rosidl_typesupport_cExport.cmake
[1.941s] -- Up-to-date: /home/federico/dev_ws/install/tutorial_interfaces/share/tutorial_interfaces/cmake/tutorial_interfaces__rosidl_typesupport_cExport-noconfig.cmake
[1.942s] -- Up-to-date: /home/federico/dev_ws/install/tutorial_interfaces/share/tutorial_interfaces/cmake/tutorial_interfaces__rosidl_generator_cppExport.cmake
[1.942s] -- Up-to-date: /home/federico/dev_ws/install/tutorial_interfaces/share/tutorial_interfaces/cmake/tutorial_interfaces__rosidl_typesupport_introspection_cppExport.cmake
[1.943s] -- Up-to-date: /home/federico/dev_ws/install/tutorial_interfaces/share/tutorial_interfaces/cmake/tutorial_interfaces__rosidl_typesupport_introspection_cppExport-noconfig.cmake
[1.948s] -- Up-to-date: /home/federico/dev_ws/install/tutorial_interfaces/share/tutorial_interfaces/cmake/tutorial_interfaces__rosidl_typesupport_cppExport.cmake
[1.949s] -- Up-to-date: /home/federico/dev_ws/install/tutorial_interfaces/share/tutorial_interfaces/cmake/tutorial_interfaces__rosidl_typesupport_cppExport-noconfig.cmake
[1.963s] Invoked command in '/home/federico/dev_ws/build/tutorial_interfaces' returned '0': CMAKE_PREFIX_PATH=${CMAKE_PREFIX_PATH}:/home/federico/dev_ws/install/py_srvcli:/home/federico/dev_ws/install/py_pubsub:/home/federico/dev_ws/install/python_parameters:/home/federico/install/rqt_bag_plugins:/home/federico/install/rqt_bag:/home/federico/install/ros2bag:/home/federico/install/tracetools_launch:/home/federico/install/topic_monitor:/home/federico/install/tf2_tools:/home/federico/install/examples_tf2_py:/home/federico/install/tf2_ros_py:/home/federico/install/sros2:/home/federico/install/rqt_topic:/home/federico/install/rqt_top:/home/federico/install/rqt_srv:/home/federico/install/rqt_shell:/home/federico/install/rqt_service_caller:/home/federico/install/rqt_reconfigure:/home/federico/install/rqt_py_console:/home/federico/install/rqt_publisher:/home/federico/install/rqt_plot:/home/federico/install/rqt_action:/home/federico/install/rqt_msg:/home/federico/install/rqt_console:/home/federico/install/rqt:/home/federico/install/rqt_graph:/home/federico/install/rqt_gui_py:/home/federico/install/rqt_gui:/home/federico/install/ros2trace:/home/federico/install/ros2topic:/home/federico/install/ros2test:/home/federico/install/ros2component:/home/federico/install/ros2param:/home/federico/install/ros2lifecycle:/home/federico/install/ros2service:/home/federico/install/ros2run:/home/federico/install/ros2launch:/home/federico/install/ros2pkg:/home/federico/install/ros2node:/home/federico/install/ros2multicast:/home/federico/install/ros2interface:/home/federico/install/ros2doctor:/home/federico/install/ros2action:/home/federico/install/ros2cli:/home/federico/install/quality_of_service_demo_py:/home/federico/install/launch_testing_ros:/home/federico/install/launch_ros:/home/federico/install/examples_rclpy_pointcloud_publisher:/home/federico/install/examples_rclpy_minimal_subscriber:/home/federico/install/examples_rclpy_minimal_service:/home/federico/install/examples_rclpy_minimal_publisher:/home/federico/install/examples_rclpy_minimal_client:/home/federico/install/examples_rclpy_minimal_action_server:/home/federico/install/examples_rclpy_minimal_action_client:/home/federico/install/examples_rclpy_guard_conditions:/home/federico/install/examples_rclpy_executors:/home/federico/install/demo_nodes_py:/home/federico/install/action_tutorials_py:/home/federico/install/ament_uncrustify:/home/federico/install/tracetools_trace:/home/federico/install/tracetools_read:/home/federico/install/test_launch_ros:/home/federico/install/sensor_msgs_py:/home/federico/install/rpyutils:/home/federico/install/rosidl_runtime_py:/home/federico/install/rosidl_cli:/home/federico/install/launch_yaml:/home/federico/install/launch_xml:/home/federico/install/launch_testing:/home/federico/install/launch:/home/federico/install/osrf_pycommon:/home/federico/install/domain_coordinator:/home/federico/install/ament_xmllint:/home/federico/install/ament_pyflakes:/home/federico/install/ament_pycodestyle:/home/federico/install/ament_pep257:/home/federico/install/ament_pclint:/home/federico/install/ament_package:/home/federico/install/ament_mypy:/home/federico/install/ament_lint_cmake:/home/federico/install/ament_flake8:/home/federico/install/ament_copyright:/home/federico/install/ament_lint:/home/federico/install/ament_index_python:/home/federico/install/ament_cpplint:/home/federico/install/ament_cppcheck:/home/federico/install/ament_clang_tidy:/home/federico/install/ament_clang_format:/opt/ros/galactic /usr/bin/cmake --install /home/federico/dev_ws/build/tutorial_interfaces
