[2.753s] Invoking command in '/home/federico/dev_ws/src/python_parameters': PYTHONPATH=/home/federico/dev_ws/install/python_parameters/lib/python3.8/site-packages:${PYTHONPATH} /usr/bin/python3 setup.py egg_info --egg-base ../../build/python_parameters build --build-base /home/federico/dev_ws/build/python_parameters/build install --prefix /home/federico/dev_ws/install/python_parameters --record /home/federico/dev_ws/build/python_parameters/install.log --single-version-externally-managed
[4.062s] running egg_info
[4.160s] writing ../../build/python_parameters/python_parameters.egg-info/PKG-INFO
[4.238s] writing dependency_links to ../../build/python_parameters/python_parameters.egg-info/dependency_links.txt
[4.470s] writing entry points to ../../build/python_parameters/python_parameters.egg-info/entry_points.txt
[4.624s] writing requirements to ../../build/python_parameters/python_parameters.egg-info/requires.txt
[4.710s] writing top-level names to ../../build/python_parameters/python_parameters.egg-info/top_level.txt
[4.832s] reading manifest file '../../build/python_parameters/python_parameters.egg-info/SOURCES.txt'
[4.834s] writing manifest file '../../build/python_parameters/python_parameters.egg-info/SOURCES.txt'
[4.834s] running build
[4.834s] running build_py
[4.834s] running install
[4.834s] /home/federico/.local/lib/python3.8/site-packages/setuptools/command/install.py:34: SetuptoolsDeprecationWarning: setup.py install is deprecated. Use build and pip and other standards-based tools.
[4.835s]   warnings.warn(
[4.842s] running install_lib
[4.940s] running install_data
[4.962s] copying launch/python_parameters_launch.py -> /home/federico/dev_ws/install/python_parameters/share/python_parameters
[4.962s] running install_egg_info
[5.068s] removing '/home/federico/dev_ws/install/python_parameters/lib/python3.8/site-packages/python_parameters-0.0.0-py3.8.egg-info' (and everything under it)
[5.069s] Copying ../../build/python_parameters/python_parameters.egg-info to /home/federico/dev_ws/install/python_parameters/lib/python3.8/site-packages/python_parameters-0.0.0-py3.8.egg-info
[5.070s] running install_scripts
[5.252s] Installing param_talker script to /home/federico/dev_ws/install/python_parameters/lib/python_parameters
[5.252s] writing list of installed files to '/home/federico/dev_ws/build/python_parameters/install.log'
[5.290s] Invoked command in '/home/federico/dev_ws/src/python_parameters' returned '0': PYTHONPATH=/home/federico/dev_ws/install/python_parameters/lib/python3.8/site-packages:${PYTHONPATH} /usr/bin/python3 setup.py egg_info --egg-base ../../build/python_parameters build --build-base /home/federico/dev_ws/build/python_parameters/build install --prefix /home/federico/dev_ws/install/python_parameters --record /home/federico/dev_ws/build/python_parameters/install.log --single-version-externally-managed
