[0.376s] DEBUG:colcon:Command line arguments: ['/usr/bin/colcon', 'build', '--symlink-install', '--packages-select', 'dolly']
[0.377s] DEBUG:colcon:Parsed command line arguments: Namespace(allow_overriding=[], ament_cmake_args=None, base_paths=['.'], build_base='build', catkin_cmake_args=None, catkin_skip_building_tests=False, cmake_args=None, cmake_clean_cache=False, cmake_clean_first=False, cmake_force_configure=False, cmake_target=None, cmake_target_skip_unavailable=False, continue_on_error=False, event_handlers=None, executor='parallel', ignore_user_meta=False, install_base='install', log_base=None, log_level=None, main=<bound method BuildVerb.main of <colcon_core.verb.build.BuildVerb object at 0x7fe5df379df0>>, merge_install=False, metas=['./colcon.meta'], packages_above=None, packages_above_and_dependencies=None, packages_above_depth=None, packages_end=None, packages_ignore=None, packages_ignore_regex=None, packages_select=['dolly'], packages_select_build_failed=False, packages_select_by_dep=None, packages_select_regex=None, packages_select_test_failures=False, packages_skip=None, packages_skip_build_finished=False, packages_skip_by_dep=None, packages_skip_regex=None, packages_skip_test_passed=False, packages_skip_up_to=None, packages_start=None, packages_up_to=None, packages_up_to_regex=None, parallel_workers=12, paths=None, symlink_install=True, test_result_base=None, verb_extension=<colcon_core.verb.build.BuildVerb object at 0x7fe5df379df0>, verb_name='build', verb_parser=<colcon_defaults.argument_parser.defaults.DefaultArgumentsDecorator object at 0x7fe5df1c76a0>)
[0.455s] Level 1:colcon.colcon_core.package_discovery:discover_packages(colcon_meta) check parameters
[0.455s] Level 1:colcon.colcon_core.package_discovery:discover_packages(recursive) check parameters
[0.455s] Level 1:colcon.colcon_core.package_discovery:discover_packages(ignore) check parameters
[0.455s] Level 1:colcon.colcon_core.package_discovery:discover_packages(path) check parameters
[0.455s] Level 1:colcon.colcon_core.package_discovery:discover_packages(colcon_meta) discover
[0.455s] Level 1:colcon.colcon_core.package_discovery:discover_packages(recursive) discover
[0.455s] INFO:colcon.colcon_core.package_discovery:Crawling recursively for packages in '/home/federico/dev_ws'
[0.455s] Level 1:colcon.colcon_core.package_identification:_identify(.) by extensions ['ignore', 'ignore_ament_install']
[0.455s] Level 1:colcon.colcon_core.package_identification:_identify(.) by extension 'ignore'
[0.455s] Level 1:colcon.colcon_core.package_identification:_identify(.) by extension 'ignore_ament_install'
[0.455s] Level 1:colcon.colcon_core.package_identification:_identify(.) by extensions ['colcon_pkg']
[0.455s] Level 1:colcon.colcon_core.package_identification:_identify(.) by extension 'colcon_pkg'
[0.455s] Level 1:colcon.colcon_core.package_identification:_identify(.) by extensions ['colcon_meta']
[0.455s] Level 1:colcon.colcon_core.package_identification:_identify(.) by extension 'colcon_meta'
[0.455s] Level 1:colcon.colcon_core.package_identification:_identify(.) by extensions ['ros']
[0.455s] Level 1:colcon.colcon_core.package_identification:_identify(.) by extension 'ros'
[0.466s] Level 1:colcon.colcon_core.package_identification:_identify(.) by extensions ['cmake', 'python']
[0.466s] Level 1:colcon.colcon_core.package_identification:_identify(.) by extension 'cmake'
[0.466s] Level 1:colcon.colcon_core.package_identification:_identify(.) by extension 'python'
[0.467s] Level 1:colcon.colcon_core.package_identification:_identify(.) by extensions ['python_setup_py']
[0.467s] Level 1:colcon.colcon_core.package_identification:_identify(.) by extension 'python_setup_py'
[0.467s] Level 1:colcon.colcon_core.package_identification:_identify(build) by extensions ['ignore', 'ignore_ament_install']
[0.467s] Level 1:colcon.colcon_core.package_identification:_identify(build) by extension 'ignore'
[0.467s] Level 1:colcon.colcon_core.package_identification:_identify(build) ignored
[0.467s] Level 1:colcon.colcon_core.package_identification:_identify(install) by extensions ['ignore', 'ignore_ament_install']
[0.467s] Level 1:colcon.colcon_core.package_identification:_identify(install) by extension 'ignore'
[0.467s] Level 1:colcon.colcon_core.package_identification:_identify(install) ignored
[0.467s] Level 1:colcon.colcon_core.package_identification:_identify(log) by extensions ['ignore', 'ignore_ament_install']
[0.467s] Level 1:colcon.colcon_core.package_identification:_identify(log) by extension 'ignore'
[0.467s] Level 1:colcon.colcon_core.package_identification:_identify(log) ignored
[0.467s] Level 1:colcon.colcon_core.package_identification:_identify(src) by extensions ['ignore', 'ignore_ament_install']
[0.467s] Level 1:colcon.colcon_core.package_identification:_identify(src) by extension 'ignore'
[0.467s] Level 1:colcon.colcon_core.package_identification:_identify(src) by extension 'ignore_ament_install'
[0.468s] Level 1:colcon.colcon_core.package_identification:_identify(src) by extensions ['colcon_pkg']
[0.468s] Level 1:colcon.colcon_core.package_identification:_identify(src) by extension 'colcon_pkg'
[0.468s] Level 1:colcon.colcon_core.package_identification:_identify(src) by extensions ['colcon_meta']
[0.468s] Level 1:colcon.colcon_core.package_identification:_identify(src) by extension 'colcon_meta'
[0.468s] Level 1:colcon.colcon_core.package_identification:_identify(src) by extensions ['ros']
[0.468s] Level 1:colcon.colcon_core.package_identification:_identify(src) by extension 'ros'
[0.468s] Level 1:colcon.colcon_core.package_identification:_identify(src) by extensions ['cmake', 'python']
[0.468s] Level 1:colcon.colcon_core.package_identification:_identify(src) by extension 'cmake'
[0.468s] Level 1:colcon.colcon_core.package_identification:_identify(src) by extension 'python'
[0.468s] Level 1:colcon.colcon_core.package_identification:_identify(src) by extensions ['python_setup_py']
[0.468s] Level 1:colcon.colcon_core.package_identification:_identify(src) by extension 'python_setup_py'
[0.468s] Level 1:colcon.colcon_core.package_identification:_identify(src/build) by extensions ['ignore', 'ignore_ament_install']
[0.468s] Level 1:colcon.colcon_core.package_identification:_identify(src/build) by extension 'ignore'
[0.468s] Level 1:colcon.colcon_core.package_identification:_identify(src/build) ignored
[0.468s] Level 1:colcon.colcon_core.package_identification:_identify(src/dolly) by extensions ['ignore', 'ignore_ament_install']
[0.468s] Level 1:colcon.colcon_core.package_identification:_identify(src/dolly) by extension 'ignore'
[0.468s] Level 1:colcon.colcon_core.package_identification:_identify(src/dolly) by extension 'ignore_ament_install'
[0.468s] Level 1:colcon.colcon_core.package_identification:_identify(src/dolly) by extensions ['colcon_pkg']
[0.468s] Level 1:colcon.colcon_core.package_identification:_identify(src/dolly) by extension 'colcon_pkg'
[0.469s] Level 1:colcon.colcon_core.package_identification:_identify(src/dolly) by extensions ['colcon_meta']
[0.469s] Level 1:colcon.colcon_core.package_identification:_identify(src/dolly) by extension 'colcon_meta'
[0.469s] Level 1:colcon.colcon_core.package_identification:_identify(src/dolly) by extensions ['ros']
[0.469s] Level 1:colcon.colcon_core.package_identification:_identify(src/dolly) by extension 'ros'
[0.469s] Level 1:colcon.colcon_core.package_identification:_identify(src/dolly) by extensions ['cmake', 'python']
[0.469s] Level 1:colcon.colcon_core.package_identification:_identify(src/dolly) by extension 'cmake'
[0.469s] Level 1:colcon.colcon_core.package_identification:_identify(src/dolly) by extension 'python'
[0.469s] Level 1:colcon.colcon_core.package_identification:_identify(src/dolly) by extensions ['python_setup_py']
[0.469s] Level 1:colcon.colcon_core.package_identification:_identify(src/dolly) by extension 'python_setup_py'
[0.469s] Level 1:colcon.colcon_core.package_identification:_identify(src/dolly/dolly) by extensions ['ignore', 'ignore_ament_install']
[0.469s] Level 1:colcon.colcon_core.package_identification:_identify(src/dolly/dolly) by extension 'ignore'
[0.469s] Level 1:colcon.colcon_core.package_identification:_identify(src/dolly/dolly) by extension 'ignore_ament_install'
[0.469s] Level 1:colcon.colcon_core.package_identification:_identify(src/dolly/dolly) by extensions ['colcon_pkg']
[0.469s] Level 1:colcon.colcon_core.package_identification:_identify(src/dolly/dolly) by extension 'colcon_pkg'
[0.469s] Level 1:colcon.colcon_core.package_identification:_identify(src/dolly/dolly) by extensions ['colcon_meta']
[0.469s] Level 1:colcon.colcon_core.package_identification:_identify(src/dolly/dolly) by extension 'colcon_meta'
[0.469s] Level 1:colcon.colcon_core.package_identification:_identify(src/dolly/dolly) by extensions ['ros']
[0.469s] Level 1:colcon.colcon_core.package_identification:_identify(src/dolly/dolly) by extension 'ros'
[0.471s] DEBUG:colcon.colcon_core.package_identification:Package 'src/dolly/dolly' with type 'ros.ament_cmake' and name 'dolly'
[0.471s] Level 1:colcon.colcon_core.package_identification:_identify(src/dolly/dolly_follow) by extensions ['ignore', 'ignore_ament_install']
[0.471s] Level 1:colcon.colcon_core.package_identification:_identify(src/dolly/dolly_follow) by extension 'ignore'
[0.471s] Level 1:colcon.colcon_core.package_identification:_identify(src/dolly/dolly_follow) by extension 'ignore_ament_install'
[0.471s] Level 1:colcon.colcon_core.package_identification:_identify(src/dolly/dolly_follow) by extensions ['colcon_pkg']
[0.471s] Level 1:colcon.colcon_core.package_identification:_identify(src/dolly/dolly_follow) by extension 'colcon_pkg'
[0.471s] Level 1:colcon.colcon_core.package_identification:_identify(src/dolly/dolly_follow) by extensions ['colcon_meta']
[0.471s] Level 1:colcon.colcon_core.package_identification:_identify(src/dolly/dolly_follow) by extension 'colcon_meta'
[0.472s] Level 1:colcon.colcon_core.package_identification:_identify(src/dolly/dolly_follow) by extensions ['ros']
[0.472s] Level 1:colcon.colcon_core.package_identification:_identify(src/dolly/dolly_follow) by extension 'ros'
[0.472s] DEBUG:colcon.colcon_core.package_identification:Package 'src/dolly/dolly_follow' with type 'ros.ament_cmake' and name 'dolly_follow'
[0.472s] Level 1:colcon.colcon_core.package_identification:_identify(src/dolly/dolly_gazebo) by extensions ['ignore', 'ignore_ament_install']
[0.472s] Level 1:colcon.colcon_core.package_identification:_identify(src/dolly/dolly_gazebo) by extension 'ignore'
[0.472s] Level 1:colcon.colcon_core.package_identification:_identify(src/dolly/dolly_gazebo) by extension 'ignore_ament_install'
[0.472s] Level 1:colcon.colcon_core.package_identification:_identify(src/dolly/dolly_gazebo) by extensions ['colcon_pkg']
[0.472s] Level 1:colcon.colcon_core.package_identification:_identify(src/dolly/dolly_gazebo) by extension 'colcon_pkg'
[0.472s] Level 1:colcon.colcon_core.package_identification:_identify(src/dolly/dolly_gazebo) by extensions ['colcon_meta']
[0.472s] Level 1:colcon.colcon_core.package_identification:_identify(src/dolly/dolly_gazebo) by extension 'colcon_meta'
[0.473s] Level 1:colcon.colcon_core.package_identification:_identify(src/dolly/dolly_gazebo) by extensions ['ros']
[0.473s] Level 1:colcon.colcon_core.package_identification:_identify(src/dolly/dolly_gazebo) by extension 'ros'
[0.473s] DEBUG:colcon.colcon_core.package_identification:Package 'src/dolly/dolly_gazebo' with type 'ros.ament_cmake' and name 'dolly_gazebo'
[0.473s] Level 1:colcon.colcon_core.package_identification:_identify(src/dolly/dolly_tests) by extensions ['ignore', 'ignore_ament_install']
[0.473s] Level 1:colcon.colcon_core.package_identification:_identify(src/dolly/dolly_tests) by extension 'ignore'
[0.473s] Level 1:colcon.colcon_core.package_identification:_identify(src/dolly/dolly_tests) by extension 'ignore_ament_install'
[0.473s] Level 1:colcon.colcon_core.package_identification:_identify(src/dolly/dolly_tests) by extensions ['colcon_pkg']
[0.473s] Level 1:colcon.colcon_core.package_identification:_identify(src/dolly/dolly_tests) by extension 'colcon_pkg'
[0.473s] Level 1:colcon.colcon_core.package_identification:_identify(src/dolly/dolly_tests) by extensions ['colcon_meta']
[0.473s] Level 1:colcon.colcon_core.package_identification:_identify(src/dolly/dolly_tests) by extension 'colcon_meta'
[0.473s] Level 1:colcon.colcon_core.package_identification:_identify(src/dolly/dolly_tests) by extensions ['ros']
[0.473s] Level 1:colcon.colcon_core.package_identification:_identify(src/dolly/dolly_tests) by extension 'ros'
[0.478s] DEBUG:colcon.colcon_core.package_identification:Package 'src/dolly/dolly_tests' with type 'ros.ament_cmake' and name 'dolly_tests'
[0.478s] Level 1:colcon.colcon_core.package_identification:_identify(src/dolly/images) by extensions ['ignore', 'ignore_ament_install']
[0.478s] Level 1:colcon.colcon_core.package_identification:_identify(src/dolly/images) by extension 'ignore'
[0.478s] Level 1:colcon.colcon_core.package_identification:_identify(src/dolly/images) by extension 'ignore_ament_install'
[0.478s] Level 1:colcon.colcon_core.package_identification:_identify(src/dolly/images) by extensions ['colcon_pkg']
[0.478s] Level 1:colcon.colcon_core.package_identification:_identify(src/dolly/images) by extension 'colcon_pkg'
[0.478s] Level 1:colcon.colcon_core.package_identification:_identify(src/dolly/images) by extensions ['colcon_meta']
[0.478s] Level 1:colcon.colcon_core.package_identification:_identify(src/dolly/images) by extension 'colcon_meta'
[0.478s] Level 1:colcon.colcon_core.package_identification:_identify(src/dolly/images) by extensions ['ros']
[0.478s] Level 1:colcon.colcon_core.package_identification:_identify(src/dolly/images) by extension 'ros'
[0.478s] Level 1:colcon.colcon_core.package_identification:_identify(src/dolly/images) by extensions ['cmake', 'python']
[0.478s] Level 1:colcon.colcon_core.package_identification:_identify(src/dolly/images) by extension 'cmake'
[0.478s] Level 1:colcon.colcon_core.package_identification:_identify(src/dolly/images) by extension 'python'
[0.478s] Level 1:colcon.colcon_core.package_identification:_identify(src/dolly/images) by extensions ['python_setup_py']
[0.478s] Level 1:colcon.colcon_core.package_identification:_identify(src/dolly/images) by extension 'python_setup_py'
[0.478s] Level 1:colcon.colcon_core.package_identification:_identify(src/install) by extensions ['ignore', 'ignore_ament_install']
[0.478s] Level 1:colcon.colcon_core.package_identification:_identify(src/install) by extension 'ignore'
[0.478s] Level 1:colcon.colcon_core.package_identification:_identify(src/install) ignored
[0.479s] Level 1:colcon.colcon_core.package_identification:_identify(src/log) by extensions ['ignore', 'ignore_ament_install']
[0.479s] Level 1:colcon.colcon_core.package_identification:_identify(src/log) by extension 'ignore'
[0.479s] Level 1:colcon.colcon_core.package_identification:_identify(src/log) ignored
[0.479s] Level 1:colcon.colcon_core.package_identification:_identify(src/more_interfaces) by extensions ['ignore', 'ignore_ament_install']
[0.479s] Level 1:colcon.colcon_core.package_identification:_identify(src/more_interfaces) by extension 'ignore'
[0.479s] Level 1:colcon.colcon_core.package_identification:_identify(src/more_interfaces) by extension 'ignore_ament_install'
[0.479s] Level 1:colcon.colcon_core.package_identification:_identify(src/more_interfaces) by extensions ['colcon_pkg']
[0.479s] Level 1:colcon.colcon_core.package_identification:_identify(src/more_interfaces) by extension 'colcon_pkg'
[0.479s] Level 1:colcon.colcon_core.package_identification:_identify(src/more_interfaces) by extensions ['colcon_meta']
[0.479s] Level 1:colcon.colcon_core.package_identification:_identify(src/more_interfaces) by extension 'colcon_meta'
[0.479s] Level 1:colcon.colcon_core.package_identification:_identify(src/more_interfaces) by extensions ['ros']
[0.479s] Level 1:colcon.colcon_core.package_identification:_identify(src/more_interfaces) by extension 'ros'
[0.480s] DEBUG:colcon.colcon_core.package_identification:Package 'src/more_interfaces' with type 'ros.ament_cmake' and name 'more_interfaces'
[0.480s] Level 1:colcon.colcon_core.package_identification:_identify(src/my_package) by extensions ['ignore', 'ignore_ament_install']
[0.480s] Level 1:colcon.colcon_core.package_identification:_identify(src/my_package) by extension 'ignore'
[0.480s] Level 1:colcon.colcon_core.package_identification:_identify(src/my_package) by extension 'ignore_ament_install'
[0.480s] Level 1:colcon.colcon_core.package_identification:_identify(src/my_package) by extensions ['colcon_pkg']
[0.480s] Level 1:colcon.colcon_core.package_identification:_identify(src/my_package) by extension 'colcon_pkg'
[0.480s] Level 1:colcon.colcon_core.package_identification:_identify(src/my_package) by extensions ['colcon_meta']
[0.480s] Level 1:colcon.colcon_core.package_identification:_identify(src/my_package) by extension 'colcon_meta'
[0.480s] Level 1:colcon.colcon_core.package_identification:_identify(src/my_package) by extensions ['ros']
[0.480s] Level 1:colcon.colcon_core.package_identification:_identify(src/my_package) by extension 'ros'
[0.481s] DEBUG:colcon.colcon_core.package_identification:Package 'src/my_package' with type 'ros.ament_cmake' and name 'my_package'
[0.481s] Level 1:colcon.colcon_core.package_identification:_identify(src/py_pubsub) by extensions ['ignore', 'ignore_ament_install']
[0.481s] Level 1:colcon.colcon_core.package_identification:_identify(src/py_pubsub) by extension 'ignore'
[0.481s] Level 1:colcon.colcon_core.package_identification:_identify(src/py_pubsub) by extension 'ignore_ament_install'
[0.481s] Level 1:colcon.colcon_core.package_identification:_identify(src/py_pubsub) by extensions ['colcon_pkg']
[0.481s] Level 1:colcon.colcon_core.package_identification:_identify(src/py_pubsub) by extension 'colcon_pkg'
[0.481s] Level 1:colcon.colcon_core.package_identification:_identify(src/py_pubsub) by extensions ['colcon_meta']
[0.481s] Level 1:colcon.colcon_core.package_identification:_identify(src/py_pubsub) by extension 'colcon_meta'
[0.481s] Level 1:colcon.colcon_core.package_identification:_identify(src/py_pubsub) by extensions ['ros']
[0.481s] Level 1:colcon.colcon_core.package_identification:_identify(src/py_pubsub) by extension 'ros'
[0.482s] DEBUG:colcon.colcon_core.package_identification:Package 'src/py_pubsub' with type 'ros.ament_python' and name 'py_pubsub'
[0.482s] Level 1:colcon.colcon_core.package_identification:_identify(src/py_srvcli) by extensions ['ignore', 'ignore_ament_install']
[0.482s] Level 1:colcon.colcon_core.package_identification:_identify(src/py_srvcli) by extension 'ignore'
[0.482s] Level 1:colcon.colcon_core.package_identification:_identify(src/py_srvcli) by extension 'ignore_ament_install'
[0.482s] Level 1:colcon.colcon_core.package_identification:_identify(src/py_srvcli) by extensions ['colcon_pkg']
[0.482s] Level 1:colcon.colcon_core.package_identification:_identify(src/py_srvcli) by extension 'colcon_pkg'
[0.482s] Level 1:colcon.colcon_core.package_identification:_identify(src/py_srvcli) by extensions ['colcon_meta']
[0.482s] Level 1:colcon.colcon_core.package_identification:_identify(src/py_srvcli) by extension 'colcon_meta'
[0.482s] Level 1:colcon.colcon_core.package_identification:_identify(src/py_srvcli) by extensions ['ros']
[0.482s] Level 1:colcon.colcon_core.package_identification:_identify(src/py_srvcli) by extension 'ros'
[0.483s] DEBUG:colcon.colcon_core.package_identification:Package 'src/py_srvcli' with type 'ros.ament_python' and name 'py_srvcli'
[0.483s] Level 1:colcon.colcon_core.package_identification:_identify(src/python_parameters) by extensions ['ignore', 'ignore_ament_install']
[0.483s] Level 1:colcon.colcon_core.package_identification:_identify(src/python_parameters) by extension 'ignore'
[0.483s] Level 1:colcon.colcon_core.package_identification:_identify(src/python_parameters) by extension 'ignore_ament_install'
[0.483s] Level 1:colcon.colcon_core.package_identification:_identify(src/python_parameters) by extensions ['colcon_pkg']
[0.483s] Level 1:colcon.colcon_core.package_identification:_identify(src/python_parameters) by extension 'colcon_pkg'
[0.483s] Level 1:colcon.colcon_core.package_identification:_identify(src/python_parameters) by extensions ['colcon_meta']
[0.483s] Level 1:colcon.colcon_core.package_identification:_identify(src/python_parameters) by extension 'colcon_meta'
[0.483s] Level 1:colcon.colcon_core.package_identification:_identify(src/python_parameters) by extensions ['ros']
[0.483s] Level 1:colcon.colcon_core.package_identification:_identify(src/python_parameters) by extension 'ros'
[0.484s] DEBUG:colcon.colcon_core.package_identification:Package 'src/python_parameters' with type 'ros.ament_python' and name 'python_parameters'
[0.484s] Level 1:colcon.colcon_core.package_identification:_identify(src/ros_tutorials) by extensions ['ignore', 'ignore_ament_install']
[0.484s] Level 1:colcon.colcon_core.package_identification:_identify(src/ros_tutorials) by extension 'ignore'
[0.484s] Level 1:colcon.colcon_core.package_identification:_identify(src/ros_tutorials) by extension 'ignore_ament_install'
[0.484s] Level 1:colcon.colcon_core.package_identification:_identify(src/ros_tutorials) by extensions ['colcon_pkg']
[0.484s] Level 1:colcon.colcon_core.package_identification:_identify(src/ros_tutorials) by extension 'colcon_pkg'
[0.484s] Level 1:colcon.colcon_core.package_identification:_identify(src/ros_tutorials) by extensions ['colcon_meta']
[0.484s] Level 1:colcon.colcon_core.package_identification:_identify(src/ros_tutorials) by extension 'colcon_meta'
[0.484s] Level 1:colcon.colcon_core.package_identification:_identify(src/ros_tutorials) by extensions ['ros']
[0.484s] Level 1:colcon.colcon_core.package_identification:_identify(src/ros_tutorials) by extension 'ros'
[0.484s] Level 1:colcon.colcon_core.package_identification:_identify(src/ros_tutorials) by extensions ['cmake', 'python']
[0.485s] Level 1:colcon.colcon_core.package_identification:_identify(src/ros_tutorials) by extension 'cmake'
[0.485s] Level 1:colcon.colcon_core.package_identification:_identify(src/ros_tutorials) by extension 'python'
[0.485s] Level 1:colcon.colcon_core.package_identification:_identify(src/ros_tutorials) by extensions ['python_setup_py']
[0.485s] Level 1:colcon.colcon_core.package_identification:_identify(src/ros_tutorials) by extension 'python_setup_py'
[0.485s] Level 1:colcon.colcon_core.package_identification:_identify(src/ros_tutorials/ros_tutorials) by extensions ['ignore', 'ignore_ament_install']
[0.485s] Level 1:colcon.colcon_core.package_identification:_identify(src/ros_tutorials/ros_tutorials) by extension 'ignore'
[0.485s] Level 1:colcon.colcon_core.package_identification:_identify(src/ros_tutorials/ros_tutorials) ignored
[0.485s] Level 1:colcon.colcon_core.package_identification:_identify(src/ros_tutorials/roscpp_tutorials) by extensions ['ignore', 'ignore_ament_install']
[0.485s] Level 1:colcon.colcon_core.package_identification:_identify(src/ros_tutorials/roscpp_tutorials) by extension 'ignore'
[0.485s] Level 1:colcon.colcon_core.package_identification:_identify(src/ros_tutorials/roscpp_tutorials) ignored
[0.485s] Level 1:colcon.colcon_core.package_identification:_identify(src/ros_tutorials/rospy_tutorials) by extensions ['ignore', 'ignore_ament_install']
[0.485s] Level 1:colcon.colcon_core.package_identification:_identify(src/ros_tutorials/rospy_tutorials) by extension 'ignore'
[0.485s] Level 1:colcon.colcon_core.package_identification:_identify(src/ros_tutorials/rospy_tutorials) ignored
[0.485s] Level 1:colcon.colcon_core.package_identification:_identify(src/ros_tutorials/turtlesim) by extensions ['ignore', 'ignore_ament_install']
[0.485s] Level 1:colcon.colcon_core.package_identification:_identify(src/ros_tutorials/turtlesim) by extension 'ignore'
[0.485s] Level 1:colcon.colcon_core.package_identification:_identify(src/ros_tutorials/turtlesim) by extension 'ignore_ament_install'
[0.486s] Level 1:colcon.colcon_core.package_identification:_identify(src/ros_tutorials/turtlesim) by extensions ['colcon_pkg']
[0.486s] Level 1:colcon.colcon_core.package_identification:_identify(src/ros_tutorials/turtlesim) by extension 'colcon_pkg'
[0.486s] Level 1:colcon.colcon_core.package_identification:_identify(src/ros_tutorials/turtlesim) by extensions ['colcon_meta']
[0.486s] Level 1:colcon.colcon_core.package_identification:_identify(src/ros_tutorials/turtlesim) by extension 'colcon_meta'
[0.486s] Level 1:colcon.colcon_core.package_identification:_identify(src/ros_tutorials/turtlesim) by extensions ['ros']
[0.486s] Level 1:colcon.colcon_core.package_identification:_identify(src/ros_tutorials/turtlesim) by extension 'ros'
[0.487s] DEBUG:colcon.colcon_core.package_identification:Package 'src/ros_tutorials/turtlesim' with type 'ros.ament_cmake' and name 'turtlesim'
[0.487s] Level 1:colcon.colcon_core.package_identification:_identify(src/tutorial_interfaces) by extensions ['ignore', 'ignore_ament_install']
[0.487s] Level 1:colcon.colcon_core.package_identification:_identify(src/tutorial_interfaces) by extension 'ignore'
[0.487s] Level 1:colcon.colcon_core.package_identification:_identify(src/tutorial_interfaces) by extension 'ignore_ament_install'
[0.487s] Level 1:colcon.colcon_core.package_identification:_identify(src/tutorial_interfaces) by extensions ['colcon_pkg']
[0.487s] Level 1:colcon.colcon_core.package_identification:_identify(src/tutorial_interfaces) by extension 'colcon_pkg'
[0.487s] Level 1:colcon.colcon_core.package_identification:_identify(src/tutorial_interfaces) by extensions ['colcon_meta']
[0.487s] Level 1:colcon.colcon_core.package_identification:_identify(src/tutorial_interfaces) by extension 'colcon_meta'
[0.487s] Level 1:colcon.colcon_core.package_identification:_identify(src/tutorial_interfaces) by extensions ['ros']
[0.487s] Level 1:colcon.colcon_core.package_identification:_identify(src/tutorial_interfaces) by extension 'ros'
[0.487s] DEBUG:colcon.colcon_core.package_identification:Package 'src/tutorial_interfaces' with type 'ros.ament_cmake' and name 'tutorial_interfaces'
[0.487s] Level 1:colcon.colcon_core.package_discovery:discover_packages(recursive) using defaults
[0.487s] Level 1:colcon.colcon_core.package_discovery:discover_packages(ignore) discover
[0.487s] Level 1:colcon.colcon_core.package_discovery:discover_packages(ignore) using defaults
[0.488s] Level 1:colcon.colcon_core.package_discovery:discover_packages(path) discover
[0.488s] Level 1:colcon.colcon_core.package_discovery:discover_packages(path) using defaults
[0.525s] INFO:colcon.colcon_core.package_selection:Skipping not selected package 'dolly_follow' in 'src/dolly/dolly_follow'
[0.525s] INFO:colcon.colcon_core.package_selection:Skipping not selected package 'more_interfaces' in 'src/more_interfaces'
[0.525s] INFO:colcon.colcon_core.package_selection:Skipping not selected package 'my_package' in 'src/my_package'
[0.525s] INFO:colcon.colcon_core.package_selection:Skipping not selected package 'python_parameters' in 'src/python_parameters'
[0.525s] INFO:colcon.colcon_core.package_selection:Skipping not selected package 'turtlesim' in 'src/ros_tutorials/turtlesim'
[0.525s] INFO:colcon.colcon_core.package_selection:Skipping not selected package 'tutorial_interfaces' in 'src/tutorial_interfaces'
[0.525s] INFO:colcon.colcon_core.package_selection:Skipping not selected package 'dolly_gazebo' in 'src/dolly/dolly_gazebo'
[0.525s] INFO:colcon.colcon_core.package_selection:Skipping not selected package 'dolly_tests' in 'src/dolly/dolly_tests'
[0.525s] INFO:colcon.colcon_core.package_selection:Skipping not selected package 'py_pubsub' in 'src/py_pubsub'
[0.525s] INFO:colcon.colcon_core.package_selection:Skipping not selected package 'py_srvcli' in 'src/py_srvcli'
[0.526s] Level 1:colcon.colcon_core.package_discovery:discover_packages(prefix_path) check parameters
[0.526s] Level 1:colcon.colcon_core.package_discovery:discover_packages(prefix_path) discover
[0.538s] DEBUG:colcon.colcon_installed_package_information.package_discovery:Found 11 installed packages in /home/federico/dev_ws/install
[0.545s] DEBUG:colcon.colcon_installed_package_information.package_discovery:Found 332 installed packages in /home/federico/install
[0.548s] DEBUG:colcon.colcon_installed_package_information.package_discovery:Found 285 installed packages in /opt/ros/galactic
[0.557s] Level 1:colcon.colcon_core.package_discovery:discover_packages(prefix_path) using defaults
[0.649s] Level 5:colcon.colcon_core.verb:set package 'dolly' build argument 'cmake_args' from command line to 'None'
[0.649s] Level 5:colcon.colcon_core.verb:set package 'dolly' build argument 'cmake_target' from command line to 'None'
[0.649s] Level 5:colcon.colcon_core.verb:set package 'dolly' build argument 'cmake_target_skip_unavailable' from command line to 'False'
[0.649s] Level 5:colcon.colcon_core.verb:set package 'dolly' build argument 'cmake_clean_cache' from command line to 'False'
[0.649s] Level 5:colcon.colcon_core.verb:set package 'dolly' build argument 'cmake_clean_first' from command line to 'False'
[0.649s] Level 5:colcon.colcon_core.verb:set package 'dolly' build argument 'cmake_force_configure' from command line to 'False'
[0.649s] Level 5:colcon.colcon_core.verb:set package 'dolly' build argument 'ament_cmake_args' from command line to 'None'
[0.650s] Level 5:colcon.colcon_core.verb:set package 'dolly' build argument 'catkin_cmake_args' from command line to 'None'
[0.650s] Level 5:colcon.colcon_core.verb:set package 'dolly' build argument 'catkin_skip_building_tests' from command line to 'False'
[0.650s] DEBUG:colcon.colcon_core.verb:Building package 'dolly' with the following arguments: {'ament_cmake_args': None, 'build_base': '/home/federico/dev_ws/build/dolly', 'catkin_cmake_args': None, 'catkin_skip_building_tests': False, 'cmake_args': None, 'cmake_clean_cache': False, 'cmake_clean_first': False, 'cmake_force_configure': False, 'cmake_target': None, 'cmake_target_skip_unavailable': False, 'install_base': '/home/federico/dev_ws/install/dolly', 'merge_install': False, 'path': '/home/federico/dev_ws/src/dolly/dolly', 'symlink_install': True, 'test_result_base': None}
[0.650s] INFO:colcon.colcon_core.executor:Executing jobs using 'parallel' executor
[0.652s] DEBUG:colcon.colcon_parallel_executor.executor.parallel:run_until_complete
[0.652s] INFO:colcon.colcon_ros.task.ament_cmake.build:Building ROS package in '/home/federico/dev_ws/src/dolly/dolly' with build type 'ament_cmake'
[0.653s] INFO:colcon.colcon_cmake.task.cmake.build:Building CMake package in '/home/federico/dev_ws/src/dolly/dolly'
[0.659s] INFO:colcon.colcon_core.plugin_system:Skipping extension 'colcon_core.shell.bat': Not used on non-Windows systems
[0.659s] INFO:colcon.colcon_core.shell:Skip shell extension 'powershell' for command environment: Not usable outside of PowerShell
[0.659s] DEBUG:colcon.colcon_core.shell:Skip shell extension 'dsv' for command environment
[0.697s] DEBUG:colcon.colcon_core.event_handler.log_command:Invoking command in '/home/federico/dev_ws/build/dolly': CMAKE_PREFIX_PATH=/home/federico/dev_ws/install/dolly_gazebo:/home/federico/dev_ws/install/dolly_follow:/home/federico/dev_ws/install/tutorial_interfaces:/home/federico/dev_ws/install/turtlesim:/home/federico/dev_ws/install/my_package:/home/federico/dev_ws/install/more_interfaces:/home/federico/dev_ws/install/dolly:/home/federico/install/rosbag2:/home/federico/install/rosbag2_compression_zstd:/home/federico/install/zstd_vendor:/home/federico/install/rviz_visual_testing_framework:/home/federico/install/rviz2:/home/federico/install/rviz_default_plugins:/home/federico/install/rviz_common:/home/federico/install/rosbag2_py:/home/federico/install/rosbag2_transport:/home/federico/install/rosbag2_performance_benchmarking:/home/federico/install/rosbag2_compression:/home/federico/install/bag_recorder_nodes:/home/federico/install/rosbag2_cpp:/home/federico/install/rosbag2_storage_default_plugins:/home/federico/install/rosbag2_storage:/home/federico/install/image_common:/home/federico/install/camera_info_manager:/home/federico/install/camera_calibration_parsers:/home/federico/install/yaml_cpp_vendor:/home/federico/install/ros1_bridge:/home/federico/install/interactive_markers:/home/federico/install/common_interfaces:/home/federico/install/visualization_msgs:/home/federico/install/dummy_robot_bringup:/home/federico/install/robot_state_publisher:/home/federico/install/kdl_parser:/home/federico/install/urdf:/home/federico/install/urdfdom:/home/federico/install/urdf_parser_plugin:/home/federico/install/urdfdom_headers:/home/federico/install/turtlesim:/home/federico/install/geometry2:/home/federico/install/tf2_sensor_msgs:/home/federico/install/test_tf2:/home/federico/install/tf2_kdl:/home/federico/install/tf2_geometry_msgs:/home/federico/install/tf2_eigen:/home/federico/install/tf2_bullet:/home/federico/install/tf2_ros:/home/federico/install/tf2_py:/home/federico/install/tf2_msgs:/home/federico/install/test_msgs:/home/federico/install/sros2_cmake:/home/federico/install/ros2cli_common_extensions:/home/federico/install/rqt_py_common:/home/federico/install/ros_testing:/home/federico/install/ros2cli_test_interfaces:/home/federico/install/quality_of_service_demo_cpp:/home/federico/install/demo_nodes_cpp:/home/federico/install/composition:/home/federico/install/rclpy:/home/federico/install/examples_rclcpp_minimal_action_server:/home/federico/install/examples_rclcpp_minimal_action_client:/home/federico/install/action_tutorials_cpp:/home/federico/install/rclcpp_action:/home/federico/install/rcl_action:/home/federico/install/examples_rclcpp_minimal_service:/home/federico/install/examples_rclcpp_minimal_client:/home/federico/install/example_interfaces:/home/federico/install/action_tutorials_interfaces:/home/federico/install/action_msgs:/home/federico/install/unique_identifier_msgs:/home/federico/install/ament_lint_common:/home/federico/install/ament_cmake_uncrustify:/home/federico/install/uncrustify_vendor:/home/federico/install/trajectory_msgs:/home/federico/install/tracetools_test:/home/federico/install/topic_statistics_demo:/home/federico/install/pendulum_control:/home/federico/install/tlsf_cpp:/home/federico/install/rqt_gui_cpp:/home/federico/install/rosbag2_test_common:/home/federico/install/ros2lifecycle_test_fixtures:/home/federico/install/lifecycle:/home/federico/install/rclcpp_lifecycle:/home/federico/install/logging_demo:/home/federico/install/image_tools:/home/federico/install/examples_rclcpp_minimal_composition:/home/federico/install/demo_nodes_cpp_native:/home/federico/install/rclcpp_components:/home/federico/install/my_package:/home/federico/install/laser_geometry:/home/federico/install/intra_process_demo:/home/federico/install/image_transport:/home/federico/install/examples_rclcpp_multithreaded_executor:/home/federico/install/examples_rclcpp_minimal_timer:/home/federico/install/examples_rclcpp_minimal_subscriber:/home/federico/install/examples_rclcpp_minimal_publisher:/home/federico/install/examples_rclcpp_cbg_executor:/home/federico/install/dummy_sensors:/home/federico/install/dummy_map_server:/home/federico/install/rclcpp:/home/federico/install/rcl_lifecycle:/home/federico/install/libstatistics_collector:/home/federico/install/rcl:/home/federico/install/tracetools:/home/federico/install/tlsf:/home/federico/install/tinyxml_vendor:/home/federico/install/qt_gui_core:/home/federico/install/qt_gui_cpp:/home/federico/install/pluginlib:/home/federico/install/tinyxml2_vendor:/home/federico/install/tf2_eigen_kdl:/home/federico/install/tf2:/home/federico/install/test_security:/home/federico/install/test_rmw_implementation:/home/federico/install/test_rclcpp:/home/federico/install/test_quality_of_service:/home/federico/install/test_launch_testing:/home/federico/install/test_interface_files:/home/federico/install/test_communication:/home/federico/install/test_cli_remapping:/home/federico/install/test_cli:/home/federico/install/qt_gui_app:/home/federico/install/qt_gui:/home/federico/install/tango_icons_vendor:/home/federico/install/stereo_msgs:/home/federico/install/std_srvs:/home/federico/install/shape_msgs:/home/federico/install/map_msgs:/home/federico/install/sensor_msgs:/home/federico/install/nav_msgs:/home/federico/install/diagnostic_msgs:/home/federico/install/geometry_msgs:/home/federico/install/actionlib_msgs:/home/federico/install/std_msgs:/home/federico/install/statistics_msgs:/home/federico/install/sqlite3_vendor:/home/federico/install/rcl_logging_spdlog:/home/federico/install/spdlog_vendor:/home/federico/install/shared_queues_vendor:/home/federico/install/rviz_rendering_tests:/home/federico/install/rviz_rendering:/home/federico/install/rviz_ogre_vendor:/home/federico/install/rviz_assimp_vendor:/home/federico/install/rttest:/home/federico/install/rmw_implementation:/home/federico/install/rmw_connextddsmicro:/home/federico/install/rmw_connextdds:/home/federico/install/rmw_connextdds_common:/home/federico/install/rti_connext_dds_cmake_module:/home/federico/install/rosgraph_msgs:/home/federico/install/rosbag2_interfaces:/home/federico/install/rmw_fastrtps_dynamic_cpp:/home/federico/install/rmw_fastrtps_cpp:/home/federico/install/rmw_fastrtps_shared_cpp:/home/federico/install/rmw_cyclonedds_cpp:/home/federico/install/rmw_dds_common:/home/federico/install/composition_interfaces:/home/federico/install/rcl_interfaces:/home/federico/install/pendulum_msgs:/home/federico/install/lifecycle_msgs:/home/federico/install/builtin_interfaces:/home/federico/install/rosidl_default_runtime:/home/federico/install/rosidl_default_generators:/home/federico/install/rosidl_generator_py:/home/federico/install/rosidl_typesupport_cpp:/home/federico/install/rosidl_typesupport_introspection_cpp:/home/federico/install/rosidl_typesupport_c:/home/federico/install/rosidl_typesupport_introspection_c:/home/federico/install/rosidl_typesupport_fastrtps_c:/home/federico/install/rosidl_typesupport_fastrtps_cpp:/home/federico/install/rcl_yaml_param_parser:/home/federico/install/rmw:/home/federico/install/rosidl_runtime_c:/home/federico/install/rosidl_generator_cpp:/home/federico/install/rosidl_generator_c:/home/federico/install/rosidl_typesupport_interface:/home/federico/install/rosidl_runtime_cpp:/home/federico/install/rosidl_generator_dds_idl:/home/federico/install/rosidl_cmake:/home/federico/install/rosidl_parser:/home/federico/install/rosidl_adapter:/home/federico/install/rosbag2_tests:/home/federico/install/ros_environment:/home/federico/install/rmw_implementation_cmake:/home/federico/install/resource_retriever:/home/federico/install/class_loader:/home/federico/install/rcpputils:/home/federico/install/rcl_logging_noop:/home/federico/install/rcl_logging_log4cxx:/home/federico/install/rcl_logging_interface:/home/federico/install/rcutils:/home/federico/install/qt_gui_py_common:/home/federico/install/qt_dotgraph:/home/federico/install/python_qt_binding:/home/federico/install/launch_testing_ament_cmake:/home/federico/install/python_cmake_module:/home/federico/install/pybind11_vendor:/home/federico/install/performance_test_fixture:/home/federico/install/osrf_testing_tools_cpp:/home/federico/install/orocos_kdl:/home/federico/install/mimick_vendor:/home/federico/install/message_filters:/home/federico/install/libyaml_vendor:/home/federico/install/libcurl_vendor:/home/federico/install/cyclonedds:/home/federico/install/iceoryx_utils:/home/federico/install/iceoryx_posh:/home/federico/install/iceoryx_binding_c:/home/federico/install/ament_cmake_ros:/home/federico/install/ament_cmake_gmock:/home/federico/install/gmock_vendor:/home/federico/install/ament_cmake_gtest:/home/federico/install/gtest_vendor:/home/federico/install/ament_cmake_google_benchmark:/home/federico/install/google_benchmark_vendor:/home/federico/install/fastrtps:/home/federico/install/foonathan_memory_vendor:/home/federico/install/fastrtps_cmake_module:/home/federico/install/fastcdr:/home/federico/install/eigen3_cmake_module:/home/federico/install/console_bridge_vendor:/home/federico/install/ament_cmake_xmllint:/home/federico/install/ament_cmake_pyflakes:/home/federico/install/ament_cmake_pycodestyle:/home/federico/install/ament_cmake_pep257:/home/federico/install/ament_cmake_pclint:/home/federico/install/ament_lint_auto:/home/federico/install/ament_cmake_auto:/home/federico/install/ament_cmake:/home/federico/install/ament_cmake_version:/home/federico/install/ament_cmake_pytest:/home/federico/install/ament_cmake_nose:/home/federico/install/ament_cmake_mypy:/home/federico/install/ament_cmake_lint_cmake:/home/federico/install/ament_cmake_flake8:/home/federico/install/ament_cmake_cpplint:/home/federico/install/ament_cmake_cppcheck:/home/federico/install/ament_cmake_copyright:/home/federico/install/ament_cmake_clang_tidy:/home/federico/install/ament_cmake_clang_format:/home/federico/install/ament_cmake_test:/home/federico/install/ament_cmake_target_dependencies:/home/federico/install/ament_cmake_python:/home/federico/install/ament_cmake_export_dependencies:/home/federico/install/ament_cmake_libraries:/home/federico/install/ament_cmake_include_directories:/home/federico/install/ament_cmake_export_targets:/home/federico/install/ament_cmake_export_link_flags:/home/federico/install/ament_cmake_export_interfaces:/home/federico/install/ament_cmake_export_libraries:/home/federico/install/ament_cmake_export_include_directories:/home/federico/install/ament_cmake_export_definitions:/home/federico/install/ament_cmake_core:/home/federico/install/ament_index_cpp:/home/federico/dev_ws/install/py_srvcli:/home/federico/dev_ws/install/py_pubsub:/home/federico/dev_ws/install/python_parameters:/home/federico/install/rqt_bag_plugins:/home/federico/install/rqt_bag:/home/federico/install/ros2bag:/home/federico/install/tracetools_launch:/home/federico/install/topic_monitor:/home/federico/install/tf2_tools:/home/federico/install/examples_tf2_py:/home/federico/install/tf2_ros_py:/home/federico/install/sros2:/home/federico/install/rqt_topic:/home/federico/install/rqt_top:/home/federico/install/rqt_srv:/home/federico/install/rqt_shell:/home/federico/install/rqt_service_caller:/home/federico/install/rqt_reconfigure:/home/federico/install/rqt_py_console:/home/federico/install/rqt_publisher:/home/federico/install/rqt_plot:/home/federico/install/rqt_action:/home/federico/install/rqt_msg:/home/federico/install/rqt_console:/home/federico/install/rqt:/home/federico/install/rqt_graph:/home/federico/install/rqt_gui_py:/home/federico/install/rqt_gui:/home/federico/install/ros2trace:/home/federico/install/ros2topic:/home/federico/install/ros2test:/home/federico/install/ros2component:/home/federico/install/ros2param:/home/federico/install/ros2lifecycle:/home/federico/install/ros2service:/home/federico/install/ros2run:/home/federico/install/ros2launch:/home/federico/install/ros2pkg:/home/federico/install/ros2node:/home/federico/install/ros2multicast:/home/federico/install/ros2interface:/home/federico/install/ros2doctor:/home/federico/install/ros2action:/home/federico/install/ros2cli:/home/federico/install/quality_of_service_demo_py:/home/federico/install/launch_testing_ros:/home/federico/install/launch_ros:/home/federico/install/examples_rclpy_pointcloud_publisher:/home/federico/install/examples_rclpy_minimal_subscriber:/home/federico/install/examples_rclpy_minimal_service:/home/federico/install/examples_rclpy_minimal_publisher:/home/federico/install/examples_rclpy_minimal_client:/home/federico/install/examples_rclpy_minimal_action_server:/home/federico/install/examples_rclpy_minimal_action_client:/home/federico/install/examples_rclpy_guard_conditions:/home/federico/install/examples_rclpy_executors:/home/federico/install/demo_nodes_py:/home/federico/install/action_tutorials_py:/home/federico/install/ament_uncrustify:/home/federico/install/tracetools_trace:/home/federico/install/tracetools_read:/home/federico/install/test_launch_ros:/home/federico/install/sensor_msgs_py:/home/federico/install/rpyutils:/home/federico/install/rosidl_runtime_py:/home/federico/install/rosidl_cli:/home/federico/install/launch_yaml:/home/federico/install/launch_xml:/home/federico/install/launch_testing:/home/federico/install/launch:/home/federico/install/osrf_pycommon:/home/federico/install/domain_coordinator:/home/federico/install/ament_xmllint:/home/federico/install/ament_pyflakes:/home/federico/install/ament_pycodestyle:/home/federico/install/ament_pep257:/home/federico/install/ament_pclint:/home/federico/install/ament_package:/home/federico/install/ament_mypy:/home/federico/install/ament_lint_cmake:/home/federico/install/ament_flake8:/home/federico/install/ament_copyright:/home/federico/install/ament_lint:/home/federico/install/ament_index_python:/home/federico/install/ament_cpplint:/home/federico/install/ament_cppcheck:/home/federico/install/ament_clang_tidy:/home/federico/install/ament_clang_format:/opt/ros/galactic /usr/bin/cmake --build /home/federico/dev_ws/build/dolly -- -j12 -l12
[0.783s] DEBUG:colcon.colcon_core.event_handler.log_command:Invoked command in '/home/federico/dev_ws/build/dolly' returned '0': CMAKE_PREFIX_PATH=/home/federico/dev_ws/install/dolly_gazebo:/home/federico/dev_ws/install/dolly_follow:/home/federico/dev_ws/install/tutorial_interfaces:/home/federico/dev_ws/install/turtlesim:/home/federico/dev_ws/install/my_package:/home/federico/dev_ws/install/more_interfaces:/home/federico/dev_ws/install/dolly:/home/federico/install/rosbag2:/home/federico/install/rosbag2_compression_zstd:/home/federico/install/zstd_vendor:/home/federico/install/rviz_visual_testing_framework:/home/federico/install/rviz2:/home/federico/install/rviz_default_plugins:/home/federico/install/rviz_common:/home/federico/install/rosbag2_py:/home/federico/install/rosbag2_transport:/home/federico/install/rosbag2_performance_benchmarking:/home/federico/install/rosbag2_compression:/home/federico/install/bag_recorder_nodes:/home/federico/install/rosbag2_cpp:/home/federico/install/rosbag2_storage_default_plugins:/home/federico/install/rosbag2_storage:/home/federico/install/image_common:/home/federico/install/camera_info_manager:/home/federico/install/camera_calibration_parsers:/home/federico/install/yaml_cpp_vendor:/home/federico/install/ros1_bridge:/home/federico/install/interactive_markers:/home/federico/install/common_interfaces:/home/federico/install/visualization_msgs:/home/federico/install/dummy_robot_bringup:/home/federico/install/robot_state_publisher:/home/federico/install/kdl_parser:/home/federico/install/urdf:/home/federico/install/urdfdom:/home/federico/install/urdf_parser_plugin:/home/federico/install/urdfdom_headers:/home/federico/install/turtlesim:/home/federico/install/geometry2:/home/federico/install/tf2_sensor_msgs:/home/federico/install/test_tf2:/home/federico/install/tf2_kdl:/home/federico/install/tf2_geometry_msgs:/home/federico/install/tf2_eigen:/home/federico/install/tf2_bullet:/home/federico/install/tf2_ros:/home/federico/install/tf2_py:/home/federico/install/tf2_msgs:/home/federico/install/test_msgs:/home/federico/install/sros2_cmake:/home/federico/install/ros2cli_common_extensions:/home/federico/install/rqt_py_common:/home/federico/install/ros_testing:/home/federico/install/ros2cli_test_interfaces:/home/federico/install/quality_of_service_demo_cpp:/home/federico/install/demo_nodes_cpp:/home/federico/install/composition:/home/federico/install/rclpy:/home/federico/install/examples_rclcpp_minimal_action_server:/home/federico/install/examples_rclcpp_minimal_action_client:/home/federico/install/action_tutorials_cpp:/home/federico/install/rclcpp_action:/home/federico/install/rcl_action:/home/federico/install/examples_rclcpp_minimal_service:/home/federico/install/examples_rclcpp_minimal_client:/home/federico/install/example_interfaces:/home/federico/install/action_tutorials_interfaces:/home/federico/install/action_msgs:/home/federico/install/unique_identifier_msgs:/home/federico/install/ament_lint_common:/home/federico/install/ament_cmake_uncrustify:/home/federico/install/uncrustify_vendor:/home/federico/install/trajectory_msgs:/home/federico/install/tracetools_test:/home/federico/install/topic_statistics_demo:/home/federico/install/pendulum_control:/home/federico/install/tlsf_cpp:/home/federico/install/rqt_gui_cpp:/home/federico/install/rosbag2_test_common:/home/federico/install/ros2lifecycle_test_fixtures:/home/federico/install/lifecycle:/home/federico/install/rclcpp_lifecycle:/home/federico/install/logging_demo:/home/federico/install/image_tools:/home/federico/install/examples_rclcpp_minimal_composition:/home/federico/install/demo_nodes_cpp_native:/home/federico/install/rclcpp_components:/home/federico/install/my_package:/home/federico/install/laser_geometry:/home/federico/install/intra_process_demo:/home/federico/install/image_transport:/home/federico/install/examples_rclcpp_multithreaded_executor:/home/federico/install/examples_rclcpp_minimal_timer:/home/federico/install/examples_rclcpp_minimal_subscriber:/home/federico/install/examples_rclcpp_minimal_publisher:/home/federico/install/examples_rclcpp_cbg_executor:/home/federico/install/dummy_sensors:/home/federico/install/dummy_map_server:/home/federico/install/rclcpp:/home/federico/install/rcl_lifecycle:/home/federico/install/libstatistics_collector:/home/federico/install/rcl:/home/federico/install/tracetools:/home/federico/install/tlsf:/home/federico/install/tinyxml_vendor:/home/federico/install/qt_gui_core:/home/federico/install/qt_gui_cpp:/home/federico/install/pluginlib:/home/federico/install/tinyxml2_vendor:/home/federico/install/tf2_eigen_kdl:/home/federico/install/tf2:/home/federico/install/test_security:/home/federico/install/test_rmw_implementation:/home/federico/install/test_rclcpp:/home/federico/install/test_quality_of_service:/home/federico/install/test_launch_testing:/home/federico/install/test_interface_files:/home/federico/install/test_communication:/home/federico/install/test_cli_remapping:/home/federico/install/test_cli:/home/federico/install/qt_gui_app:/home/federico/install/qt_gui:/home/federico/install/tango_icons_vendor:/home/federico/install/stereo_msgs:/home/federico/install/std_srvs:/home/federico/install/shape_msgs:/home/federico/install/map_msgs:/home/federico/install/sensor_msgs:/home/federico/install/nav_msgs:/home/federico/install/diagnostic_msgs:/home/federico/install/geometry_msgs:/home/federico/install/actionlib_msgs:/home/federico/install/std_msgs:/home/federico/install/statistics_msgs:/home/federico/install/sqlite3_vendor:/home/federico/install/rcl_logging_spdlog:/home/federico/install/spdlog_vendor:/home/federico/install/shared_queues_vendor:/home/federico/install/rviz_rendering_tests:/home/federico/install/rviz_rendering:/home/federico/install/rviz_ogre_vendor:/home/federico/install/rviz_assimp_vendor:/home/federico/install/rttest:/home/federico/install/rmw_implementation:/home/federico/install/rmw_connextddsmicro:/home/federico/install/rmw_connextdds:/home/federico/install/rmw_connextdds_common:/home/federico/install/rti_connext_dds_cmake_module:/home/federico/install/rosgraph_msgs:/home/federico/install/rosbag2_interfaces:/home/federico/install/rmw_fastrtps_dynamic_cpp:/home/federico/install/rmw_fastrtps_cpp:/home/federico/install/rmw_fastrtps_shared_cpp:/home/federico/install/rmw_cyclonedds_cpp:/home/federico/install/rmw_dds_common:/home/federico/install/composition_interfaces:/home/federico/install/rcl_interfaces:/home/federico/install/pendulum_msgs:/home/federico/install/lifecycle_msgs:/home/federico/install/builtin_interfaces:/home/federico/install/rosidl_default_runtime:/home/federico/install/rosidl_default_generators:/home/federico/install/rosidl_generator_py:/home/federico/install/rosidl_typesupport_cpp:/home/federico/install/rosidl_typesupport_introspection_cpp:/home/federico/install/rosidl_typesupport_c:/home/federico/install/rosidl_typesupport_introspection_c:/home/federico/install/rosidl_typesupport_fastrtps_c:/home/federico/install/rosidl_typesupport_fastrtps_cpp:/home/federico/install/rcl_yaml_param_parser:/home/federico/install/rmw:/home/federico/install/rosidl_runtime_c:/home/federico/install/rosidl_generator_cpp:/home/federico/install/rosidl_generator_c:/home/federico/install/rosidl_typesupport_interface:/home/federico/install/rosidl_runtime_cpp:/home/federico/install/rosidl_generator_dds_idl:/home/federico/install/rosidl_cmake:/home/federico/install/rosidl_parser:/home/federico/install/rosidl_adapter:/home/federico/install/rosbag2_tests:/home/federico/install/ros_environment:/home/federico/install/rmw_implementation_cmake:/home/federico/install/resource_retriever:/home/federico/install/class_loader:/home/federico/install/rcpputils:/home/federico/install/rcl_logging_noop:/home/federico/install/rcl_logging_log4cxx:/home/federico/install/rcl_logging_interface:/home/federico/install/rcutils:/home/federico/install/qt_gui_py_common:/home/federico/install/qt_dotgraph:/home/federico/install/python_qt_binding:/home/federico/install/launch_testing_ament_cmake:/home/federico/install/python_cmake_module:/home/federico/install/pybind11_vendor:/home/federico/install/performance_test_fixture:/home/federico/install/osrf_testing_tools_cpp:/home/federico/install/orocos_kdl:/home/federico/install/mimick_vendor:/home/federico/install/message_filters:/home/federico/install/libyaml_vendor:/home/federico/install/libcurl_vendor:/home/federico/install/cyclonedds:/home/federico/install/iceoryx_utils:/home/federico/install/iceoryx_posh:/home/federico/install/iceoryx_binding_c:/home/federico/install/ament_cmake_ros:/home/federico/install/ament_cmake_gmock:/home/federico/install/gmock_vendor:/home/federico/install/ament_cmake_gtest:/home/federico/install/gtest_vendor:/home/federico/install/ament_cmake_google_benchmark:/home/federico/install/google_benchmark_vendor:/home/federico/install/fastrtps:/home/federico/install/foonathan_memory_vendor:/home/federico/install/fastrtps_cmake_module:/home/federico/install/fastcdr:/home/federico/install/eigen3_cmake_module:/home/federico/install/console_bridge_vendor:/home/federico/install/ament_cmake_xmllint:/home/federico/install/ament_cmake_pyflakes:/home/federico/install/ament_cmake_pycodestyle:/home/federico/install/ament_cmake_pep257:/home/federico/install/ament_cmake_pclint:/home/federico/install/ament_lint_auto:/home/federico/install/ament_cmake_auto:/home/federico/install/ament_cmake:/home/federico/install/ament_cmake_version:/home/federico/install/ament_cmake_pytest:/home/federico/install/ament_cmake_nose:/home/federico/install/ament_cmake_mypy:/home/federico/install/ament_cmake_lint_cmake:/home/federico/install/ament_cmake_flake8:/home/federico/install/ament_cmake_cpplint:/home/federico/install/ament_cmake_cppcheck:/home/federico/install/ament_cmake_copyright:/home/federico/install/ament_cmake_clang_tidy:/home/federico/install/ament_cmake_clang_format:/home/federico/install/ament_cmake_test:/home/federico/install/ament_cmake_target_dependencies:/home/federico/install/ament_cmake_python:/home/federico/install/ament_cmake_export_dependencies:/home/federico/install/ament_cmake_libraries:/home/federico/install/ament_cmake_include_directories:/home/federico/install/ament_cmake_export_targets:/home/federico/install/ament_cmake_export_link_flags:/home/federico/install/ament_cmake_export_interfaces:/home/federico/install/ament_cmake_export_libraries:/home/federico/install/ament_cmake_export_include_directories:/home/federico/install/ament_cmake_export_definitions:/home/federico/install/ament_cmake_core:/home/federico/install/ament_index_cpp:/home/federico/dev_ws/install/py_srvcli:/home/federico/dev_ws/install/py_pubsub:/home/federico/dev_ws/install/python_parameters:/home/federico/install/rqt_bag_plugins:/home/federico/install/rqt_bag:/home/federico/install/ros2bag:/home/federico/install/tracetools_launch:/home/federico/install/topic_monitor:/home/federico/install/tf2_tools:/home/federico/install/examples_tf2_py:/home/federico/install/tf2_ros_py:/home/federico/install/sros2:/home/federico/install/rqt_topic:/home/federico/install/rqt_top:/home/federico/install/rqt_srv:/home/federico/install/rqt_shell:/home/federico/install/rqt_service_caller:/home/federico/install/rqt_reconfigure:/home/federico/install/rqt_py_console:/home/federico/install/rqt_publisher:/home/federico/install/rqt_plot:/home/federico/install/rqt_action:/home/federico/install/rqt_msg:/home/federico/install/rqt_console:/home/federico/install/rqt:/home/federico/install/rqt_graph:/home/federico/install/rqt_gui_py:/home/federico/install/rqt_gui:/home/federico/install/ros2trace:/home/federico/install/ros2topic:/home/federico/install/ros2test:/home/federico/install/ros2component:/home/federico/install/ros2param:/home/federico/install/ros2lifecycle:/home/federico/install/ros2service:/home/federico/install/ros2run:/home/federico/install/ros2launch:/home/federico/install/ros2pkg:/home/federico/install/ros2node:/home/federico/install/ros2multicast:/home/federico/install/ros2interface:/home/federico/install/ros2doctor:/home/federico/install/ros2action:/home/federico/install/ros2cli:/home/federico/install/quality_of_service_demo_py:/home/federico/install/launch_testing_ros:/home/federico/install/launch_ros:/home/federico/install/examples_rclpy_pointcloud_publisher:/home/federico/install/examples_rclpy_minimal_subscriber:/home/federico/install/examples_rclpy_minimal_service:/home/federico/install/examples_rclpy_minimal_publisher:/home/federico/install/examples_rclpy_minimal_client:/home/federico/install/examples_rclpy_minimal_action_server:/home/federico/install/examples_rclpy_minimal_action_client:/home/federico/install/examples_rclpy_guard_conditions:/home/federico/install/examples_rclpy_executors:/home/federico/install/demo_nodes_py:/home/federico/install/action_tutorials_py:/home/federico/install/ament_uncrustify:/home/federico/install/tracetools_trace:/home/federico/install/tracetools_read:/home/federico/install/test_launch_ros:/home/federico/install/sensor_msgs_py:/home/federico/install/rpyutils:/home/federico/install/rosidl_runtime_py:/home/federico/install/rosidl_cli:/home/federico/install/launch_yaml:/home/federico/install/launch_xml:/home/federico/install/launch_testing:/home/federico/install/launch:/home/federico/install/osrf_pycommon:/home/federico/install/domain_coordinator:/home/federico/install/ament_xmllint:/home/federico/install/ament_pyflakes:/home/federico/install/ament_pycodestyle:/home/federico/install/ament_pep257:/home/federico/install/ament_pclint:/home/federico/install/ament_package:/home/federico/install/ament_mypy:/home/federico/install/ament_lint_cmake:/home/federico/install/ament_flake8:/home/federico/install/ament_copyright:/home/federico/install/ament_lint:/home/federico/install/ament_index_python:/home/federico/install/ament_cpplint:/home/federico/install/ament_cppcheck:/home/federico/install/ament_clang_tidy:/home/federico/install/ament_clang_format:/opt/ros/galactic /usr/bin/cmake --build /home/federico/dev_ws/build/dolly -- -j12 -l12
[0.855s] DEBUG:colcon.colcon_core.event_handler.log_command:Invoking command in '/home/federico/dev_ws/build/dolly': CMAKE_PREFIX_PATH=/home/federico/dev_ws/install/dolly_gazebo:/home/federico/dev_ws/install/dolly_follow:/home/federico/dev_ws/install/tutorial_interfaces:/home/federico/dev_ws/install/turtlesim:/home/federico/dev_ws/install/my_package:/home/federico/dev_ws/install/more_interfaces:/home/federico/dev_ws/install/dolly:/home/federico/install/rosbag2:/home/federico/install/rosbag2_compression_zstd:/home/federico/install/zstd_vendor:/home/federico/install/rviz_visual_testing_framework:/home/federico/install/rviz2:/home/federico/install/rviz_default_plugins:/home/federico/install/rviz_common:/home/federico/install/rosbag2_py:/home/federico/install/rosbag2_transport:/home/federico/install/rosbag2_performance_benchmarking:/home/federico/install/rosbag2_compression:/home/federico/install/bag_recorder_nodes:/home/federico/install/rosbag2_cpp:/home/federico/install/rosbag2_storage_default_plugins:/home/federico/install/rosbag2_storage:/home/federico/install/image_common:/home/federico/install/camera_info_manager:/home/federico/install/camera_calibration_parsers:/home/federico/install/yaml_cpp_vendor:/home/federico/install/ros1_bridge:/home/federico/install/interactive_markers:/home/federico/install/common_interfaces:/home/federico/install/visualization_msgs:/home/federico/install/dummy_robot_bringup:/home/federico/install/robot_state_publisher:/home/federico/install/kdl_parser:/home/federico/install/urdf:/home/federico/install/urdfdom:/home/federico/install/urdf_parser_plugin:/home/federico/install/urdfdom_headers:/home/federico/install/turtlesim:/home/federico/install/geometry2:/home/federico/install/tf2_sensor_msgs:/home/federico/install/test_tf2:/home/federico/install/tf2_kdl:/home/federico/install/tf2_geometry_msgs:/home/federico/install/tf2_eigen:/home/federico/install/tf2_bullet:/home/federico/install/tf2_ros:/home/federico/install/tf2_py:/home/federico/install/tf2_msgs:/home/federico/install/test_msgs:/home/federico/install/sros2_cmake:/home/federico/install/ros2cli_common_extensions:/home/federico/install/rqt_py_common:/home/federico/install/ros_testing:/home/federico/install/ros2cli_test_interfaces:/home/federico/install/quality_of_service_demo_cpp:/home/federico/install/demo_nodes_cpp:/home/federico/install/composition:/home/federico/install/rclpy:/home/federico/install/examples_rclcpp_minimal_action_server:/home/federico/install/examples_rclcpp_minimal_action_client:/home/federico/install/action_tutorials_cpp:/home/federico/install/rclcpp_action:/home/federico/install/rcl_action:/home/federico/install/examples_rclcpp_minimal_service:/home/federico/install/examples_rclcpp_minimal_client:/home/federico/install/example_interfaces:/home/federico/install/action_tutorials_interfaces:/home/federico/install/action_msgs:/home/federico/install/unique_identifier_msgs:/home/federico/install/ament_lint_common:/home/federico/install/ament_cmake_uncrustify:/home/federico/install/uncrustify_vendor:/home/federico/install/trajectory_msgs:/home/federico/install/tracetools_test:/home/federico/install/topic_statistics_demo:/home/federico/install/pendulum_control:/home/federico/install/tlsf_cpp:/home/federico/install/rqt_gui_cpp:/home/federico/install/rosbag2_test_common:/home/federico/install/ros2lifecycle_test_fixtures:/home/federico/install/lifecycle:/home/federico/install/rclcpp_lifecycle:/home/federico/install/logging_demo:/home/federico/install/image_tools:/home/federico/install/examples_rclcpp_minimal_composition:/home/federico/install/demo_nodes_cpp_native:/home/federico/install/rclcpp_components:/home/federico/install/my_package:/home/federico/install/laser_geometry:/home/federico/install/intra_process_demo:/home/federico/install/image_transport:/home/federico/install/examples_rclcpp_multithreaded_executor:/home/federico/install/examples_rclcpp_minimal_timer:/home/federico/install/examples_rclcpp_minimal_subscriber:/home/federico/install/examples_rclcpp_minimal_publisher:/home/federico/install/examples_rclcpp_cbg_executor:/home/federico/install/dummy_sensors:/home/federico/install/dummy_map_server:/home/federico/install/rclcpp:/home/federico/install/rcl_lifecycle:/home/federico/install/libstatistics_collector:/home/federico/install/rcl:/home/federico/install/tracetools:/home/federico/install/tlsf:/home/federico/install/tinyxml_vendor:/home/federico/install/qt_gui_core:/home/federico/install/qt_gui_cpp:/home/federico/install/pluginlib:/home/federico/install/tinyxml2_vendor:/home/federico/install/tf2_eigen_kdl:/home/federico/install/tf2:/home/federico/install/test_security:/home/federico/install/test_rmw_implementation:/home/federico/install/test_rclcpp:/home/federico/install/test_quality_of_service:/home/federico/install/test_launch_testing:/home/federico/install/test_interface_files:/home/federico/install/test_communication:/home/federico/install/test_cli_remapping:/home/federico/install/test_cli:/home/federico/install/qt_gui_app:/home/federico/install/qt_gui:/home/federico/install/tango_icons_vendor:/home/federico/install/stereo_msgs:/home/federico/install/std_srvs:/home/federico/install/shape_msgs:/home/federico/install/map_msgs:/home/federico/install/sensor_msgs:/home/federico/install/nav_msgs:/home/federico/install/diagnostic_msgs:/home/federico/install/geometry_msgs:/home/federico/install/actionlib_msgs:/home/federico/install/std_msgs:/home/federico/install/statistics_msgs:/home/federico/install/sqlite3_vendor:/home/federico/install/rcl_logging_spdlog:/home/federico/install/spdlog_vendor:/home/federico/install/shared_queues_vendor:/home/federico/install/rviz_rendering_tests:/home/federico/install/rviz_rendering:/home/federico/install/rviz_ogre_vendor:/home/federico/install/rviz_assimp_vendor:/home/federico/install/rttest:/home/federico/install/rmw_implementation:/home/federico/install/rmw_connextddsmicro:/home/federico/install/rmw_connextdds:/home/federico/install/rmw_connextdds_common:/home/federico/install/rti_connext_dds_cmake_module:/home/federico/install/rosgraph_msgs:/home/federico/install/rosbag2_interfaces:/home/federico/install/rmw_fastrtps_dynamic_cpp:/home/federico/install/rmw_fastrtps_cpp:/home/federico/install/rmw_fastrtps_shared_cpp:/home/federico/install/rmw_cyclonedds_cpp:/home/federico/install/rmw_dds_common:/home/federico/install/composition_interfaces:/home/federico/install/rcl_interfaces:/home/federico/install/pendulum_msgs:/home/federico/install/lifecycle_msgs:/home/federico/install/builtin_interfaces:/home/federico/install/rosidl_default_runtime:/home/federico/install/rosidl_default_generators:/home/federico/install/rosidl_generator_py:/home/federico/install/rosidl_typesupport_cpp:/home/federico/install/rosidl_typesupport_introspection_cpp:/home/federico/install/rosidl_typesupport_c:/home/federico/install/rosidl_typesupport_introspection_c:/home/federico/install/rosidl_typesupport_fastrtps_c:/home/federico/install/rosidl_typesupport_fastrtps_cpp:/home/federico/install/rcl_yaml_param_parser:/home/federico/install/rmw:/home/federico/install/rosidl_runtime_c:/home/federico/install/rosidl_generator_cpp:/home/federico/install/rosidl_generator_c:/home/federico/install/rosidl_typesupport_interface:/home/federico/install/rosidl_runtime_cpp:/home/federico/install/rosidl_generator_dds_idl:/home/federico/install/rosidl_cmake:/home/federico/install/rosidl_parser:/home/federico/install/rosidl_adapter:/home/federico/install/rosbag2_tests:/home/federico/install/ros_environment:/home/federico/install/rmw_implementation_cmake:/home/federico/install/resource_retriever:/home/federico/install/class_loader:/home/federico/install/rcpputils:/home/federico/install/rcl_logging_noop:/home/federico/install/rcl_logging_log4cxx:/home/federico/install/rcl_logging_interface:/home/federico/install/rcutils:/home/federico/install/qt_gui_py_common:/home/federico/install/qt_dotgraph:/home/federico/install/python_qt_binding:/home/federico/install/launch_testing_ament_cmake:/home/federico/install/python_cmake_module:/home/federico/install/pybind11_vendor:/home/federico/install/performance_test_fixture:/home/federico/install/osrf_testing_tools_cpp:/home/federico/install/orocos_kdl:/home/federico/install/mimick_vendor:/home/federico/install/message_filters:/home/federico/install/libyaml_vendor:/home/federico/install/libcurl_vendor:/home/federico/install/cyclonedds:/home/federico/install/iceoryx_utils:/home/federico/install/iceoryx_posh:/home/federico/install/iceoryx_binding_c:/home/federico/install/ament_cmake_ros:/home/federico/install/ament_cmake_gmock:/home/federico/install/gmock_vendor:/home/federico/install/ament_cmake_gtest:/home/federico/install/gtest_vendor:/home/federico/install/ament_cmake_google_benchmark:/home/federico/install/google_benchmark_vendor:/home/federico/install/fastrtps:/home/federico/install/foonathan_memory_vendor:/home/federico/install/fastrtps_cmake_module:/home/federico/install/fastcdr:/home/federico/install/eigen3_cmake_module:/home/federico/install/console_bridge_vendor:/home/federico/install/ament_cmake_xmllint:/home/federico/install/ament_cmake_pyflakes:/home/federico/install/ament_cmake_pycodestyle:/home/federico/install/ament_cmake_pep257:/home/federico/install/ament_cmake_pclint:/home/federico/install/ament_lint_auto:/home/federico/install/ament_cmake_auto:/home/federico/install/ament_cmake:/home/federico/install/ament_cmake_version:/home/federico/install/ament_cmake_pytest:/home/federico/install/ament_cmake_nose:/home/federico/install/ament_cmake_mypy:/home/federico/install/ament_cmake_lint_cmake:/home/federico/install/ament_cmake_flake8:/home/federico/install/ament_cmake_cpplint:/home/federico/install/ament_cmake_cppcheck:/home/federico/install/ament_cmake_copyright:/home/federico/install/ament_cmake_clang_tidy:/home/federico/install/ament_cmake_clang_format:/home/federico/install/ament_cmake_test:/home/federico/install/ament_cmake_target_dependencies:/home/federico/install/ament_cmake_python:/home/federico/install/ament_cmake_export_dependencies:/home/federico/install/ament_cmake_libraries:/home/federico/install/ament_cmake_include_directories:/home/federico/install/ament_cmake_export_targets:/home/federico/install/ament_cmake_export_link_flags:/home/federico/install/ament_cmake_export_interfaces:/home/federico/install/ament_cmake_export_libraries:/home/federico/install/ament_cmake_export_include_directories:/home/federico/install/ament_cmake_export_definitions:/home/federico/install/ament_cmake_core:/home/federico/install/ament_index_cpp:/home/federico/dev_ws/install/py_srvcli:/home/federico/dev_ws/install/py_pubsub:/home/federico/dev_ws/install/python_parameters:/home/federico/install/rqt_bag_plugins:/home/federico/install/rqt_bag:/home/federico/install/ros2bag:/home/federico/install/tracetools_launch:/home/federico/install/topic_monitor:/home/federico/install/tf2_tools:/home/federico/install/examples_tf2_py:/home/federico/install/tf2_ros_py:/home/federico/install/sros2:/home/federico/install/rqt_topic:/home/federico/install/rqt_top:/home/federico/install/rqt_srv:/home/federico/install/rqt_shell:/home/federico/install/rqt_service_caller:/home/federico/install/rqt_reconfigure:/home/federico/install/rqt_py_console:/home/federico/install/rqt_publisher:/home/federico/install/rqt_plot:/home/federico/install/rqt_action:/home/federico/install/rqt_msg:/home/federico/install/rqt_console:/home/federico/install/rqt:/home/federico/install/rqt_graph:/home/federico/install/rqt_gui_py:/home/federico/install/rqt_gui:/home/federico/install/ros2trace:/home/federico/install/ros2topic:/home/federico/install/ros2test:/home/federico/install/ros2component:/home/federico/install/ros2param:/home/federico/install/ros2lifecycle:/home/federico/install/ros2service:/home/federico/install/ros2run:/home/federico/install/ros2launch:/home/federico/install/ros2pkg:/home/federico/install/ros2node:/home/federico/install/ros2multicast:/home/federico/install/ros2interface:/home/federico/install/ros2doctor:/home/federico/install/ros2action:/home/federico/install/ros2cli:/home/federico/install/quality_of_service_demo_py:/home/federico/install/launch_testing_ros:/home/federico/install/launch_ros:/home/federico/install/examples_rclpy_pointcloud_publisher:/home/federico/install/examples_rclpy_minimal_subscriber:/home/federico/install/examples_rclpy_minimal_service:/home/federico/install/examples_rclpy_minimal_publisher:/home/federico/install/examples_rclpy_minimal_client:/home/federico/install/examples_rclpy_minimal_action_server:/home/federico/install/examples_rclpy_minimal_action_client:/home/federico/install/examples_rclpy_guard_conditions:/home/federico/install/examples_rclpy_executors:/home/federico/install/demo_nodes_py:/home/federico/install/action_tutorials_py:/home/federico/install/ament_uncrustify:/home/federico/install/tracetools_trace:/home/federico/install/tracetools_read:/home/federico/install/test_launch_ros:/home/federico/install/sensor_msgs_py:/home/federico/install/rpyutils:/home/federico/install/rosidl_runtime_py:/home/federico/install/rosidl_cli:/home/federico/install/launch_yaml:/home/federico/install/launch_xml:/home/federico/install/launch_testing:/home/federico/install/launch:/home/federico/install/osrf_pycommon:/home/federico/install/domain_coordinator:/home/federico/install/ament_xmllint:/home/federico/install/ament_pyflakes:/home/federico/install/ament_pycodestyle:/home/federico/install/ament_pep257:/home/federico/install/ament_pclint:/home/federico/install/ament_package:/home/federico/install/ament_mypy:/home/federico/install/ament_lint_cmake:/home/federico/install/ament_flake8:/home/federico/install/ament_copyright:/home/federico/install/ament_lint:/home/federico/install/ament_index_python:/home/federico/install/ament_cpplint:/home/federico/install/ament_cppcheck:/home/federico/install/ament_clang_tidy:/home/federico/install/ament_clang_format:/opt/ros/galactic /usr/bin/cmake --install /home/federico/dev_ws/build/dolly
[0.895s] Level 1:colcon.colcon_core.environment:create_environment_scripts_only(dolly)
[0.896s] DEBUG:colcon.colcon_core.event_handler.log_command:Invoked command in '/home/federico/dev_ws/build/dolly' returned '0': CMAKE_PREFIX_PATH=/home/federico/dev_ws/install/dolly_gazebo:/home/federico/dev_ws/install/dolly_follow:/home/federico/dev_ws/install/tutorial_interfaces:/home/federico/dev_ws/install/turtlesim:/home/federico/dev_ws/install/my_package:/home/federico/dev_ws/install/more_interfaces:/home/federico/dev_ws/install/dolly:/home/federico/install/rosbag2:/home/federico/install/rosbag2_compression_zstd:/home/federico/install/zstd_vendor:/home/federico/install/rviz_visual_testing_framework:/home/federico/install/rviz2:/home/federico/install/rviz_default_plugins:/home/federico/install/rviz_common:/home/federico/install/rosbag2_py:/home/federico/install/rosbag2_transport:/home/federico/install/rosbag2_performance_benchmarking:/home/federico/install/rosbag2_compression:/home/federico/install/bag_recorder_nodes:/home/federico/install/rosbag2_cpp:/home/federico/install/rosbag2_storage_default_plugins:/home/federico/install/rosbag2_storage:/home/federico/install/image_common:/home/federico/install/camera_info_manager:/home/federico/install/camera_calibration_parsers:/home/federico/install/yaml_cpp_vendor:/home/federico/install/ros1_bridge:/home/federico/install/interactive_markers:/home/federico/install/common_interfaces:/home/federico/install/visualization_msgs:/home/federico/install/dummy_robot_bringup:/home/federico/install/robot_state_publisher:/home/federico/install/kdl_parser:/home/federico/install/urdf:/home/federico/install/urdfdom:/home/federico/install/urdf_parser_plugin:/home/federico/install/urdfdom_headers:/home/federico/install/turtlesim:/home/federico/install/geometry2:/home/federico/install/tf2_sensor_msgs:/home/federico/install/test_tf2:/home/federico/install/tf2_kdl:/home/federico/install/tf2_geometry_msgs:/home/federico/install/tf2_eigen:/home/federico/install/tf2_bullet:/home/federico/install/tf2_ros:/home/federico/install/tf2_py:/home/federico/install/tf2_msgs:/home/federico/install/test_msgs:/home/federico/install/sros2_cmake:/home/federico/install/ros2cli_common_extensions:/home/federico/install/rqt_py_common:/home/federico/install/ros_testing:/home/federico/install/ros2cli_test_interfaces:/home/federico/install/quality_of_service_demo_cpp:/home/federico/install/demo_nodes_cpp:/home/federico/install/composition:/home/federico/install/rclpy:/home/federico/install/examples_rclcpp_minimal_action_server:/home/federico/install/examples_rclcpp_minimal_action_client:/home/federico/install/action_tutorials_cpp:/home/federico/install/rclcpp_action:/home/federico/install/rcl_action:/home/federico/install/examples_rclcpp_minimal_service:/home/federico/install/examples_rclcpp_minimal_client:/home/federico/install/example_interfaces:/home/federico/install/action_tutorials_interfaces:/home/federico/install/action_msgs:/home/federico/install/unique_identifier_msgs:/home/federico/install/ament_lint_common:/home/federico/install/ament_cmake_uncrustify:/home/federico/install/uncrustify_vendor:/home/federico/install/trajectory_msgs:/home/federico/install/tracetools_test:/home/federico/install/topic_statistics_demo:/home/federico/install/pendulum_control:/home/federico/install/tlsf_cpp:/home/federico/install/rqt_gui_cpp:/home/federico/install/rosbag2_test_common:/home/federico/install/ros2lifecycle_test_fixtures:/home/federico/install/lifecycle:/home/federico/install/rclcpp_lifecycle:/home/federico/install/logging_demo:/home/federico/install/image_tools:/home/federico/install/examples_rclcpp_minimal_composition:/home/federico/install/demo_nodes_cpp_native:/home/federico/install/rclcpp_components:/home/federico/install/my_package:/home/federico/install/laser_geometry:/home/federico/install/intra_process_demo:/home/federico/install/image_transport:/home/federico/install/examples_rclcpp_multithreaded_executor:/home/federico/install/examples_rclcpp_minimal_timer:/home/federico/install/examples_rclcpp_minimal_subscriber:/home/federico/install/examples_rclcpp_minimal_publisher:/home/federico/install/examples_rclcpp_cbg_executor:/home/federico/install/dummy_sensors:/home/federico/install/dummy_map_server:/home/federico/install/rclcpp:/home/federico/install/rcl_lifecycle:/home/federico/install/libstatistics_collector:/home/federico/install/rcl:/home/federico/install/tracetools:/home/federico/install/tlsf:/home/federico/install/tinyxml_vendor:/home/federico/install/qt_gui_core:/home/federico/install/qt_gui_cpp:/home/federico/install/pluginlib:/home/federico/install/tinyxml2_vendor:/home/federico/install/tf2_eigen_kdl:/home/federico/install/tf2:/home/federico/install/test_security:/home/federico/install/test_rmw_implementation:/home/federico/install/test_rclcpp:/home/federico/install/test_quality_of_service:/home/federico/install/test_launch_testing:/home/federico/install/test_interface_files:/home/federico/install/test_communication:/home/federico/install/test_cli_remapping:/home/federico/install/test_cli:/home/federico/install/qt_gui_app:/home/federico/install/qt_gui:/home/federico/install/tango_icons_vendor:/home/federico/install/stereo_msgs:/home/federico/install/std_srvs:/home/federico/install/shape_msgs:/home/federico/install/map_msgs:/home/federico/install/sensor_msgs:/home/federico/install/nav_msgs:/home/federico/install/diagnostic_msgs:/home/federico/install/geometry_msgs:/home/federico/install/actionlib_msgs:/home/federico/install/std_msgs:/home/federico/install/statistics_msgs:/home/federico/install/sqlite3_vendor:/home/federico/install/rcl_logging_spdlog:/home/federico/install/spdlog_vendor:/home/federico/install/shared_queues_vendor:/home/federico/install/rviz_rendering_tests:/home/federico/install/rviz_rendering:/home/federico/install/rviz_ogre_vendor:/home/federico/install/rviz_assimp_vendor:/home/federico/install/rttest:/home/federico/install/rmw_implementation:/home/federico/install/rmw_connextddsmicro:/home/federico/install/rmw_connextdds:/home/federico/install/rmw_connextdds_common:/home/federico/install/rti_connext_dds_cmake_module:/home/federico/install/rosgraph_msgs:/home/federico/install/rosbag2_interfaces:/home/federico/install/rmw_fastrtps_dynamic_cpp:/home/federico/install/rmw_fastrtps_cpp:/home/federico/install/rmw_fastrtps_shared_cpp:/home/federico/install/rmw_cyclonedds_cpp:/home/federico/install/rmw_dds_common:/home/federico/install/composition_interfaces:/home/federico/install/rcl_interfaces:/home/federico/install/pendulum_msgs:/home/federico/install/lifecycle_msgs:/home/federico/install/builtin_interfaces:/home/federico/install/rosidl_default_runtime:/home/federico/install/rosidl_default_generators:/home/federico/install/rosidl_generator_py:/home/federico/install/rosidl_typesupport_cpp:/home/federico/install/rosidl_typesupport_introspection_cpp:/home/federico/install/rosidl_typesupport_c:/home/federico/install/rosidl_typesupport_introspection_c:/home/federico/install/rosidl_typesupport_fastrtps_c:/home/federico/install/rosidl_typesupport_fastrtps_cpp:/home/federico/install/rcl_yaml_param_parser:/home/federico/install/rmw:/home/federico/install/rosidl_runtime_c:/home/federico/install/rosidl_generator_cpp:/home/federico/install/rosidl_generator_c:/home/federico/install/rosidl_typesupport_interface:/home/federico/install/rosidl_runtime_cpp:/home/federico/install/rosidl_generator_dds_idl:/home/federico/install/rosidl_cmake:/home/federico/install/rosidl_parser:/home/federico/install/rosidl_adapter:/home/federico/install/rosbag2_tests:/home/federico/install/ros_environment:/home/federico/install/rmw_implementation_cmake:/home/federico/install/resource_retriever:/home/federico/install/class_loader:/home/federico/install/rcpputils:/home/federico/install/rcl_logging_noop:/home/federico/install/rcl_logging_log4cxx:/home/federico/install/rcl_logging_interface:/home/federico/install/rcutils:/home/federico/install/qt_gui_py_common:/home/federico/install/qt_dotgraph:/home/federico/install/python_qt_binding:/home/federico/install/launch_testing_ament_cmake:/home/federico/install/python_cmake_module:/home/federico/install/pybind11_vendor:/home/federico/install/performance_test_fixture:/home/federico/install/osrf_testing_tools_cpp:/home/federico/install/orocos_kdl:/home/federico/install/mimick_vendor:/home/federico/install/message_filters:/home/federico/install/libyaml_vendor:/home/federico/install/libcurl_vendor:/home/federico/install/cyclonedds:/home/federico/install/iceoryx_utils:/home/federico/install/iceoryx_posh:/home/federico/install/iceoryx_binding_c:/home/federico/install/ament_cmake_ros:/home/federico/install/ament_cmake_gmock:/home/federico/install/gmock_vendor:/home/federico/install/ament_cmake_gtest:/home/federico/install/gtest_vendor:/home/federico/install/ament_cmake_google_benchmark:/home/federico/install/google_benchmark_vendor:/home/federico/install/fastrtps:/home/federico/install/foonathan_memory_vendor:/home/federico/install/fastrtps_cmake_module:/home/federico/install/fastcdr:/home/federico/install/eigen3_cmake_module:/home/federico/install/console_bridge_vendor:/home/federico/install/ament_cmake_xmllint:/home/federico/install/ament_cmake_pyflakes:/home/federico/install/ament_cmake_pycodestyle:/home/federico/install/ament_cmake_pep257:/home/federico/install/ament_cmake_pclint:/home/federico/install/ament_lint_auto:/home/federico/install/ament_cmake_auto:/home/federico/install/ament_cmake:/home/federico/install/ament_cmake_version:/home/federico/install/ament_cmake_pytest:/home/federico/install/ament_cmake_nose:/home/federico/install/ament_cmake_mypy:/home/federico/install/ament_cmake_lint_cmake:/home/federico/install/ament_cmake_flake8:/home/federico/install/ament_cmake_cpplint:/home/federico/install/ament_cmake_cppcheck:/home/federico/install/ament_cmake_copyright:/home/federico/install/ament_cmake_clang_tidy:/home/federico/install/ament_cmake_clang_format:/home/federico/install/ament_cmake_test:/home/federico/install/ament_cmake_target_dependencies:/home/federico/install/ament_cmake_python:/home/federico/install/ament_cmake_export_dependencies:/home/federico/install/ament_cmake_libraries:/home/federico/install/ament_cmake_include_directories:/home/federico/install/ament_cmake_export_targets:/home/federico/install/ament_cmake_export_link_flags:/home/federico/install/ament_cmake_export_interfaces:/home/federico/install/ament_cmake_export_libraries:/home/federico/install/ament_cmake_export_include_directories:/home/federico/install/ament_cmake_export_definitions:/home/federico/install/ament_cmake_core:/home/federico/install/ament_index_cpp:/home/federico/dev_ws/install/py_srvcli:/home/federico/dev_ws/install/py_pubsub:/home/federico/dev_ws/install/python_parameters:/home/federico/install/rqt_bag_plugins:/home/federico/install/rqt_bag:/home/federico/install/ros2bag:/home/federico/install/tracetools_launch:/home/federico/install/topic_monitor:/home/federico/install/tf2_tools:/home/federico/install/examples_tf2_py:/home/federico/install/tf2_ros_py:/home/federico/install/sros2:/home/federico/install/rqt_topic:/home/federico/install/rqt_top:/home/federico/install/rqt_srv:/home/federico/install/rqt_shell:/home/federico/install/rqt_service_caller:/home/federico/install/rqt_reconfigure:/home/federico/install/rqt_py_console:/home/federico/install/rqt_publisher:/home/federico/install/rqt_plot:/home/federico/install/rqt_action:/home/federico/install/rqt_msg:/home/federico/install/rqt_console:/home/federico/install/rqt:/home/federico/install/rqt_graph:/home/federico/install/rqt_gui_py:/home/federico/install/rqt_gui:/home/federico/install/ros2trace:/home/federico/install/ros2topic:/home/federico/install/ros2test:/home/federico/install/ros2component:/home/federico/install/ros2param:/home/federico/install/ros2lifecycle:/home/federico/install/ros2service:/home/federico/install/ros2run:/home/federico/install/ros2launch:/home/federico/install/ros2pkg:/home/federico/install/ros2node:/home/federico/install/ros2multicast:/home/federico/install/ros2interface:/home/federico/install/ros2doctor:/home/federico/install/ros2action:/home/federico/install/ros2cli:/home/federico/install/quality_of_service_demo_py:/home/federico/install/launch_testing_ros:/home/federico/install/launch_ros:/home/federico/install/examples_rclpy_pointcloud_publisher:/home/federico/install/examples_rclpy_minimal_subscriber:/home/federico/install/examples_rclpy_minimal_service:/home/federico/install/examples_rclpy_minimal_publisher:/home/federico/install/examples_rclpy_minimal_client:/home/federico/install/examples_rclpy_minimal_action_server:/home/federico/install/examples_rclpy_minimal_action_client:/home/federico/install/examples_rclpy_guard_conditions:/home/federico/install/examples_rclpy_executors:/home/federico/install/demo_nodes_py:/home/federico/install/action_tutorials_py:/home/federico/install/ament_uncrustify:/home/federico/install/tracetools_trace:/home/federico/install/tracetools_read:/home/federico/install/test_launch_ros:/home/federico/install/sensor_msgs_py:/home/federico/install/rpyutils:/home/federico/install/rosidl_runtime_py:/home/federico/install/rosidl_cli:/home/federico/install/launch_yaml:/home/federico/install/launch_xml:/home/federico/install/launch_testing:/home/federico/install/launch:/home/federico/install/osrf_pycommon:/home/federico/install/domain_coordinator:/home/federico/install/ament_xmllint:/home/federico/install/ament_pyflakes:/home/federico/install/ament_pycodestyle:/home/federico/install/ament_pep257:/home/federico/install/ament_pclint:/home/federico/install/ament_package:/home/federico/install/ament_mypy:/home/federico/install/ament_lint_cmake:/home/federico/install/ament_flake8:/home/federico/install/ament_copyright:/home/federico/install/ament_lint:/home/federico/install/ament_index_python:/home/federico/install/ament_cpplint:/home/federico/install/ament_cppcheck:/home/federico/install/ament_clang_tidy:/home/federico/install/ament_clang_format:/opt/ros/galactic /usr/bin/cmake --install /home/federico/dev_ws/build/dolly
[0.903s] Level 1:colcon.colcon_core.environment:checking '/home/federico/dev_ws/install/dolly' for CMake module files
[0.903s] Level 1:colcon.colcon_core.environment:checking '/home/federico/dev_ws/install/dolly' for CMake config files
[0.903s] Level 1:colcon.colcon_core.shell:create_environment_hook('dolly', 'cmake_prefix_path')
[0.904s] INFO:colcon.colcon_core.shell:Creating environment hook '/home/federico/dev_ws/install/dolly/share/dolly/hook/cmake_prefix_path.ps1'
[0.905s] INFO:colcon.colcon_core.shell:Creating environment descriptor '/home/federico/dev_ws/install/dolly/share/dolly/hook/cmake_prefix_path.dsv'
[0.905s] INFO:colcon.colcon_core.shell:Creating environment hook '/home/federico/dev_ws/install/dolly/share/dolly/hook/cmake_prefix_path.sh'
[0.906s] Level 1:colcon.colcon_core.environment:checking '/home/federico/dev_ws/install/dolly/bin'
[0.906s] Level 1:colcon.colcon_core.environment:checking '/home/federico/dev_ws/install/dolly/lib/pkgconfig/dolly.pc'
[0.906s] Level 1:colcon.colcon_core.environment:checking '/home/federico/dev_ws/install/dolly/lib/python3.8/site-packages'
[0.907s] INFO:colcon.colcon_core.shell:Creating package script '/home/federico/dev_ws/install/dolly/share/dolly/package.ps1'
[0.907s] INFO:colcon.colcon_core.shell:Creating package descriptor '/home/federico/dev_ws/install/dolly/share/dolly/package.dsv'
[0.908s] INFO:colcon.colcon_core.shell:Creating package script '/home/federico/dev_ws/install/dolly/share/dolly/package.sh'
[0.908s] INFO:colcon.colcon_core.shell:Creating package script '/home/federico/dev_ws/install/dolly/share/dolly/package.bash'
[0.909s] INFO:colcon.colcon_core.shell:Creating package script '/home/federico/dev_ws/install/dolly/share/dolly/package.zsh'
[0.909s] Level 1:colcon.colcon_core.environment:create_file_with_runtime_dependencies(/home/federico/dev_ws/install/dolly/share/colcon-core/packages/dolly)
[0.963s] Level 1:colcon.colcon_core.environment:create_environment_scripts_only(dolly)
[0.964s] Level 1:colcon.colcon_core.environment:checking '/home/federico/dev_ws/install/dolly' for CMake module files
[0.965s] Level 1:colcon.colcon_core.environment:checking '/home/federico/dev_ws/install/dolly' for CMake config files
[0.965s] Level 1:colcon.colcon_core.shell:create_environment_hook('dolly', 'cmake_prefix_path')
[0.966s] INFO:colcon.colcon_core.shell:Creating environment hook '/home/federico/dev_ws/install/dolly/share/dolly/hook/cmake_prefix_path.ps1'
[0.966s] INFO:colcon.colcon_core.shell:Creating environment descriptor '/home/federico/dev_ws/install/dolly/share/dolly/hook/cmake_prefix_path.dsv'
[0.966s] INFO:colcon.colcon_core.shell:Creating environment hook '/home/federico/dev_ws/install/dolly/share/dolly/hook/cmake_prefix_path.sh'
[0.967s] Level 1:colcon.colcon_core.environment:checking '/home/federico/dev_ws/install/dolly/bin'
[0.967s] Level 1:colcon.colcon_core.environment:checking '/home/federico/dev_ws/install/dolly/lib/pkgconfig/dolly.pc'
[0.967s] Level 1:colcon.colcon_core.environment:checking '/home/federico/dev_ws/install/dolly/lib/python3.8/site-packages'
[0.968s] INFO:colcon.colcon_core.shell:Creating package script '/home/federico/dev_ws/install/dolly/share/dolly/package.ps1'
[0.968s] INFO:colcon.colcon_core.shell:Creating package descriptor '/home/federico/dev_ws/install/dolly/share/dolly/package.dsv'
[0.969s] INFO:colcon.colcon_core.shell:Creating package script '/home/federico/dev_ws/install/dolly/share/dolly/package.sh'
[0.969s] INFO:colcon.colcon_core.shell:Creating package script '/home/federico/dev_ws/install/dolly/share/dolly/package.bash'
[0.969s] INFO:colcon.colcon_core.shell:Creating package script '/home/federico/dev_ws/install/dolly/share/dolly/package.zsh'
[0.970s] Level 1:colcon.colcon_core.environment:create_file_with_runtime_dependencies(/home/federico/dev_ws/install/dolly/share/colcon-core/packages/dolly)
[0.970s] DEBUG:colcon.colcon_parallel_executor.executor.parallel:closing loop
[0.971s] DEBUG:colcon.colcon_parallel_executor.executor.parallel:loop closed
[0.971s] DEBUG:colcon.colcon_parallel_executor.executor.parallel:run_until_complete finished with '0'
[0.971s] DEBUG:colcon.colcon_core.event_reactor:joining thread
[0.985s] INFO:colcon.colcon_core.plugin_system:Skipping extension 'colcon_notification.desktop_notification.terminal_notifier': Not used on non-Darwin systems
[0.985s] INFO:colcon.colcon_core.plugin_system:Skipping extension 'colcon_notification.desktop_notification.win32': Not used on non-Windows systems
[0.985s] INFO:colcon.colcon_notification.desktop_notification:Sending desktop notification using 'notify2'
[0.998s] DEBUG:colcon.colcon_core.event_reactor:joined thread
[0.998s] INFO:colcon.colcon_core.shell:Creating prefix script '/home/federico/dev_ws/install/local_setup.ps1'
[0.999s] INFO:colcon.colcon_core.shell:Creating prefix util module '/home/federico/dev_ws/install/_local_setup_util_ps1.py'
[1.001s] INFO:colcon.colcon_core.shell:Creating prefix chain script '/home/federico/dev_ws/install/setup.ps1'
[1.014s] INFO:colcon.colcon_core.shell:Creating prefix script '/home/federico/dev_ws/install/local_setup.sh'
[1.015s] INFO:colcon.colcon_core.shell:Creating prefix util module '/home/federico/dev_ws/install/_local_setup_util_sh.py'
[1.015s] INFO:colcon.colcon_core.shell:Creating prefix chain script '/home/federico/dev_ws/install/setup.sh'
[1.029s] INFO:colcon.colcon_core.shell:Creating prefix script '/home/federico/dev_ws/install/local_setup.bash'
[1.029s] INFO:colcon.colcon_core.shell:Creating prefix chain script '/home/federico/dev_ws/install/setup.bash'
[1.042s] INFO:colcon.colcon_core.shell:Creating prefix script '/home/federico/dev_ws/install/local_setup.zsh'
[1.043s] INFO:colcon.colcon_core.shell:Creating prefix chain script '/home/federico/dev_ws/install/setup.zsh'
