running develop
/home/federico/.local/lib/python3.8/site-packages/setuptools/command/easy_install.py:144: EasyInstallDeprecationWarning: easy_install command is deprecated. Use build and pip and other standards-based tools.
  warnings.warn(
/home/federico/.local/lib/python3.8/site-packages/setuptools/command/install.py:34: SetuptoolsDeprecationWarning: setup.py install is deprecated. Use build and pip and other standards-based tools.
  warnings.warn(
/home/federico/.local/lib/python3.8/site-packages/pkg_resources/__init__.py:123: PkgResourcesDeprecationWarning: 0.1.36ubuntu1 is an invalid version and will not be supported in a future release
  warnings.warn(
/home/federico/.local/lib/python3.8/site-packages/pkg_resources/__init__.py:123: PkgResourcesDeprecationWarning: 0.23ubuntu1 is an invalid version and will not be supported in a future release
  warnings.warn(
running egg_info
writing py_srvcli.egg-info/PKG-INFO
writing dependency_links to py_srvcli.egg-info/dependency_links.txt
writing entry points to py_srvcli.egg-info/entry_points.txt
writing requirements to py_srvcli.egg-info/requires.txt
writing top-level names to py_srvcli.egg-info/top_level.txt
reading manifest file 'py_srvcli.egg-info/SOURCES.txt'
writing manifest file 'py_srvcli.egg-info/SOURCES.txt'
running build_ext
Creating /home/federico/dev_ws/install/py_srvcli/lib/python3.8/site-packages/py-srvcli.egg-link (link to .)
Installing client script to /home/federico/dev_ws/install/py_srvcli/lib/py_srvcli
Installing service script to /home/federico/dev_ws/install/py_srvcli/lib/py_srvcli

Installed /home/federico/dev_ws/build/py_srvcli
running install_data
