[4.093s] Invoking command in '/home/federico/dev_ws/build/py_srvcli': AMENT_PREFIX_PATH=/home/federico/dev_ws/install/tutorial_interfaces:${AMENT_PREFIX_PATH} CMAKE_PREFIX_PATH=/home/federico/dev_ws/install/tutorial_interfaces LD_LIBRARY_PATH=/home/federico/dev_ws/install/tutorial_interfaces/lib:${LD_LIBRARY_PATH} PYTHONPATH=/home/federico/dev_ws/install/py_srvcli/lib/python3.8/site-packages:/home/federico/dev_ws/install/tutorial_interfaces/lib/python3.8/site-packages:${PYTHONPATH} /usr/bin/python3 setup.py develop --prefix /home/federico/dev_ws/install/py_srvcli --editable --build-directory /home/federico/dev_ws/build/py_srvcli/build --no-deps install_data --install-dir /home/federico/dev_ws/install/py_srvcli
[4.972s] running develop
[4.972s] /home/federico/.local/lib/python3.8/site-packages/setuptools/command/easy_install.py:144: EasyInstallDeprecationWarning: easy_install command is deprecated. Use build and pip and other standards-based tools.
[4.972s]   warnings.warn(
[5.126s] /home/federico/.local/lib/python3.8/site-packages/setuptools/command/install.py:34: SetuptoolsDeprecationWarning: setup.py install is deprecated. Use build and pip and other standards-based tools.
[5.126s]   warnings.warn(
[5.337s] /home/federico/.local/lib/python3.8/site-packages/pkg_resources/__init__.py:123: PkgResourcesDeprecationWarning: 0.1.36ubuntu1 is an invalid version and will not be supported in a future release
[5.337s]   warnings.warn(
[5.337s] /home/federico/.local/lib/python3.8/site-packages/pkg_resources/__init__.py:123: PkgResourcesDeprecationWarning: 0.23ubuntu1 is an invalid version and will not be supported in a future release
[5.337s]   warnings.warn(
[5.446s] running egg_info
[5.516s] writing py_srvcli.egg-info/PKG-INFO
[5.569s] writing dependency_links to py_srvcli.egg-info/dependency_links.txt
[5.739s] writing entry points to py_srvcli.egg-info/entry_points.txt
[5.853s] writing requirements to py_srvcli.egg-info/requires.txt
[5.912s] writing top-level names to py_srvcli.egg-info/top_level.txt
[6.000s] reading manifest file 'py_srvcli.egg-info/SOURCES.txt'
[6.001s] writing manifest file 'py_srvcli.egg-info/SOURCES.txt'
[6.116s] running build_ext
[6.116s] Creating /home/federico/dev_ws/install/py_srvcli/lib/python3.8/site-packages/py-srvcli.egg-link (link to .)
[6.117s] Installing client script to /home/federico/dev_ws/install/py_srvcli/lib/py_srvcli
[6.117s] Installing service script to /home/federico/dev_ws/install/py_srvcli/lib/py_srvcli
[6.117s] 
[6.117s] Installed /home/federico/dev_ws/build/py_srvcli
[6.117s] running install_data
[6.196s] Invoked command in '/home/federico/dev_ws/build/py_srvcli' returned '0': AMENT_PREFIX_PATH=/home/federico/dev_ws/install/tutorial_interfaces:${AMENT_PREFIX_PATH} CMAKE_PREFIX_PATH=/home/federico/dev_ws/install/tutorial_interfaces LD_LIBRARY_PATH=/home/federico/dev_ws/install/tutorial_interfaces/lib:${LD_LIBRARY_PATH} PYTHONPATH=/home/federico/dev_ws/install/py_srvcli/lib/python3.8/site-packages:/home/federico/dev_ws/install/tutorial_interfaces/lib/python3.8/site-packages:${PYTHONPATH} /usr/bin/python3 setup.py develop --prefix /home/federico/dev_ws/install/py_srvcli --editable --build-directory /home/federico/dev_ws/build/py_srvcli/build --no-deps install_data --install-dir /home/federico/dev_ws/install/py_srvcli
