[2.781s] Invoking command in '/home/federico/dev_ws/src/py_pubsub': PYTHONPATH=/home/federico/dev_ws/install/py_pubsub/lib/python3.8/site-packages:${PYTHONPATH} /usr/bin/python3 setup.py egg_info --egg-base ../../build/py_pubsub build --build-base /home/federico/dev_ws/build/py_pubsub/build install --prefix /home/federico/dev_ws/install/py_pubsub --record /home/federico/dev_ws/build/py_pubsub/install.log --single-version-externally-managed
[3.180s] /home/federico/.local/lib/python3.8/site-packages/setuptools/dist.py:757: UserWarning: Usage of dash-separated 'script-dir' will not be supported in future versions. Please use the underscore name 'script_dir' instead
[3.180s]   warnings.warn(
[3.180s] /home/federico/.local/lib/python3.8/site-packages/setuptools/dist.py:757: UserWarning: Usage of dash-separated 'install-scripts' will not be supported in future versions. Please use the underscore name 'install_scripts' instead
[3.180s]   warnings.warn(
[4.100s] running egg_info
[4.198s] writing ../../build/py_pubsub/py_pubsub.egg-info/PKG-INFO
[4.276s] writing dependency_links to ../../build/py_pubsub/py_pubsub.egg-info/dependency_links.txt
[4.511s] writing entry points to ../../build/py_pubsub/py_pubsub.egg-info/entry_points.txt
[4.675s] writing requirements to ../../build/py_pubsub/py_pubsub.egg-info/requires.txt
[4.763s] writing top-level names to ../../build/py_pubsub/py_pubsub.egg-info/top_level.txt
[4.887s] reading manifest file '../../build/py_pubsub/py_pubsub.egg-info/SOURCES.txt'
[4.888s] writing manifest file '../../build/py_pubsub/py_pubsub.egg-info/SOURCES.txt'
[4.888s] running build
[4.889s] running build_py
[4.889s] copying py_pubsub/subscriber_member_function.py -> /home/federico/dev_ws/build/py_pubsub/build/lib/py_pubsub
[4.889s] running install
[4.889s] /home/federico/.local/lib/python3.8/site-packages/setuptools/command/install.py:34: SetuptoolsDeprecationWarning: setup.py install is deprecated. Use build and pip and other standards-based tools.
[4.889s]   warnings.warn(
[4.897s] running install_lib
[4.995s] copying /home/federico/dev_ws/build/py_pubsub/build/lib/py_pubsub/subscriber_member_function.py -> /home/federico/dev_ws/install/py_pubsub/lib/python3.8/site-packages/py_pubsub
[4.996s] byte-compiling /home/federico/dev_ws/install/py_pubsub/lib/python3.8/site-packages/py_pubsub/subscriber_member_function.py to subscriber_member_function.cpython-38.pyc
[4.997s] running install_data
[5.018s] running install_egg_info
[5.117s] removing '/home/federico/dev_ws/install/py_pubsub/lib/python3.8/site-packages/py_pubsub-0.0.0-py3.8.egg-info' (and everything under it)
[5.117s] Copying ../../build/py_pubsub/py_pubsub.egg-info to /home/federico/dev_ws/install/py_pubsub/lib/python3.8/site-packages/py_pubsub-0.0.0-py3.8.egg-info
[5.118s] running install_scripts
[5.301s] Installing listener script to /home/federico/dev_ws/install/py_pubsub/lib/py_pubsub
[5.301s] Installing talker script to /home/federico/dev_ws/install/py_pubsub/lib/py_pubsub
[5.301s] writing list of installed files to '/home/federico/dev_ws/build/py_pubsub/install.log'
[5.340s] Invoked command in '/home/federico/dev_ws/src/py_pubsub' returned '0': PYTHONPATH=/home/federico/dev_ws/install/py_pubsub/lib/python3.8/site-packages:${PYTHONPATH} /usr/bin/python3 setup.py egg_info --egg-base ../../build/py_pubsub build --build-base /home/federico/dev_ws/build/py_pubsub/build install --prefix /home/federico/dev_ws/install/py_pubsub --record /home/federico/dev_ws/build/py_pubsub/install.log --single-version-externally-managed
