[0.010s] Invoking command in '/home/federico/dev_ws/build/my_package': CMAKE_PREFIX_PATH=${CMAKE_PREFIX_PATH}:/home/federico/dev_ws/install/py_srvcli:/home/federico/dev_ws/install/py_pubsub:/home/federico/dev_ws/install/python_parameters:/opt/ros/galactic /usr/bin/cmake --build /home/federico/dev_ws/build/my_package -- -j12 -l12
[0.048s] Invoked command in '/home/federico/dev_ws/build/my_package' returned '0': CMAKE_PREFIX_PATH=${CMAKE_PREFIX_PATH}:/home/federico/dev_ws/install/py_srvcli:/home/federico/dev_ws/install/py_pubsub:/home/federico/dev_ws/install/python_parameters:/opt/ros/galactic /usr/bin/cmake --build /home/federico/dev_ws/build/my_package -- -j12 -l12
[0.077s] Invoking command in '/home/federico/dev_ws/build/my_package': CMAKE_PREFIX_PATH=${CMAKE_PREFIX_PATH}:/home/federico/dev_ws/install/py_srvcli:/home/federico/dev_ws/install/py_pubsub:/home/federico/dev_ws/install/python_parameters:/opt/ros/galactic /usr/bin/cmake --install /home/federico/dev_ws/build/my_package
[0.085s] -- Install configuration: ""
[0.085s] -- Execute custom install script
[0.086s] -- Up-to-date symlink: /home/federico/dev_ws/install/my_package/share/my_package//launch/dolly_launch.py
[0.086s] -- Up-to-date symlink: /home/federico/dev_ws/install/my_package/share/ament_index/resource_index/package_run_dependencies/my_package
[0.086s] -- Up-to-date symlink: /home/federico/dev_ws/install/my_package/share/ament_index/resource_index/parent_prefix_path/my_package
[0.087s] -- Up-to-date symlink: /home/federico/dev_ws/install/my_package/share/my_package/environment/ament_prefix_path.sh
[0.087s] -- Up-to-date symlink: /home/federico/dev_ws/install/my_package/share/my_package/environment/ament_prefix_path.dsv
[0.087s] -- Up-to-date symlink: /home/federico/dev_ws/install/my_package/share/my_package/environment/path.sh
[0.087s] -- Up-to-date symlink: /home/federico/dev_ws/install/my_package/share/my_package/environment/path.dsv
[0.088s] -- Up-to-date symlink: /home/federico/dev_ws/install/my_package/share/my_package/local_setup.bash
[0.088s] -- Up-to-date symlink: /home/federico/dev_ws/install/my_package/share/my_package/local_setup.sh
[0.088s] -- Up-to-date symlink: /home/federico/dev_ws/install/my_package/share/my_package/local_setup.zsh
[0.088s] -- Up-to-date symlink: /home/federico/dev_ws/install/my_package/share/my_package/local_setup.dsv
[0.089s] -- Symlinking: /home/federico/dev_ws/install/my_package/share/my_package/package.dsv
[0.097s] -- Up-to-date symlink: /home/federico/dev_ws/install/my_package/share/ament_index/resource_index/packages/my_package
[0.097s] -- Up-to-date symlink: /home/federico/dev_ws/install/my_package/share/my_package/cmake/my_packageConfig.cmake
[0.097s] -- Up-to-date symlink: /home/federico/dev_ws/install/my_package/share/my_package/cmake/my_packageConfig-version.cmake
[0.097s] -- Up-to-date symlink: /home/federico/dev_ws/install/my_package/share/my_package/package.xml
[0.099s] Invoked command in '/home/federico/dev_ws/build/my_package' returned '0': CMAKE_PREFIX_PATH=${CMAKE_PREFIX_PATH}:/home/federico/dev_ws/install/py_srvcli:/home/federico/dev_ws/install/py_pubsub:/home/federico/dev_ws/install/python_parameters:/opt/ros/galactic /usr/bin/cmake --install /home/federico/dev_ws/build/my_package
