[1.531s] Invoking command in '/home/federico/dev_ws/build/my_package': PYTHONPATH=/home/federico/dev_ws/install/my_package/lib/python3.8/site-packages:${PYTHONPATH} /usr/bin/python3 setup.py develop --prefix /home/federico/dev_ws/install/my_package --uninstall --editable --build-directory /home/federico/dev_ws/build/my_package/build
[2.203s] running develop
[2.203s] /home/federico/.local/lib/python3.8/site-packages/setuptools/command/easy_install.py:144: EasyInstallDeprecationWarning: easy_install command is deprecated. Use build and pip and other standards-based tools.
[2.203s]   warnings.warn(
[2.317s] /home/federico/.local/lib/python3.8/site-packages/setuptools/command/install.py:34: SetuptoolsDeprecationWarning: setup.py install is deprecated. Use build and pip and other standards-based tools.
[2.318s]   warnings.warn(
[2.486s] /home/federico/.local/lib/python3.8/site-packages/pkg_resources/__init__.py:123: PkgResourcesDeprecationWarning: 0.1.36ubuntu1 is an invalid version and will not be supported in a future release
[2.486s]   warnings.warn(
[2.486s] /home/federico/.local/lib/python3.8/site-packages/pkg_resources/__init__.py:123: PkgResourcesDeprecationWarning: 0.23ubuntu1 is an invalid version and will not be supported in a future release
[2.486s]   warnings.warn(
[2.599s] Invoked command in '/home/federico/dev_ws/build/my_package' returned '0': PYTHONPATH=/home/federico/dev_ws/install/my_package/lib/python3.8/site-packages:${PYTHONPATH} /usr/bin/python3 setup.py develop --prefix /home/federico/dev_ws/install/my_package --uninstall --editable --build-directory /home/federico/dev_ws/build/my_package/build
[2.599s] Invoking command in '/home/federico/dev_ws/src/my_package': PYTHONPATH=/home/federico/dev_ws/install/my_package/lib/python3.8/site-packages:${PYTHONPATH} /usr/bin/python3 setup.py egg_info --egg-base ../../build/my_package build --build-base /home/federico/dev_ws/build/my_package/build install --prefix /home/federico/dev_ws/install/my_package --record /home/federico/dev_ws/build/my_package/install.log --single-version-externally-managed
[3.318s] running egg_info
[3.372s] writing ../../build/my_package/my_package.egg-info/PKG-INFO
[3.415s] writing dependency_links to ../../build/my_package/my_package.egg-info/dependency_links.txt
[3.541s] writing entry points to ../../build/my_package/my_package.egg-info/entry_points.txt
[3.624s] writing requirements to ../../build/my_package/my_package.egg-info/requires.txt
[3.667s] writing top-level names to ../../build/my_package/my_package.egg-info/top_level.txt
[3.739s] reading manifest file '../../build/my_package/my_package.egg-info/SOURCES.txt'
[3.740s] writing manifest file '../../build/my_package/my_package.egg-info/SOURCES.txt'
[3.740s] running build
[3.740s] running build_py
[3.740s] running install
[3.740s] /home/federico/.local/lib/python3.8/site-packages/setuptools/command/install.py:34: SetuptoolsDeprecationWarning: setup.py install is deprecated. Use build and pip and other standards-based tools.
[3.741s]   warnings.warn(
[3.745s] running install_lib
[3.801s] running install_data
[3.812s] running install_egg_info
[3.867s] removing '/home/federico/dev_ws/install/my_package/lib/python3.8/site-packages/my_package-0.0.0-py3.8.egg-info' (and everything under it)
[3.867s] Copying ../../build/my_package/my_package.egg-info to /home/federico/dev_ws/install/my_package/lib/python3.8/site-packages/my_package-0.0.0-py3.8.egg-info
[3.868s] running install_scripts
[3.970s] Installing my_node script to /home/federico/dev_ws/install/my_package/lib/my_package
[3.970s] writing list of installed files to '/home/federico/dev_ws/build/my_package/install.log'
[3.994s] Invoked command in '/home/federico/dev_ws/src/my_package' returned '0': PYTHONPATH=/home/federico/dev_ws/install/my_package/lib/python3.8/site-packages:${PYTHONPATH} /usr/bin/python3 setup.py egg_info --egg-base ../../build/my_package build --build-base /home/federico/dev_ws/build/my_package/build install --prefix /home/federico/dev_ws/install/my_package --record /home/federico/dev_ws/build/my_package/install.log --single-version-externally-managed
