[2.577s] Invoking command in '/home/federico/dev_ws/build/my_package': PYTHONPATH=/home/federico/dev_ws/install/my_package/lib/python3.8/site-packages:${PYTHONPATH} /usr/bin/python3 setup.py develop --prefix /home/federico/dev_ws/install/my_package --editable --build-directory /home/federico/dev_ws/build/my_package/build --no-deps install_data --install-dir /home/federico/dev_ws/install/my_package
[3.827s] running develop
[3.827s] /home/federico/.local/lib/python3.8/site-packages/setuptools/command/easy_install.py:144: EasyInstallDeprecationWarning: easy_install command is deprecated. Use build and pip and other standards-based tools.
[3.827s]   warnings.warn(
[4.022s] /home/federico/.local/lib/python3.8/site-packages/setuptools/command/install.py:34: SetuptoolsDeprecationWarning: setup.py install is deprecated. Use build and pip and other standards-based tools.
[4.022s]   warnings.warn(
[4.333s] /home/federico/.local/lib/python3.8/site-packages/pkg_resources/__init__.py:123: PkgResourcesDeprecationWarning: 0.1.36ubuntu1 is an invalid version and will not be supported in a future release
[4.333s]   warnings.warn(
[4.334s] /home/federico/.local/lib/python3.8/site-packages/pkg_resources/__init__.py:123: PkgResourcesDeprecationWarning: 0.23ubuntu1 is an invalid version and will not be supported in a future release
[4.334s]   warnings.warn(
[4.453s] running egg_info
[4.618s] writing my_package.egg-info/PKG-INFO
[5.007s] writing dependency_links to my_package.egg-info/dependency_links.txt
[5.554s] writing entry points to my_package.egg-info/entry_points.txt
[5.761s] writing requirements to my_package.egg-info/requires.txt
[5.903s] writing top-level names to my_package.egg-info/top_level.txt
[6.062s] reading manifest file 'my_package.egg-info/SOURCES.txt'
[6.063s] writing manifest file 'my_package.egg-info/SOURCES.txt'
[6.248s] running build_ext
[6.249s] Creating /home/federico/dev_ws/install/my_package/lib/python3.8/site-packages/my-package.egg-link (link to .)
[6.254s] Installing reading_laser script to /home/federico/dev_ws/install/my_package/lib/my_package
[6.254s] 
[6.255s] Installed /home/federico/dev_ws/build/my_package
[6.255s] running install_data
[6.391s] Invoked command in '/home/federico/dev_ws/build/my_package' returned '0': PYTHONPATH=/home/federico/dev_ws/install/my_package/lib/python3.8/site-packages:${PYTHONPATH} /usr/bin/python3 setup.py develop --prefix /home/federico/dev_ws/install/my_package --editable --build-directory /home/federico/dev_ws/build/my_package/build --no-deps install_data --install-dir /home/federico/dev_ws/install/my_package
