running develop
/home/federico/.local/lib/python3.8/site-packages/setuptools/command/easy_install.py:144: EasyInstallDeprecationWarning: easy_install command is deprecated. Use build and pip and other standards-based tools.
  warnings.warn(
/home/federico/.local/lib/python3.8/site-packages/setuptools/command/install.py:34: SetuptoolsDeprecationWarning: setup.py install is deprecated. Use build and pip and other standards-based tools.
  warnings.warn(
/home/federico/.local/lib/python3.8/site-packages/pkg_resources/__init__.py:123: PkgResourcesDeprecationWarning: 0.1.36ubuntu1 is an invalid version and will not be supported in a future release
  warnings.warn(
/home/federico/.local/lib/python3.8/site-packages/pkg_resources/__init__.py:123: PkgResourcesDeprecationWarning: 0.23ubuntu1 is an invalid version and will not be supported in a future release
  warnings.warn(
Removing /home/federico/dev_ws/install/py_srvcli/lib/python3.8/site-packages/py-srvcli.egg-link (link to .)
running egg_info
writing ../../build/py_srvcli/py_srvcli.egg-info/PKG-INFO
writing dependency_links to ../../build/py_srvcli/py_srvcli.egg-info/dependency_links.txt
writing entry points to ../../build/py_srvcli/py_srvcli.egg-info/entry_points.txt
writing requirements to ../../build/py_srvcli/py_srvcli.egg-info/requires.txt
writing top-level names to ../../build/py_srvcli/py_srvcli.egg-info/top_level.txt
reading manifest file '../../build/py_srvcli/py_srvcli.egg-info/SOURCES.txt'
writing manifest file '../../build/py_srvcli/py_srvcli.egg-info/SOURCES.txt'
running build
running build_py
running install
/home/federico/.local/lib/python3.8/site-packages/setuptools/command/install.py:34: SetuptoolsDeprecationWarning: setup.py install is deprecated. Use build and pip and other standards-based tools.
  warnings.warn(
running install_lib
creating /home/federico/dev_ws/install/py_srvcli/lib/python3.8/site-packages/py_srvcli
copying /home/federico/dev_ws/build/py_srvcli/build/lib/py_srvcli/client_member_function.py -> /home/federico/dev_ws/install/py_srvcli/lib/python3.8/site-packages/py_srvcli
copying /home/federico/dev_ws/build/py_srvcli/build/lib/py_srvcli/__init__.py -> /home/federico/dev_ws/install/py_srvcli/lib/python3.8/site-packages/py_srvcli
copying /home/federico/dev_ws/build/py_srvcli/build/lib/py_srvcli/service_member_function.py -> /home/federico/dev_ws/install/py_srvcli/lib/python3.8/site-packages/py_srvcli
byte-compiling /home/federico/dev_ws/install/py_srvcli/lib/python3.8/site-packages/py_srvcli/client_member_function.py to client_member_function.cpython-38.pyc
byte-compiling /home/federico/dev_ws/install/py_srvcli/lib/python3.8/site-packages/py_srvcli/__init__.py to __init__.cpython-38.pyc
byte-compiling /home/federico/dev_ws/install/py_srvcli/lib/python3.8/site-packages/py_srvcli/service_member_function.py to service_member_function.cpython-38.pyc
running install_data
running install_egg_info
Copying ../../build/py_srvcli/py_srvcli.egg-info to /home/federico/dev_ws/install/py_srvcli/lib/python3.8/site-packages/py_srvcli-0.0.0-py3.8.egg-info
running install_scripts
Installing client script to /home/federico/dev_ws/install/py_srvcli/lib/py_srvcli
Installing service script to /home/federico/dev_ws/install/py_srvcli/lib/py_srvcli
writing list of installed files to '/home/federico/dev_ws/build/py_srvcli/install.log'
