[2.656s] Invoking command in '/home/federico/dev_ws/build/my_package': PYTHONPATH=/home/federico/dev_ws/install/my_package/lib/python3.8/site-packages:${PYTHONPATH} /usr/bin/python3 setup.py develop --prefix /home/federico/dev_ws/install/my_package --uninstall --editable --build-directory /home/federico/dev_ws/build/my_package/build
[3.860s] running develop
[3.860s] /home/federico/.local/lib/python3.8/site-packages/setuptools/command/easy_install.py:144: EasyInstallDeprecationWarning: easy_install command is deprecated. Use build and pip and other standards-based tools.
[3.860s]   warnings.warn(
[4.062s] /home/federico/.local/lib/python3.8/site-packages/setuptools/command/install.py:34: SetuptoolsDeprecationWarning: setup.py install is deprecated. Use build and pip and other standards-based tools.
[4.062s]   warnings.warn(
[4.325s] /home/federico/.local/lib/python3.8/site-packages/pkg_resources/__init__.py:123: PkgResourcesDeprecationWarning: 0.1.36ubuntu1 is an invalid version and will not be supported in a future release
[4.325s]   warnings.warn(
[4.325s] /home/federico/.local/lib/python3.8/site-packages/pkg_resources/__init__.py:123: PkgResourcesDeprecationWarning: 0.23ubuntu1 is an invalid version and will not be supported in a future release
[4.325s]   warnings.warn(
[4.444s] Removing /home/federico/dev_ws/install/my_package/lib/python3.8/site-packages/my-package.egg-link (link to .)
[4.539s] Invoked command in '/home/federico/dev_ws/build/my_package' returned '0': PYTHONPATH=/home/federico/dev_ws/install/my_package/lib/python3.8/site-packages:${PYTHONPATH} /usr/bin/python3 setup.py develop --prefix /home/federico/dev_ws/install/my_package --uninstall --editable --build-directory /home/federico/dev_ws/build/my_package/build
[4.543s] Invoking command in '/home/federico/dev_ws/src/my_package': PYTHONPATH=/home/federico/dev_ws/install/my_package/lib/python3.8/site-packages:${PYTHONPATH} /usr/bin/python3 setup.py egg_info --egg-base ../../build/my_package build --build-base /home/federico/dev_ws/build/my_package/build install --prefix /home/federico/dev_ws/install/my_package --record /home/federico/dev_ws/build/my_package/install.log --single-version-externally-managed
[5.716s] running egg_info
[5.800s] writing ../../build/my_package/my_package.egg-info/PKG-INFO
[5.871s] writing dependency_links to ../../build/my_package/my_package.egg-info/dependency_links.txt
[6.084s] writing entry points to ../../build/my_package/my_package.egg-info/entry_points.txt
[6.228s] writing requirements to ../../build/my_package/my_package.egg-info/requires.txt
[6.298s] writing top-level names to ../../build/my_package/my_package.egg-info/top_level.txt
[6.420s] reading manifest file '../../build/my_package/my_package.egg-info/SOURCES.txt'
[6.421s] writing manifest file '../../build/my_package/my_package.egg-info/SOURCES.txt'
[6.421s] running build
[6.421s] running build_py
[6.421s] copying my_package/reading_laser.py -> /home/federico/dev_ws/build/my_package/build/lib/my_package
[6.422s] running install
[6.422s] /home/federico/.local/lib/python3.8/site-packages/setuptools/command/install.py:34: SetuptoolsDeprecationWarning: setup.py install is deprecated. Use build and pip and other standards-based tools.
[6.422s]   warnings.warn(
[6.430s] running install_lib
[6.518s] creating /home/federico/dev_ws/install/my_package/lib/python3.8/site-packages/my_package
[6.518s] copying /home/federico/dev_ws/build/my_package/build/lib/my_package/my_node.py -> /home/federico/dev_ws/install/my_package/lib/python3.8/site-packages/my_package
[6.518s] copying /home/federico/dev_ws/build/my_package/build/lib/my_package/__init__.py -> /home/federico/dev_ws/install/my_package/lib/python3.8/site-packages/my_package
[6.518s] copying /home/federico/dev_ws/build/my_package/build/lib/my_package/reading_laser.py -> /home/federico/dev_ws/install/my_package/lib/python3.8/site-packages/my_package
[6.520s] byte-compiling /home/federico/dev_ws/install/my_package/lib/python3.8/site-packages/my_package/my_node.py to my_node.cpython-38.pyc
[6.521s] byte-compiling /home/federico/dev_ws/install/my_package/lib/python3.8/site-packages/my_package/__init__.py to __init__.cpython-38.pyc
[6.522s] byte-compiling /home/federico/dev_ws/install/my_package/lib/python3.8/site-packages/my_package/reading_laser.py to reading_laser.cpython-38.pyc
[6.524s] running install_data
[6.541s] running install_egg_info
[6.643s] Copying ../../build/my_package/my_package.egg-info to /home/federico/dev_ws/install/my_package/lib/python3.8/site-packages/my_package-0.0.0-py3.8.egg-info
[6.644s] running install_scripts
[6.819s] Installing reading_laser script to /home/federico/dev_ws/install/my_package/lib/my_package
[6.820s] writing list of installed files to '/home/federico/dev_ws/build/my_package/install.log'
[6.894s] Invoked command in '/home/federico/dev_ws/src/my_package' returned '0': PYTHONPATH=/home/federico/dev_ws/install/my_package/lib/python3.8/site-packages:${PYTHONPATH} /usr/bin/python3 setup.py egg_info --egg-base ../../build/my_package build --build-base /home/federico/dev_ws/build/my_package/build install --prefix /home/federico/dev_ws/install/my_package --record /home/federico/dev_ws/build/my_package/install.log --single-version-externally-managed
