[0.073s] Invoking command in '/home/federico/dev_ws/build/dolly_gazebo': CMAKE_PREFIX_PATH=/home/federico/dev_ws/install/dolly_follow:/home/federico/dev_ws/install/tutorial_interfaces:/home/federico/dev_ws/install/turtlesim:/home/federico/dev_ws/install/my_package:/home/federico/dev_ws/install/more_interfaces:/home/federico/dev_ws/install/dolly:/home/federico/dev_ws/install/dolly_gazebo:/home/federico/dev_ws/install/py_srvcli:/home/federico/dev_ws/install/py_pubsub:/home/federico/dev_ws/install/python_parameters:/opt/ros/galactic /usr/bin/cmake --build /home/federico/dev_ws/build/dolly_gazebo -- -j12 -l12
[0.198s] Invoked command in '/home/federico/dev_ws/build/dolly_gazebo' returned '0': CMAKE_PREFIX_PATH=/home/federico/dev_ws/install/dolly_follow:/home/federico/dev_ws/install/tutorial_interfaces:/home/federico/dev_ws/install/turtlesim:/home/federico/dev_ws/install/my_package:/home/federico/dev_ws/install/more_interfaces:/home/federico/dev_ws/install/dolly:/home/federico/dev_ws/install/dolly_gazebo:/home/federico/dev_ws/install/py_srvcli:/home/federico/dev_ws/install/py_pubsub:/home/federico/dev_ws/install/python_parameters:/opt/ros/galactic /usr/bin/cmake --build /home/federico/dev_ws/build/dolly_gazebo -- -j12 -l12
[0.336s] Invoking command in '/home/federico/dev_ws/build/dolly_gazebo': CMAKE_PREFIX_PATH=/home/federico/dev_ws/install/dolly_follow:/home/federico/dev_ws/install/tutorial_interfaces:/home/federico/dev_ws/install/turtlesim:/home/federico/dev_ws/install/my_package:/home/federico/dev_ws/install/more_interfaces:/home/federico/dev_ws/install/dolly:/home/federico/dev_ws/install/dolly_gazebo:/home/federico/dev_ws/install/py_srvcli:/home/federico/dev_ws/install/py_pubsub:/home/federico/dev_ws/install/python_parameters:/opt/ros/galactic /usr/bin/cmake --install /home/federico/dev_ws/build/dolly_gazebo
[0.364s] -- Install configuration: ""
[0.366s] -- Execute custom install script
[0.368s] -- Up-to-date symlink: /home/federico/dev_ws/install/dolly_gazebo/share/dolly_gazebo//launch/dolly.launch.py
[0.370s] -- Up-to-date symlink: /home/federico/dev_ws/install/dolly_gazebo/share/dolly_gazebo//models/casual_female/materials/textures/brown_eye.png
[0.372s] -- Up-to-date symlink: /home/federico/dev_ws/install/dolly_gazebo/share/dolly_gazebo//models/casual_female/materials/textures/casual_female.png
[0.373s] -- Up-to-date symlink: /home/federico/dev_ws/install/dolly_gazebo/share/dolly_gazebo//models/casual_female/materials/textures/eyebrow002.png
[0.374s] -- Up-to-date symlink: /home/federico/dev_ws/install/dolly_gazebo/share/dolly_gazebo//models/casual_female/materials/textures/eyelashes01.png
[0.375s] -- Up-to-date symlink: /home/federico/dev_ws/install/dolly_gazebo/share/dolly_gazebo//models/casual_female/materials/textures/female_casualsuit01_diffuse.png
[0.376s] -- Up-to-date symlink: /home/federico/dev_ws/install/dolly_gazebo/share/dolly_gazebo//models/casual_female/materials/textures/female_casualsuit01_normal.png
[0.377s] -- Up-to-date symlink: /home/federico/dev_ws/install/dolly_gazebo/share/dolly_gazebo//models/casual_female/materials/textures/female_casualsuit02_diffuse.png
[0.378s] -- Up-to-date symlink: /home/federico/dev_ws/install/dolly_gazebo/share/dolly_gazebo//models/casual_female/materials/textures/female_casualsuit02_normal.png
[0.379s] -- Up-to-date symlink: /home/federico/dev_ws/install/dolly_gazebo/share/dolly_gazebo//models/casual_female/materials/textures/ponytail01_diffuse.png
[0.380s] -- Up-to-date symlink: /home/federico/dev_ws/install/dolly_gazebo/share/dolly_gazebo//models/casual_female/materials/textures/shoes05_diffuse.png
[0.381s] -- Up-to-date symlink: /home/federico/dev_ws/install/dolly_gazebo/share/dolly_gazebo//models/casual_female/materials/textures/tongue01_diffuse.png
[0.382s] -- Up-to-date symlink: /home/federico/dev_ws/install/dolly_gazebo/share/dolly_gazebo//models/casual_female/materials/textures/young_lightskinned_female_diffuse.png
[0.383s] -- Up-to-date symlink: /home/federico/dev_ws/install/dolly_gazebo/share/dolly_gazebo//models/casual_female/meshes/casual_female.dae
[0.384s] -- Up-to-date symlink: /home/federico/dev_ws/install/dolly_gazebo/share/dolly_gazebo//models/casual_female/model.config
[0.385s] -- Up-to-date symlink: /home/federico/dev_ws/install/dolly_gazebo/share/dolly_gazebo//models/casual_female/model.sdf
[0.386s] -- Up-to-date symlink: /home/federico/dev_ws/install/dolly_gazebo/share/dolly_gazebo//models/casual_female/thumbnails/1.png
[0.387s] -- Up-to-date symlink: /home/federico/dev_ws/install/dolly_gazebo/share/dolly_gazebo//models/casual_female/thumbnails/2.png
[0.388s] -- Up-to-date symlink: /home/federico/dev_ws/install/dolly_gazebo/share/dolly_gazebo//models/casual_female/thumbnails/3.png
[0.389s] -- Up-to-date symlink: /home/federico/dev_ws/install/dolly_gazebo/share/dolly_gazebo//models/casual_female/thumbnails/4.png
[0.391s] -- Up-to-date symlink: /home/federico/dev_ws/install/dolly_gazebo/share/dolly_gazebo//models/casual_female/thumbnails/5.png
[0.392s] -- Up-to-date symlink: /home/federico/dev_ws/install/dolly_gazebo/share/dolly_gazebo//models/city_terrain/materials/textures/city_terrain (original).jpg
[0.393s] -- Up-to-date symlink: /home/federico/dev_ws/install/dolly_gazebo/share/dolly_gazebo//models/city_terrain/materials/textures/city_terrain.jpg
[0.394s] -- Up-to-date symlink: /home/federico/dev_ws/install/dolly_gazebo/share/dolly_gazebo//models/city_terrain/materials/textures/forest.jpg
[0.397s] -- Up-to-date symlink: /home/federico/dev_ws/install/dolly_gazebo/share/dolly_gazebo//models/city_terrain/model.config
[0.398s] -- Up-to-date symlink: /home/federico/dev_ws/install/dolly_gazebo/share/dolly_gazebo//models/city_terrain/model.sdf
[0.399s] -- Up-to-date symlink: /home/federico/dev_ws/install/dolly_gazebo/share/dolly_gazebo//models/dolly/materials/scripts/script.material
[0.400s] -- Up-to-date symlink: /home/federico/dev_ws/install/dolly_gazebo/share/dolly_gazebo//models/dolly/materials/textures/sheep.jpg
[0.401s] -- Up-to-date symlink: /home/federico/dev_ws/install/dolly_gazebo/share/dolly_gazebo//models/dolly/model.config
[0.402s] -- Up-to-date symlink: /home/federico/dev_ws/install/dolly_gazebo/share/dolly_gazebo//models/dolly/model.sdf
[0.403s] -- Up-to-date symlink: /home/federico/dev_ws/install/dolly_gazebo/share/dolly_gazebo//models/ocean/materials/programs/GLSL/Waves.frag
[0.404s] -- Up-to-date symlink: /home/federico/dev_ws/install/dolly_gazebo/share/dolly_gazebo//models/ocean/materials/programs/GLSL/Waves.vert
[0.405s] -- Up-to-date symlink: /home/federico/dev_ws/install/dolly_gazebo/share/dolly_gazebo//models/ocean/materials/scripts/ocean.material
[0.406s] -- Up-to-date symlink: /home/federico/dev_ws/install/dolly_gazebo/share/dolly_gazebo//models/ocean/materials/textures/License and source soil_sand_0045_01.txt
[0.407s] -- Up-to-date symlink: /home/federico/dev_ws/install/dolly_gazebo/share/dolly_gazebo//models/ocean/materials/textures/clouds.jpg
[0.408s] -- Up-to-date symlink: /home/federico/dev_ws/install/dolly_gazebo/share/dolly_gazebo//models/ocean/materials/textures/clouds_bk.jpg
[0.409s] -- Up-to-date symlink: /home/federico/dev_ws/install/dolly_gazebo/share/dolly_gazebo//models/ocean/materials/textures/clouds_dn.jpg
[0.410s] -- Up-to-date symlink: /home/federico/dev_ws/install/dolly_gazebo/share/dolly_gazebo//models/ocean/materials/textures/clouds_fr.jpg
[0.411s] -- Up-to-date symlink: /home/federico/dev_ws/install/dolly_gazebo/share/dolly_gazebo//models/ocean/materials/textures/clouds_lf.jpg
[0.412s] -- Up-to-date symlink: /home/federico/dev_ws/install/dolly_gazebo/share/dolly_gazebo//models/ocean/materials/textures/clouds_rt.jpg
[0.413s] -- Up-to-date symlink: /home/federico/dev_ws/install/dolly_gazebo/share/dolly_gazebo//models/ocean/materials/textures/clouds_up.jpg
[0.414s] -- Up-to-date symlink: /home/federico/dev_ws/install/dolly_gazebo/share/dolly_gazebo//models/ocean/materials/textures/normals.dds
[0.415s] -- Up-to-date symlink: /home/federico/dev_ws/install/dolly_gazebo/share/dolly_gazebo//models/ocean/materials/textures/soil_sand_0045_01.jpg
[0.416s] -- Up-to-date symlink: /home/federico/dev_ws/install/dolly_gazebo/share/dolly_gazebo//models/ocean/mesh-simple.dae
[0.417s] -- Up-to-date symlink: /home/federico/dev_ws/install/dolly_gazebo/share/dolly_gazebo//models/ocean/mesh.blend
[0.418s] -- Up-to-date symlink: /home/federico/dev_ws/install/dolly_gazebo/share/dolly_gazebo//models/ocean/mesh.dae
[0.419s] -- Up-to-date symlink: /home/federico/dev_ws/install/dolly_gazebo/share/dolly_gazebo//models/ocean/mesh_below.dae
[0.420s] -- Up-to-date symlink: /home/federico/dev_ws/install/dolly_gazebo/share/dolly_gazebo//models/ocean/model.config
[0.421s] -- Up-to-date symlink: /home/federico/dev_ws/install/dolly_gazebo/share/dolly_gazebo//models/ocean/model.sdf
[0.422s] -- Up-to-date symlink: /home/federico/dev_ws/install/dolly_gazebo/share/dolly_gazebo//rviz/dolly_gazebo.rviz
[0.424s] -- Up-to-date symlink: /home/federico/dev_ws/install/dolly_gazebo/share/dolly_gazebo//worlds/dolly_city.world
[0.425s] -- Up-to-date symlink: /home/federico/dev_ws/install/dolly_gazebo/share/dolly_gazebo//worlds/dolly_empty.world
[0.426s] -- Up-to-date symlink: /home/federico/dev_ws/install/dolly_gazebo/share/dolly_gazebo/environment/dolly_gazebo.sh
[0.427s] -- Up-to-date symlink: /home/federico/dev_ws/install/dolly_gazebo/share/dolly_gazebo/environment/dolly_gazebo.dsv
[0.428s] -- Up-to-date symlink: /home/federico/dev_ws/install/dolly_gazebo/share/ament_index/resource_index/package_run_dependencies/dolly_gazebo
[0.430s] -- Up-to-date symlink: /home/federico/dev_ws/install/dolly_gazebo/share/ament_index/resource_index/parent_prefix_path/dolly_gazebo
[0.431s] -- Up-to-date symlink: /home/federico/dev_ws/install/dolly_gazebo/share/dolly_gazebo/environment/ament_prefix_path.sh
[0.432s] -- Up-to-date symlink: /home/federico/dev_ws/install/dolly_gazebo/share/dolly_gazebo/environment/ament_prefix_path.dsv
[0.433s] -- Up-to-date symlink: /home/federico/dev_ws/install/dolly_gazebo/share/dolly_gazebo/environment/path.sh
[0.434s] -- Up-to-date symlink: /home/federico/dev_ws/install/dolly_gazebo/share/dolly_gazebo/environment/path.dsv
[0.435s] -- Up-to-date symlink: /home/federico/dev_ws/install/dolly_gazebo/share/dolly_gazebo/local_setup.bash
[0.436s] -- Up-to-date symlink: /home/federico/dev_ws/install/dolly_gazebo/share/dolly_gazebo/local_setup.sh
[0.438s] -- Up-to-date symlink: /home/federico/dev_ws/install/dolly_gazebo/share/dolly_gazebo/local_setup.zsh
[0.439s] -- Up-to-date symlink: /home/federico/dev_ws/install/dolly_gazebo/share/dolly_gazebo/local_setup.dsv
[0.440s] -- Symlinking: /home/federico/dev_ws/install/dolly_gazebo/share/dolly_gazebo/package.dsv
[0.478s] -- Up-to-date symlink: /home/federico/dev_ws/install/dolly_gazebo/share/ament_index/resource_index/packages/dolly_gazebo
[0.478s] -- Up-to-date symlink: /home/federico/dev_ws/install/dolly_gazebo/share/dolly_gazebo/cmake/dolly_gazeboConfig.cmake
[0.479s] -- Up-to-date symlink: /home/federico/dev_ws/install/dolly_gazebo/share/dolly_gazebo/cmake/dolly_gazeboConfig-version.cmake
[0.480s] -- Up-to-date symlink: /home/federico/dev_ws/install/dolly_gazebo/share/dolly_gazebo/package.xml
[0.489s] Invoked command in '/home/federico/dev_ws/build/dolly_gazebo' returned '0': CMAKE_PREFIX_PATH=/home/federico/dev_ws/install/dolly_follow:/home/federico/dev_ws/install/tutorial_interfaces:/home/federico/dev_ws/install/turtlesim:/home/federico/dev_ws/install/my_package:/home/federico/dev_ws/install/more_interfaces:/home/federico/dev_ws/install/dolly:/home/federico/dev_ws/install/dolly_gazebo:/home/federico/dev_ws/install/py_srvcli:/home/federico/dev_ws/install/py_pubsub:/home/federico/dev_ws/install/python_parameters:/opt/ros/galactic /usr/bin/cmake --install /home/federico/dev_ws/build/dolly_gazebo
