[0.047s] Invoking command in '/home/federico/dev_ws/build/more_interfaces': CMAKE_PREFIX_PATH=${CMAKE_PREFIX_PATH}:/home/federico/dev_ws/install/py_srvcli:/home/federico/dev_ws/install/py_pubsub:/home/federico/dev_ws/install/python_parameters:/opt/ros/galactic /usr/bin/cmake --build /home/federico/dev_ws/build/more_interfaces -- -j12 -l12
[2.161s] -- Found ament_cmake: 1.1.5 (/opt/ros/galactic/share/ament_cmake/cmake)
[2.161s] -- Found PythonInterp: /usr/bin/python3 (found suitable version "3.8.10", minimum required is "3") 
[2.161s] -- Using PYTHON_EXECUTABLE: /usr/bin/python3
[2.162s] -- Override CMake install command with custom implementation using symlinks instead of copying resources
[2.162s] -- Found rosidl_default_generators: 1.1.1 (/opt/ros/galactic/share/rosidl_default_generators/cmake)
[2.162s] -- Using all available rosidl_typesupport_c: rosidl_typesupport_fastrtps_c;rosidl_typesupport_introspection_c
[2.162s] -- Found rosidl_adapter: 2.2.2 (/opt/ros/galactic/share/rosidl_adapter/cmake)
[2.162s] -- Using all available rosidl_typesupport_cpp: rosidl_typesupport_fastrtps_cpp;rosidl_typesupport_introspection_cpp
[2.162s] -- Found rclcpp: 9.2.1 (/opt/ros/galactic/share/rclcpp/cmake)
[2.162s] -- Found rmw_implementation_cmake: 3.3.1 (/opt/ros/galactic/share/rmw_implementation_cmake/cmake)
[2.162s] -- Found rmw_cyclonedds_cpp: 0.22.5 (/opt/ros/galactic/share/rmw_cyclonedds_cpp/cmake)
[2.162s] -- Using RMW implementation 'rmw_cyclonedds_cpp' as default
[2.162s] -- Found PythonInterp: /usr/bin/python3 (found version "3.8.10") 
[2.163s] -- Found ament_cmake_ros: 0.9.2 (/opt/ros/galactic/share/ament_cmake_ros/cmake)
[2.163s] -- Using all available rosidl_typesupport_c: rosidl_typesupport_fastrtps_c;rosidl_typesupport_introspection_c
[2.163s] -- Using all available rosidl_typesupport_cpp: rosidl_typesupport_fastrtps_cpp;rosidl_typesupport_introspection_cpp
[2.163s] -- Found PythonInterp: /usr/bin/python3 (found suitable version "3.8.10", minimum required is "3.5") 
[2.163s] -- Found python_cmake_module: 0.8.1 (/opt/ros/galactic/share/python_cmake_module/cmake)
[2.163s] -- Using PYTHON_EXECUTABLE: /usr/bin/python3
[2.163s] -- Using PYTHON_INCLUDE_DIRS: /usr/include/python3.8
[2.163s] -- Using PYTHON_LIBRARIES: /usr/lib/x86_64-linux-gnu/libpython3.8.so
[2.163s] -- Found ament_lint_auto: 0.10.7 (/opt/ros/galactic/share/ament_lint_auto/cmake)
[2.163s] -- Added test 'copyright' to check source files copyright and LICENSE
[2.164s] -- Added test 'cppcheck' to perform static code analysis on C / C++ code
[2.164s] -- Configured cppcheck include dirs: 
[2.164s] -- Configured cppcheck exclude dirs and/or files: 
[2.164s] -- Added test 'cpplint' to check C / C++ code against the Google style
[2.165s] -- Configured cpplint exclude dirs and/or files: 
[2.165s] -- Added test 'lint_cmake' to check CMake code style
[2.165s] -- Added test 'uncrustify' to check C / C++ code style
[2.165s] -- Configured uncrustify additional arguments: 
[2.165s] -- Added test 'xmllint' to check XML markup files
[2.165s] -- Configuring done
[2.165s] -- Generating done
[2.165s] -- Build files have been written to: /home/federico/dev_ws/build/more_interfaces
[2.166s] [  3%] [34m[1mGenerating C code for ROS interfaces[0m
[2.166s] [  6%] [34m[1mGenerating C++ code for ROS interfaces[0m
[2.166s] [35m[1mScanning dependencies of target more_interfaces__rosidl_generator_c[0m
[2.166s] [  9%] [32mBuilding C object CMakeFiles/more_interfaces__rosidl_generator_c.dir/rosidl_generator_c/more_interfaces/msg/detail/address_book__functions.c.o[0m
[2.166s] [  9%] Built target more_interfaces__cpp
[2.166s] [ 12%] [34m[1mGenerating C++ introspection for ROS interfaces[0m
[2.166s] [35m[1mScanning dependencies of target more_interfaces__rosidl_typesupport_cpp[0m
[2.167s] [35m[1mScanning dependencies of target more_interfaces__rosidl_typesupport_fastrtps_cpp[0m
[2.167s] [ 15%] [32mBuilding CXX object CMakeFiles/more_interfaces__rosidl_typesupport_cpp.dir/rosidl_typesupport_cpp/more_interfaces/msg/address_book__type_support.cpp.o[0m
[2.167s] [ 18%] [32m[1mLinking C shared library libmore_interfaces__rosidl_generator_c.so[0m
[2.167s] [ 21%] [32mBuilding CXX object CMakeFiles/more_interfaces__rosidl_typesupport_fastrtps_cpp.dir/rosidl_typesupport_fastrtps_cpp/more_interfaces/msg/detail/dds_fastrtps/address_book__type_support.cpp.o[0m
[2.167s] [ 21%] Built target more_interfaces__rosidl_generator_c
[2.167s] [ 24%] [34m[1mGenerating C introspection for ROS interfaces[0m
[2.167s] [35m[1mScanning dependencies of target more_interfaces__rosidl_typesupport_c[0m
[2.167s] [ 27%] [32mBuilding CXX object CMakeFiles/more_interfaces__rosidl_typesupport_c.dir/rosidl_typesupport_c/more_interfaces/msg/address_book__type_support.cpp.o[0m
[2.168s] [ 30%] [32m[1mLinking CXX shared library libmore_interfaces__rosidl_typesupport_c.so[0m
[2.168s] [ 33%] Built target more_interfaces__rosidl_typesupport_c
[2.168s] [35m[1mScanning dependencies of target more_interfaces__rosidl_typesupport_introspection_cpp[0m
[2.168s] [ 36%] [32mBuilding CXX object CMakeFiles/more_interfaces__rosidl_typesupport_introspection_cpp.dir/rosidl_typesupport_introspection_cpp/more_interfaces/msg/detail/address_book__type_support.cpp.o[0m
[2.168s] [ 39%] [32m[1mLinking CXX shared library libmore_interfaces__rosidl_typesupport_cpp.so[0m
[2.168s] [35m[1mScanning dependencies of target more_interfaces__rosidl_typesupport_introspection_c[0m
[2.168s] [ 42%] Built target more_interfaces__rosidl_typesupport_cpp
[2.168s] [ 45%] [32mBuilding C object CMakeFiles/more_interfaces__rosidl_typesupport_introspection_c.dir/rosidl_typesupport_introspection_c/more_interfaces/msg/detail/address_book__type_support.c.o[0m
[2.222s] [ 48%] [32m[1mLinking C shared library libmore_interfaces__rosidl_typesupport_introspection_c.so[0m
[2.276s] [ 48%] Built target more_interfaces__rosidl_typesupport_introspection_c
[2.427s] [ 51%] [32m[1mLinking CXX shared library libmore_interfaces__rosidl_typesupport_fastrtps_cpp.so[0m
[2.539s] [ 54%] [32m[1mLinking CXX shared library libmore_interfaces__rosidl_typesupport_introspection_cpp.so[0m
[2.545s] [ 57%] Built target more_interfaces__rosidl_typesupport_fastrtps_cpp
[2.559s] [35m[1mScanning dependencies of target more_interfaces__rosidl_typesupport_fastrtps_c[0m
[2.578s] [ 60%] [32mBuilding CXX object CMakeFiles/more_interfaces__rosidl_typesupport_fastrtps_c.dir/rosidl_typesupport_fastrtps_c/more_interfaces/msg/detail/address_book__type_support_c.cpp.o[0m
[2.655s] [ 60%] Built target more_interfaces__rosidl_typesupport_introspection_cpp
[2.955s] [ 63%] [32m[1mLinking CXX shared library libmore_interfaces__rosidl_typesupport_fastrtps_c.so[0m
[3.074s] [ 66%] Built target more_interfaces__rosidl_typesupport_fastrtps_c
[3.101s] [ 66%] Built target more_interfaces
[3.121s] [35m[1mScanning dependencies of target publish_address_book[0m
[3.132s] [ 69%] [34m[1mGenerating Python code for ROS interfaces[0m
[3.184s] [ 72%] [32mBuilding CXX object CMakeFiles/publish_address_book.dir/src/publish_address_book.cpp.o[0m
[3.660s] [ 72%] Built target more_interfaces__py
[3.672s] [35m[1mScanning dependencies of target more_interfaces__python[0m
[3.694s] [ 75%] [32mBuilding C object CMakeFiles/more_interfaces__python.dir/rosidl_generator_py/more_interfaces/msg/_address_book_s.c.o[0m
[3.867s] [ 78%] [32m[1mLinking C shared library rosidl_generator_py/more_interfaces/libmore_interfaces__python.so[0m
[3.918s] [ 78%] Built target more_interfaces__python
[3.938s] [35m[1mScanning dependencies of target more_interfaces__rosidl_typesupport_fastrtps_c__pyext[0m
[3.939s] [35m[1mScanning dependencies of target more_interfaces__rosidl_typesupport_introspection_c__pyext[0m
[3.939s] [35m[1mScanning dependencies of target more_interfaces__rosidl_typesupport_c__pyext[0m
[3.965s] [ 81%] [32mBuilding C object CMakeFiles/more_interfaces__rosidl_typesupport_c__pyext.dir/rosidl_generator_py/more_interfaces/_more_interfaces_s.ep.rosidl_typesupport_c.c.o[0m
[3.971s] [ 87%] [32mBuilding C object CMakeFiles/more_interfaces__rosidl_typesupport_introspection_c__pyext.dir/rosidl_generator_py/more_interfaces/_more_interfaces_s.ep.rosidl_typesupport_introspection_c.c.o[0m
[3.971s] [ 87%] [32mBuilding C object CMakeFiles/more_interfaces__rosidl_typesupport_fastrtps_c__pyext.dir/rosidl_generator_py/more_interfaces/_more_interfaces_s.ep.rosidl_typesupport_fastrtps_c.c.o[0m
[4.083s] [ 90%] [32m[1mLinking C shared library rosidl_generator_py/more_interfaces/more_interfaces_s__rosidl_typesupport_c.cpython-38-x86_64-linux-gnu.so[0m
[4.110s] [ 93%] [32m[1mLinking C shared library rosidl_generator_py/more_interfaces/more_interfaces_s__rosidl_typesupport_introspection_c.cpython-38-x86_64-linux-gnu.so[0m
[4.125s] [ 96%] [32m[1mLinking CXX shared library rosidl_generator_py/more_interfaces/more_interfaces_s__rosidl_typesupport_fastrtps_c.cpython-38-x86_64-linux-gnu.so[0m
[4.176s] [ 96%] Built target more_interfaces__rosidl_typesupport_c__pyext
[4.201s] [ 96%] Built target more_interfaces__rosidl_typesupport_introspection_c__pyext
[4.250s] [ 96%] Built target more_interfaces__rosidl_typesupport_fastrtps_c__pyext
[9.949s] [100%] [32m[1mLinking CXX executable publish_address_book[0m
[10.320s] [100%] Built target publish_address_book
[10.338s] Invoked command in '/home/federico/dev_ws/build/more_interfaces' returned '0': CMAKE_PREFIX_PATH=${CMAKE_PREFIX_PATH}:/home/federico/dev_ws/install/py_srvcli:/home/federico/dev_ws/install/py_pubsub:/home/federico/dev_ws/install/python_parameters:/opt/ros/galactic /usr/bin/cmake --build /home/federico/dev_ws/build/more_interfaces -- -j12 -l12
[10.426s] Invoking command in '/home/federico/dev_ws/build/more_interfaces': CMAKE_PREFIX_PATH=${CMAKE_PREFIX_PATH}:/home/federico/dev_ws/install/py_srvcli:/home/federico/dev_ws/install/py_pubsub:/home/federico/dev_ws/install/python_parameters:/opt/ros/galactic /usr/bin/cmake --install /home/federico/dev_ws/build/more_interfaces
[10.442s] -- Install configuration: ""
[10.443s] -- Execute custom install script
[10.444s] -- Up-to-date symlink: /home/federico/dev_ws/install/more_interfaces/lib/more_interfaces/publish_address_book
[10.444s] -- Up-to-date symlink: /home/federico/dev_ws/install/more_interfaces/share/ament_index/resource_index/rosidl_interfaces/more_interfaces
[10.445s] -- Up-to-date symlink: /home/federico/dev_ws/install/more_interfaces/include/more_interfaces/msg/address_book.h
[10.445s] -- Up-to-date symlink: /home/federico/dev_ws/install/more_interfaces/include/more_interfaces/msg/detail/address_book__functions.h
[10.446s] -- Up-to-date symlink: /home/federico/dev_ws/install/more_interfaces/include/more_interfaces/msg/detail/address_book__struct.h
[10.446s] -- Up-to-date symlink: /home/federico/dev_ws/install/more_interfaces/include/more_interfaces/msg/detail/address_book__type_support.h
[10.447s] -- Up-to-date symlink: /home/federico/dev_ws/install/more_interfaces/include/more_interfaces/msg/rosidl_generator_c__visibility_control.h
[10.447s] -- Up-to-date symlink: /home/federico/dev_ws/install/more_interfaces/share/more_interfaces/environment/library_path.sh
[10.447s] -- Up-to-date symlink: /home/federico/dev_ws/install/more_interfaces/share/more_interfaces/environment/library_path.dsv
[10.448s] -- Up-to-date symlink: /home/federico/dev_ws/install/more_interfaces/include/more_interfaces/msg/detail/address_book__rosidl_typesupport_fastrtps_c.h
[10.448s] -- Up-to-date symlink: /home/federico/dev_ws/install/more_interfaces/include/more_interfaces/msg/rosidl_typesupport_fastrtps_c__visibility_control.h
[10.449s] -- Up-to-date symlink: /home/federico/dev_ws/install/more_interfaces/lib/libmore_interfaces__rosidl_typesupport_fastrtps_c.so
[10.450s] -- Up-to-date symlink: /home/federico/dev_ws/install/more_interfaces/include/more_interfaces/msg/detail/address_book__rosidl_typesupport_fastrtps_cpp.hpp
[10.450s] -- Up-to-date symlink: /home/federico/dev_ws/install/more_interfaces/include/more_interfaces/msg/rosidl_typesupport_fastrtps_cpp__visibility_control.h
[10.451s] -- Up-to-date symlink: /home/federico/dev_ws/install/more_interfaces/lib/libmore_interfaces__rosidl_typesupport_fastrtps_cpp.so
[10.452s] -- Up-to-date symlink: /home/federico/dev_ws/install/more_interfaces/include/more_interfaces/msg/detail/address_book__rosidl_typesupport_introspection_c.h
[10.452s] -- Up-to-date symlink: /home/federico/dev_ws/install/more_interfaces/include/more_interfaces/msg/rosidl_typesupport_introspection_c__visibility_control.h
[10.453s] -- Up-to-date symlink: /home/federico/dev_ws/install/more_interfaces/include/more_interfaces/msg/address_book.hpp
[10.453s] -- Up-to-date symlink: /home/federico/dev_ws/install/more_interfaces/include/more_interfaces/msg/detail/address_book__builder.hpp
[10.454s] -- Up-to-date symlink: /home/federico/dev_ws/install/more_interfaces/include/more_interfaces/msg/detail/address_book__struct.hpp
[10.454s] -- Up-to-date symlink: /home/federico/dev_ws/install/more_interfaces/include/more_interfaces/msg/detail/address_book__traits.hpp
[10.455s] -- Up-to-date symlink: /home/federico/dev_ws/install/more_interfaces/include/more_interfaces/msg/detail/address_book__rosidl_typesupport_introspection_cpp.hpp
[10.455s] -- Up-to-date symlink: /home/federico/dev_ws/install/more_interfaces/share/more_interfaces/environment/pythonpath.sh
[10.456s] -- Up-to-date symlink: /home/federico/dev_ws/install/more_interfaces/share/more_interfaces/environment/pythonpath.dsv
[10.456s] -- Up-to-date symlink: /home/federico/dev_ws/install/more_interfaces/lib/python3.8/site-packages/more_interfaces/__init__.py
[10.457s] -- Up-to-date symlink: /home/federico/dev_ws/install/more_interfaces/lib/python3.8/site-packages/more_interfaces/msg/__init__.py
[10.457s] -- Up-to-date symlink: /home/federico/dev_ws/install/more_interfaces/lib/python3.8/site-packages/more_interfaces/msg/_address_book.py
[10.458s] -- Up-to-date symlink: /home/federico/dev_ws/install/more_interfaces/lib/python3.8/site-packages/more_interfaces/more_interfaces_s__rosidl_typesupport_fastrtps_c.cpython-38-x86_64-linux-gnu.so
[10.459s] -- Up-to-date symlink: /home/federico/dev_ws/install/more_interfaces/lib/python3.8/site-packages/more_interfaces/more_interfaces_s__rosidl_typesupport_introspection_c.cpython-38-x86_64-linux-gnu.so
[10.459s] -- Up-to-date symlink: /home/federico/dev_ws/install/more_interfaces/lib/python3.8/site-packages/more_interfaces/more_interfaces_s__rosidl_typesupport_c.cpython-38-x86_64-linux-gnu.so
[10.460s] -- Up-to-date symlink: /home/federico/dev_ws/install/more_interfaces/lib/libmore_interfaces__python.so
[10.460s] -- Up-to-date symlink: /home/federico/dev_ws/install/more_interfaces/share/more_interfaces/msg/AddressBook.idl
[10.461s] -- Up-to-date symlink: /home/federico/dev_ws/install/more_interfaces/share/more_interfaces/msg/AddressBook.msg
[10.461s] -- Up-to-date symlink: /home/federico/dev_ws/install/more_interfaces/share/ament_index/resource_index/package_run_dependencies/more_interfaces
[10.462s] -- Up-to-date symlink: /home/federico/dev_ws/install/more_interfaces/share/ament_index/resource_index/parent_prefix_path/more_interfaces
[10.462s] -- Up-to-date symlink: /home/federico/dev_ws/install/more_interfaces/share/more_interfaces/environment/ament_prefix_path.sh
[10.463s] -- Up-to-date symlink: /home/federico/dev_ws/install/more_interfaces/share/more_interfaces/environment/ament_prefix_path.dsv
[10.463s] -- Up-to-date symlink: /home/federico/dev_ws/install/more_interfaces/share/more_interfaces/environment/path.sh
[10.463s] -- Up-to-date symlink: /home/federico/dev_ws/install/more_interfaces/share/more_interfaces/environment/path.dsv
[10.464s] -- Up-to-date symlink: /home/federico/dev_ws/install/more_interfaces/share/more_interfaces/local_setup.bash
[10.465s] -- Up-to-date symlink: /home/federico/dev_ws/install/more_interfaces/share/more_interfaces/local_setup.sh
[10.465s] -- Up-to-date symlink: /home/federico/dev_ws/install/more_interfaces/share/more_interfaces/local_setup.zsh
[10.465s] -- Up-to-date symlink: /home/federico/dev_ws/install/more_interfaces/share/more_interfaces/local_setup.dsv
[10.466s] -- Symlinking: /home/federico/dev_ws/install/more_interfaces/share/more_interfaces/package.dsv
[10.483s] -- Up-to-date symlink: /home/federico/dev_ws/install/more_interfaces/share/ament_index/resource_index/packages/more_interfaces
[10.483s] -- Up-to-date symlink: /home/federico/dev_ws/install/more_interfaces/share/more_interfaces/cmake/rosidl_cmake-extras.cmake
[10.484s] -- Up-to-date symlink: /home/federico/dev_ws/install/more_interfaces/share/more_interfaces/cmake/ament_cmake_export_dependencies-extras.cmake
[10.484s] -- Up-to-date symlink: /home/federico/dev_ws/install/more_interfaces/share/more_interfaces/cmake/ament_cmake_export_libraries-extras.cmake
[10.485s] -- Up-to-date symlink: /home/federico/dev_ws/install/more_interfaces/share/more_interfaces/cmake/ament_cmake_export_targets-extras.cmake
[10.485s] -- Up-to-date symlink: /home/federico/dev_ws/install/more_interfaces/share/more_interfaces/cmake/ament_cmake_export_include_directories-extras.cmake
[10.486s] -- Up-to-date symlink: /home/federico/dev_ws/install/more_interfaces/share/more_interfaces/cmake/rosidl_cmake_export_typesupport_libraries-extras.cmake
[10.486s] -- Up-to-date symlink: /home/federico/dev_ws/install/more_interfaces/share/more_interfaces/cmake/rosidl_cmake_export_typesupport_targets-extras.cmake
[10.486s] -- Up-to-date symlink: /home/federico/dev_ws/install/more_interfaces/share/more_interfaces/cmake/more_interfacesConfig.cmake
[10.487s] -- Up-to-date symlink: /home/federico/dev_ws/install/more_interfaces/share/more_interfaces/cmake/more_interfacesConfig-version.cmake
[10.487s] -- Up-to-date symlink: /home/federico/dev_ws/install/more_interfaces/share/more_interfaces/package.xml
[10.488s] -- Installing: /home/federico/dev_ws/install/more_interfaces/lib/libmore_interfaces__rosidl_generator_c.so
[10.489s] -- Set runtime path of "/home/federico/dev_ws/install/more_interfaces/lib/libmore_interfaces__rosidl_generator_c.so" to ""
[10.490s] -- Installing: /home/federico/dev_ws/install/more_interfaces/lib/libmore_interfaces__rosidl_typesupport_introspection_c.so
[10.490s] -- Set runtime path of "/home/federico/dev_ws/install/more_interfaces/lib/libmore_interfaces__rosidl_typesupport_introspection_c.so" to ""
[10.491s] -- Installing: /home/federico/dev_ws/install/more_interfaces/lib/libmore_interfaces__rosidl_typesupport_c.so
[10.492s] -- Set runtime path of "/home/federico/dev_ws/install/more_interfaces/lib/libmore_interfaces__rosidl_typesupport_c.so" to ""
[10.493s] -- Installing: /home/federico/dev_ws/install/more_interfaces/lib/libmore_interfaces__rosidl_typesupport_introspection_cpp.so
[10.493s] -- Set runtime path of "/home/federico/dev_ws/install/more_interfaces/lib/libmore_interfaces__rosidl_typesupport_introspection_cpp.so" to ""
[10.494s] -- Installing: /home/federico/dev_ws/install/more_interfaces/lib/libmore_interfaces__rosidl_typesupport_cpp.so
[10.494s] -- Set runtime path of "/home/federico/dev_ws/install/more_interfaces/lib/libmore_interfaces__rosidl_typesupport_cpp.so" to ""
[10.559s] Compiling '/home/federico/dev_ws/install/more_interfaces/lib/python3.8/site-packages/more_interfaces/__init__.py'...
[10.572s] -- Up-to-date: /home/federico/dev_ws/install/more_interfaces/share/more_interfaces/cmake/more_interfaces__rosidl_generator_cExport.cmake
[10.573s] -- Installing: /home/federico/dev_ws/install/more_interfaces/share/more_interfaces/cmake/more_interfaces__rosidl_generator_cExport-noconfig.cmake
[10.573s] -- Up-to-date: /home/federico/dev_ws/install/more_interfaces/share/more_interfaces/cmake/more_interfaces__rosidl_typesupport_introspection_cExport.cmake
[10.573s] -- Installing: /home/federico/dev_ws/install/more_interfaces/share/more_interfaces/cmake/more_interfaces__rosidl_typesupport_introspection_cExport-noconfig.cmake
[10.574s] -- Up-to-date: /home/federico/dev_ws/install/more_interfaces/share/more_interfaces/cmake/more_interfaces__rosidl_typesupport_cExport.cmake
[10.574s] -- Installing: /home/federico/dev_ws/install/more_interfaces/share/more_interfaces/cmake/more_interfaces__rosidl_typesupport_cExport-noconfig.cmake
[10.574s] -- Up-to-date: /home/federico/dev_ws/install/more_interfaces/share/more_interfaces/cmake/more_interfaces__rosidl_generator_cppExport.cmake
[10.575s] -- Up-to-date: /home/federico/dev_ws/install/more_interfaces/share/more_interfaces/cmake/more_interfaces__rosidl_typesupport_introspection_cppExport.cmake
[10.575s] -- Installing: /home/federico/dev_ws/install/more_interfaces/share/more_interfaces/cmake/more_interfaces__rosidl_typesupport_introspection_cppExport-noconfig.cmake
[10.576s] -- Up-to-date: /home/federico/dev_ws/install/more_interfaces/share/more_interfaces/cmake/more_interfaces__rosidl_typesupport_cppExport.cmake
[10.576s] -- Installing: /home/federico/dev_ws/install/more_interfaces/share/more_interfaces/cmake/more_interfaces__rosidl_typesupport_cppExport-noconfig.cmake
[10.585s] Invoked command in '/home/federico/dev_ws/build/more_interfaces' returned '0': CMAKE_PREFIX_PATH=${CMAKE_PREFIX_PATH}:/home/federico/dev_ws/install/py_srvcli:/home/federico/dev_ws/install/py_pubsub:/home/federico/dev_ws/install/python_parameters:/opt/ros/galactic /usr/bin/cmake --install /home/federico/dev_ws/build/more_interfaces
