[0.051s] Invoking command in '/home/federico/dev_ws/build/dolly_follow': CMAKE_PREFIX_PATH=/opt/ros/galactic /usr/bin/cmake --build /home/federico/dev_ws/build/dolly_follow -- -j12 -l12
[1.328s] [100%] Built target dolly_follow
[1.343s] Invoked command in '/home/federico/dev_ws/build/dolly_follow' returned '0': CMAKE_PREFIX_PATH=/opt/ros/galactic /usr/bin/cmake --build /home/federico/dev_ws/build/dolly_follow -- -j12 -l12
[1.366s] Invoking command in '/home/federico/dev_ws/build/dolly_follow': CMAKE_PREFIX_PATH=/opt/ros/galactic /usr/bin/cmake --install /home/federico/dev_ws/build/dolly_follow
[1.377s] -- Install configuration: ""
[1.377s] -- Execute custom install script
[1.379s] -- Up-to-date symlink: /home/federico/dev_ws/install/dolly_follow/lib/dolly_follow/dolly_follow
[1.383s] -- Up-to-date symlink: /home/federico/dev_ws/install/dolly_follow/share/ament_index/resource_index/package_run_dependencies/dolly_follow
[1.384s] -- Up-to-date symlink: /home/federico/dev_ws/install/dolly_follow/share/ament_index/resource_index/parent_prefix_path/dolly_follow
[1.385s] -- Up-to-date symlink: /home/federico/dev_ws/install/dolly_follow/share/dolly_follow/environment/ament_prefix_path.sh
[1.385s] -- Up-to-date symlink: /home/federico/dev_ws/install/dolly_follow/share/dolly_follow/environment/ament_prefix_path.dsv
[1.386s] -- Up-to-date symlink: /home/federico/dev_ws/install/dolly_follow/share/dolly_follow/environment/path.sh
[1.387s] -- Up-to-date symlink: /home/federico/dev_ws/install/dolly_follow/share/dolly_follow/environment/path.dsv
[1.389s] -- Up-to-date symlink: /home/federico/dev_ws/install/dolly_follow/share/dolly_follow/local_setup.bash
[1.390s] -- Up-to-date symlink: /home/federico/dev_ws/install/dolly_follow/share/dolly_follow/local_setup.sh
[1.391s] -- Up-to-date symlink: /home/federico/dev_ws/install/dolly_follow/share/dolly_follow/local_setup.zsh
[1.391s] -- Up-to-date symlink: /home/federico/dev_ws/install/dolly_follow/share/dolly_follow/local_setup.dsv
[1.391s] -- Symlinking: /home/federico/dev_ws/install/dolly_follow/share/dolly_follow/package.dsv
[1.396s] -- Up-to-date symlink: /home/federico/dev_ws/install/dolly_follow/share/ament_index/resource_index/packages/dolly_follow
[1.398s] -- Up-to-date symlink: /home/federico/dev_ws/install/dolly_follow/share/dolly_follow/cmake/dolly_followConfig.cmake
[1.398s] -- Up-to-date symlink: /home/federico/dev_ws/install/dolly_follow/share/dolly_follow/cmake/dolly_followConfig-version.cmake
[1.398s] -- Up-to-date symlink: /home/federico/dev_ws/install/dolly_follow/share/dolly_follow/package.xml
[1.403s] Invoked command in '/home/federico/dev_ws/build/dolly_follow' returned '0': CMAKE_PREFIX_PATH=/opt/ros/galactic /usr/bin/cmake --install /home/federico/dev_ws/build/dolly_follow
