[5.002s] Invoking command in '/home/federico/dev_ws/build/py_pubsub': LD_LIBRARY_PATH=/home/federico/dev_ws/install/tutorial_interfaces/lib:/home/federico/dev_ws/install/turtlesim/lib:/home/federico/dev_ws/install/more_interfaces/lib:/usr/lib/x86_64-linux-gnu/gazebo-11/plugins:/opt/ros/galactic/opt/yaml_cpp_vendor/lib:/opt/ros/galactic/opt/rviz_ogre_vendor/lib:/opt/ros/galactic/lib/x86_64-linux-gnu:/opt/ros/galactic/lib:/usr/lib/x86_64-linux-gnu/gazebo-11/plugins PYTHONPATH=/home/federico/dev_ws/install/py_pubsub/lib/python3.8/site-packages:/home/federico/dev_ws/install/tutorial_interfaces/lib/python3.8/site-packages:/home/federico/dev_ws/install/py_srvcli/lib/python3.8/site-packages:/home/federico/dev_ws/install/py_pubsub/lib/python3.8/site-packages:/home/federico/dev_ws/install/turtlesim/lib/python3.8/site-packages:/home/federico/dev_ws/install/python_parameters/lib/python3.8/site-packages:/home/federico/dev_ws/install/my_package/lib/python3.8/site-packages:/home/federico/dev_ws/install/more_interfaces/lib/python3.8/site-packages:/opt/ros/galactic/lib/python3.8/site-packages /usr/bin/python3 setup.py develop --prefix /home/federico/dev_ws/install/py_pubsub --uninstall --editable --build-directory /home/federico/dev_ws/build/py_pubsub/build
[5.304s] /home/federico/.local/lib/python3.8/site-packages/setuptools/dist.py:757: UserWarning: Usage of dash-separated 'script-dir' will not be supported in future versions. Please use the underscore name 'script_dir' instead
[5.305s]   warnings.warn(
[5.305s] /home/federico/.local/lib/python3.8/site-packages/setuptools/dist.py:757: UserWarning: Usage of dash-separated 'install-scripts' will not be supported in future versions. Please use the underscore name 'install_scripts' instead
[5.305s]   warnings.warn(
[6.370s] running develop
[6.370s] /home/federico/.local/lib/python3.8/site-packages/setuptools/command/easy_install.py:144: EasyInstallDeprecationWarning: easy_install command is deprecated. Use build and pip and other standards-based tools.
[6.371s]   warnings.warn(
[6.575s] /home/federico/.local/lib/python3.8/site-packages/setuptools/command/install.py:34: SetuptoolsDeprecationWarning: setup.py install is deprecated. Use build and pip and other standards-based tools.
[6.575s]   warnings.warn(
[6.927s] /home/federico/.local/lib/python3.8/site-packages/pkg_resources/__init__.py:123: PkgResourcesDeprecationWarning: 0.1.36ubuntu1 is an invalid version and will not be supported in a future release
[6.928s]   warnings.warn(
[6.928s] /home/federico/.local/lib/python3.8/site-packages/pkg_resources/__init__.py:123: PkgResourcesDeprecationWarning: 0.23ubuntu1 is an invalid version and will not be supported in a future release
[6.929s]   warnings.warn(
[7.264s] Invoked command in '/home/federico/dev_ws/build/py_pubsub' returned '0': LD_LIBRARY_PATH=/home/federico/dev_ws/install/tutorial_interfaces/lib:/home/federico/dev_ws/install/turtlesim/lib:/home/federico/dev_ws/install/more_interfaces/lib:/usr/lib/x86_64-linux-gnu/gazebo-11/plugins:/opt/ros/galactic/opt/yaml_cpp_vendor/lib:/opt/ros/galactic/opt/rviz_ogre_vendor/lib:/opt/ros/galactic/lib/x86_64-linux-gnu:/opt/ros/galactic/lib:/usr/lib/x86_64-linux-gnu/gazebo-11/plugins PYTHONPATH=/home/federico/dev_ws/install/py_pubsub/lib/python3.8/site-packages:/home/federico/dev_ws/install/tutorial_interfaces/lib/python3.8/site-packages:/home/federico/dev_ws/install/py_srvcli/lib/python3.8/site-packages:/home/federico/dev_ws/install/py_pubsub/lib/python3.8/site-packages:/home/federico/dev_ws/install/turtlesim/lib/python3.8/site-packages:/home/federico/dev_ws/install/python_parameters/lib/python3.8/site-packages:/home/federico/dev_ws/install/my_package/lib/python3.8/site-packages:/home/federico/dev_ws/install/more_interfaces/lib/python3.8/site-packages:/opt/ros/galactic/lib/python3.8/site-packages /usr/bin/python3 setup.py develop --prefix /home/federico/dev_ws/install/py_pubsub --uninstall --editable --build-directory /home/federico/dev_ws/build/py_pubsub/build
[7.265s] Invoking command in '/home/federico/dev_ws/src/py_pubsub': LD_LIBRARY_PATH=/home/federico/dev_ws/install/tutorial_interfaces/lib:/home/federico/dev_ws/install/turtlesim/lib:/home/federico/dev_ws/install/more_interfaces/lib:/usr/lib/x86_64-linux-gnu/gazebo-11/plugins:/opt/ros/galactic/opt/yaml_cpp_vendor/lib:/opt/ros/galactic/opt/rviz_ogre_vendor/lib:/opt/ros/galactic/lib/x86_64-linux-gnu:/opt/ros/galactic/lib:/usr/lib/x86_64-linux-gnu/gazebo-11/plugins PYTHONPATH=/home/federico/dev_ws/install/py_pubsub/lib/python3.8/site-packages:/home/federico/dev_ws/install/tutorial_interfaces/lib/python3.8/site-packages:/home/federico/dev_ws/install/py_srvcli/lib/python3.8/site-packages:/home/federico/dev_ws/install/py_pubsub/lib/python3.8/site-packages:/home/federico/dev_ws/install/turtlesim/lib/python3.8/site-packages:/home/federico/dev_ws/install/python_parameters/lib/python3.8/site-packages:/home/federico/dev_ws/install/my_package/lib/python3.8/site-packages:/home/federico/dev_ws/install/more_interfaces/lib/python3.8/site-packages:/opt/ros/galactic/lib/python3.8/site-packages /usr/bin/python3 setup.py egg_info --egg-base ../../build/py_pubsub build --build-base /home/federico/dev_ws/build/py_pubsub/build install --prefix /home/federico/dev_ws/install/py_pubsub --record /home/federico/dev_ws/build/py_pubsub/install.log --single-version-externally-managed
[7.798s] /home/federico/.local/lib/python3.8/site-packages/setuptools/dist.py:757: UserWarning: Usage of dash-separated 'script-dir' will not be supported in future versions. Please use the underscore name 'script_dir' instead
[7.799s]   warnings.warn(
[7.803s] /home/federico/.local/lib/python3.8/site-packages/setuptools/dist.py:757: UserWarning: Usage of dash-separated 'install-scripts' will not be supported in future versions. Please use the underscore name 'install_scripts' instead
[7.804s]   warnings.warn(
[9.166s] running egg_info
[9.307s] writing ../../build/py_pubsub/py_pubsub.egg-info/PKG-INFO
[9.421s] writing dependency_links to ../../build/py_pubsub/py_pubsub.egg-info/dependency_links.txt
[9.753s] writing entry points to ../../build/py_pubsub/py_pubsub.egg-info/entry_points.txt
[10.005s] writing requirements to ../../build/py_pubsub/py_pubsub.egg-info/requires.txt
[10.129s] writing top-level names to ../../build/py_pubsub/py_pubsub.egg-info/top_level.txt
[10.307s] reading manifest file '../../build/py_pubsub/py_pubsub.egg-info/SOURCES.txt'
[10.310s] writing manifest file '../../build/py_pubsub/py_pubsub.egg-info/SOURCES.txt'
[10.311s] running build
[10.311s] running build_py
[10.313s] running install
[10.313s] /home/federico/.local/lib/python3.8/site-packages/setuptools/command/install.py:34: SetuptoolsDeprecationWarning: setup.py install is deprecated. Use build and pip and other standards-based tools.
[10.314s]   warnings.warn(
[10.325s] running install_lib
[10.508s] running install_data
[10.554s] running install_egg_info
[10.770s] removing '/home/federico/dev_ws/install/py_pubsub/lib/python3.8/site-packages/py_pubsub-0.0.0-py3.8.egg-info' (and everything under it)
[10.770s] Copying ../../build/py_pubsub/py_pubsub.egg-info to /home/federico/dev_ws/install/py_pubsub/lib/python3.8/site-packages/py_pubsub-0.0.0-py3.8.egg-info
[10.779s] running install_scripts
[11.210s] Installing listener script to /home/federico/dev_ws/install/py_pubsub/lib/py_pubsub
[11.210s] Installing talker script to /home/federico/dev_ws/install/py_pubsub/lib/py_pubsub
[11.210s] writing list of installed files to '/home/federico/dev_ws/build/py_pubsub/install.log'
[11.323s] Invoked command in '/home/federico/dev_ws/src/py_pubsub' returned '0': LD_LIBRARY_PATH=/home/federico/dev_ws/install/tutorial_interfaces/lib:/home/federico/dev_ws/install/turtlesim/lib:/home/federico/dev_ws/install/more_interfaces/lib:/usr/lib/x86_64-linux-gnu/gazebo-11/plugins:/opt/ros/galactic/opt/yaml_cpp_vendor/lib:/opt/ros/galactic/opt/rviz_ogre_vendor/lib:/opt/ros/galactic/lib/x86_64-linux-gnu:/opt/ros/galactic/lib:/usr/lib/x86_64-linux-gnu/gazebo-11/plugins PYTHONPATH=/home/federico/dev_ws/install/py_pubsub/lib/python3.8/site-packages:/home/federico/dev_ws/install/tutorial_interfaces/lib/python3.8/site-packages:/home/federico/dev_ws/install/py_srvcli/lib/python3.8/site-packages:/home/federico/dev_ws/install/py_pubsub/lib/python3.8/site-packages:/home/federico/dev_ws/install/turtlesim/lib/python3.8/site-packages:/home/federico/dev_ws/install/python_parameters/lib/python3.8/site-packages:/home/federico/dev_ws/install/my_package/lib/python3.8/site-packages:/home/federico/dev_ws/install/more_interfaces/lib/python3.8/site-packages:/opt/ros/galactic/lib/python3.8/site-packages /usr/bin/python3 setup.py egg_info --egg-base ../../build/py_pubsub build --build-base /home/federico/dev_ws/build/py_pubsub/build install --prefix /home/federico/dev_ws/install/py_pubsub --record /home/federico/dev_ws/build/py_pubsub/install.log --single-version-externally-managed
