-- Found DART: /usr/include (Required is at least version "6.6") found components: dart 
-- Found Protobuf: /usr/lib/x86_64-linux-gnu/libprotobuf.so;-lpthread (found version "3.6.1") 
-- Looking for ignition-math6 -- found version 6.10.0
-- Searching for dependencies of ignition-math6
-- Looking for OGRE...
-- Found Ogre Ghadamon (1.9.0)
-- Found OGRE: optimized;/usr/lib/x86_64-linux-gnu/libOgreMain.so;debug;/usr/lib/x86_64-linux-gnu/libOgreMain.so
-- Looking for OGRE_Paging...
-- Found OGRE_Paging: optimized;/usr/lib/x86_64-linux-gnu/libOgrePaging.so;debug;/usr/lib/x86_64-linux-gnu/libOgrePaging.so
-- Looking for OGRE_Terrain...
-- Found OGRE_Terrain: optimized;/usr/lib/x86_64-linux-gnu/libOgreTerrain.so;debug;/usr/lib/x86_64-linux-gnu/libOgreTerrain.so
-- Looking for OGRE_Property...
-- Found OGRE_Property: optimized;/usr/lib/x86_64-linux-gnu/libOgreProperty.so;debug;/usr/lib/x86_64-linux-gnu/libOgreProperty.so
-- Looking for OGRE_RTShaderSystem...
-- Found OGRE_RTShaderSystem: optimized;/usr/lib/x86_64-linux-gnu/libOgreRTShaderSystem.so;debug;/usr/lib/x86_64-linux-gnu/libOgreRTShaderSystem.so
-- Looking for OGRE_Volume...
-- Found OGRE_Volume: optimized;/usr/lib/x86_64-linux-gnu/libOgreVolume.so;debug;/usr/lib/x86_64-linux-gnu/libOgreVolume.so
-- Looking for OGRE_Overlay...
-- Found OGRE_Overlay: optimized;/usr/lib/x86_64-linux-gnu/libOgreOverlay.so;debug;/usr/lib/x86_64-linux-gnu/libOgreOverlay.so
-- Looking for ignition-math6 -- found version 6.10.0
-- Looking for ignition-transport8 -- found version 8.2.1
-- Searching for dependencies of ignition-transport8
-- Found Protobuf: /usr/lib/x86_64-linux-gnu/libprotobuf.so;-lpthread (found suitable version "3.6.1", minimum required is "3") 
-- Config-file not installed for ZeroMQ -- checking for pkg-config
-- Checking for module 'libzmq >= 4'
--   Found libzmq , version 4.3.2
-- Checking for module 'uuid'
--   Found uuid, version 2.34.0
-- Looking for ignition-msgs5 -- found version 5.9.0
-- Searching for dependencies of ignition-msgs5
-- Looking for ignition-math6 -- found version 6.10.0
-- Checking for module 'tinyxml2'
--   Found tinyxml2, version 6.2.0
-- Looking for ignition-msgs5 -- found version 5.9.0
-- Looking for ignition-common3 -- found version 3.14.0
-- Searching for dependencies of ignition-common3
-- Looking for dlfcn.h - found
-- Looking for libdl - found
-- Searching for <ignition-common3> component [graphics]
-- Looking for ignition-common3-graphics -- found version 3.14.0
-- Searching for dependencies of ignition-common3-graphics
-- Looking for ignition-math6 -- found version 6.10.0
-- Looking for ignition-fuel_tools4 -- found version 4.4.0
-- Searching for dependencies of ignition-fuel_tools4
-- Checking for module 'jsoncpp'
--   Found jsoncpp, version 1.7.4
-- Checking for module 'libzip'
--   Found libzip, version 1.5.1
-- Looking for ignition-common3 -- found version 3.14.0
-- Looking for ignition-math6 -- found version 6.10.0
-- Looking for ignition-msgs5 -- found version 5.9.0
-- Found ament_cmake: 1.1.5 (/opt/ros/galactic/share/ament_cmake/cmake)
-- Using PYTHON_EXECUTABLE: /usr/bin/python3
-- Override CMake install command with custom implementation using symlinks instead of copying resources
-- Found ament_lint_auto: 0.10.6 (/opt/ros/galactic/share/ament_lint_auto/cmake)
-- Added test 'copyright' to check source files copyright and LICENSE
-- Added test 'flake8' to check Python code syntax and style conventions
-- Added test 'lint_cmake' to check CMake code style
-- Added test 'pep257' to check Python code against some of the style conventions in PEP 257
-- Added test 'xmllint' to check XML markup files
-- Configuring done
-- Generating done
-- Build files have been written to: /home/federico/dev_ws/build/dolly_gazebo
-- Install configuration: ""
-- Execute custom install script
-- Up-to-date symlink: /home/federico/dev_ws/install/dolly_gazebo/share/dolly_gazebo//launch/dolly.launch.py
-- Up-to-date symlink: /home/federico/dev_ws/install/dolly_gazebo/share/dolly_gazebo//models/casual_female/materials/textures/brown_eye.png
-- Up-to-date symlink: /home/federico/dev_ws/install/dolly_gazebo/share/dolly_gazebo//models/casual_female/materials/textures/casual_female.png
-- Up-to-date symlink: /home/federico/dev_ws/install/dolly_gazebo/share/dolly_gazebo//models/casual_female/materials/textures/eyebrow002.png
-- Up-to-date symlink: /home/federico/dev_ws/install/dolly_gazebo/share/dolly_gazebo//models/casual_female/materials/textures/eyelashes01.png
-- Up-to-date symlink: /home/federico/dev_ws/install/dolly_gazebo/share/dolly_gazebo//models/casual_female/materials/textures/female_casualsuit01_diffuse.png
-- Up-to-date symlink: /home/federico/dev_ws/install/dolly_gazebo/share/dolly_gazebo//models/casual_female/materials/textures/female_casualsuit01_normal.png
-- Up-to-date symlink: /home/federico/dev_ws/install/dolly_gazebo/share/dolly_gazebo//models/casual_female/materials/textures/female_casualsuit02_diffuse.png
-- Up-to-date symlink: /home/federico/dev_ws/install/dolly_gazebo/share/dolly_gazebo//models/casual_female/materials/textures/female_casualsuit02_normal.png
-- Up-to-date symlink: /home/federico/dev_ws/install/dolly_gazebo/share/dolly_gazebo//models/casual_female/materials/textures/ponytail01_diffuse.png
-- Up-to-date symlink: /home/federico/dev_ws/install/dolly_gazebo/share/dolly_gazebo//models/casual_female/materials/textures/shoes05_diffuse.png
-- Up-to-date symlink: /home/federico/dev_ws/install/dolly_gazebo/share/dolly_gazebo//models/casual_female/materials/textures/tongue01_diffuse.png
-- Up-to-date symlink: /home/federico/dev_ws/install/dolly_gazebo/share/dolly_gazebo//models/casual_female/materials/textures/young_lightskinned_female_diffuse.png
-- Up-to-date symlink: /home/federico/dev_ws/install/dolly_gazebo/share/dolly_gazebo//models/casual_female/meshes/casual_female.dae
-- Up-to-date symlink: /home/federico/dev_ws/install/dolly_gazebo/share/dolly_gazebo//models/casual_female/model.config
-- Up-to-date symlink: /home/federico/dev_ws/install/dolly_gazebo/share/dolly_gazebo//models/casual_female/model.sdf
-- Up-to-date symlink: /home/federico/dev_ws/install/dolly_gazebo/share/dolly_gazebo//models/casual_female/thumbnails/1.png
-- Up-to-date symlink: /home/federico/dev_ws/install/dolly_gazebo/share/dolly_gazebo//models/casual_female/thumbnails/2.png
-- Up-to-date symlink: /home/federico/dev_ws/install/dolly_gazebo/share/dolly_gazebo//models/casual_female/thumbnails/3.png
-- Up-to-date symlink: /home/federico/dev_ws/install/dolly_gazebo/share/dolly_gazebo//models/casual_female/thumbnails/4.png
-- Up-to-date symlink: /home/federico/dev_ws/install/dolly_gazebo/share/dolly_gazebo//models/casual_female/thumbnails/5.png
-- Up-to-date symlink: /home/federico/dev_ws/install/dolly_gazebo/share/dolly_gazebo//models/city_terrain/materials/textures/city_terrain (original).jpg
-- Up-to-date symlink: /home/federico/dev_ws/install/dolly_gazebo/share/dolly_gazebo//models/city_terrain/materials/textures/city_terrain.jpg
-- Up-to-date symlink: /home/federico/dev_ws/install/dolly_gazebo/share/dolly_gazebo//models/city_terrain/materials/textures/forest.jpg
-- Up-to-date symlink: /home/federico/dev_ws/install/dolly_gazebo/share/dolly_gazebo//models/city_terrain/model.config
-- Up-to-date symlink: /home/federico/dev_ws/install/dolly_gazebo/share/dolly_gazebo//models/city_terrain/model.sdf
-- Up-to-date symlink: /home/federico/dev_ws/install/dolly_gazebo/share/dolly_gazebo//models/dolly/materials/scripts/script.material
-- Up-to-date symlink: /home/federico/dev_ws/install/dolly_gazebo/share/dolly_gazebo//models/dolly/materials/textures/sheep.jpg
-- Up-to-date symlink: /home/federico/dev_ws/install/dolly_gazebo/share/dolly_gazebo//models/dolly/model.config
-- Up-to-date symlink: /home/federico/dev_ws/install/dolly_gazebo/share/dolly_gazebo//models/dolly/model.sdf
-- Up-to-date symlink: /home/federico/dev_ws/install/dolly_gazebo/share/dolly_gazebo//models/ocean/materials/programs/GLSL/Waves.frag
-- Up-to-date symlink: /home/federico/dev_ws/install/dolly_gazebo/share/dolly_gazebo//models/ocean/materials/programs/GLSL/Waves.vert
-- Up-to-date symlink: /home/federico/dev_ws/install/dolly_gazebo/share/dolly_gazebo//models/ocean/materials/scripts/ocean.material
-- Up-to-date symlink: /home/federico/dev_ws/install/dolly_gazebo/share/dolly_gazebo//models/ocean/materials/textures/License and source soil_sand_0045_01.txt
-- Up-to-date symlink: /home/federico/dev_ws/install/dolly_gazebo/share/dolly_gazebo//models/ocean/materials/textures/clouds.jpg
-- Up-to-date symlink: /home/federico/dev_ws/install/dolly_gazebo/share/dolly_gazebo//models/ocean/materials/textures/clouds_bk.jpg
-- Up-to-date symlink: /home/federico/dev_ws/install/dolly_gazebo/share/dolly_gazebo//models/ocean/materials/textures/clouds_dn.jpg
-- Up-to-date symlink: /home/federico/dev_ws/install/dolly_gazebo/share/dolly_gazebo//models/ocean/materials/textures/clouds_fr.jpg
-- Up-to-date symlink: /home/federico/dev_ws/install/dolly_gazebo/share/dolly_gazebo//models/ocean/materials/textures/clouds_lf.jpg
-- Up-to-date symlink: /home/federico/dev_ws/install/dolly_gazebo/share/dolly_gazebo//models/ocean/materials/textures/clouds_rt.jpg
-- Up-to-date symlink: /home/federico/dev_ws/install/dolly_gazebo/share/dolly_gazebo//models/ocean/materials/textures/clouds_up.jpg
-- Up-to-date symlink: /home/federico/dev_ws/install/dolly_gazebo/share/dolly_gazebo//models/ocean/materials/textures/normals.dds
-- Up-to-date symlink: /home/federico/dev_ws/install/dolly_gazebo/share/dolly_gazebo//models/ocean/materials/textures/soil_sand_0045_01.jpg
-- Up-to-date symlink: /home/federico/dev_ws/install/dolly_gazebo/share/dolly_gazebo//models/ocean/mesh-simple.dae
-- Up-to-date symlink: /home/federico/dev_ws/install/dolly_gazebo/share/dolly_gazebo//models/ocean/mesh.blend
-- Up-to-date symlink: /home/federico/dev_ws/install/dolly_gazebo/share/dolly_gazebo//models/ocean/mesh.dae
-- Up-to-date symlink: /home/federico/dev_ws/install/dolly_gazebo/share/dolly_gazebo//models/ocean/mesh_below.dae
-- Up-to-date symlink: /home/federico/dev_ws/install/dolly_gazebo/share/dolly_gazebo//models/ocean/model.config
-- Up-to-date symlink: /home/federico/dev_ws/install/dolly_gazebo/share/dolly_gazebo//models/ocean/model.sdf
-- Up-to-date symlink: /home/federico/dev_ws/install/dolly_gazebo/share/dolly_gazebo//rviz/dolly_gazebo.rviz
-- Up-to-date symlink: /home/federico/dev_ws/install/dolly_gazebo/share/dolly_gazebo//worlds/dolly_city.world
-- Up-to-date symlink: /home/federico/dev_ws/install/dolly_gazebo/share/dolly_gazebo//worlds/dolly_empty.world
-- Up-to-date symlink: /home/federico/dev_ws/install/dolly_gazebo/share/dolly_gazebo/environment/dolly_gazebo.sh
-- Up-to-date symlink: /home/federico/dev_ws/install/dolly_gazebo/share/dolly_gazebo/environment/dolly_gazebo.dsv
-- Up-to-date symlink: /home/federico/dev_ws/install/dolly_gazebo/share/ament_index/resource_index/package_run_dependencies/dolly_gazebo
-- Up-to-date symlink: /home/federico/dev_ws/install/dolly_gazebo/share/ament_index/resource_index/parent_prefix_path/dolly_gazebo
-- Up-to-date symlink: /home/federico/dev_ws/install/dolly_gazebo/share/dolly_gazebo/environment/ament_prefix_path.sh
-- Up-to-date symlink: /home/federico/dev_ws/install/dolly_gazebo/share/dolly_gazebo/environment/ament_prefix_path.dsv
-- Up-to-date symlink: /home/federico/dev_ws/install/dolly_gazebo/share/dolly_gazebo/environment/path.sh
-- Up-to-date symlink: /home/federico/dev_ws/install/dolly_gazebo/share/dolly_gazebo/environment/path.dsv
-- Up-to-date symlink: /home/federico/dev_ws/install/dolly_gazebo/share/dolly_gazebo/local_setup.bash
-- Up-to-date symlink: /home/federico/dev_ws/install/dolly_gazebo/share/dolly_gazebo/local_setup.sh
-- Up-to-date symlink: /home/federico/dev_ws/install/dolly_gazebo/share/dolly_gazebo/local_setup.zsh
-- Up-to-date symlink: /home/federico/dev_ws/install/dolly_gazebo/share/dolly_gazebo/local_setup.dsv
-- Symlinking: /home/federico/dev_ws/install/dolly_gazebo/share/dolly_gazebo/package.dsv
-- Up-to-date symlink: /home/federico/dev_ws/install/dolly_gazebo/share/ament_index/resource_index/packages/dolly_gazebo
-- Up-to-date symlink: /home/federico/dev_ws/install/dolly_gazebo/share/dolly_gazebo/cmake/dolly_gazeboConfig.cmake
-- Up-to-date symlink: /home/federico/dev_ws/install/dolly_gazebo/share/dolly_gazebo/cmake/dolly_gazeboConfig-version.cmake
-- Up-to-date symlink: /home/federico/dev_ws/install/dolly_gazebo/share/dolly_gazebo/package.xml
