[2.351s] Invoking command in '/home/federico/dev_ws/build/py_srvcli': AMENT_PREFIX_PATH=/home/federico/dev_ws/install/tutorial_interfaces:${AMENT_PREFIX_PATH} CMAKE_PREFIX_PATH=/home/federico/dev_ws/install/tutorial_interfaces LD_LIBRARY_PATH=/home/federico/dev_ws/install/tutorial_interfaces/lib:/usr/lib/x86_64-linux-gnu/gazebo-11/plugins:/opt/ros/galactic/opt/yaml_cpp_vendor/lib:/opt/ros/galactic/opt/rviz_ogre_vendor/lib:/opt/ros/galactic/lib/x86_64-linux-gnu:/opt/ros/galactic/lib:/usr/lib/x86_64-linux-gnu/gazebo-11/plugins PYTHONPATH=/home/federico/dev_ws/install/py_srvcli/lib/python3.8/site-packages:/home/federico/dev_ws/install/tutorial_interfaces/lib/python3.8/site-packages:${PYTHONPATH} /usr/bin/python3 setup.py develop --prefix /home/federico/dev_ws/install/py_srvcli --uninstall --editable --build-directory /home/federico/dev_ws/build/py_srvcli/build
[3.052s] running develop
[3.052s] /home/federico/.local/lib/python3.8/site-packages/setuptools/command/easy_install.py:144: EasyInstallDeprecationWarning: easy_install command is deprecated. Use build and pip and other standards-based tools.
[3.052s]   warnings.warn(
[3.173s] /home/federico/.local/lib/python3.8/site-packages/setuptools/command/install.py:34: SetuptoolsDeprecationWarning: setup.py install is deprecated. Use build and pip and other standards-based tools.
[3.173s]   warnings.warn(
[3.348s] /home/federico/.local/lib/python3.8/site-packages/pkg_resources/__init__.py:123: PkgResourcesDeprecationWarning: 0.1.36ubuntu1 is an invalid version and will not be supported in a future release
[3.348s]   warnings.warn(
[3.348s] /home/federico/.local/lib/python3.8/site-packages/pkg_resources/__init__.py:123: PkgResourcesDeprecationWarning: 0.23ubuntu1 is an invalid version and will not be supported in a future release
[3.348s]   warnings.warn(
[3.475s] Invoked command in '/home/federico/dev_ws/build/py_srvcli' returned '0': AMENT_PREFIX_PATH=/home/federico/dev_ws/install/tutorial_interfaces:${AMENT_PREFIX_PATH} CMAKE_PREFIX_PATH=/home/federico/dev_ws/install/tutorial_interfaces LD_LIBRARY_PATH=/home/federico/dev_ws/install/tutorial_interfaces/lib:/usr/lib/x86_64-linux-gnu/gazebo-11/plugins:/opt/ros/galactic/opt/yaml_cpp_vendor/lib:/opt/ros/galactic/opt/rviz_ogre_vendor/lib:/opt/ros/galactic/lib/x86_64-linux-gnu:/opt/ros/galactic/lib:/usr/lib/x86_64-linux-gnu/gazebo-11/plugins PYTHONPATH=/home/federico/dev_ws/install/py_srvcli/lib/python3.8/site-packages:/home/federico/dev_ws/install/tutorial_interfaces/lib/python3.8/site-packages:${PYTHONPATH} /usr/bin/python3 setup.py develop --prefix /home/federico/dev_ws/install/py_srvcli --uninstall --editable --build-directory /home/federico/dev_ws/build/py_srvcli/build
[3.476s] Invoking command in '/home/federico/dev_ws/src/py_srvcli': AMENT_PREFIX_PATH=/home/federico/dev_ws/install/tutorial_interfaces:${AMENT_PREFIX_PATH} CMAKE_PREFIX_PATH=/home/federico/dev_ws/install/tutorial_interfaces LD_LIBRARY_PATH=/home/federico/dev_ws/install/tutorial_interfaces/lib:/usr/lib/x86_64-linux-gnu/gazebo-11/plugins:/opt/ros/galactic/opt/yaml_cpp_vendor/lib:/opt/ros/galactic/opt/rviz_ogre_vendor/lib:/opt/ros/galactic/lib/x86_64-linux-gnu:/opt/ros/galactic/lib:/usr/lib/x86_64-linux-gnu/gazebo-11/plugins PYTHONPATH=/home/federico/dev_ws/install/py_srvcli/lib/python3.8/site-packages:/home/federico/dev_ws/install/tutorial_interfaces/lib/python3.8/site-packages:${PYTHONPATH} /usr/bin/python3 setup.py egg_info --egg-base ../../build/py_srvcli build --build-base /home/federico/dev_ws/build/py_srvcli/build install --prefix /home/federico/dev_ws/install/py_srvcli --record /home/federico/dev_ws/build/py_srvcli/install.log --single-version-externally-managed
[4.220s] running egg_info
[4.274s] writing ../../build/py_srvcli/py_srvcli.egg-info/PKG-INFO
[4.327s] writing dependency_links to ../../build/py_srvcli/py_srvcli.egg-info/dependency_links.txt
[4.453s] writing entry points to ../../build/py_srvcli/py_srvcli.egg-info/entry_points.txt
[4.537s] writing requirements to ../../build/py_srvcli/py_srvcli.egg-info/requires.txt
[4.586s] writing top-level names to ../../build/py_srvcli/py_srvcli.egg-info/top_level.txt
[4.654s] reading manifest file '../../build/py_srvcli/py_srvcli.egg-info/SOURCES.txt'
[4.655s] writing manifest file '../../build/py_srvcli/py_srvcli.egg-info/SOURCES.txt'
[4.655s] running build
[4.655s] running build_py
[4.656s] running install
[4.656s] /home/federico/.local/lib/python3.8/site-packages/setuptools/command/install.py:34: SetuptoolsDeprecationWarning: setup.py install is deprecated. Use build and pip and other standards-based tools.
[4.656s]   warnings.warn(
[4.660s] running install_lib
[4.714s] running install_data
[4.726s] running install_egg_info
[4.780s] removing '/home/federico/dev_ws/install/py_srvcli/lib/python3.8/site-packages/py_srvcli-0.0.0-py3.8.egg-info' (and everything under it)
[4.780s] Copying ../../build/py_srvcli/py_srvcli.egg-info to /home/federico/dev_ws/install/py_srvcli/lib/python3.8/site-packages/py_srvcli-0.0.0-py3.8.egg-info
[4.781s] running install_scripts
[4.883s] Installing client script to /home/federico/dev_ws/install/py_srvcli/lib/py_srvcli
[4.884s] Installing service script to /home/federico/dev_ws/install/py_srvcli/lib/py_srvcli
[4.884s] writing list of installed files to '/home/federico/dev_ws/build/py_srvcli/install.log'
[4.910s] Invoked command in '/home/federico/dev_ws/src/py_srvcli' returned '0': AMENT_PREFIX_PATH=/home/federico/dev_ws/install/tutorial_interfaces:${AMENT_PREFIX_PATH} CMAKE_PREFIX_PATH=/home/federico/dev_ws/install/tutorial_interfaces LD_LIBRARY_PATH=/home/federico/dev_ws/install/tutorial_interfaces/lib:/usr/lib/x86_64-linux-gnu/gazebo-11/plugins:/opt/ros/galactic/opt/yaml_cpp_vendor/lib:/opt/ros/galactic/opt/rviz_ogre_vendor/lib:/opt/ros/galactic/lib/x86_64-linux-gnu:/opt/ros/galactic/lib:/usr/lib/x86_64-linux-gnu/gazebo-11/plugins PYTHONPATH=/home/federico/dev_ws/install/py_srvcli/lib/python3.8/site-packages:/home/federico/dev_ws/install/tutorial_interfaces/lib/python3.8/site-packages:${PYTHONPATH} /usr/bin/python3 setup.py egg_info --egg-base ../../build/py_srvcli build --build-base /home/federico/dev_ws/build/py_srvcli/build install --prefix /home/federico/dev_ws/install/py_srvcli --record /home/federico/dev_ws/build/py_srvcli/install.log --single-version-externally-managed
