[2.398s] Invoking command in '/home/federico/dev_ws/build/my_package': PYTHONPATH=/home/federico/dev_ws/install/my_package/lib/python3.8/site-packages:${PYTHONPATH} /usr/bin/python3 setup.py develop --prefix /home/federico/dev_ws/install/my_package --editable --build-directory /home/federico/dev_ws/build/my_package/build --no-deps install_data --install-dir /home/federico/dev_ws/install/my_package
[3.406s] running develop
[3.407s] /home/federico/.local/lib/python3.8/site-packages/setuptools/command/easy_install.py:144: EasyInstallDeprecationWarning: easy_install command is deprecated. Use build and pip and other standards-based tools.
[3.407s]   warnings.warn(
[3.572s] /home/federico/.local/lib/python3.8/site-packages/setuptools/command/install.py:34: SetuptoolsDeprecationWarning: setup.py install is deprecated. Use build and pip and other standards-based tools.
[3.572s]   warnings.warn(
[3.832s] /home/federico/.local/lib/python3.8/site-packages/pkg_resources/__init__.py:123: PkgResourcesDeprecationWarning: 0.1.36ubuntu1 is an invalid version and will not be supported in a future release
[3.832s]   warnings.warn(
[3.832s] /home/federico/.local/lib/python3.8/site-packages/pkg_resources/__init__.py:123: PkgResourcesDeprecationWarning: 0.23ubuntu1 is an invalid version and will not be supported in a future release
[3.832s]   warnings.warn(
[3.944s] running egg_info
[4.042s] writing my_package.egg-info/PKG-INFO
[4.111s] writing dependency_links to my_package.egg-info/dependency_links.txt
[4.312s] writing entry points to my_package.egg-info/entry_points.txt
[4.448s] writing requirements to my_package.egg-info/requires.txt
[4.513s] writing top-level names to my_package.egg-info/top_level.txt
[4.614s] reading manifest file 'my_package.egg-info/SOURCES.txt'
[4.615s] writing manifest file 'my_package.egg-info/SOURCES.txt'
[4.751s] running build_ext
[4.751s] Creating /home/federico/dev_ws/install/my_package/lib/python3.8/site-packages/my-package.egg-link (link to .)
[4.752s] Installing reading_laser script to /home/federico/dev_ws/install/my_package/lib/my_package
[4.753s] 
[4.753s] Installed /home/federico/dev_ws/build/my_package
[4.753s] running install_data
[4.837s] Invoked command in '/home/federico/dev_ws/build/my_package' returned '0': PYTHONPATH=/home/federico/dev_ws/install/my_package/lib/python3.8/site-packages:${PYTHONPATH} /usr/bin/python3 setup.py develop --prefix /home/federico/dev_ws/install/my_package --editable --build-directory /home/federico/dev_ws/build/my_package/build --no-deps install_data --install-dir /home/federico/dev_ws/install/my_package
