[2.495s] Invoking command in '/home/federico/dev_ws/build/py_srvcli': LD_LIBRARY_PATH=/home/federico/dev_ws/install/tutorial_interfaces/lib:/home/federico/dev_ws/install/turtlesim/lib:/home/federico/dev_ws/install/more_interfaces/lib:/usr/lib/x86_64-linux-gnu/gazebo-11/plugins:/opt/ros/galactic/opt/yaml_cpp_vendor/lib:/opt/ros/galactic/opt/rviz_ogre_vendor/lib:/opt/ros/galactic/lib/x86_64-linux-gnu:/opt/ros/galactic/lib:/usr/lib/x86_64-linux-gnu/gazebo-11/plugins PYTHONPATH=/home/federico/dev_ws/install/py_srvcli/lib/python3.8/site-packages:/home/federico/dev_ws/install/tutorial_interfaces/lib/python3.8/site-packages:/home/federico/dev_ws/install/py_srvcli/lib/python3.8/site-packages:/home/federico/dev_ws/install/py_pubsub/lib/python3.8/site-packages:/home/federico/dev_ws/install/turtlesim/lib/python3.8/site-packages:/home/federico/dev_ws/install/python_parameters/lib/python3.8/site-packages:/home/federico/dev_ws/install/my_package/lib/python3.8/site-packages:/home/federico/dev_ws/install/more_interfaces/lib/python3.8/site-packages:/opt/ros/galactic/lib/python3.8/site-packages /usr/bin/python3 setup.py develop --prefix /home/federico/dev_ws/install/py_srvcli --uninstall --editable --build-directory /home/federico/dev_ws/build/py_srvcli/build
[3.211s] running develop
[3.212s] /home/federico/.local/lib/python3.8/site-packages/setuptools/command/easy_install.py:144: EasyInstallDeprecationWarning: easy_install command is deprecated. Use build and pip and other standards-based tools.
[3.212s]   warnings.warn(
[3.335s] /home/federico/.local/lib/python3.8/site-packages/setuptools/command/install.py:34: SetuptoolsDeprecationWarning: setup.py install is deprecated. Use build and pip and other standards-based tools.
[3.335s]   warnings.warn(
[3.515s] /home/federico/.local/lib/python3.8/site-packages/pkg_resources/__init__.py:123: PkgResourcesDeprecationWarning: 0.1.36ubuntu1 is an invalid version and will not be supported in a future release
[3.515s]   warnings.warn(
[3.515s] /home/federico/.local/lib/python3.8/site-packages/pkg_resources/__init__.py:123: PkgResourcesDeprecationWarning: 0.23ubuntu1 is an invalid version and will not be supported in a future release
[3.515s]   warnings.warn(
[3.651s] Invoked command in '/home/federico/dev_ws/build/py_srvcli' returned '0': LD_LIBRARY_PATH=/home/federico/dev_ws/install/tutorial_interfaces/lib:/home/federico/dev_ws/install/turtlesim/lib:/home/federico/dev_ws/install/more_interfaces/lib:/usr/lib/x86_64-linux-gnu/gazebo-11/plugins:/opt/ros/galactic/opt/yaml_cpp_vendor/lib:/opt/ros/galactic/opt/rviz_ogre_vendor/lib:/opt/ros/galactic/lib/x86_64-linux-gnu:/opt/ros/galactic/lib:/usr/lib/x86_64-linux-gnu/gazebo-11/plugins PYTHONPATH=/home/federico/dev_ws/install/py_srvcli/lib/python3.8/site-packages:/home/federico/dev_ws/install/tutorial_interfaces/lib/python3.8/site-packages:/home/federico/dev_ws/install/py_srvcli/lib/python3.8/site-packages:/home/federico/dev_ws/install/py_pubsub/lib/python3.8/site-packages:/home/federico/dev_ws/install/turtlesim/lib/python3.8/site-packages:/home/federico/dev_ws/install/python_parameters/lib/python3.8/site-packages:/home/federico/dev_ws/install/my_package/lib/python3.8/site-packages:/home/federico/dev_ws/install/more_interfaces/lib/python3.8/site-packages:/opt/ros/galactic/lib/python3.8/site-packages /usr/bin/python3 setup.py develop --prefix /home/federico/dev_ws/install/py_srvcli --uninstall --editable --build-directory /home/federico/dev_ws/build/py_srvcli/build
[3.654s] Invoking command in '/home/federico/dev_ws/src/py_srvcli': LD_LIBRARY_PATH=/home/federico/dev_ws/install/tutorial_interfaces/lib:/home/federico/dev_ws/install/turtlesim/lib:/home/federico/dev_ws/install/more_interfaces/lib:/usr/lib/x86_64-linux-gnu/gazebo-11/plugins:/opt/ros/galactic/opt/yaml_cpp_vendor/lib:/opt/ros/galactic/opt/rviz_ogre_vendor/lib:/opt/ros/galactic/lib/x86_64-linux-gnu:/opt/ros/galactic/lib:/usr/lib/x86_64-linux-gnu/gazebo-11/plugins PYTHONPATH=/home/federico/dev_ws/install/py_srvcli/lib/python3.8/site-packages:/home/federico/dev_ws/install/tutorial_interfaces/lib/python3.8/site-packages:/home/federico/dev_ws/install/py_srvcli/lib/python3.8/site-packages:/home/federico/dev_ws/install/py_pubsub/lib/python3.8/site-packages:/home/federico/dev_ws/install/turtlesim/lib/python3.8/site-packages:/home/federico/dev_ws/install/python_parameters/lib/python3.8/site-packages:/home/federico/dev_ws/install/my_package/lib/python3.8/site-packages:/home/federico/dev_ws/install/more_interfaces/lib/python3.8/site-packages:/opt/ros/galactic/lib/python3.8/site-packages /usr/bin/python3 setup.py egg_info --egg-base ../../build/py_srvcli build --build-base /home/federico/dev_ws/build/py_srvcli/build install --prefix /home/federico/dev_ws/install/py_srvcli --record /home/federico/dev_ws/build/py_srvcli/install.log --single-version-externally-managed
[4.467s] running egg_info
[4.523s] writing ../../build/py_srvcli/py_srvcli.egg-info/PKG-INFO
[4.567s] writing dependency_links to ../../build/py_srvcli/py_srvcli.egg-info/dependency_links.txt
[4.702s] writing entry points to ../../build/py_srvcli/py_srvcli.egg-info/entry_points.txt
[4.792s] writing requirements to ../../build/py_srvcli/py_srvcli.egg-info/requires.txt
[4.845s] writing top-level names to ../../build/py_srvcli/py_srvcli.egg-info/top_level.txt
[4.918s] reading manifest file '../../build/py_srvcli/py_srvcli.egg-info/SOURCES.txt'
[4.919s] writing manifest file '../../build/py_srvcli/py_srvcli.egg-info/SOURCES.txt'
[4.919s] running build
[4.919s] running build_py
[4.919s] running install
[4.920s] /home/federico/.local/lib/python3.8/site-packages/setuptools/command/install.py:34: SetuptoolsDeprecationWarning: setup.py install is deprecated. Use build and pip and other standards-based tools.
[4.920s]   warnings.warn(
[4.925s] running install_lib
[4.984s] running install_data
[4.996s] running install_egg_info
[5.053s] removing '/home/federico/dev_ws/install/py_srvcli/lib/python3.8/site-packages/py_srvcli-0.0.0-py3.8.egg-info' (and everything under it)
[5.053s] Copying ../../build/py_srvcli/py_srvcli.egg-info to /home/federico/dev_ws/install/py_srvcli/lib/python3.8/site-packages/py_srvcli-0.0.0-py3.8.egg-info
[5.054s] running install_scripts
[5.163s] Installing client script to /home/federico/dev_ws/install/py_srvcli/lib/py_srvcli
[5.163s] Installing service script to /home/federico/dev_ws/install/py_srvcli/lib/py_srvcli
[5.163s] writing list of installed files to '/home/federico/dev_ws/build/py_srvcli/install.log'
[5.191s] Invoked command in '/home/federico/dev_ws/src/py_srvcli' returned '0': LD_LIBRARY_PATH=/home/federico/dev_ws/install/tutorial_interfaces/lib:/home/federico/dev_ws/install/turtlesim/lib:/home/federico/dev_ws/install/more_interfaces/lib:/usr/lib/x86_64-linux-gnu/gazebo-11/plugins:/opt/ros/galactic/opt/yaml_cpp_vendor/lib:/opt/ros/galactic/opt/rviz_ogre_vendor/lib:/opt/ros/galactic/lib/x86_64-linux-gnu:/opt/ros/galactic/lib:/usr/lib/x86_64-linux-gnu/gazebo-11/plugins PYTHONPATH=/home/federico/dev_ws/install/py_srvcli/lib/python3.8/site-packages:/home/federico/dev_ws/install/tutorial_interfaces/lib/python3.8/site-packages:/home/federico/dev_ws/install/py_srvcli/lib/python3.8/site-packages:/home/federico/dev_ws/install/py_pubsub/lib/python3.8/site-packages:/home/federico/dev_ws/install/turtlesim/lib/python3.8/site-packages:/home/federico/dev_ws/install/python_parameters/lib/python3.8/site-packages:/home/federico/dev_ws/install/my_package/lib/python3.8/site-packages:/home/federico/dev_ws/install/more_interfaces/lib/python3.8/site-packages:/opt/ros/galactic/lib/python3.8/site-packages /usr/bin/python3 setup.py egg_info --egg-base ../../build/py_srvcli build --build-base /home/federico/dev_ws/build/py_srvcli/build install --prefix /home/federico/dev_ws/install/py_srvcli --record /home/federico/dev_ws/build/py_srvcli/install.log --single-version-externally-managed
