[2.494s] Invoking command in '/home/federico/dev_ws/build/py_pubsub': LD_LIBRARY_PATH=/home/federico/dev_ws/install/tutorial_interfaces/lib:/home/federico/dev_ws/install/turtlesim/lib:/home/federico/dev_ws/install/more_interfaces/lib:/usr/lib/x86_64-linux-gnu/gazebo-11/plugins:/opt/ros/galactic/opt/yaml_cpp_vendor/lib:/opt/ros/galactic/opt/rviz_ogre_vendor/lib:/opt/ros/galactic/lib/x86_64-linux-gnu:/opt/ros/galactic/lib:/usr/lib/x86_64-linux-gnu/gazebo-11/plugins PYTHONPATH=/home/federico/dev_ws/install/py_pubsub/lib/python3.8/site-packages:/home/federico/dev_ws/install/tutorial_interfaces/lib/python3.8/site-packages:/home/federico/dev_ws/install/py_srvcli/lib/python3.8/site-packages:/home/federico/dev_ws/install/py_pubsub/lib/python3.8/site-packages:/home/federico/dev_ws/install/turtlesim/lib/python3.8/site-packages:/home/federico/dev_ws/install/python_parameters/lib/python3.8/site-packages:/home/federico/dev_ws/install/my_package/lib/python3.8/site-packages:/home/federico/dev_ws/install/more_interfaces/lib/python3.8/site-packages:/opt/ros/galactic/lib/python3.8/site-packages /usr/bin/python3 setup.py develop --prefix /home/federico/dev_ws/install/py_pubsub --uninstall --editable --build-directory /home/federico/dev_ws/build/py_pubsub/build
[2.733s] /home/federico/.local/lib/python3.8/site-packages/setuptools/dist.py:757: UserWarning: Usage of dash-separated 'script-dir' will not be supported in future versions. Please use the underscore name 'script_dir' instead
[2.734s]   warnings.warn(
[2.734s] /home/federico/.local/lib/python3.8/site-packages/setuptools/dist.py:757: UserWarning: Usage of dash-separated 'install-scripts' will not be supported in future versions. Please use the underscore name 'install_scripts' instead
[2.734s]   warnings.warn(
[3.211s] running develop
[3.211s] /home/federico/.local/lib/python3.8/site-packages/setuptools/command/easy_install.py:144: EasyInstallDeprecationWarning: easy_install command is deprecated. Use build and pip and other standards-based tools.
[3.211s]   warnings.warn(
[3.334s] /home/federico/.local/lib/python3.8/site-packages/setuptools/command/install.py:34: SetuptoolsDeprecationWarning: setup.py install is deprecated. Use build and pip and other standards-based tools.
[3.334s]   warnings.warn(
[3.511s] /home/federico/.local/lib/python3.8/site-packages/pkg_resources/__init__.py:123: PkgResourcesDeprecationWarning: 0.1.36ubuntu1 is an invalid version and will not be supported in a future release
[3.511s]   warnings.warn(
[3.511s] /home/federico/.local/lib/python3.8/site-packages/pkg_resources/__init__.py:123: PkgResourcesDeprecationWarning: 0.23ubuntu1 is an invalid version and will not be supported in a future release
[3.511s]   warnings.warn(
[3.646s] Invoked command in '/home/federico/dev_ws/build/py_pubsub' returned '0': LD_LIBRARY_PATH=/home/federico/dev_ws/install/tutorial_interfaces/lib:/home/federico/dev_ws/install/turtlesim/lib:/home/federico/dev_ws/install/more_interfaces/lib:/usr/lib/x86_64-linux-gnu/gazebo-11/plugins:/opt/ros/galactic/opt/yaml_cpp_vendor/lib:/opt/ros/galactic/opt/rviz_ogre_vendor/lib:/opt/ros/galactic/lib/x86_64-linux-gnu:/opt/ros/galactic/lib:/usr/lib/x86_64-linux-gnu/gazebo-11/plugins PYTHONPATH=/home/federico/dev_ws/install/py_pubsub/lib/python3.8/site-packages:/home/federico/dev_ws/install/tutorial_interfaces/lib/python3.8/site-packages:/home/federico/dev_ws/install/py_srvcli/lib/python3.8/site-packages:/home/federico/dev_ws/install/py_pubsub/lib/python3.8/site-packages:/home/federico/dev_ws/install/turtlesim/lib/python3.8/site-packages:/home/federico/dev_ws/install/python_parameters/lib/python3.8/site-packages:/home/federico/dev_ws/install/my_package/lib/python3.8/site-packages:/home/federico/dev_ws/install/more_interfaces/lib/python3.8/site-packages:/opt/ros/galactic/lib/python3.8/site-packages /usr/bin/python3 setup.py develop --prefix /home/federico/dev_ws/install/py_pubsub --uninstall --editable --build-directory /home/federico/dev_ws/build/py_pubsub/build
[3.649s] Invoking command in '/home/federico/dev_ws/src/py_pubsub': LD_LIBRARY_PATH=/home/federico/dev_ws/install/tutorial_interfaces/lib:/home/federico/dev_ws/install/turtlesim/lib:/home/federico/dev_ws/install/more_interfaces/lib:/usr/lib/x86_64-linux-gnu/gazebo-11/plugins:/opt/ros/galactic/opt/yaml_cpp_vendor/lib:/opt/ros/galactic/opt/rviz_ogre_vendor/lib:/opt/ros/galactic/lib/x86_64-linux-gnu:/opt/ros/galactic/lib:/usr/lib/x86_64-linux-gnu/gazebo-11/plugins PYTHONPATH=/home/federico/dev_ws/install/py_pubsub/lib/python3.8/site-packages:/home/federico/dev_ws/install/tutorial_interfaces/lib/python3.8/site-packages:/home/federico/dev_ws/install/py_srvcli/lib/python3.8/site-packages:/home/federico/dev_ws/install/py_pubsub/lib/python3.8/site-packages:/home/federico/dev_ws/install/turtlesim/lib/python3.8/site-packages:/home/federico/dev_ws/install/python_parameters/lib/python3.8/site-packages:/home/federico/dev_ws/install/my_package/lib/python3.8/site-packages:/home/federico/dev_ws/install/more_interfaces/lib/python3.8/site-packages:/opt/ros/galactic/lib/python3.8/site-packages /usr/bin/python3 setup.py egg_info --egg-base ../../build/py_pubsub build --build-base /home/federico/dev_ws/build/py_pubsub/build install --prefix /home/federico/dev_ws/install/py_pubsub --record /home/federico/dev_ws/build/py_pubsub/install.log --single-version-externally-managed
[3.886s] /home/federico/.local/lib/python3.8/site-packages/setuptools/dist.py:757: UserWarning: Usage of dash-separated 'script-dir' will not be supported in future versions. Please use the underscore name 'script_dir' instead
[3.886s]   warnings.warn(
[3.886s] /home/federico/.local/lib/python3.8/site-packages/setuptools/dist.py:757: UserWarning: Usage of dash-separated 'install-scripts' will not be supported in future versions. Please use the underscore name 'install_scripts' instead
[3.886s]   warnings.warn(
[4.452s] running egg_info
[4.508s] writing ../../build/py_pubsub/py_pubsub.egg-info/PKG-INFO
[4.551s] writing dependency_links to ../../build/py_pubsub/py_pubsub.egg-info/dependency_links.txt
[4.681s] writing entry points to ../../build/py_pubsub/py_pubsub.egg-info/entry_points.txt
[4.769s] writing requirements to ../../build/py_pubsub/py_pubsub.egg-info/requires.txt
[4.820s] writing top-level names to ../../build/py_pubsub/py_pubsub.egg-info/top_level.txt
[4.890s] reading manifest file '../../build/py_pubsub/py_pubsub.egg-info/SOURCES.txt'
[4.891s] writing manifest file '../../build/py_pubsub/py_pubsub.egg-info/SOURCES.txt'
[4.891s] running build
[4.891s] running build_py
[4.891s] running install
[4.892s] /home/federico/.local/lib/python3.8/site-packages/setuptools/command/install.py:34: SetuptoolsDeprecationWarning: setup.py install is deprecated. Use build and pip and other standards-based tools.
[4.892s]   warnings.warn(
[4.897s] running install_lib
[4.954s] running install_data
[4.966s] running install_egg_info
[5.022s] removing '/home/federico/dev_ws/install/py_pubsub/lib/python3.8/site-packages/py_pubsub-0.0.0-py3.8.egg-info' (and everything under it)
[5.022s] Copying ../../build/py_pubsub/py_pubsub.egg-info to /home/federico/dev_ws/install/py_pubsub/lib/python3.8/site-packages/py_pubsub-0.0.0-py3.8.egg-info
[5.023s] running install_scripts
[5.127s] Installing listener script to /home/federico/dev_ws/install/py_pubsub/lib/py_pubsub
[5.127s] Installing talker script to /home/federico/dev_ws/install/py_pubsub/lib/py_pubsub
[5.127s] writing list of installed files to '/home/federico/dev_ws/build/py_pubsub/install.log'
[5.162s] Invoked command in '/home/federico/dev_ws/src/py_pubsub' returned '0': LD_LIBRARY_PATH=/home/federico/dev_ws/install/tutorial_interfaces/lib:/home/federico/dev_ws/install/turtlesim/lib:/home/federico/dev_ws/install/more_interfaces/lib:/usr/lib/x86_64-linux-gnu/gazebo-11/plugins:/opt/ros/galactic/opt/yaml_cpp_vendor/lib:/opt/ros/galactic/opt/rviz_ogre_vendor/lib:/opt/ros/galactic/lib/x86_64-linux-gnu:/opt/ros/galactic/lib:/usr/lib/x86_64-linux-gnu/gazebo-11/plugins PYTHONPATH=/home/federico/dev_ws/install/py_pubsub/lib/python3.8/site-packages:/home/federico/dev_ws/install/tutorial_interfaces/lib/python3.8/site-packages:/home/federico/dev_ws/install/py_srvcli/lib/python3.8/site-packages:/home/federico/dev_ws/install/py_pubsub/lib/python3.8/site-packages:/home/federico/dev_ws/install/turtlesim/lib/python3.8/site-packages:/home/federico/dev_ws/install/python_parameters/lib/python3.8/site-packages:/home/federico/dev_ws/install/my_package/lib/python3.8/site-packages:/home/federico/dev_ws/install/more_interfaces/lib/python3.8/site-packages:/opt/ros/galactic/lib/python3.8/site-packages /usr/bin/python3 setup.py egg_info --egg-base ../../build/py_pubsub build --build-base /home/federico/dev_ws/build/py_pubsub/build install --prefix /home/federico/dev_ws/install/py_pubsub --record /home/federico/dev_ws/build/py_pubsub/install.log --single-version-externally-managed
