[0.018s] Invoking command in '/home/federico/dev_ws/build/more_interfaces': CMAKE_PREFIX_PATH=${CMAKE_PREFIX_PATH}:/home/federico/dev_ws/install/py_srvcli:/home/federico/dev_ws/install/py_pubsub:/home/federico/dev_ws/install/my_package:/opt/ros/galactic /usr/bin/cmake /home/federico/dev_ws/src/more_interfaces -DCMAKE_INSTALL_PREFIX=/home/federico/dev_ws/install/more_interfaces
[0.107s] -- The C compiler identification is GNU 9.4.0
[0.190s] -- The CXX compiler identification is GNU 9.4.0
[0.197s] -- Check for working C compiler: /usr/bin/cc
[0.295s] -- Check for working C compiler: /usr/bin/cc -- works
[0.297s] -- Detecting C compiler ABI info
[0.395s] -- Detecting C compiler ABI info - done
[0.413s] -- Detecting C compile features
[0.414s] -- Detecting C compile features - done
[0.418s] -- Check for working CXX compiler: /usr/bin/c++
[0.532s] -- Check for working CXX compiler: /usr/bin/c++ -- works
[0.533s] -- Detecting CXX compiler ABI info
[0.645s] -- Detecting CXX compiler ABI info - done
[0.663s] -- Detecting CXX compile features
[0.664s] -- Detecting CXX compile features - done
[0.667s] -- Found ament_cmake: 1.1.5 (/opt/ros/galactic/share/ament_cmake/cmake)
[0.706s] -- Found PythonInterp: /usr/bin/python3 (found suitable version "3.8.10", minimum required is "3") 
[0.706s] -- Using PYTHON_EXECUTABLE: /usr/bin/python3
[0.835s] -- Found rosidl_default_generators: 1.1.1 (/opt/ros/galactic/share/rosidl_default_generators/cmake)
[0.841s] -- Using all available rosidl_typesupport_c: rosidl_typesupport_fastrtps_c;rosidl_typesupport_introspection_c
[0.852s] -- Found rosidl_adapter: 2.2.1 (/opt/ros/galactic/share/rosidl_adapter/cmake)
[0.999s] -- Found OpenSSL: /usr/lib/x86_64-linux-gnu/libcrypto.so (found version "1.1.1f")  
[1.043s] -- Found FastRTPS: /opt/ros/galactic/include  
[1.168s] -- Using all available rosidl_typesupport_cpp: rosidl_typesupport_fastrtps_cpp;rosidl_typesupport_introspection_cpp
[1.212s] -- Found rclcpp: 9.2.0 (/opt/ros/galactic/share/rclcpp/cmake)
[1.322s] -- Found rmw_implementation_cmake: 3.3.1 (/opt/ros/galactic/share/rmw_implementation_cmake/cmake)
[1.327s] -- Found rmw_cyclonedds_cpp: 0.22.4 (/opt/ros/galactic/share/rmw_cyclonedds_cpp/cmake)
[1.359s] -- Using RMW implementation 'rmw_cyclonedds_cpp' as default
[1.361s] -- Looking for pthread.h
[1.463s] -- Looking for pthread.h - found
[1.463s] -- Performing Test CMAKE_HAVE_LIBC_PTHREAD
[1.568s] -- Performing Test CMAKE_HAVE_LIBC_PTHREAD - Failed
[1.568s] -- Looking for pthread_create in pthreads
[1.658s] -- Looking for pthread_create in pthreads - not found
[1.658s] -- Looking for pthread_create in pthread
[1.758s] -- Looking for pthread_create in pthread - found
[1.759s] -- Found Threads: TRUE  
[2.027s] -- Found PythonInterp: /usr/bin/python3 (found version "3.8.10") 
[2.215s] -- Found ament_cmake_ros: 0.9.2 (/opt/ros/galactic/share/ament_cmake_ros/cmake)
[2.376s] -- Using all available rosidl_typesupport_c: rosidl_typesupport_fastrtps_c;rosidl_typesupport_introspection_c
[2.394s] -- Using all available rosidl_typesupport_cpp: rosidl_typesupport_fastrtps_cpp;rosidl_typesupport_introspection_cpp
[2.433s] -- Found PythonInterp: /usr/bin/python3 (found suitable version "3.8.10", minimum required is "3.5") 
[2.436s] -- Found python_cmake_module: 0.8.1 (/opt/ros/galactic/share/python_cmake_module/cmake)
[2.478s] -- Found PythonLibs: /usr/lib/x86_64-linux-gnu/libpython3.8.so (found suitable version "3.8.10", minimum required is "3.5") 
[2.479s] -- Using PYTHON_EXECUTABLE: /usr/bin/python3
[2.479s] -- Using PYTHON_INCLUDE_DIRS: /usr/include/python3.8
[2.479s] -- Using PYTHON_LIBRARIES: /usr/lib/x86_64-linux-gnu/libpython3.8.so
[2.513s] -- Found PythonExtra: .so  
[2.947s] -- Found ament_lint_auto: 0.10.6 (/opt/ros/galactic/share/ament_lint_auto/cmake)
[2.981s] -- Added test 'copyright' to check source files copyright and LICENSE
[2.982s] -- Added test 'cppcheck' to perform static code analysis on C / C++ code
[2.984s] -- Configured cppcheck include dirs: 
[2.984s] -- Configured cppcheck exclude dirs and/or files: 
[2.985s] -- Added test 'cpplint' to check C / C++ code against the Google style
[2.985s] -- Configured cpplint exclude dirs and/or files: 
[2.986s] -- Added test 'lint_cmake' to check CMake code style
[2.988s] -- Added test 'uncrustify' to check C / C++ code style
[2.988s] -- Configured uncrustify additional arguments: 
[2.989s] -- Added test 'xmllint' to check XML markup files
[2.997s] -- Configuring done
[3.049s] -- Generating done
[3.054s] -- Build files have been written to: /home/federico/dev_ws/build/more_interfaces
[3.065s] Invoked command in '/home/federico/dev_ws/build/more_interfaces' returned '0': CMAKE_PREFIX_PATH=${CMAKE_PREFIX_PATH}:/home/federico/dev_ws/install/py_srvcli:/home/federico/dev_ws/install/py_pubsub:/home/federico/dev_ws/install/my_package:/opt/ros/galactic /usr/bin/cmake /home/federico/dev_ws/src/more_interfaces -DCMAKE_INSTALL_PREFIX=/home/federico/dev_ws/install/more_interfaces
[3.067s] Invoking command in '/home/federico/dev_ws/build/more_interfaces': CMAKE_PREFIX_PATH=${CMAKE_PREFIX_PATH}:/home/federico/dev_ws/install/py_srvcli:/home/federico/dev_ws/install/py_pubsub:/home/federico/dev_ws/install/my_package:/opt/ros/galactic /usr/bin/cmake --build /home/federico/dev_ws/build/more_interfaces -- -j12 -l12
[3.130s] [  3%] [34m[1mGenerating C code for ROS interfaces[0m
[3.130s] [35m[1mScanning dependencies of target more_interfaces__cpp[0m
[3.145s] [  6%] [34m[1mGenerating C++ code for ROS interfaces[0m
[3.502s] [  6%] Built target more_interfaces__cpp
[3.522s] [35m[1mScanning dependencies of target more_interfaces__rosidl_generator_c[0m
[3.525s] [ 12%] [34m[1mGenerating C++ introspection for ROS interfaces[0m
[3.525s] [ 15%] [34m[1mGenerating C++ type support for eProsima Fast-RTPS[0m
[3.525s] [ 15%] [34m[1mGenerating C++ type support dispatch for ROS interfaces[0m
[3.546s] [ 18%] [32mBuilding C object CMakeFiles/more_interfaces__rosidl_generator_c.dir/rosidl_generator_c/more_interfaces/msg/detail/address_book__functions.c.o[0m
[3.620s] [ 21%] [32m[1mLinking C shared library libmore_interfaces__rosidl_generator_c.so[0m
[3.671s] [ 21%] Built target more_interfaces__rosidl_generator_c
[3.686s] [ 27%] [34m[1mGenerating C type support dispatch for ROS interfaces[0m
[3.686s] [ 27%] [34m[1mGenerating C introspection for ROS interfaces[0m
[3.846s] [35m[1mScanning dependencies of target more_interfaces__rosidl_typesupport_cpp[0m
[3.866s] [ 30%] [32mBuilding CXX object CMakeFiles/more_interfaces__rosidl_typesupport_cpp.dir/rosidl_typesupport_cpp/more_interfaces/msg/address_book__type_support.cpp.o[0m
[3.895s] [35m[1mScanning dependencies of target more_interfaces__rosidl_typesupport_fastrtps_cpp[0m
[3.896s] [35m[1mScanning dependencies of target more_interfaces__rosidl_typesupport_introspection_cpp[0m
[3.914s] [ 33%] [32mBuilding CXX object CMakeFiles/more_interfaces__rosidl_typesupport_introspection_cpp.dir/rosidl_typesupport_introspection_cpp/more_interfaces/msg/detail/address_book__type_support.cpp.o[0m
[3.921s] [ 36%] [32mBuilding CXX object CMakeFiles/more_interfaces__rosidl_typesupport_fastrtps_cpp.dir/rosidl_typesupport_fastrtps_cpp/more_interfaces/msg/detail/dds_fastrtps/address_book__type_support.cpp.o[0m
[4.036s] [35m[1mScanning dependencies of target more_interfaces__rosidl_typesupport_c[0m
[4.053s] [ 39%] [32mBuilding CXX object CMakeFiles/more_interfaces__rosidl_typesupport_c.dir/rosidl_typesupport_c/more_interfaces/msg/address_book__type_support.cpp.o[0m
[4.054s] [35m[1mScanning dependencies of target more_interfaces__rosidl_typesupport_introspection_c[0m
[4.074s] [ 42%] [32mBuilding C object CMakeFiles/more_interfaces__rosidl_typesupport_introspection_c.dir/rosidl_typesupport_introspection_c/more_interfaces/msg/detail/address_book__type_support.c.o[0m
[4.099s] [ 45%] [32m[1mLinking CXX shared library libmore_interfaces__rosidl_typesupport_c.so[0m
[4.123s] [ 48%] [32m[1mLinking C shared library libmore_interfaces__rosidl_typesupport_introspection_c.so[0m
[4.169s] [ 48%] Built target more_interfaces__rosidl_typesupport_introspection_c
[4.171s] [ 48%] Built target more_interfaces__rosidl_typesupport_c
[4.321s] [ 51%] [32m[1mLinking CXX shared library libmore_interfaces__rosidl_typesupport_cpp.so[0m
[4.363s] [ 54%] [32m[1mLinking CXX shared library libmore_interfaces__rosidl_typesupport_introspection_cpp.so[0m
[4.382s] [ 54%] Built target more_interfaces__rosidl_typesupport_cpp
[4.459s] [ 54%] Built target more_interfaces__rosidl_typesupport_introspection_cpp
[4.602s] [ 57%] [32m[1mLinking CXX shared library libmore_interfaces__rosidl_typesupport_fastrtps_cpp.so[0m
[4.727s] [ 57%] Built target more_interfaces__rosidl_typesupport_fastrtps_cpp
[4.742s] [ 60%] [34m[1mGenerating C type support for eProsima Fast-RTPS[0m
[5.070s] [35m[1mScanning dependencies of target more_interfaces__rosidl_typesupport_fastrtps_c[0m
[5.090s] [ 63%] [32mBuilding CXX object CMakeFiles/more_interfaces__rosidl_typesupport_fastrtps_c.dir/rosidl_typesupport_fastrtps_c/more_interfaces/msg/detail/address_book__type_support_c.cpp.o[0m
[5.627s] [ 66%] [32m[1mLinking CXX shared library libmore_interfaces__rosidl_typesupport_fastrtps_c.so[0m
[5.747s] [ 66%] Built target more_interfaces__rosidl_typesupport_fastrtps_c
[5.762s] [35m[1mScanning dependencies of target more_interfaces[0m
[5.777s] [ 66%] Built target more_interfaces
[5.792s] [35m[1mScanning dependencies of target more_interfaces__py[0m
[5.792s] [35m[1mScanning dependencies of target publish_address_book[0m
[5.807s] [ 69%] [34m[1mGenerating Python code for ROS interfaces[0m
[5.852s] [ 72%] [32mBuilding CXX object CMakeFiles/publish_address_book.dir/src/publish_address_book.cpp.o[0m
[6.409s] [ 72%] Built target more_interfaces__py
[6.424s] [35m[1mScanning dependencies of target more_interfaces__python[0m
[6.452s] [ 75%] [32mBuilding C object CMakeFiles/more_interfaces__python.dir/rosidl_generator_py/more_interfaces/msg/_address_book_s.c.o[0m
[6.586s] [ 78%] [32m[1mLinking C shared library rosidl_generator_py/more_interfaces/libmore_interfaces__python.so[0m
[6.643s] [ 78%] Built target more_interfaces__python
[6.658s] [35m[1mScanning dependencies of target more_interfaces__rosidl_typesupport_c__pyext[0m
[6.659s] [35m[1mScanning dependencies of target more_interfaces__rosidl_typesupport_introspection_c__pyext[0m
[6.659s] [35m[1mScanning dependencies of target more_interfaces__rosidl_typesupport_fastrtps_c__pyext[0m
[6.686s] [ 81%] [32mBuilding C object CMakeFiles/more_interfaces__rosidl_typesupport_fastrtps_c__pyext.dir/rosidl_generator_py/more_interfaces/_more_interfaces_s.ep.rosidl_typesupport_fastrtps_c.c.o[0m
[6.687s] [ 84%] [32mBuilding C object CMakeFiles/more_interfaces__rosidl_typesupport_introspection_c__pyext.dir/rosidl_generator_py/more_interfaces/_more_interfaces_s.ep.rosidl_typesupport_introspection_c.c.o[0m
[6.690s] [ 87%] [32mBuilding C object CMakeFiles/more_interfaces__rosidl_typesupport_c__pyext.dir/rosidl_generator_py/more_interfaces/_more_interfaces_s.ep.rosidl_typesupport_c.c.o[0m
[6.810s] [ 90%] [32m[1mLinking C shared library rosidl_generator_py/more_interfaces/more_interfaces_s__rosidl_typesupport_introspection_c.cpython-38-x86_64-linux-gnu.so[0m
[6.813s] [ 93%] [32m[1mLinking CXX shared library rosidl_generator_py/more_interfaces/more_interfaces_s__rosidl_typesupport_fastrtps_c.cpython-38-x86_64-linux-gnu.so[0m
[6.820s] [ 96%] [32m[1mLinking C shared library rosidl_generator_py/more_interfaces/more_interfaces_s__rosidl_typesupport_c.cpython-38-x86_64-linux-gnu.so[0m
[6.879s] [ 96%] Built target more_interfaces__rosidl_typesupport_introspection_c__pyext
[6.888s] [ 96%] Built target more_interfaces__rosidl_typesupport_c__pyext
[6.930s] [ 96%] Built target more_interfaces__rosidl_typesupport_fastrtps_c__pyext
[11.445s] [100%] [32m[1mLinking CXX executable publish_address_book[0m
[11.723s] [100%] Built target publish_address_book
[11.740s] Invoked command in '/home/federico/dev_ws/build/more_interfaces' returned '0': CMAKE_PREFIX_PATH=${CMAKE_PREFIX_PATH}:/home/federico/dev_ws/install/py_srvcli:/home/federico/dev_ws/install/py_pubsub:/home/federico/dev_ws/install/my_package:/opt/ros/galactic /usr/bin/cmake --build /home/federico/dev_ws/build/more_interfaces -- -j12 -l12
[11.833s] Invoking command in '/home/federico/dev_ws/build/more_interfaces': CMAKE_PREFIX_PATH=${CMAKE_PREFIX_PATH}:/home/federico/dev_ws/install/py_srvcli:/home/federico/dev_ws/install/py_pubsub:/home/federico/dev_ws/install/my_package:/opt/ros/galactic /usr/bin/cmake --install /home/federico/dev_ws/build/more_interfaces
[11.846s] -- Install configuration: ""
[11.846s] -- Installing: /home/federico/dev_ws/install/more_interfaces/lib/more_interfaces/publish_address_book
[11.847s] -- Set runtime path of "/home/federico/dev_ws/install/more_interfaces/lib/more_interfaces/publish_address_book" to ""
[11.848s] -- Installing: /home/federico/dev_ws/install/more_interfaces/share/ament_index/resource_index/rosidl_interfaces/more_interfaces
[11.848s] -- Installing: /home/federico/dev_ws/install/more_interfaces/include/more_interfaces
[11.848s] -- Installing: /home/federico/dev_ws/install/more_interfaces/include/more_interfaces/msg
[11.848s] -- Installing: /home/federico/dev_ws/install/more_interfaces/include/more_interfaces/msg/address_book.h
[11.849s] -- Installing: /home/federico/dev_ws/install/more_interfaces/include/more_interfaces/msg/rosidl_generator_c__visibility_control.h
[11.849s] -- Installing: /home/federico/dev_ws/install/more_interfaces/include/more_interfaces/msg/detail
[11.849s] -- Installing: /home/federico/dev_ws/install/more_interfaces/include/more_interfaces/msg/detail/address_book__struct.h
[11.849s] -- Installing: /home/federico/dev_ws/install/more_interfaces/include/more_interfaces/msg/detail/address_book__type_support.h
[11.849s] -- Installing: /home/federico/dev_ws/install/more_interfaces/include/more_interfaces/msg/detail/address_book__functions.h
[11.849s] -- Installing: /home/federico/dev_ws/install/more_interfaces/include/more_interfaces/msg/detail/address_book__functions.c
[11.849s] -- Installing: /home/federico/dev_ws/install/more_interfaces/share/more_interfaces/environment/library_path.sh
[11.849s] -- Installing: /home/federico/dev_ws/install/more_interfaces/share/more_interfaces/environment/library_path.dsv
[11.850s] -- Installing: /home/federico/dev_ws/install/more_interfaces/lib/libmore_interfaces__rosidl_generator_c.so
[11.850s] -- Set runtime path of "/home/federico/dev_ws/install/more_interfaces/lib/libmore_interfaces__rosidl_generator_c.so" to ""
[11.850s] -- Up-to-date: /home/federico/dev_ws/install/more_interfaces/include/more_interfaces
[11.850s] -- Up-to-date: /home/federico/dev_ws/install/more_interfaces/include/more_interfaces/msg
[11.850s] -- Up-to-date: /home/federico/dev_ws/install/more_interfaces/include/more_interfaces/msg/detail
[11.851s] -- Installing: /home/federico/dev_ws/install/more_interfaces/include/more_interfaces/msg/detail/address_book__rosidl_typesupport_fastrtps_c.h
[11.851s] -- Installing: /home/federico/dev_ws/install/more_interfaces/include/more_interfaces/msg/rosidl_typesupport_fastrtps_c__visibility_control.h
[11.851s] -- Installing: /home/federico/dev_ws/install/more_interfaces/lib/libmore_interfaces__rosidl_typesupport_fastrtps_c.so
[11.851s] -- Set runtime path of "/home/federico/dev_ws/install/more_interfaces/lib/libmore_interfaces__rosidl_typesupport_fastrtps_c.so" to ""
[11.851s] -- Up-to-date: /home/federico/dev_ws/install/more_interfaces/include/more_interfaces
[11.852s] -- Up-to-date: /home/federico/dev_ws/install/more_interfaces/include/more_interfaces/msg
[11.852s] -- Installing: /home/federico/dev_ws/install/more_interfaces/include/more_interfaces/msg/rosidl_typesupport_fastrtps_cpp__visibility_control.h
[11.852s] -- Up-to-date: /home/federico/dev_ws/install/more_interfaces/include/more_interfaces/msg/detail
[11.852s] -- Installing: /home/federico/dev_ws/install/more_interfaces/include/more_interfaces/msg/detail/dds_fastrtps
[11.852s] -- Installing: /home/federico/dev_ws/install/more_interfaces/include/more_interfaces/msg/detail/address_book__rosidl_typesupport_fastrtps_cpp.hpp
[11.852s] -- Installing: /home/federico/dev_ws/install/more_interfaces/lib/libmore_interfaces__rosidl_typesupport_fastrtps_cpp.so
[11.853s] -- Set runtime path of "/home/federico/dev_ws/install/more_interfaces/lib/libmore_interfaces__rosidl_typesupport_fastrtps_cpp.so" to ""
[11.854s] -- Up-to-date: /home/federico/dev_ws/install/more_interfaces/include/more_interfaces
[11.854s] -- Up-to-date: /home/federico/dev_ws/install/more_interfaces/include/more_interfaces/msg
[11.854s] -- Installing: /home/federico/dev_ws/install/more_interfaces/include/more_interfaces/msg/rosidl_typesupport_introspection_c__visibility_control.h
[11.854s] -- Up-to-date: /home/federico/dev_ws/install/more_interfaces/include/more_interfaces/msg/detail
[11.854s] -- Installing: /home/federico/dev_ws/install/more_interfaces/include/more_interfaces/msg/detail/address_book__rosidl_typesupport_introspection_c.h
[11.854s] -- Installing: /home/federico/dev_ws/install/more_interfaces/include/more_interfaces/msg/detail/address_book__type_support.c
[11.854s] -- Installing: /home/federico/dev_ws/install/more_interfaces/lib/libmore_interfaces__rosidl_typesupport_introspection_c.so
[11.855s] -- Set runtime path of "/home/federico/dev_ws/install/more_interfaces/lib/libmore_interfaces__rosidl_typesupport_introspection_c.so" to ""
[11.855s] -- Installing: /home/federico/dev_ws/install/more_interfaces/lib/libmore_interfaces__rosidl_typesupport_c.so
[11.855s] -- Set runtime path of "/home/federico/dev_ws/install/more_interfaces/lib/libmore_interfaces__rosidl_typesupport_c.so" to ""
[11.856s] -- Up-to-date: /home/federico/dev_ws/install/more_interfaces/include/more_interfaces
[11.856s] -- Up-to-date: /home/federico/dev_ws/install/more_interfaces/include/more_interfaces/msg
[11.856s] -- Installing: /home/federico/dev_ws/install/more_interfaces/include/more_interfaces/msg/address_book.hpp
[11.856s] -- Up-to-date: /home/federico/dev_ws/install/more_interfaces/include/more_interfaces/msg/detail
[11.856s] -- Installing: /home/federico/dev_ws/install/more_interfaces/include/more_interfaces/msg/detail/address_book__traits.hpp
[11.857s] -- Installing: /home/federico/dev_ws/install/more_interfaces/include/more_interfaces/msg/detail/address_book__builder.hpp
[11.857s] -- Installing: /home/federico/dev_ws/install/more_interfaces/include/more_interfaces/msg/detail/address_book__struct.hpp
[11.857s] -- Up-to-date: /home/federico/dev_ws/install/more_interfaces/include/more_interfaces
[11.857s] -- Up-to-date: /home/federico/dev_ws/install/more_interfaces/include/more_interfaces/msg
[11.857s] -- Up-to-date: /home/federico/dev_ws/install/more_interfaces/include/more_interfaces/msg/detail
[11.857s] -- Installing: /home/federico/dev_ws/install/more_interfaces/include/more_interfaces/msg/detail/address_book__rosidl_typesupport_introspection_cpp.hpp
[11.858s] -- Installing: /home/federico/dev_ws/install/more_interfaces/include/more_interfaces/msg/detail/address_book__type_support.cpp
[11.858s] -- Installing: /home/federico/dev_ws/install/more_interfaces/lib/libmore_interfaces__rosidl_typesupport_introspection_cpp.so
[11.858s] -- Set runtime path of "/home/federico/dev_ws/install/more_interfaces/lib/libmore_interfaces__rosidl_typesupport_introspection_cpp.so" to ""
[11.858s] -- Installing: /home/federico/dev_ws/install/more_interfaces/lib/libmore_interfaces__rosidl_typesupport_cpp.so
[11.858s] -- Set runtime path of "/home/federico/dev_ws/install/more_interfaces/lib/libmore_interfaces__rosidl_typesupport_cpp.so" to ""
[11.858s] -- Installing: /home/federico/dev_ws/install/more_interfaces/share/more_interfaces/environment/pythonpath.sh
[11.859s] -- Installing: /home/federico/dev_ws/install/more_interfaces/share/more_interfaces/environment/pythonpath.dsv
[11.859s] -- Installing: /home/federico/dev_ws/install/more_interfaces/lib/python3.8/site-packages/more_interfaces/__init__.py
[11.908s] Compiling '/home/federico/dev_ws/install/more_interfaces/lib/python3.8/site-packages/more_interfaces/__init__.py'...
[11.914s] -- Installing: /home/federico/dev_ws/install/more_interfaces/lib/python3.8/site-packages/more_interfaces/msg
[11.914s] -- Installing: /home/federico/dev_ws/install/more_interfaces/lib/python3.8/site-packages/more_interfaces/msg/__init__.py
[11.914s] -- Installing: /home/federico/dev_ws/install/more_interfaces/lib/python3.8/site-packages/more_interfaces/msg/_address_book.py
[11.915s] -- Installing: /home/federico/dev_ws/install/more_interfaces/lib/python3.8/site-packages/more_interfaces/msg/_address_book_s.c
[11.915s] -- Installing: /home/federico/dev_ws/install/more_interfaces/lib/python3.8/site-packages/more_interfaces/more_interfaces_s__rosidl_typesupport_fastrtps_c.cpython-38-x86_64-linux-gnu.so
[11.915s] -- Set runtime path of "/home/federico/dev_ws/install/more_interfaces/lib/python3.8/site-packages/more_interfaces/more_interfaces_s__rosidl_typesupport_fastrtps_c.cpython-38-x86_64-linux-gnu.so" to ""
[11.916s] -- Installing: /home/federico/dev_ws/install/more_interfaces/lib/python3.8/site-packages/more_interfaces/more_interfaces_s__rosidl_typesupport_introspection_c.cpython-38-x86_64-linux-gnu.so
[11.917s] -- Set runtime path of "/home/federico/dev_ws/install/more_interfaces/lib/python3.8/site-packages/more_interfaces/more_interfaces_s__rosidl_typesupport_introspection_c.cpython-38-x86_64-linux-gnu.so" to ""
[11.917s] -- Installing: /home/federico/dev_ws/install/more_interfaces/lib/python3.8/site-packages/more_interfaces/more_interfaces_s__rosidl_typesupport_c.cpython-38-x86_64-linux-gnu.so
[11.918s] -- Set runtime path of "/home/federico/dev_ws/install/more_interfaces/lib/python3.8/site-packages/more_interfaces/more_interfaces_s__rosidl_typesupport_c.cpython-38-x86_64-linux-gnu.so" to ""
[11.918s] -- Installing: /home/federico/dev_ws/install/more_interfaces/lib/libmore_interfaces__python.so
[11.918s] -- Set runtime path of "/home/federico/dev_ws/install/more_interfaces/lib/libmore_interfaces__python.so" to ""
[11.918s] -- Installing: /home/federico/dev_ws/install/more_interfaces/share/more_interfaces/msg/AddressBook.idl
[11.919s] -- Installing: /home/federico/dev_ws/install/more_interfaces/share/more_interfaces/msg/AddressBook.msg
[11.919s] -- Installing: /home/federico/dev_ws/install/more_interfaces/share/ament_index/resource_index/package_run_dependencies/more_interfaces
[11.919s] -- Installing: /home/federico/dev_ws/install/more_interfaces/share/ament_index/resource_index/parent_prefix_path/more_interfaces
[11.919s] -- Installing: /home/federico/dev_ws/install/more_interfaces/share/more_interfaces/environment/ament_prefix_path.sh
[11.920s] -- Installing: /home/federico/dev_ws/install/more_interfaces/share/more_interfaces/environment/ament_prefix_path.dsv
[11.920s] -- Installing: /home/federico/dev_ws/install/more_interfaces/share/more_interfaces/environment/path.sh
[11.920s] -- Installing: /home/federico/dev_ws/install/more_interfaces/share/more_interfaces/environment/path.dsv
[11.920s] -- Installing: /home/federico/dev_ws/install/more_interfaces/share/more_interfaces/local_setup.bash
[11.920s] -- Installing: /home/federico/dev_ws/install/more_interfaces/share/more_interfaces/local_setup.sh
[11.921s] -- Installing: /home/federico/dev_ws/install/more_interfaces/share/more_interfaces/local_setup.zsh
[11.921s] -- Installing: /home/federico/dev_ws/install/more_interfaces/share/more_interfaces/local_setup.dsv
[11.921s] -- Installing: /home/federico/dev_ws/install/more_interfaces/share/more_interfaces/package.dsv
[11.921s] -- Installing: /home/federico/dev_ws/install/more_interfaces/share/ament_index/resource_index/packages/more_interfaces
[11.921s] -- Installing: /home/federico/dev_ws/install/more_interfaces/share/more_interfaces/cmake/more_interfaces__rosidl_generator_cExport.cmake
[11.922s] -- Installing: /home/federico/dev_ws/install/more_interfaces/share/more_interfaces/cmake/more_interfaces__rosidl_generator_cExport-noconfig.cmake
[11.922s] -- Installing: /home/federico/dev_ws/install/more_interfaces/share/more_interfaces/cmake/more_interfaces__rosidl_typesupport_introspection_cExport.cmake
[11.922s] -- Installing: /home/federico/dev_ws/install/more_interfaces/share/more_interfaces/cmake/more_interfaces__rosidl_typesupport_introspection_cExport-noconfig.cmake
[11.922s] -- Installing: /home/federico/dev_ws/install/more_interfaces/share/more_interfaces/cmake/more_interfaces__rosidl_typesupport_cExport.cmake
[11.923s] -- Installing: /home/federico/dev_ws/install/more_interfaces/share/more_interfaces/cmake/more_interfaces__rosidl_typesupport_cExport-noconfig.cmake
[11.923s] -- Installing: /home/federico/dev_ws/install/more_interfaces/share/more_interfaces/cmake/more_interfaces__rosidl_generator_cppExport.cmake
[11.923s] -- Installing: /home/federico/dev_ws/install/more_interfaces/share/more_interfaces/cmake/more_interfaces__rosidl_typesupport_introspection_cppExport.cmake
[11.923s] -- Installing: /home/federico/dev_ws/install/more_interfaces/share/more_interfaces/cmake/more_interfaces__rosidl_typesupport_introspection_cppExport-noconfig.cmake
[11.924s] -- Installing: /home/federico/dev_ws/install/more_interfaces/share/more_interfaces/cmake/more_interfaces__rosidl_typesupport_cppExport.cmake
[11.924s] -- Installing: /home/federico/dev_ws/install/more_interfaces/share/more_interfaces/cmake/more_interfaces__rosidl_typesupport_cppExport-noconfig.cmake
[11.924s] -- Installing: /home/federico/dev_ws/install/more_interfaces/share/more_interfaces/cmake/rosidl_cmake-extras.cmake
[11.924s] -- Installing: /home/federico/dev_ws/install/more_interfaces/share/more_interfaces/cmake/ament_cmake_export_dependencies-extras.cmake
[11.925s] -- Installing: /home/federico/dev_ws/install/more_interfaces/share/more_interfaces/cmake/ament_cmake_export_libraries-extras.cmake
[11.925s] -- Installing: /home/federico/dev_ws/install/more_interfaces/share/more_interfaces/cmake/ament_cmake_export_targets-extras.cmake
[11.925s] -- Installing: /home/federico/dev_ws/install/more_interfaces/share/more_interfaces/cmake/ament_cmake_export_include_directories-extras.cmake
[11.925s] -- Installing: /home/federico/dev_ws/install/more_interfaces/share/more_interfaces/cmake/rosidl_cmake_export_typesupport_libraries-extras.cmake
[11.925s] -- Installing: /home/federico/dev_ws/install/more_interfaces/share/more_interfaces/cmake/rosidl_cmake_export_typesupport_targets-extras.cmake
[11.926s] -- Installing: /home/federico/dev_ws/install/more_interfaces/share/more_interfaces/cmake/more_interfacesConfig.cmake
[11.926s] -- Installing: /home/federico/dev_ws/install/more_interfaces/share/more_interfaces/cmake/more_interfacesConfig-version.cmake
[11.926s] -- Installing: /home/federico/dev_ws/install/more_interfaces/share/more_interfaces/package.xml
[11.930s] Invoked command in '/home/federico/dev_ws/build/more_interfaces' returned '0': CMAKE_PREFIX_PATH=${CMAKE_PREFIX_PATH}:/home/federico/dev_ws/install/py_srvcli:/home/federico/dev_ws/install/py_pubsub:/home/federico/dev_ws/install/my_package:/opt/ros/galactic /usr/bin/cmake --install /home/federico/dev_ws/build/more_interfaces
