[2.787s] Invoking command in '/home/federico/dev_ws/src/py_pubsub': PYTHONPATH=/home/federico/dev_ws/install/py_pubsub/lib/python3.8/site-packages:${PYTHONPATH} /usr/bin/python3 setup.py egg_info --egg-base ../../build/py_pubsub build --build-base /home/federico/dev_ws/build/py_pubsub/build install --prefix /home/federico/dev_ws/install/py_pubsub --record /home/federico/dev_ws/build/py_pubsub/install.log --single-version-externally-managed
[3.203s] /home/federico/.local/lib/python3.8/site-packages/setuptools/dist.py:757: UserWarning: Usage of dash-separated 'script-dir' will not be supported in future versions. Please use the underscore name 'script_dir' instead
[3.204s]   warnings.warn(
[3.204s] /home/federico/.local/lib/python3.8/site-packages/setuptools/dist.py:757: UserWarning: Usage of dash-separated 'install-scripts' will not be supported in future versions. Please use the underscore name 'install_scripts' instead
[3.204s]   warnings.warn(
[4.127s] running egg_info
[4.226s] writing ../../build/py_pubsub/py_pubsub.egg-info/PKG-INFO
[4.304s] writing dependency_links to ../../build/py_pubsub/py_pubsub.egg-info/dependency_links.txt
[4.538s] writing entry points to ../../build/py_pubsub/py_pubsub.egg-info/entry_points.txt
[4.693s] writing requirements to ../../build/py_pubsub/py_pubsub.egg-info/requires.txt
[4.780s] writing top-level names to ../../build/py_pubsub/py_pubsub.egg-info/top_level.txt
[4.904s] reading manifest file '../../build/py_pubsub/py_pubsub.egg-info/SOURCES.txt'
[4.905s] writing manifest file '../../build/py_pubsub/py_pubsub.egg-info/SOURCES.txt'
[4.905s] running build
[4.905s] running build_py
[4.905s] copying py_pubsub/subscriber_member_function.py -> /home/federico/dev_ws/build/py_pubsub/build/lib/py_pubsub
[4.906s] running install
[4.906s] /home/federico/.local/lib/python3.8/site-packages/setuptools/command/install.py:34: SetuptoolsDeprecationWarning: setup.py install is deprecated. Use build and pip and other standards-based tools.
[4.906s]   warnings.warn(
[4.914s] running install_lib
[5.012s] copying /home/federico/dev_ws/build/py_pubsub/build/lib/py_pubsub/subscriber_member_function.py -> /home/federico/dev_ws/install/py_pubsub/lib/python3.8/site-packages/py_pubsub
[5.013s] byte-compiling /home/federico/dev_ws/install/py_pubsub/lib/python3.8/site-packages/py_pubsub/subscriber_member_function.py to subscriber_member_function.cpython-38.pyc
[5.014s] running install_data
[5.035s] running install_egg_info
[5.135s] removing '/home/federico/dev_ws/install/py_pubsub/lib/python3.8/site-packages/py_pubsub-0.0.0-py3.8.egg-info' (and everything under it)
[5.135s] Copying ../../build/py_pubsub/py_pubsub.egg-info to /home/federico/dev_ws/install/py_pubsub/lib/python3.8/site-packages/py_pubsub-0.0.0-py3.8.egg-info
[5.136s] running install_scripts
[5.321s] Installing listener script to /home/federico/dev_ws/install/py_pubsub/lib/py_pubsub
[5.321s] Installing talker script to /home/federico/dev_ws/install/py_pubsub/lib/py_pubsub
[5.321s] writing list of installed files to '/home/federico/dev_ws/build/py_pubsub/install.log'
[5.360s] Invoked command in '/home/federico/dev_ws/src/py_pubsub' returned '0': PYTHONPATH=/home/federico/dev_ws/install/py_pubsub/lib/python3.8/site-packages:${PYTHONPATH} /usr/bin/python3 setup.py egg_info --egg-base ../../build/py_pubsub build --build-base /home/federico/dev_ws/build/py_pubsub/build install --prefix /home/federico/dev_ws/install/py_pubsub --record /home/federico/dev_ws/build/py_pubsub/install.log --single-version-externally-managed
