[2.286s] Invoking command in '/home/federico/dev_ws/build/my_package': PYTHONPATH=/home/federico/dev_ws/install/my_package/lib/python3.8/site-packages:${PYTHONPATH} /usr/bin/python3 setup.py develop --prefix /home/federico/dev_ws/install/my_package --uninstall --editable --build-directory /home/federico/dev_ws/build/my_package/build
[3.283s] running develop
[3.283s] /home/federico/.local/lib/python3.8/site-packages/setuptools/command/easy_install.py:144: EasyInstallDeprecationWarning: easy_install command is deprecated. Use build and pip and other standards-based tools.
[3.284s]   warnings.warn(
[3.457s] /home/federico/.local/lib/python3.8/site-packages/setuptools/command/install.py:34: SetuptoolsDeprecationWarning: setup.py install is deprecated. Use build and pip and other standards-based tools.
[3.457s]   warnings.warn(
[3.709s] /home/federico/.local/lib/python3.8/site-packages/pkg_resources/__init__.py:123: PkgResourcesDeprecationWarning: 0.1.36ubuntu1 is an invalid version and will not be supported in a future release
[3.709s]   warnings.warn(
[3.709s] /home/federico/.local/lib/python3.8/site-packages/pkg_resources/__init__.py:123: PkgResourcesDeprecationWarning: 0.23ubuntu1 is an invalid version and will not be supported in a future release
[3.709s]   warnings.warn(
[3.888s] Invoked command in '/home/federico/dev_ws/build/my_package' returned '0': PYTHONPATH=/home/federico/dev_ws/install/my_package/lib/python3.8/site-packages:${PYTHONPATH} /usr/bin/python3 setup.py develop --prefix /home/federico/dev_ws/install/my_package --uninstall --editable --build-directory /home/federico/dev_ws/build/my_package/build
[3.890s] Invoking command in '/home/federico/dev_ws/src/my_package': PYTHONPATH=/home/federico/dev_ws/install/my_package/lib/python3.8/site-packages:${PYTHONPATH} /usr/bin/python3 setup.py egg_info --egg-base ../../build/my_package build --build-base /home/federico/dev_ws/build/my_package/build install --prefix /home/federico/dev_ws/install/my_package --record /home/federico/dev_ws/build/my_package/install.log --single-version-externally-managed
[4.956s] running egg_info
[5.037s] writing ../../build/my_package/my_package.egg-info/PKG-INFO
[5.100s] writing dependency_links to ../../build/my_package/my_package.egg-info/dependency_links.txt
[5.289s] writing entry points to ../../build/my_package/my_package.egg-info/entry_points.txt
[5.417s] writing requirements to ../../build/my_package/my_package.egg-info/requires.txt
[5.479s] writing top-level names to ../../build/my_package/my_package.egg-info/top_level.txt
[5.596s] reading manifest file '../../build/my_package/my_package.egg-info/SOURCES.txt'
[5.597s] writing manifest file '../../build/my_package/my_package.egg-info/SOURCES.txt'
[5.597s] running build
[5.597s] running build_py
[5.597s] running install
[5.597s] /home/federico/.local/lib/python3.8/site-packages/setuptools/command/install.py:34: SetuptoolsDeprecationWarning: setup.py install is deprecated. Use build and pip and other standards-based tools.
[5.598s]   warnings.warn(
[5.602s] running install_lib
[5.682s] running install_data
[5.697s] running install_egg_info
[5.777s] removing '/home/federico/dev_ws/install/my_package/lib/python3.8/site-packages/my_package-0.0.0-py3.8.egg-info' (and everything under it)
[5.777s] Copying ../../build/my_package/my_package.egg-info to /home/federico/dev_ws/install/my_package/lib/python3.8/site-packages/my_package-0.0.0-py3.8.egg-info
[5.777s] running install_scripts
[5.930s] Installing reading_laser script to /home/federico/dev_ws/install/my_package/lib/my_package
[5.932s] writing list of installed files to '/home/federico/dev_ws/build/my_package/install.log'
[5.980s] Invoked command in '/home/federico/dev_ws/src/my_package' returned '0': PYTHONPATH=/home/federico/dev_ws/install/my_package/lib/python3.8/site-packages:${PYTHONPATH} /usr/bin/python3 setup.py egg_info --egg-base ../../build/my_package build --build-base /home/federico/dev_ws/build/my_package/build install --prefix /home/federico/dev_ws/install/my_package --record /home/federico/dev_ws/build/my_package/install.log --single-version-externally-managed
