[0.045s] Invoking command in '/home/federico/dev_ws/build/more_interfaces': CMAKE_PREFIX_PATH=/opt/ros/galactic /usr/bin/cmake --build /home/federico/dev_ws/build/more_interfaces -- -j12 -l12
[1.320s] [  3%] Built target more_interfaces__cpp
[1.321s] [ 12%] Built target more_interfaces__rosidl_generator_c
[1.322s] [ 30%] Built target more_interfaces__rosidl_typesupport_c
[1.322s] [ 30%] Built target more_interfaces__rosidl_typesupport_introspection_c
[1.322s] [ 48%] Built target more_interfaces__rosidl_typesupport_introspection_cpp
[1.322s] [ 48%] Built target more_interfaces__rosidl_typesupport_cpp
[1.322s] [ 57%] Built target more_interfaces__rosidl_typesupport_fastrtps_cpp
[1.322s] [ 66%] Built target more_interfaces__rosidl_typesupport_fastrtps_c
[1.322s] [ 66%] Built target more_interfaces
[1.322s] [ 69%] Built target more_interfaces__py
[1.322s] [ 75%] Built target publish_address_book
[1.322s] [ 81%] Built target more_interfaces__python
[1.323s] [ 93%] Built target more_interfaces__rosidl_typesupport_fastrtps_c__pyext
[1.324s] [ 93%] Built target more_interfaces__rosidl_typesupport_c__pyext
[1.324s] [100%] Built target more_interfaces__rosidl_typesupport_introspection_c__pyext
[1.327s] Invoked command in '/home/federico/dev_ws/build/more_interfaces' returned '0': CMAKE_PREFIX_PATH=/opt/ros/galactic /usr/bin/cmake --build /home/federico/dev_ws/build/more_interfaces -- -j12 -l12
[1.363s] Invoking command in '/home/federico/dev_ws/build/more_interfaces': CMAKE_PREFIX_PATH=/opt/ros/galactic /usr/bin/cmake --install /home/federico/dev_ws/build/more_interfaces
[1.375s] -- Install configuration: ""
[1.376s] -- Execute custom install script
[1.378s] -- Up-to-date symlink: /home/federico/dev_ws/install/more_interfaces/lib/more_interfaces/publish_address_book
[1.379s] -- Up-to-date symlink: /home/federico/dev_ws/install/more_interfaces/share/ament_index/resource_index/rosidl_interfaces/more_interfaces
[1.381s] -- Up-to-date symlink: /home/federico/dev_ws/install/more_interfaces/include/more_interfaces/msg/address_book.h
[1.382s] -- Up-to-date symlink: /home/federico/dev_ws/install/more_interfaces/include/more_interfaces/msg/detail/address_book__functions.h
[1.382s] -- Up-to-date symlink: /home/federico/dev_ws/install/more_interfaces/include/more_interfaces/msg/detail/address_book__struct.h
[1.383s] -- Up-to-date symlink: /home/federico/dev_ws/install/more_interfaces/include/more_interfaces/msg/detail/address_book__type_support.h
[1.383s] -- Up-to-date symlink: /home/federico/dev_ws/install/more_interfaces/include/more_interfaces/msg/rosidl_generator_c__visibility_control.h
[1.386s] -- Up-to-date symlink: /home/federico/dev_ws/install/more_interfaces/share/more_interfaces/environment/library_path.sh
[1.388s] -- Up-to-date symlink: /home/federico/dev_ws/install/more_interfaces/share/more_interfaces/environment/library_path.dsv
[1.389s] -- Up-to-date symlink: /home/federico/dev_ws/install/more_interfaces/include/more_interfaces/msg/detail/address_book__rosidl_typesupport_fastrtps_c.h
[1.389s] -- Up-to-date symlink: /home/federico/dev_ws/install/more_interfaces/include/more_interfaces/msg/rosidl_typesupport_fastrtps_c__visibility_control.h
[1.390s] -- Up-to-date symlink: /home/federico/dev_ws/install/more_interfaces/lib/libmore_interfaces__rosidl_typesupport_fastrtps_c.so
[1.391s] -- Up-to-date symlink: /home/federico/dev_ws/install/more_interfaces/include/more_interfaces/msg/detail/address_book__rosidl_typesupport_fastrtps_cpp.hpp
[1.392s] -- Up-to-date symlink: /home/federico/dev_ws/install/more_interfaces/include/more_interfaces/msg/rosidl_typesupport_fastrtps_cpp__visibility_control.h
[1.393s] -- Up-to-date symlink: /home/federico/dev_ws/install/more_interfaces/lib/libmore_interfaces__rosidl_typesupport_fastrtps_cpp.so
[1.393s] -- Up-to-date symlink: /home/federico/dev_ws/install/more_interfaces/include/more_interfaces/msg/detail/address_book__rosidl_typesupport_introspection_c.h
[1.394s] -- Up-to-date symlink: /home/federico/dev_ws/install/more_interfaces/include/more_interfaces/msg/rosidl_typesupport_introspection_c__visibility_control.h
[1.394s] -- Up-to-date symlink: /home/federico/dev_ws/install/more_interfaces/include/more_interfaces/msg/address_book.hpp
[1.394s] -- Up-to-date symlink: /home/federico/dev_ws/install/more_interfaces/include/more_interfaces/msg/detail/address_book__builder.hpp
[1.394s] -- Up-to-date symlink: /home/federico/dev_ws/install/more_interfaces/include/more_interfaces/msg/detail/address_book__struct.hpp
[1.394s] -- Up-to-date symlink: /home/federico/dev_ws/install/more_interfaces/include/more_interfaces/msg/detail/address_book__traits.hpp
[1.394s] -- Up-to-date symlink: /home/federico/dev_ws/install/more_interfaces/include/more_interfaces/msg/detail/address_book__rosidl_typesupport_introspection_cpp.hpp
[1.395s] -- Up-to-date symlink: /home/federico/dev_ws/install/more_interfaces/share/more_interfaces/environment/pythonpath.sh
[1.395s] -- Up-to-date symlink: /home/federico/dev_ws/install/more_interfaces/share/more_interfaces/environment/pythonpath.dsv
[1.398s] -- Up-to-date symlink: /home/federico/dev_ws/install/more_interfaces/lib/python3.8/site-packages/more_interfaces/__init__.py
[1.399s] -- Up-to-date symlink: /home/federico/dev_ws/install/more_interfaces/lib/python3.8/site-packages/more_interfaces/msg/__init__.py
[1.399s] -- Up-to-date symlink: /home/federico/dev_ws/install/more_interfaces/lib/python3.8/site-packages/more_interfaces/msg/_address_book.py
[1.399s] -- Up-to-date symlink: /home/federico/dev_ws/install/more_interfaces/lib/python3.8/site-packages/more_interfaces/more_interfaces_s__rosidl_typesupport_fastrtps_c.cpython-38-x86_64-linux-gnu.so
[1.401s] -- Up-to-date symlink: /home/federico/dev_ws/install/more_interfaces/lib/python3.8/site-packages/more_interfaces/more_interfaces_s__rosidl_typesupport_introspection_c.cpython-38-x86_64-linux-gnu.so
[1.403s] -- Up-to-date symlink: /home/federico/dev_ws/install/more_interfaces/lib/python3.8/site-packages/more_interfaces/more_interfaces_s__rosidl_typesupport_c.cpython-38-x86_64-linux-gnu.so
[1.404s] -- Up-to-date symlink: /home/federico/dev_ws/install/more_interfaces/lib/libmore_interfaces__python.so
[1.404s] -- Up-to-date symlink: /home/federico/dev_ws/install/more_interfaces/share/more_interfaces/msg/AddressBook.idl
[1.405s] -- Up-to-date symlink: /home/federico/dev_ws/install/more_interfaces/share/more_interfaces/msg/AddressBook.msg
[1.406s] -- Up-to-date symlink: /home/federico/dev_ws/install/more_interfaces/share/ament_index/resource_index/package_run_dependencies/more_interfaces
[1.408s] -- Up-to-date symlink: /home/federico/dev_ws/install/more_interfaces/share/ament_index/resource_index/parent_prefix_path/more_interfaces
[1.408s] -- Up-to-date symlink: /home/federico/dev_ws/install/more_interfaces/share/more_interfaces/environment/ament_prefix_path.sh
[1.409s] -- Up-to-date symlink: /home/federico/dev_ws/install/more_interfaces/share/more_interfaces/environment/ament_prefix_path.dsv
[1.409s] -- Up-to-date symlink: /home/federico/dev_ws/install/more_interfaces/share/more_interfaces/environment/path.sh
[1.410s] -- Up-to-date symlink: /home/federico/dev_ws/install/more_interfaces/share/more_interfaces/environment/path.dsv
[1.411s] -- Up-to-date symlink: /home/federico/dev_ws/install/more_interfaces/share/more_interfaces/local_setup.bash
[1.412s] -- Up-to-date symlink: /home/federico/dev_ws/install/more_interfaces/share/more_interfaces/local_setup.sh
[1.412s] -- Up-to-date symlink: /home/federico/dev_ws/install/more_interfaces/share/more_interfaces/local_setup.zsh
[1.412s] -- Up-to-date symlink: /home/federico/dev_ws/install/more_interfaces/share/more_interfaces/local_setup.dsv
[1.413s] -- Symlinking: /home/federico/dev_ws/install/more_interfaces/share/more_interfaces/package.dsv
[1.426s] -- Up-to-date symlink: /home/federico/dev_ws/install/more_interfaces/share/ament_index/resource_index/packages/more_interfaces
[1.428s] -- Up-to-date symlink: /home/federico/dev_ws/install/more_interfaces/share/more_interfaces/cmake/rosidl_cmake-extras.cmake
[1.429s] -- Up-to-date symlink: /home/federico/dev_ws/install/more_interfaces/share/more_interfaces/cmake/ament_cmake_export_dependencies-extras.cmake
[1.430s] -- Up-to-date symlink: /home/federico/dev_ws/install/more_interfaces/share/more_interfaces/cmake/ament_cmake_export_libraries-extras.cmake
[1.430s] -- Up-to-date symlink: /home/federico/dev_ws/install/more_interfaces/share/more_interfaces/cmake/ament_cmake_export_targets-extras.cmake
[1.430s] -- Up-to-date symlink: /home/federico/dev_ws/install/more_interfaces/share/more_interfaces/cmake/ament_cmake_export_include_directories-extras.cmake
[1.430s] -- Up-to-date symlink: /home/federico/dev_ws/install/more_interfaces/share/more_interfaces/cmake/rosidl_cmake_export_typesupport_libraries-extras.cmake
[1.430s] -- Up-to-date symlink: /home/federico/dev_ws/install/more_interfaces/share/more_interfaces/cmake/rosidl_cmake_export_typesupport_targets-extras.cmake
[1.430s] -- Up-to-date symlink: /home/federico/dev_ws/install/more_interfaces/share/more_interfaces/cmake/more_interfacesConfig.cmake
[1.430s] -- Up-to-date symlink: /home/federico/dev_ws/install/more_interfaces/share/more_interfaces/cmake/more_interfacesConfig-version.cmake
[1.431s] -- Up-to-date symlink: /home/federico/dev_ws/install/more_interfaces/share/more_interfaces/package.xml
[1.431s] -- Up-to-date: /home/federico/dev_ws/install/more_interfaces/lib/libmore_interfaces__rosidl_generator_c.so
[1.431s] -- Up-to-date: /home/federico/dev_ws/install/more_interfaces/lib/libmore_interfaces__rosidl_typesupport_introspection_c.so
[1.432s] -- Up-to-date: /home/federico/dev_ws/install/more_interfaces/lib/libmore_interfaces__rosidl_typesupport_c.so
[1.432s] -- Up-to-date: /home/federico/dev_ws/install/more_interfaces/lib/libmore_interfaces__rosidl_typesupport_introspection_cpp.so
[1.433s] -- Up-to-date: /home/federico/dev_ws/install/more_interfaces/lib/libmore_interfaces__rosidl_typesupport_cpp.so
[1.468s] -- Up-to-date: /home/federico/dev_ws/install/more_interfaces/share/more_interfaces/cmake/more_interfaces__rosidl_generator_cExport.cmake
[1.468s] -- Up-to-date: /home/federico/dev_ws/install/more_interfaces/share/more_interfaces/cmake/more_interfaces__rosidl_generator_cExport-noconfig.cmake
[1.469s] -- Up-to-date: /home/federico/dev_ws/install/more_interfaces/share/more_interfaces/cmake/more_interfaces__rosidl_typesupport_introspection_cExport.cmake
[1.469s] -- Up-to-date: /home/federico/dev_ws/install/more_interfaces/share/more_interfaces/cmake/more_interfaces__rosidl_typesupport_introspection_cExport-noconfig.cmake
[1.469s] -- Up-to-date: /home/federico/dev_ws/install/more_interfaces/share/more_interfaces/cmake/more_interfaces__rosidl_typesupport_cExport.cmake
[1.470s] -- Up-to-date: /home/federico/dev_ws/install/more_interfaces/share/more_interfaces/cmake/more_interfaces__rosidl_typesupport_cExport-noconfig.cmake
[1.470s] -- Up-to-date: /home/federico/dev_ws/install/more_interfaces/share/more_interfaces/cmake/more_interfaces__rosidl_generator_cppExport.cmake
[1.471s] -- Up-to-date: /home/federico/dev_ws/install/more_interfaces/share/more_interfaces/cmake/more_interfaces__rosidl_typesupport_introspection_cppExport.cmake
[1.471s] -- Up-to-date: /home/federico/dev_ws/install/more_interfaces/share/more_interfaces/cmake/more_interfaces__rosidl_typesupport_introspection_cppExport-noconfig.cmake
[1.474s] -- Up-to-date: /home/federico/dev_ws/install/more_interfaces/share/more_interfaces/cmake/more_interfaces__rosidl_typesupport_cppExport.cmake
[1.475s] -- Up-to-date: /home/federico/dev_ws/install/more_interfaces/share/more_interfaces/cmake/more_interfaces__rosidl_typesupport_cppExport-noconfig.cmake
[1.479s] Invoked command in '/home/federico/dev_ws/build/more_interfaces' returned '0': CMAKE_PREFIX_PATH=/opt/ros/galactic /usr/bin/cmake --install /home/federico/dev_ws/build/more_interfaces
