[0.431s] DEBUG:colcon:Command line arguments: ['/usr/bin/colcon', 'build', '--packages-select', 'py_pubsub']
[0.431s] DEBUG:colcon:Parsed command line arguments: Namespace(allow_overriding=[], ament_cmake_args=None, base_paths=['.'], build_base='build', catkin_cmake_args=None, catkin_skip_building_tests=False, cmake_args=None, cmake_clean_cache=False, cmake_clean_first=False, cmake_force_configure=False, cmake_target=None, cmake_target_skip_unavailable=False, continue_on_error=False, event_handlers=None, executor='parallel', ignore_user_meta=False, install_base='install', log_base=None, log_level=None, main=<bound method BuildVerb.main of <colcon_core.verb.build.BuildVerb object at 0x7f1aef311eb0>>, merge_install=False, metas=['./colcon.meta'], packages_above=None, packages_above_and_dependencies=None, packages_above_depth=None, packages_end=None, packages_ignore=None, packages_ignore_regex=None, packages_select=['py_pubsub'], packages_select_build_failed=False, packages_select_by_dep=None, packages_select_regex=None, packages_select_test_failures=False, packages_skip=None, packages_skip_build_finished=False, packages_skip_by_dep=None, packages_skip_regex=None, packages_skip_test_passed=False, packages_skip_up_to=None, packages_start=None, packages_up_to=None, packages_up_to_regex=None, parallel_workers=12, paths=None, symlink_install=False, test_result_base=None, verb_extension=<colcon_core.verb.build.BuildVerb object at 0x7f1aef311eb0>, verb_name='build', verb_parser=<colcon_defaults.argument_parser.defaults.DefaultArgumentsDecorator object at 0x7f1aef3dbc10>)
[0.518s] Level 1:colcon.colcon_core.package_discovery:discover_packages(colcon_meta) check parameters
[0.518s] Level 1:colcon.colcon_core.package_discovery:discover_packages(recursive) check parameters
[0.518s] Level 1:colcon.colcon_core.package_discovery:discover_packages(ignore) check parameters
[0.519s] Level 1:colcon.colcon_core.package_discovery:discover_packages(path) check parameters
[0.519s] Level 1:colcon.colcon_core.package_discovery:discover_packages(colcon_meta) discover
[0.519s] Level 1:colcon.colcon_core.package_discovery:discover_packages(recursive) discover
[0.519s] INFO:colcon.colcon_core.package_discovery:Crawling recursively for packages in '/home/federico/dev_ws'
[0.519s] Level 1:colcon.colcon_core.package_identification:_identify(.) by extensions ['ignore', 'ignore_ament_install']
[0.519s] Level 1:colcon.colcon_core.package_identification:_identify(.) by extension 'ignore'
[0.519s] Level 1:colcon.colcon_core.package_identification:_identify(.) by extension 'ignore_ament_install'
[0.519s] Level 1:colcon.colcon_core.package_identification:_identify(.) by extensions ['colcon_pkg']
[0.519s] Level 1:colcon.colcon_core.package_identification:_identify(.) by extension 'colcon_pkg'
[0.519s] Level 1:colcon.colcon_core.package_identification:_identify(.) by extensions ['colcon_meta']
[0.519s] Level 1:colcon.colcon_core.package_identification:_identify(.) by extension 'colcon_meta'
[0.520s] Level 1:colcon.colcon_core.package_identification:_identify(.) by extensions ['ros']
[0.520s] Level 1:colcon.colcon_core.package_identification:_identify(.) by extension 'ros'
[0.536s] Level 1:colcon.colcon_core.package_identification:_identify(.) by extensions ['cmake', 'python']
[0.537s] Level 1:colcon.colcon_core.package_identification:_identify(.) by extension 'cmake'
[0.537s] Level 1:colcon.colcon_core.package_identification:_identify(.) by extension 'python'
[0.537s] Level 1:colcon.colcon_core.package_identification:_identify(.) by extensions ['python_setup_py']
[0.537s] Level 1:colcon.colcon_core.package_identification:_identify(.) by extension 'python_setup_py'
[0.537s] Level 1:colcon.colcon_core.package_identification:_identify(build) by extensions ['ignore', 'ignore_ament_install']
[0.537s] Level 1:colcon.colcon_core.package_identification:_identify(build) by extension 'ignore'
[0.537s] Level 1:colcon.colcon_core.package_identification:_identify(build) ignored
[0.538s] Level 1:colcon.colcon_core.package_identification:_identify(install) by extensions ['ignore', 'ignore_ament_install']
[0.538s] Level 1:colcon.colcon_core.package_identification:_identify(install) by extension 'ignore'
[0.538s] Level 1:colcon.colcon_core.package_identification:_identify(install) ignored
[0.538s] Level 1:colcon.colcon_core.package_identification:_identify(log) by extensions ['ignore', 'ignore_ament_install']
[0.538s] Level 1:colcon.colcon_core.package_identification:_identify(log) by extension 'ignore'
[0.538s] Level 1:colcon.colcon_core.package_identification:_identify(log) ignored
[0.538s] Level 1:colcon.colcon_core.package_identification:_identify(src) by extensions ['ignore', 'ignore_ament_install']
[0.538s] Level 1:colcon.colcon_core.package_identification:_identify(src) by extension 'ignore'
[0.539s] Level 1:colcon.colcon_core.package_identification:_identify(src) by extension 'ignore_ament_install'
[0.539s] Level 1:colcon.colcon_core.package_identification:_identify(src) by extensions ['colcon_pkg']
[0.539s] Level 1:colcon.colcon_core.package_identification:_identify(src) by extension 'colcon_pkg'
[0.539s] Level 1:colcon.colcon_core.package_identification:_identify(src) by extensions ['colcon_meta']
[0.539s] Level 1:colcon.colcon_core.package_identification:_identify(src) by extension 'colcon_meta'
[0.539s] Level 1:colcon.colcon_core.package_identification:_identify(src) by extensions ['ros']
[0.539s] Level 1:colcon.colcon_core.package_identification:_identify(src) by extension 'ros'
[0.539s] Level 1:colcon.colcon_core.package_identification:_identify(src) by extensions ['cmake', 'python']
[0.539s] Level 1:colcon.colcon_core.package_identification:_identify(src) by extension 'cmake'
[0.539s] Level 1:colcon.colcon_core.package_identification:_identify(src) by extension 'python'
[0.539s] Level 1:colcon.colcon_core.package_identification:_identify(src) by extensions ['python_setup_py']
[0.539s] Level 1:colcon.colcon_core.package_identification:_identify(src) by extension 'python_setup_py'
[0.540s] Level 1:colcon.colcon_core.package_identification:_identify(src/my_package) by extensions ['ignore', 'ignore_ament_install']
[0.540s] Level 1:colcon.colcon_core.package_identification:_identify(src/my_package) by extension 'ignore'
[0.540s] Level 1:colcon.colcon_core.package_identification:_identify(src/my_package) by extension 'ignore_ament_install'
[0.540s] Level 1:colcon.colcon_core.package_identification:_identify(src/my_package) by extensions ['colcon_pkg']
[0.540s] Level 1:colcon.colcon_core.package_identification:_identify(src/my_package) by extension 'colcon_pkg'
[0.540s] Level 1:colcon.colcon_core.package_identification:_identify(src/my_package) by extensions ['colcon_meta']
[0.540s] Level 1:colcon.colcon_core.package_identification:_identify(src/my_package) by extension 'colcon_meta'
[0.540s] Level 1:colcon.colcon_core.package_identification:_identify(src/my_package) by extensions ['ros']
[0.540s] Level 1:colcon.colcon_core.package_identification:_identify(src/my_package) by extension 'ros'
[0.544s] DEBUG:colcon.colcon_core.package_identification:Package 'src/my_package' with type 'ros.ament_python' and name 'my_package'
[0.544s] Level 1:colcon.colcon_core.package_identification:_identify(src/py_pubsub) by extensions ['ignore', 'ignore_ament_install']
[0.544s] Level 1:colcon.colcon_core.package_identification:_identify(src/py_pubsub) by extension 'ignore'
[0.544s] Level 1:colcon.colcon_core.package_identification:_identify(src/py_pubsub) by extension 'ignore_ament_install'
[0.544s] Level 1:colcon.colcon_core.package_identification:_identify(src/py_pubsub) by extensions ['colcon_pkg']
[0.544s] Level 1:colcon.colcon_core.package_identification:_identify(src/py_pubsub) by extension 'colcon_pkg'
[0.544s] Level 1:colcon.colcon_core.package_identification:_identify(src/py_pubsub) by extensions ['colcon_meta']
[0.544s] Level 1:colcon.colcon_core.package_identification:_identify(src/py_pubsub) by extension 'colcon_meta'
[0.545s] Level 1:colcon.colcon_core.package_identification:_identify(src/py_pubsub) by extensions ['ros']
[0.545s] Level 1:colcon.colcon_core.package_identification:_identify(src/py_pubsub) by extension 'ros'
[0.545s] DEBUG:colcon.colcon_core.package_identification:Package 'src/py_pubsub' with type 'ros.ament_python' and name 'py_pubsub'
[0.545s] Level 1:colcon.colcon_core.package_identification:_identify(src/py_srvcli) by extensions ['ignore', 'ignore_ament_install']
[0.546s] Level 1:colcon.colcon_core.package_identification:_identify(src/py_srvcli) by extension 'ignore'
[0.546s] Level 1:colcon.colcon_core.package_identification:_identify(src/py_srvcli) by extension 'ignore_ament_install'
[0.546s] Level 1:colcon.colcon_core.package_identification:_identify(src/py_srvcli) by extensions ['colcon_pkg']
[0.546s] Level 1:colcon.colcon_core.package_identification:_identify(src/py_srvcli) by extension 'colcon_pkg'
[0.546s] Level 1:colcon.colcon_core.package_identification:_identify(src/py_srvcli) by extensions ['colcon_meta']
[0.546s] Level 1:colcon.colcon_core.package_identification:_identify(src/py_srvcli) by extension 'colcon_meta'
[0.546s] Level 1:colcon.colcon_core.package_identification:_identify(src/py_srvcli) by extensions ['ros']
[0.546s] Level 1:colcon.colcon_core.package_identification:_identify(src/py_srvcli) by extension 'ros'
[0.547s] DEBUG:colcon.colcon_core.package_identification:Package 'src/py_srvcli' with type 'ros.ament_python' and name 'py_srvcli'
[0.547s] Level 1:colcon.colcon_core.package_identification:_identify(src/ros_tutorials) by extensions ['ignore', 'ignore_ament_install']
[0.547s] Level 1:colcon.colcon_core.package_identification:_identify(src/ros_tutorials) by extension 'ignore'
[0.547s] Level 1:colcon.colcon_core.package_identification:_identify(src/ros_tutorials) by extension 'ignore_ament_install'
[0.548s] Level 1:colcon.colcon_core.package_identification:_identify(src/ros_tutorials) by extensions ['colcon_pkg']
[0.548s] Level 1:colcon.colcon_core.package_identification:_identify(src/ros_tutorials) by extension 'colcon_pkg'
[0.548s] Level 1:colcon.colcon_core.package_identification:_identify(src/ros_tutorials) by extensions ['colcon_meta']
[0.548s] Level 1:colcon.colcon_core.package_identification:_identify(src/ros_tutorials) by extension 'colcon_meta'
[0.548s] Level 1:colcon.colcon_core.package_identification:_identify(src/ros_tutorials) by extensions ['ros']
[0.548s] Level 1:colcon.colcon_core.package_identification:_identify(src/ros_tutorials) by extension 'ros'
[0.548s] Level 1:colcon.colcon_core.package_identification:_identify(src/ros_tutorials) by extensions ['cmake', 'python']
[0.548s] Level 1:colcon.colcon_core.package_identification:_identify(src/ros_tutorials) by extension 'cmake'
[0.548s] Level 1:colcon.colcon_core.package_identification:_identify(src/ros_tutorials) by extension 'python'
[0.548s] Level 1:colcon.colcon_core.package_identification:_identify(src/ros_tutorials) by extensions ['python_setup_py']
[0.548s] Level 1:colcon.colcon_core.package_identification:_identify(src/ros_tutorials) by extension 'python_setup_py'
[0.548s] Level 1:colcon.colcon_core.package_identification:_identify(src/ros_tutorials/ros_tutorials) by extensions ['ignore', 'ignore_ament_install']
[0.549s] Level 1:colcon.colcon_core.package_identification:_identify(src/ros_tutorials/ros_tutorials) by extension 'ignore'
[0.549s] Level 1:colcon.colcon_core.package_identification:_identify(src/ros_tutorials/ros_tutorials) ignored
[0.549s] Level 1:colcon.colcon_core.package_identification:_identify(src/ros_tutorials/roscpp_tutorials) by extensions ['ignore', 'ignore_ament_install']
[0.549s] Level 1:colcon.colcon_core.package_identification:_identify(src/ros_tutorials/roscpp_tutorials) by extension 'ignore'
[0.549s] Level 1:colcon.colcon_core.package_identification:_identify(src/ros_tutorials/roscpp_tutorials) ignored
[0.549s] Level 1:colcon.colcon_core.package_identification:_identify(src/ros_tutorials/rospy_tutorials) by extensions ['ignore', 'ignore_ament_install']
[0.549s] Level 1:colcon.colcon_core.package_identification:_identify(src/ros_tutorials/rospy_tutorials) by extension 'ignore'
[0.549s] Level 1:colcon.colcon_core.package_identification:_identify(src/ros_tutorials/rospy_tutorials) ignored
[0.550s] Level 1:colcon.colcon_core.package_identification:_identify(src/ros_tutorials/turtlesim) by extensions ['ignore', 'ignore_ament_install']
[0.550s] Level 1:colcon.colcon_core.package_identification:_identify(src/ros_tutorials/turtlesim) by extension 'ignore'
[0.550s] Level 1:colcon.colcon_core.package_identification:_identify(src/ros_tutorials/turtlesim) by extension 'ignore_ament_install'
[0.550s] Level 1:colcon.colcon_core.package_identification:_identify(src/ros_tutorials/turtlesim) by extensions ['colcon_pkg']
[0.550s] Level 1:colcon.colcon_core.package_identification:_identify(src/ros_tutorials/turtlesim) by extension 'colcon_pkg'
[0.550s] Level 1:colcon.colcon_core.package_identification:_identify(src/ros_tutorials/turtlesim) by extensions ['colcon_meta']
[0.550s] Level 1:colcon.colcon_core.package_identification:_identify(src/ros_tutorials/turtlesim) by extension 'colcon_meta'
[0.550s] Level 1:colcon.colcon_core.package_identification:_identify(src/ros_tutorials/turtlesim) by extensions ['ros']
[0.550s] Level 1:colcon.colcon_core.package_identification:_identify(src/ros_tutorials/turtlesim) by extension 'ros'
[0.552s] DEBUG:colcon.colcon_core.package_identification:Package 'src/ros_tutorials/turtlesim' with type 'ros.ament_cmake' and name 'turtlesim'
[0.552s] Level 1:colcon.colcon_core.package_identification:_identify(src/tutorial_interfaces) by extensions ['ignore', 'ignore_ament_install']
[0.552s] Level 1:colcon.colcon_core.package_identification:_identify(src/tutorial_interfaces) by extension 'ignore'
[0.552s] Level 1:colcon.colcon_core.package_identification:_identify(src/tutorial_interfaces) by extension 'ignore_ament_install'
[0.553s] Level 1:colcon.colcon_core.package_identification:_identify(src/tutorial_interfaces) by extensions ['colcon_pkg']
[0.553s] Level 1:colcon.colcon_core.package_identification:_identify(src/tutorial_interfaces) by extension 'colcon_pkg'
[0.553s] Level 1:colcon.colcon_core.package_identification:_identify(src/tutorial_interfaces) by extensions ['colcon_meta']
[0.553s] Level 1:colcon.colcon_core.package_identification:_identify(src/tutorial_interfaces) by extension 'colcon_meta'
[0.553s] Level 1:colcon.colcon_core.package_identification:_identify(src/tutorial_interfaces) by extensions ['ros']
[0.553s] Level 1:colcon.colcon_core.package_identification:_identify(src/tutorial_interfaces) by extension 'ros'
[0.554s] DEBUG:colcon.colcon_core.package_identification:Package 'src/tutorial_interfaces' with type 'ros.ament_cmake' and name 'tutorial_interfaces'
[0.554s] Level 1:colcon.colcon_core.package_discovery:discover_packages(recursive) using defaults
[0.554s] Level 1:colcon.colcon_core.package_discovery:discover_packages(ignore) discover
[0.554s] Level 1:colcon.colcon_core.package_discovery:discover_packages(ignore) using defaults
[0.554s] Level 1:colcon.colcon_core.package_discovery:discover_packages(path) discover
[0.554s] Level 1:colcon.colcon_core.package_discovery:discover_packages(path) using defaults
[0.585s] INFO:colcon.colcon_core.package_selection:Skipping not selected package 'my_package' in 'src/my_package'
[0.585s] INFO:colcon.colcon_core.package_selection:Skipping not selected package 'py_srvcli' in 'src/py_srvcli'
[0.586s] INFO:colcon.colcon_core.package_selection:Skipping not selected package 'turtlesim' in 'src/ros_tutorials/turtlesim'
[0.586s] INFO:colcon.colcon_core.package_selection:Skipping not selected package 'tutorial_interfaces' in 'src/tutorial_interfaces'
[0.587s] Level 1:colcon.colcon_core.package_discovery:discover_packages(prefix_path) check parameters
[0.587s] Level 1:colcon.colcon_core.package_discovery:discover_packages(prefix_path) discover
[0.590s] DEBUG:colcon.colcon_installed_package_information.package_discovery:Found 5 installed packages in /home/federico/dev_ws/install
[0.592s] DEBUG:colcon.colcon_installed_package_information.package_discovery:Found 278 installed packages in /opt/ros/galactic
[0.595s] Level 1:colcon.colcon_core.package_discovery:discover_packages(prefix_path) using defaults
[0.726s] Level 5:colcon.colcon_core.verb:set package 'py_pubsub' build argument 'cmake_args' from command line to 'None'
[0.726s] Level 5:colcon.colcon_core.verb:set package 'py_pubsub' build argument 'cmake_target' from command line to 'None'
[0.726s] Level 5:colcon.colcon_core.verb:set package 'py_pubsub' build argument 'cmake_target_skip_unavailable' from command line to 'False'
[0.726s] Level 5:colcon.colcon_core.verb:set package 'py_pubsub' build argument 'cmake_clean_cache' from command line to 'False'
[0.726s] Level 5:colcon.colcon_core.verb:set package 'py_pubsub' build argument 'cmake_clean_first' from command line to 'False'
[0.726s] Level 5:colcon.colcon_core.verb:set package 'py_pubsub' build argument 'cmake_force_configure' from command line to 'False'
[0.726s] Level 5:colcon.colcon_core.verb:set package 'py_pubsub' build argument 'ament_cmake_args' from command line to 'None'
[0.726s] Level 5:colcon.colcon_core.verb:set package 'py_pubsub' build argument 'catkin_cmake_args' from command line to 'None'
[0.726s] Level 5:colcon.colcon_core.verb:set package 'py_pubsub' build argument 'catkin_skip_building_tests' from command line to 'False'
[0.726s] DEBUG:colcon.colcon_core.verb:Building package 'py_pubsub' with the following arguments: {'ament_cmake_args': None, 'build_base': '/home/federico/dev_ws/build/py_pubsub', 'catkin_cmake_args': None, 'catkin_skip_building_tests': False, 'cmake_args': None, 'cmake_clean_cache': False, 'cmake_clean_first': False, 'cmake_force_configure': False, 'cmake_target': None, 'cmake_target_skip_unavailable': False, 'install_base': '/home/federico/dev_ws/install/py_pubsub', 'merge_install': False, 'path': '/home/federico/dev_ws/src/py_pubsub', 'symlink_install': False, 'test_result_base': None}
[0.727s] INFO:colcon.colcon_core.executor:Executing jobs using 'parallel' executor
[0.730s] DEBUG:colcon.colcon_parallel_executor.executor.parallel:run_until_complete
[0.730s] INFO:colcon.colcon_ros.task.ament_python.build:Building ROS package in '/home/federico/dev_ws/src/py_pubsub' with build type 'ament_python'
[0.730s] Level 1:colcon.colcon_core.shell:create_environment_hook('py_pubsub', 'ament_prefix_path')
[0.736s] INFO:colcon.colcon_core.plugin_system:Skipping extension 'colcon_core.shell.bat': Not used on non-Windows systems
[0.736s] INFO:colcon.colcon_core.shell:Creating environment hook '/home/federico/dev_ws/install/py_pubsub/share/py_pubsub/hook/ament_prefix_path.ps1'
[0.737s] INFO:colcon.colcon_core.shell:Creating environment descriptor '/home/federico/dev_ws/install/py_pubsub/share/py_pubsub/hook/ament_prefix_path.dsv'
[0.737s] INFO:colcon.colcon_core.shell:Creating environment hook '/home/federico/dev_ws/install/py_pubsub/share/py_pubsub/hook/ament_prefix_path.sh'
[0.739s] INFO:colcon.colcon_core.shell:Skip shell extension 'powershell' for command environment: Not usable outside of PowerShell
[0.739s] DEBUG:colcon.colcon_core.shell:Skip shell extension 'dsv' for command environment
[1.893s] INFO:colcon.colcon_core.task.python.build:Building Python package in '/home/federico/dev_ws/src/py_pubsub'
[1.895s] INFO:colcon.colcon_core.shell:Skip shell extension 'powershell' for command environment: Not usable outside of PowerShell
[1.895s] DEBUG:colcon.colcon_core.shell:Skip shell extension 'dsv' for command environment
[3.515s] DEBUG:colcon.colcon_core.event_handler.log_command:Invoking command in '/home/federico/dev_ws/src/py_pubsub': PYTHONPATH=/home/federico/dev_ws/install/py_pubsub/lib/python3.8/site-packages:${PYTHONPATH} /usr/bin/python3 setup.py egg_info --egg-base ../../build/py_pubsub build --build-base /home/federico/dev_ws/build/py_pubsub/build install --prefix /home/federico/dev_ws/install/py_pubsub --record /home/federico/dev_ws/build/py_pubsub/install.log --single-version-externally-managed
[6.119s] DEBUG:colcon.colcon_core.event_handler.log_command:Invoked command in '/home/federico/dev_ws/src/py_pubsub' returned '0': PYTHONPATH=/home/federico/dev_ws/install/py_pubsub/lib/python3.8/site-packages:${PYTHONPATH} /usr/bin/python3 setup.py egg_info --egg-base ../../build/py_pubsub build --build-base /home/federico/dev_ws/build/py_pubsub/build install --prefix /home/federico/dev_ws/install/py_pubsub --record /home/federico/dev_ws/build/py_pubsub/install.log --single-version-externally-managed
[6.125s] Level 1:colcon.colcon_core.environment:checking '/home/federico/dev_ws/install/py_pubsub' for CMake module files
[6.125s] Level 1:colcon.colcon_core.environment:checking '/home/federico/dev_ws/install/py_pubsub' for CMake config files
[6.126s] Level 1:colcon.colcon_core.environment:checking '/home/federico/dev_ws/install/py_pubsub/lib'
[6.126s] Level 1:colcon.colcon_core.environment:checking '/home/federico/dev_ws/install/py_pubsub/bin'
[6.127s] Level 1:colcon.colcon_core.environment:checking '/home/federico/dev_ws/install/py_pubsub/lib/pkgconfig/py_pubsub.pc'
[6.127s] Level 1:colcon.colcon_core.environment:checking '/home/federico/dev_ws/install/py_pubsub/lib/python3.8/site-packages'
[6.127s] Level 1:colcon.colcon_core.shell:create_environment_hook('py_pubsub', 'pythonpath')
[6.128s] INFO:colcon.colcon_core.shell:Creating environment hook '/home/federico/dev_ws/install/py_pubsub/share/py_pubsub/hook/pythonpath.ps1'
[6.129s] INFO:colcon.colcon_core.shell:Creating environment descriptor '/home/federico/dev_ws/install/py_pubsub/share/py_pubsub/hook/pythonpath.dsv'
[6.129s] INFO:colcon.colcon_core.shell:Creating environment hook '/home/federico/dev_ws/install/py_pubsub/share/py_pubsub/hook/pythonpath.sh'
[6.130s] Level 1:colcon.colcon_core.environment:create_environment_scripts_only(py_pubsub)
[6.130s] INFO:colcon.colcon_core.shell:Creating package script '/home/federico/dev_ws/install/py_pubsub/share/py_pubsub/package.ps1'
[6.132s] INFO:colcon.colcon_core.shell:Creating package descriptor '/home/federico/dev_ws/install/py_pubsub/share/py_pubsub/package.dsv'
[6.132s] INFO:colcon.colcon_core.shell:Creating package script '/home/federico/dev_ws/install/py_pubsub/share/py_pubsub/package.sh'
[6.134s] INFO:colcon.colcon_core.shell:Creating package script '/home/federico/dev_ws/install/py_pubsub/share/py_pubsub/package.bash'
[6.135s] INFO:colcon.colcon_core.shell:Creating package script '/home/federico/dev_ws/install/py_pubsub/share/py_pubsub/package.zsh'
[6.136s] Level 1:colcon.colcon_core.environment:create_file_with_runtime_dependencies(/home/federico/dev_ws/install/py_pubsub/share/colcon-core/packages/py_pubsub)
[6.136s] DEBUG:colcon.colcon_parallel_executor.executor.parallel:closing loop
[6.137s] DEBUG:colcon.colcon_parallel_executor.executor.parallel:loop closed
[6.137s] DEBUG:colcon.colcon_parallel_executor.executor.parallel:run_until_complete finished with '0'
[6.137s] DEBUG:colcon.colcon_core.event_reactor:joining thread
[6.145s] INFO:colcon.colcon_core.plugin_system:Skipping extension 'colcon_notification.desktop_notification.terminal_notifier': Not used on non-Darwin systems
[6.146s] INFO:colcon.colcon_core.plugin_system:Skipping extension 'colcon_notification.desktop_notification.win32': Not used on non-Windows systems
[6.146s] INFO:colcon.colcon_notification.desktop_notification:Sending desktop notification using 'notify2'
[6.167s] DEBUG:colcon.colcon_core.event_reactor:joined thread
[6.168s] INFO:colcon.colcon_core.shell:Creating prefix script '/home/federico/dev_ws/install/local_setup.ps1'
[6.169s] INFO:colcon.colcon_core.shell:Creating prefix util module '/home/federico/dev_ws/install/_local_setup_util_ps1.py'
[6.171s] INFO:colcon.colcon_core.shell:Creating prefix chain script '/home/federico/dev_ws/install/setup.ps1'
[6.173s] INFO:colcon.colcon_core.shell:Creating prefix script '/home/federico/dev_ws/install/local_setup.sh'
[6.174s] INFO:colcon.colcon_core.shell:Creating prefix util module '/home/federico/dev_ws/install/_local_setup_util_sh.py'
[6.175s] INFO:colcon.colcon_core.shell:Creating prefix chain script '/home/federico/dev_ws/install/setup.sh'
[6.177s] INFO:colcon.colcon_core.shell:Creating prefix script '/home/federico/dev_ws/install/local_setup.bash'
[6.177s] INFO:colcon.colcon_core.shell:Creating prefix chain script '/home/federico/dev_ws/install/setup.bash'
[6.179s] INFO:colcon.colcon_core.shell:Creating prefix script '/home/federico/dev_ws/install/local_setup.zsh'
[6.180s] INFO:colcon.colcon_core.shell:Creating prefix chain script '/home/federico/dev_ws/install/setup.zsh'
