[0.127s] Invoking command in '/home/federico/dev_ws/build/more_interfaces': CMAKE_PREFIX_PATH=${CMAKE_PREFIX_PATH}:/home/federico/dev_ws/install/py_srvcli:/home/federico/dev_ws/install/py_pubsub:/home/federico/dev_ws/install/python_parameters:/home/federico/install/rqt_bag_plugins:/home/federico/install/rqt_bag:/home/federico/install/ros2bag:/home/federico/install/tracetools_launch:/home/federico/install/topic_monitor:/home/federico/install/tf2_tools:/home/federico/install/examples_tf2_py:/home/federico/install/tf2_ros_py:/home/federico/install/sros2:/home/federico/install/rqt_topic:/home/federico/install/rqt_top:/home/federico/install/rqt_srv:/home/federico/install/rqt_shell:/home/federico/install/rqt_service_caller:/home/federico/install/rqt_reconfigure:/home/federico/install/rqt_py_console:/home/federico/install/rqt_publisher:/home/federico/install/rqt_plot:/home/federico/install/rqt_action:/home/federico/install/rqt_msg:/home/federico/install/rqt_console:/home/federico/install/rqt:/home/federico/install/rqt_graph:/home/federico/install/rqt_gui_py:/home/federico/install/rqt_gui:/home/federico/install/ros2trace:/home/federico/install/ros2topic:/home/federico/install/ros2test:/home/federico/install/ros2component:/home/federico/install/ros2param:/home/federico/install/ros2lifecycle:/home/federico/install/ros2service:/home/federico/install/ros2run:/home/federico/install/ros2launch:/home/federico/install/ros2pkg:/home/federico/install/ros2node:/home/federico/install/ros2multicast:/home/federico/install/ros2interface:/home/federico/install/ros2doctor:/home/federico/install/ros2action:/home/federico/install/ros2cli:/home/federico/install/quality_of_service_demo_py:/home/federico/install/launch_testing_ros:/home/federico/install/launch_ros:/home/federico/install/examples_rclpy_pointcloud_publisher:/home/federico/install/examples_rclpy_minimal_subscriber:/home/federico/install/examples_rclpy_minimal_service:/home/federico/install/examples_rclpy_minimal_publisher:/home/federico/install/examples_rclpy_minimal_client:/home/federico/install/examples_rclpy_minimal_action_server:/home/federico/install/examples_rclpy_minimal_action_client:/home/federico/install/examples_rclpy_guard_conditions:/home/federico/install/examples_rclpy_executors:/home/federico/install/demo_nodes_py:/home/federico/install/action_tutorials_py:/home/federico/install/ament_uncrustify:/home/federico/install/tracetools_trace:/home/federico/install/tracetools_read:/home/federico/install/test_launch_ros:/home/federico/install/sensor_msgs_py:/home/federico/install/rpyutils:/home/federico/install/rosidl_runtime_py:/home/federico/install/rosidl_cli:/home/federico/install/launch_yaml:/home/federico/install/launch_xml:/home/federico/install/launch_testing:/home/federico/install/launch:/home/federico/install/osrf_pycommon:/home/federico/install/domain_coordinator:/home/federico/install/ament_xmllint:/home/federico/install/ament_pyflakes:/home/federico/install/ament_pycodestyle:/home/federico/install/ament_pep257:/home/federico/install/ament_pclint:/home/federico/install/ament_package:/home/federico/install/ament_mypy:/home/federico/install/ament_lint_cmake:/home/federico/install/ament_flake8:/home/federico/install/ament_copyright:/home/federico/install/ament_lint:/home/federico/install/ament_index_python:/home/federico/install/ament_cpplint:/home/federico/install/ament_cppcheck:/home/federico/install/ament_clang_tidy:/home/federico/install/ament_clang_format:/opt/ros/galactic /usr/bin/cmake --build /home/federico/dev_ws/build/more_interfaces -- -j12 -l12
[1.343s] [  9%] Built target more_interfaces__rosidl_generator_c
[1.343s] [ 12%] Built target more_interfaces__cpp
[1.343s] [ 21%] Built target more_interfaces__rosidl_typesupport_cpp
[1.343s] [ 30%] Built target more_interfaces__rosidl_typesupport_introspection_c
[1.343s] [ 39%] Built target more_interfaces__rosidl_typesupport_introspection_cpp
[1.344s] [ 48%] Built target more_interfaces__rosidl_typesupport_c
[1.345s] [ 57%] Built target more_interfaces__rosidl_typesupport_fastrtps_cpp
[1.346s] [ 66%] Built target more_interfaces__rosidl_typesupport_fastrtps_c
[1.347s] [ 66%] Built target more_interfaces
[1.348s] [ 69%] Built target more_interfaces__py
[1.349s] [ 75%] Built target publish_address_book
[1.349s] [ 81%] Built target more_interfaces__python
[1.349s] [ 87%] Built target more_interfaces__rosidl_typesupport_c__pyext
[1.349s] [ 93%] Built target more_interfaces__rosidl_typesupport_fastrtps_c__pyext
[1.350s] [100%] Built target more_interfaces__rosidl_typesupport_introspection_c__pyext
[1.351s] Invoked command in '/home/federico/dev_ws/build/more_interfaces' returned '0': CMAKE_PREFIX_PATH=${CMAKE_PREFIX_PATH}:/home/federico/dev_ws/install/py_srvcli:/home/federico/dev_ws/install/py_pubsub:/home/federico/dev_ws/install/python_parameters:/home/federico/install/rqt_bag_plugins:/home/federico/install/rqt_bag:/home/federico/install/ros2bag:/home/federico/install/tracetools_launch:/home/federico/install/topic_monitor:/home/federico/install/tf2_tools:/home/federico/install/examples_tf2_py:/home/federico/install/tf2_ros_py:/home/federico/install/sros2:/home/federico/install/rqt_topic:/home/federico/install/rqt_top:/home/federico/install/rqt_srv:/home/federico/install/rqt_shell:/home/federico/install/rqt_service_caller:/home/federico/install/rqt_reconfigure:/home/federico/install/rqt_py_console:/home/federico/install/rqt_publisher:/home/federico/install/rqt_plot:/home/federico/install/rqt_action:/home/federico/install/rqt_msg:/home/federico/install/rqt_console:/home/federico/install/rqt:/home/federico/install/rqt_graph:/home/federico/install/rqt_gui_py:/home/federico/install/rqt_gui:/home/federico/install/ros2trace:/home/federico/install/ros2topic:/home/federico/install/ros2test:/home/federico/install/ros2component:/home/federico/install/ros2param:/home/federico/install/ros2lifecycle:/home/federico/install/ros2service:/home/federico/install/ros2run:/home/federico/install/ros2launch:/home/federico/install/ros2pkg:/home/federico/install/ros2node:/home/federico/install/ros2multicast:/home/federico/install/ros2interface:/home/federico/install/ros2doctor:/home/federico/install/ros2action:/home/federico/install/ros2cli:/home/federico/install/quality_of_service_demo_py:/home/federico/install/launch_testing_ros:/home/federico/install/launch_ros:/home/federico/install/examples_rclpy_pointcloud_publisher:/home/federico/install/examples_rclpy_minimal_subscriber:/home/federico/install/examples_rclpy_minimal_service:/home/federico/install/examples_rclpy_minimal_publisher:/home/federico/install/examples_rclpy_minimal_client:/home/federico/install/examples_rclpy_minimal_action_server:/home/federico/install/examples_rclpy_minimal_action_client:/home/federico/install/examples_rclpy_guard_conditions:/home/federico/install/examples_rclpy_executors:/home/federico/install/demo_nodes_py:/home/federico/install/action_tutorials_py:/home/federico/install/ament_uncrustify:/home/federico/install/tracetools_trace:/home/federico/install/tracetools_read:/home/federico/install/test_launch_ros:/home/federico/install/sensor_msgs_py:/home/federico/install/rpyutils:/home/federico/install/rosidl_runtime_py:/home/federico/install/rosidl_cli:/home/federico/install/launch_yaml:/home/federico/install/launch_xml:/home/federico/install/launch_testing:/home/federico/install/launch:/home/federico/install/osrf_pycommon:/home/federico/install/domain_coordinator:/home/federico/install/ament_xmllint:/home/federico/install/ament_pyflakes:/home/federico/install/ament_pycodestyle:/home/federico/install/ament_pep257:/home/federico/install/ament_pclint:/home/federico/install/ament_package:/home/federico/install/ament_mypy:/home/federico/install/ament_lint_cmake:/home/federico/install/ament_flake8:/home/federico/install/ament_copyright:/home/federico/install/ament_lint:/home/federico/install/ament_index_python:/home/federico/install/ament_cpplint:/home/federico/install/ament_cppcheck:/home/federico/install/ament_clang_tidy:/home/federico/install/ament_clang_format:/opt/ros/galactic /usr/bin/cmake --build /home/federico/dev_ws/build/more_interfaces -- -j12 -l12
[1.568s] Invoking command in '/home/federico/dev_ws/build/more_interfaces': CMAKE_PREFIX_PATH=${CMAKE_PREFIX_PATH}:/home/federico/dev_ws/install/py_srvcli:/home/federico/dev_ws/install/py_pubsub:/home/federico/dev_ws/install/python_parameters:/home/federico/install/rqt_bag_plugins:/home/federico/install/rqt_bag:/home/federico/install/ros2bag:/home/federico/install/tracetools_launch:/home/federico/install/topic_monitor:/home/federico/install/tf2_tools:/home/federico/install/examples_tf2_py:/home/federico/install/tf2_ros_py:/home/federico/install/sros2:/home/federico/install/rqt_topic:/home/federico/install/rqt_top:/home/federico/install/rqt_srv:/home/federico/install/rqt_shell:/home/federico/install/rqt_service_caller:/home/federico/install/rqt_reconfigure:/home/federico/install/rqt_py_console:/home/federico/install/rqt_publisher:/home/federico/install/rqt_plot:/home/federico/install/rqt_action:/home/federico/install/rqt_msg:/home/federico/install/rqt_console:/home/federico/install/rqt:/home/federico/install/rqt_graph:/home/federico/install/rqt_gui_py:/home/federico/install/rqt_gui:/home/federico/install/ros2trace:/home/federico/install/ros2topic:/home/federico/install/ros2test:/home/federico/install/ros2component:/home/federico/install/ros2param:/home/federico/install/ros2lifecycle:/home/federico/install/ros2service:/home/federico/install/ros2run:/home/federico/install/ros2launch:/home/federico/install/ros2pkg:/home/federico/install/ros2node:/home/federico/install/ros2multicast:/home/federico/install/ros2interface:/home/federico/install/ros2doctor:/home/federico/install/ros2action:/home/federico/install/ros2cli:/home/federico/install/quality_of_service_demo_py:/home/federico/install/launch_testing_ros:/home/federico/install/launch_ros:/home/federico/install/examples_rclpy_pointcloud_publisher:/home/federico/install/examples_rclpy_minimal_subscriber:/home/federico/install/examples_rclpy_minimal_service:/home/federico/install/examples_rclpy_minimal_publisher:/home/federico/install/examples_rclpy_minimal_client:/home/federico/install/examples_rclpy_minimal_action_server:/home/federico/install/examples_rclpy_minimal_action_client:/home/federico/install/examples_rclpy_guard_conditions:/home/federico/install/examples_rclpy_executors:/home/federico/install/demo_nodes_py:/home/federico/install/action_tutorials_py:/home/federico/install/ament_uncrustify:/home/federico/install/tracetools_trace:/home/federico/install/tracetools_read:/home/federico/install/test_launch_ros:/home/federico/install/sensor_msgs_py:/home/federico/install/rpyutils:/home/federico/install/rosidl_runtime_py:/home/federico/install/rosidl_cli:/home/federico/install/launch_yaml:/home/federico/install/launch_xml:/home/federico/install/launch_testing:/home/federico/install/launch:/home/federico/install/osrf_pycommon:/home/federico/install/domain_coordinator:/home/federico/install/ament_xmllint:/home/federico/install/ament_pyflakes:/home/federico/install/ament_pycodestyle:/home/federico/install/ament_pep257:/home/federico/install/ament_pclint:/home/federico/install/ament_package:/home/federico/install/ament_mypy:/home/federico/install/ament_lint_cmake:/home/federico/install/ament_flake8:/home/federico/install/ament_copyright:/home/federico/install/ament_lint:/home/federico/install/ament_index_python:/home/federico/install/ament_cpplint:/home/federico/install/ament_cppcheck:/home/federico/install/ament_clang_tidy:/home/federico/install/ament_clang_format:/opt/ros/galactic /usr/bin/cmake --install /home/federico/dev_ws/build/more_interfaces
[1.598s] -- Install configuration: ""
[1.599s] -- Execute custom install script
[1.600s] -- Up-to-date symlink: /home/federico/dev_ws/install/more_interfaces/lib/more_interfaces/publish_address_book
[1.607s] -- Up-to-date symlink: /home/federico/dev_ws/install/more_interfaces/share/ament_index/resource_index/rosidl_interfaces/more_interfaces
[1.607s] -- Up-to-date symlink: /home/federico/dev_ws/install/more_interfaces/include/more_interfaces/msg/address_book.h
[1.607s] -- Up-to-date symlink: /home/federico/dev_ws/install/more_interfaces/include/more_interfaces/msg/detail/address_book__functions.h
[1.607s] -- Up-to-date symlink: /home/federico/dev_ws/install/more_interfaces/include/more_interfaces/msg/detail/address_book__struct.h
[1.607s] -- Up-to-date symlink: /home/federico/dev_ws/install/more_interfaces/include/more_interfaces/msg/detail/address_book__type_support.h
[1.607s] -- Up-to-date symlink: /home/federico/dev_ws/install/more_interfaces/include/more_interfaces/msg/rosidl_generator_c__visibility_control.h
[1.607s] -- Up-to-date symlink: /home/federico/dev_ws/install/more_interfaces/share/more_interfaces/environment/library_path.sh
[1.608s] -- Up-to-date symlink: /home/federico/dev_ws/install/more_interfaces/share/more_interfaces/environment/library_path.dsv
[1.608s] -- Up-to-date symlink: /home/federico/dev_ws/install/more_interfaces/include/more_interfaces/msg/detail/address_book__rosidl_typesupport_fastrtps_c.h
[1.608s] -- Up-to-date symlink: /home/federico/dev_ws/install/more_interfaces/include/more_interfaces/msg/rosidl_typesupport_fastrtps_c__visibility_control.h
[1.608s] -- Up-to-date symlink: /home/federico/dev_ws/install/more_interfaces/lib/libmore_interfaces__rosidl_typesupport_fastrtps_c.so
[1.609s] -- Up-to-date symlink: /home/federico/dev_ws/install/more_interfaces/include/more_interfaces/msg/detail/address_book__rosidl_typesupport_fastrtps_cpp.hpp
[1.609s] -- Up-to-date symlink: /home/federico/dev_ws/install/more_interfaces/include/more_interfaces/msg/rosidl_typesupport_fastrtps_cpp__visibility_control.h
[1.609s] -- Up-to-date symlink: /home/federico/dev_ws/install/more_interfaces/lib/libmore_interfaces__rosidl_typesupport_fastrtps_cpp.so
[1.609s] -- Up-to-date symlink: /home/federico/dev_ws/install/more_interfaces/include/more_interfaces/msg/detail/address_book__rosidl_typesupport_introspection_c.h
[1.609s] -- Up-to-date symlink: /home/federico/dev_ws/install/more_interfaces/include/more_interfaces/msg/rosidl_typesupport_introspection_c__visibility_control.h
[1.609s] -- Up-to-date symlink: /home/federico/dev_ws/install/more_interfaces/include/more_interfaces/msg/address_book.hpp
[1.610s] -- Up-to-date symlink: /home/federico/dev_ws/install/more_interfaces/include/more_interfaces/msg/detail/address_book__builder.hpp
[1.610s] -- Up-to-date symlink: /home/federico/dev_ws/install/more_interfaces/include/more_interfaces/msg/detail/address_book__struct.hpp
[1.610s] -- Up-to-date symlink: /home/federico/dev_ws/install/more_interfaces/include/more_interfaces/msg/detail/address_book__traits.hpp
[1.610s] -- Up-to-date symlink: /home/federico/dev_ws/install/more_interfaces/include/more_interfaces/msg/detail/address_book__rosidl_typesupport_introspection_cpp.hpp
[1.610s] -- Up-to-date symlink: /home/federico/dev_ws/install/more_interfaces/share/more_interfaces/environment/pythonpath.sh
[1.610s] -- Up-to-date symlink: /home/federico/dev_ws/install/more_interfaces/share/more_interfaces/environment/pythonpath.dsv
[1.612s] -- Up-to-date symlink: /home/federico/dev_ws/install/more_interfaces/lib/python3.8/site-packages/more_interfaces/__init__.py
[1.612s] -- Up-to-date symlink: /home/federico/dev_ws/install/more_interfaces/lib/python3.8/site-packages/more_interfaces/msg/__init__.py
[1.612s] -- Up-to-date symlink: /home/federico/dev_ws/install/more_interfaces/lib/python3.8/site-packages/more_interfaces/msg/_address_book.py
[1.613s] -- Up-to-date symlink: /home/federico/dev_ws/install/more_interfaces/lib/python3.8/site-packages/more_interfaces/more_interfaces_s__rosidl_typesupport_fastrtps_c.cpython-38-x86_64-linux-gnu.so
[1.613s] -- Up-to-date symlink: /home/federico/dev_ws/install/more_interfaces/lib/python3.8/site-packages/more_interfaces/more_interfaces_s__rosidl_typesupport_introspection_c.cpython-38-x86_64-linux-gnu.so
[1.614s] -- Up-to-date symlink: /home/federico/dev_ws/install/more_interfaces/lib/python3.8/site-packages/more_interfaces/more_interfaces_s__rosidl_typesupport_c.cpython-38-x86_64-linux-gnu.so
[1.615s] -- Up-to-date symlink: /home/federico/dev_ws/install/more_interfaces/lib/libmore_interfaces__python.so
[1.615s] -- Up-to-date symlink: /home/federico/dev_ws/install/more_interfaces/share/more_interfaces/msg/AddressBook.idl
[1.617s] -- Up-to-date symlink: /home/federico/dev_ws/install/more_interfaces/share/more_interfaces/msg/AddressBook.msg
[1.617s] -- Up-to-date symlink: /home/federico/dev_ws/install/more_interfaces/share/ament_index/resource_index/package_run_dependencies/more_interfaces
[1.618s] -- Up-to-date symlink: /home/federico/dev_ws/install/more_interfaces/share/ament_index/resource_index/parent_prefix_path/more_interfaces
[1.618s] -- Up-to-date symlink: /home/federico/dev_ws/install/more_interfaces/share/more_interfaces/environment/ament_prefix_path.sh
[1.618s] -- Up-to-date symlink: /home/federico/dev_ws/install/more_interfaces/share/more_interfaces/environment/ament_prefix_path.dsv
[1.619s] -- Up-to-date symlink: /home/federico/dev_ws/install/more_interfaces/share/more_interfaces/environment/path.sh
[1.619s] -- Up-to-date symlink: /home/federico/dev_ws/install/more_interfaces/share/more_interfaces/environment/path.dsv
[1.619s] -- Up-to-date symlink: /home/federico/dev_ws/install/more_interfaces/share/more_interfaces/local_setup.bash
[1.620s] -- Up-to-date symlink: /home/federico/dev_ws/install/more_interfaces/share/more_interfaces/local_setup.sh
[1.620s] -- Up-to-date symlink: /home/federico/dev_ws/install/more_interfaces/share/more_interfaces/local_setup.zsh
[1.620s] -- Up-to-date symlink: /home/federico/dev_ws/install/more_interfaces/share/more_interfaces/local_setup.dsv
[1.622s] -- Symlinking: /home/federico/dev_ws/install/more_interfaces/share/more_interfaces/package.dsv
[1.643s] -- Up-to-date symlink: /home/federico/dev_ws/install/more_interfaces/share/ament_index/resource_index/packages/more_interfaces
[1.644s] -- Up-to-date symlink: /home/federico/dev_ws/install/more_interfaces/share/more_interfaces/cmake/rosidl_cmake-extras.cmake
[1.644s] -- Up-to-date symlink: /home/federico/dev_ws/install/more_interfaces/share/more_interfaces/cmake/ament_cmake_export_dependencies-extras.cmake
[1.644s] -- Up-to-date symlink: /home/federico/dev_ws/install/more_interfaces/share/more_interfaces/cmake/ament_cmake_export_libraries-extras.cmake
[1.644s] -- Up-to-date symlink: /home/federico/dev_ws/install/more_interfaces/share/more_interfaces/cmake/ament_cmake_export_targets-extras.cmake
[1.645s] -- Up-to-date symlink: /home/federico/dev_ws/install/more_interfaces/share/more_interfaces/cmake/ament_cmake_export_include_directories-extras.cmake
[1.645s] -- Up-to-date symlink: /home/federico/dev_ws/install/more_interfaces/share/more_interfaces/cmake/rosidl_cmake_export_typesupport_libraries-extras.cmake
[1.646s] -- Up-to-date symlink: /home/federico/dev_ws/install/more_interfaces/share/more_interfaces/cmake/rosidl_cmake_export_typesupport_targets-extras.cmake
[1.646s] -- Up-to-date symlink: /home/federico/dev_ws/install/more_interfaces/share/more_interfaces/cmake/more_interfacesConfig.cmake
[1.647s] -- Up-to-date symlink: /home/federico/dev_ws/install/more_interfaces/share/more_interfaces/cmake/more_interfacesConfig-version.cmake
[1.647s] -- Up-to-date symlink: /home/federico/dev_ws/install/more_interfaces/share/more_interfaces/package.xml
[1.650s] -- Up-to-date: /home/federico/dev_ws/install/more_interfaces/lib/libmore_interfaces__rosidl_generator_c.so
[1.650s] -- Up-to-date: /home/federico/dev_ws/install/more_interfaces/lib/libmore_interfaces__rosidl_typesupport_introspection_c.so
[1.650s] -- Up-to-date: /home/federico/dev_ws/install/more_interfaces/lib/libmore_interfaces__rosidl_typesupport_c.so
[1.650s] -- Up-to-date: /home/federico/dev_ws/install/more_interfaces/lib/libmore_interfaces__rosidl_typesupport_introspection_cpp.so
[1.651s] -- Up-to-date: /home/federico/dev_ws/install/more_interfaces/lib/libmore_interfaces__rosidl_typesupport_cpp.so
[1.859s] -- Up-to-date: /home/federico/dev_ws/install/more_interfaces/share/more_interfaces/cmake/more_interfaces__rosidl_generator_cExport.cmake
[1.859s] -- Up-to-date: /home/federico/dev_ws/install/more_interfaces/share/more_interfaces/cmake/more_interfaces__rosidl_generator_cExport-noconfig.cmake
[1.859s] -- Up-to-date: /home/federico/dev_ws/install/more_interfaces/share/more_interfaces/cmake/more_interfaces__rosidl_typesupport_introspection_cExport.cmake
[1.859s] -- Up-to-date: /home/federico/dev_ws/install/more_interfaces/share/more_interfaces/cmake/more_interfaces__rosidl_typesupport_introspection_cExport-noconfig.cmake
[1.859s] -- Up-to-date: /home/federico/dev_ws/install/more_interfaces/share/more_interfaces/cmake/more_interfaces__rosidl_typesupport_cExport.cmake
[1.859s] -- Up-to-date: /home/federico/dev_ws/install/more_interfaces/share/more_interfaces/cmake/more_interfaces__rosidl_typesupport_cExport-noconfig.cmake
[1.860s] -- Up-to-date: /home/federico/dev_ws/install/more_interfaces/share/more_interfaces/cmake/more_interfaces__rosidl_generator_cppExport.cmake
[1.860s] -- Up-to-date: /home/federico/dev_ws/install/more_interfaces/share/more_interfaces/cmake/more_interfaces__rosidl_typesupport_introspection_cppExport.cmake
[1.860s] -- Up-to-date: /home/federico/dev_ws/install/more_interfaces/share/more_interfaces/cmake/more_interfaces__rosidl_typesupport_introspection_cppExport-noconfig.cmake
[1.861s] -- Up-to-date: /home/federico/dev_ws/install/more_interfaces/share/more_interfaces/cmake/more_interfaces__rosidl_typesupport_cppExport.cmake
[1.861s] -- Up-to-date: /home/federico/dev_ws/install/more_interfaces/share/more_interfaces/cmake/more_interfaces__rosidl_typesupport_cppExport-noconfig.cmake
[1.866s] Invoked command in '/home/federico/dev_ws/build/more_interfaces' returned '0': CMAKE_PREFIX_PATH=${CMAKE_PREFIX_PATH}:/home/federico/dev_ws/install/py_srvcli:/home/federico/dev_ws/install/py_pubsub:/home/federico/dev_ws/install/python_parameters:/home/federico/install/rqt_bag_plugins:/home/federico/install/rqt_bag:/home/federico/install/ros2bag:/home/federico/install/tracetools_launch:/home/federico/install/topic_monitor:/home/federico/install/tf2_tools:/home/federico/install/examples_tf2_py:/home/federico/install/tf2_ros_py:/home/federico/install/sros2:/home/federico/install/rqt_topic:/home/federico/install/rqt_top:/home/federico/install/rqt_srv:/home/federico/install/rqt_shell:/home/federico/install/rqt_service_caller:/home/federico/install/rqt_reconfigure:/home/federico/install/rqt_py_console:/home/federico/install/rqt_publisher:/home/federico/install/rqt_plot:/home/federico/install/rqt_action:/home/federico/install/rqt_msg:/home/federico/install/rqt_console:/home/federico/install/rqt:/home/federico/install/rqt_graph:/home/federico/install/rqt_gui_py:/home/federico/install/rqt_gui:/home/federico/install/ros2trace:/home/federico/install/ros2topic:/home/federico/install/ros2test:/home/federico/install/ros2component:/home/federico/install/ros2param:/home/federico/install/ros2lifecycle:/home/federico/install/ros2service:/home/federico/install/ros2run:/home/federico/install/ros2launch:/home/federico/install/ros2pkg:/home/federico/install/ros2node:/home/federico/install/ros2multicast:/home/federico/install/ros2interface:/home/federico/install/ros2doctor:/home/federico/install/ros2action:/home/federico/install/ros2cli:/home/federico/install/quality_of_service_demo_py:/home/federico/install/launch_testing_ros:/home/federico/install/launch_ros:/home/federico/install/examples_rclpy_pointcloud_publisher:/home/federico/install/examples_rclpy_minimal_subscriber:/home/federico/install/examples_rclpy_minimal_service:/home/federico/install/examples_rclpy_minimal_publisher:/home/federico/install/examples_rclpy_minimal_client:/home/federico/install/examples_rclpy_minimal_action_server:/home/federico/install/examples_rclpy_minimal_action_client:/home/federico/install/examples_rclpy_guard_conditions:/home/federico/install/examples_rclpy_executors:/home/federico/install/demo_nodes_py:/home/federico/install/action_tutorials_py:/home/federico/install/ament_uncrustify:/home/federico/install/tracetools_trace:/home/federico/install/tracetools_read:/home/federico/install/test_launch_ros:/home/federico/install/sensor_msgs_py:/home/federico/install/rpyutils:/home/federico/install/rosidl_runtime_py:/home/federico/install/rosidl_cli:/home/federico/install/launch_yaml:/home/federico/install/launch_xml:/home/federico/install/launch_testing:/home/federico/install/launch:/home/federico/install/osrf_pycommon:/home/federico/install/domain_coordinator:/home/federico/install/ament_xmllint:/home/federico/install/ament_pyflakes:/home/federico/install/ament_pycodestyle:/home/federico/install/ament_pep257:/home/federico/install/ament_pclint:/home/federico/install/ament_package:/home/federico/install/ament_mypy:/home/federico/install/ament_lint_cmake:/home/federico/install/ament_flake8:/home/federico/install/ament_copyright:/home/federico/install/ament_lint:/home/federico/install/ament_index_python:/home/federico/install/ament_cpplint:/home/federico/install/ament_cppcheck:/home/federico/install/ament_clang_tidy:/home/federico/install/ament_clang_format:/opt/ros/galactic /usr/bin/cmake --install /home/federico/dev_ws/build/more_interfaces
