[2.095s] Invoking command in '/home/federico/dev_ws/build/turtlesim': CMAKE_PREFIX_PATH=${CMAKE_PREFIX_PATH}:/home/federico/dev_ws/install/py_srvcli:/home/federico/dev_ws/install/py_pubsub:/home/federico/dev_ws/install/python_parameters:/opt/ros/galactic /usr/bin/cmake --build /home/federico/dev_ws/build/turtlesim -- -j12 -l12
[2.167s] -- Found ament_cmake: 1.1.5 (/opt/ros/galactic/share/ament_cmake/cmake)
[2.221s] -- Found PythonInterp: /usr/bin/python3 (found suitable version "3.8.10", minimum required is "3") 
[2.221s] -- Using PYTHON_EXECUTABLE: /usr/bin/python3
[2.336s] -- Override CMake install command with custom implementation using symlinks instead of copying resources
[2.348s] -- Found ament_index_cpp: 1.2.0 (/opt/ros/galactic/share/ament_index_cpp/cmake)
[2.353s] -- Found geometry_msgs: 2.2.4 (/opt/ros/galactic/share/geometry_msgs/cmake)
[2.392s] -- Using all available rosidl_typesupport_c: rosidl_typesupport_fastrtps_c;rosidl_typesupport_introspection_c
[2.399s] -- Found rosidl_adapter: 2.2.2 (/opt/ros/galactic/share/rosidl_adapter/cmake)
[2.618s] -- Using all available rosidl_typesupport_cpp: rosidl_typesupport_fastrtps_cpp;rosidl_typesupport_introspection_cpp
[2.793s] -- Found rclcpp: 9.2.1 (/opt/ros/galactic/share/rclcpp/cmake)
[2.841s] -- Found rmw_implementation_cmake: 3.3.1 (/opt/ros/galactic/share/rmw_implementation_cmake/cmake)
[2.843s] -- Found rmw_cyclonedds_cpp: 0.22.5 (/opt/ros/galactic/share/rmw_cyclonedds_cpp/cmake)
[2.866s] -- Using RMW implementation 'rmw_cyclonedds_cpp' as default
[3.007s] -- Found rclcpp_action: 9.2.1 (/opt/ros/galactic/share/rclcpp_action/cmake)
[3.113s] -- Found rosidl_default_generators: 1.1.1 (/opt/ros/galactic/share/rosidl_default_generators/cmake)
[3.134s] -- Found std_srvs: 2.2.4 (/opt/ros/galactic/share/std_srvs/cmake)
[3.200s] -- Found PythonInterp: /usr/bin/python3 (found version "3.8.10") 
[3.482s] -- Found ament_cmake_ros: 0.9.2 (/opt/ros/galactic/share/ament_cmake_ros/cmake)
[3.637s] -- Using all available rosidl_typesupport_c: rosidl_typesupport_fastrtps_c;rosidl_typesupport_introspection_c
[3.675s] -- Using all available rosidl_typesupport_cpp: rosidl_typesupport_fastrtps_cpp;rosidl_typesupport_introspection_cpp
[3.708s] -- Found PythonInterp: /usr/bin/python3 (found suitable version "3.8.10", minimum required is "3.5") 
[3.708s] -- Found python_cmake_module: 0.8.1 (/opt/ros/galactic/share/python_cmake_module/cmake)
[3.735s] -- Using PYTHON_EXECUTABLE: /usr/bin/python3
[3.735s] -- Using PYTHON_INCLUDE_DIRS: /usr/include/python3.8
[3.735s] -- Using PYTHON_LIBRARIES: /usr/lib/x86_64-linux-gnu/libpython3.8.so
[3.803s] -- Configuring done
[3.986s] -- Generating done
[3.993s] -- Build files have been written to: /home/federico/dev_ws/build/turtlesim
[4.049s] [  1%] [34m[1mGenerating C code for ROS interfaces[0m
[4.079s] [  2%] [34m[1mGenerating C++ code for ROS interfaces[0m
[5.605s] [  2%] Built target turtlesim__cpp
[5.631s] [  3%] [34m[1mGenerating C++ type support dispatch for ROS interfaces[0m
[5.636s] [  4%] [34m[1mGenerating C++ type support for eProsima Fast-RTPS[0m
[5.640s] [  5%] [34m[1mGenerating C++ introspection for ROS interfaces[0m
[5.707s] [35m[1mScanning dependencies of target turtlesim__rosidl_generator_c[0m
[5.733s] [  6%] [32mBuilding C object CMakeFiles/turtlesim__rosidl_generator_c.dir/rosidl_generator_c/turtlesim/action/detail/rotate_absolute__functions.c.o[0m
[5.735s] [  7%] [32mBuilding C object CMakeFiles/turtlesim__rosidl_generator_c.dir/rosidl_generator_c/turtlesim/msg/detail/color__functions.c.o[0m
[5.736s] [  8%] [32mBuilding C object CMakeFiles/turtlesim__rosidl_generator_c.dir/rosidl_generator_c/turtlesim/msg/detail/pose__functions.c.o[0m
[5.742s] [  9%] [32mBuilding C object CMakeFiles/turtlesim__rosidl_generator_c.dir/rosidl_generator_c/turtlesim/srv/detail/set_pen__functions.c.o[0m
[5.749s] [ 10%] [32mBuilding C object CMakeFiles/turtlesim__rosidl_generator_c.dir/rosidl_generator_c/turtlesim/srv/detail/spawn__functions.c.o[0m
[5.759s] [ 11%] [32mBuilding C object CMakeFiles/turtlesim__rosidl_generator_c.dir/rosidl_generator_c/turtlesim/srv/detail/kill__functions.c.o[0m
[5.766s] [ 12%] [32mBuilding C object CMakeFiles/turtlesim__rosidl_generator_c.dir/rosidl_generator_c/turtlesim/srv/detail/teleport_absolute__functions.c.o[0m
[5.841s] [ 13%] [32mBuilding C object CMakeFiles/turtlesim__rosidl_generator_c.dir/rosidl_generator_c/turtlesim/srv/detail/teleport_relative__functions.c.o[0m
[5.947s] [ 14%] [32m[1mLinking C shared library libturtlesim__rosidl_generator_c.so[0m
[6.000s] [ 14%] Built target turtlesim__rosidl_generator_c
[6.016s] [ 15%] [34m[1mGenerating C type support dispatch for ROS interfaces[0m
[6.018s] [ 16%] [34m[1mGenerating C introspection for ROS interfaces[0m
[6.520s] [35m[1mScanning dependencies of target turtlesim__rosidl_typesupport_cpp[0m
[6.556s] [ 17%] [32mBuilding CXX object CMakeFiles/turtlesim__rosidl_typesupport_cpp.dir/rosidl_typesupport_cpp/turtlesim/action/rotate_absolute__type_support.cpp.o[0m
[6.556s] [ 18%] [32mBuilding CXX object CMakeFiles/turtlesim__rosidl_typesupport_cpp.dir/rosidl_typesupport_cpp/turtlesim/msg/pose__type_support.cpp.o[0m
[6.561s] [ 19%] [32mBuilding CXX object CMakeFiles/turtlesim__rosidl_typesupport_cpp.dir/rosidl_typesupport_cpp/turtlesim/srv/set_pen__type_support.cpp.o[0m
[6.561s] [ 20%] [32mBuilding CXX object CMakeFiles/turtlesim__rosidl_typesupport_cpp.dir/rosidl_typesupport_cpp/turtlesim/srv/kill__type_support.cpp.o[0m
[6.566s] [ 21%] [32mBuilding CXX object CMakeFiles/turtlesim__rosidl_typesupport_cpp.dir/rosidl_typesupport_cpp/turtlesim/msg/color__type_support.cpp.o[0m
[6.577s] [ 22%] [32mBuilding CXX object CMakeFiles/turtlesim__rosidl_typesupport_cpp.dir/rosidl_typesupport_cpp/turtlesim/srv/spawn__type_support.cpp.o[0m
[6.592s] [ 23%] [32mBuilding CXX object CMakeFiles/turtlesim__rosidl_typesupport_cpp.dir/rosidl_typesupport_cpp/turtlesim/srv/teleport_absolute__type_support.cpp.o[0m
[6.593s] [ 24%] [32mBuilding CXX object CMakeFiles/turtlesim__rosidl_typesupport_cpp.dir/rosidl_typesupport_cpp/turtlesim/srv/teleport_relative__type_support.cpp.o[0m
[6.875s] [35m[1mScanning dependencies of target turtlesim__rosidl_typesupport_c[0m
[6.970s] [ 25%] [32mBuilding CXX object CMakeFiles/turtlesim__rosidl_typesupport_c.dir/rosidl_typesupport_c/turtlesim/action/rotate_absolute__type_support.cpp.o[0m
[7.111s] [ 26%] [32mBuilding CXX object CMakeFiles/turtlesim__rosidl_typesupport_c.dir/rosidl_typesupport_c/turtlesim/msg/color__type_support.cpp.o[0m
[7.111s] [35m[1mScanning dependencies of target turtlesim__rosidl_typesupport_introspection_cpp[0m
[7.133s] [ 27%] [32mBuilding CXX object CMakeFiles/turtlesim__rosidl_typesupport_c.dir/rosidl_typesupport_c/turtlesim/msg/pose__type_support.cpp.o[0m
[7.188s] [ 28%] [32mBuilding CXX object CMakeFiles/turtlesim__rosidl_typesupport_introspection_cpp.dir/rosidl_typesupport_introspection_cpp/turtlesim/msg/detail/color__type_support.cpp.o[0m
[7.199s] [ 31%] [32mBuilding CXX object CMakeFiles/turtlesim__rosidl_typesupport_c.dir/rosidl_typesupport_c/turtlesim/srv/set_pen__type_support.cpp.o[0m
[7.200s] [ 31%] [32mBuilding CXX object CMakeFiles/turtlesim__rosidl_typesupport_introspection_cpp.dir/rosidl_typesupport_introspection_cpp/turtlesim/msg/detail/pose__type_support.cpp.o[0m
[7.207s] [ 31%] [32mBuilding CXX object CMakeFiles/turtlesim__rosidl_typesupport_introspection_cpp.dir/rosidl_typesupport_introspection_cpp/turtlesim/action/detail/rotate_absolute__type_support.cpp.o[0m
[7.211s] [ 32%] [32mBuilding CXX object CMakeFiles/turtlesim__rosidl_typesupport_c.dir/rosidl_typesupport_c/turtlesim/srv/kill__type_support.cpp.o[0m
[7.301s] [ 33%] [32mBuilding CXX object CMakeFiles/turtlesim__rosidl_typesupport_introspection_cpp.dir/rosidl_typesupport_introspection_cpp/turtlesim/srv/detail/kill__type_support.cpp.o[0m
[7.307s] [ 34%] [32mBuilding CXX object CMakeFiles/turtlesim__rosidl_typesupport_c.dir/rosidl_typesupport_c/turtlesim/srv/teleport_absolute__type_support.cpp.o[0m
[7.311s] [ 35%] [32mBuilding CXX object CMakeFiles/turtlesim__rosidl_typesupport_c.dir/rosidl_typesupport_c/turtlesim/srv/spawn__type_support.cpp.o[0m
[7.380s] [ 36%] [32mBuilding CXX object CMakeFiles/turtlesim__rosidl_typesupport_c.dir/rosidl_typesupport_c/turtlesim/srv/teleport_relative__type_support.cpp.o[0m
[7.429s] [ 37%] [32mBuilding CXX object CMakeFiles/turtlesim__rosidl_typesupport_introspection_cpp.dir/rosidl_typesupport_introspection_cpp/turtlesim/srv/detail/set_pen__type_support.cpp.o[0m
[7.473s] [ 38%] [32mBuilding CXX object CMakeFiles/turtlesim__rosidl_typesupport_introspection_cpp.dir/rosidl_typesupport_introspection_cpp/turtlesim/srv/detail/spawn__type_support.cpp.o[0m
[7.503s] [ 39%] [32mBuilding CXX object CMakeFiles/turtlesim__rosidl_typesupport_introspection_cpp.dir/rosidl_typesupport_introspection_cpp/turtlesim/srv/detail/teleport_absolute__type_support.cpp.o[0m
[7.513s] [ 40%] [32mBuilding CXX object CMakeFiles/turtlesim__rosidl_typesupport_introspection_cpp.dir/rosidl_typesupport_introspection_cpp/turtlesim/srv/detail/teleport_relative__type_support.cpp.o[0m
[7.518s] [35m[1mScanning dependencies of target turtlesim__rosidl_typesupport_fastrtps_cpp[0m
[7.538s] [ 41%] [32m[1mLinking CXX shared library libturtlesim__rosidl_typesupport_c.so[0m
[7.563s] [35m[1mScanning dependencies of target turtlesim__rosidl_typesupport_introspection_c[0m
[7.601s] [ 42%] [32m[1mLinking CXX shared library libturtlesim__rosidl_typesupport_cpp.so[0m
[7.619s] [ 43%] [32mBuilding CXX object CMakeFiles/turtlesim__rosidl_typesupport_fastrtps_cpp.dir/rosidl_typesupport_fastrtps_cpp/turtlesim/action/detail/dds_fastrtps/rotate_absolute__type_support.cpp.o[0m
[7.680s] [ 44%] [32mBuilding C object CMakeFiles/turtlesim__rosidl_typesupport_introspection_c.dir/rosidl_typesupport_introspection_c/turtlesim/action/detail/rotate_absolute__type_support.c.o[0m
[7.700s] [ 44%] Built target turtlesim__rosidl_typesupport_c
[7.771s] [ 45%] [32mBuilding C object CMakeFiles/turtlesim__rosidl_typesupport_introspection_c.dir/rosidl_typesupport_introspection_c/turtlesim/msg/detail/color__type_support.c.o[0m
[7.811s] [ 46%] [32mBuilding CXX object CMakeFiles/turtlesim__rosidl_typesupport_fastrtps_cpp.dir/rosidl_typesupport_fastrtps_cpp/turtlesim/msg/detail/dds_fastrtps/color__type_support.cpp.o[0m
[7.863s] [ 46%] Built target turtlesim__rosidl_typesupport_cpp
[7.877s] [ 47%] [32mBuilding CXX object CMakeFiles/turtlesim__rosidl_typesupport_fastrtps_cpp.dir/rosidl_typesupport_fastrtps_cpp/turtlesim/msg/detail/dds_fastrtps/pose__type_support.cpp.o[0m
[7.900s] [ 48%] [32mBuilding CXX object CMakeFiles/turtlesim__rosidl_typesupport_fastrtps_cpp.dir/rosidl_typesupport_fastrtps_cpp/turtlesim/srv/detail/dds_fastrtps/kill__type_support.cpp.o[0m
[7.943s] [ 49%] [32mBuilding C object CMakeFiles/turtlesim__rosidl_typesupport_introspection_c.dir/rosidl_typesupport_introspection_c/turtlesim/msg/detail/pose__type_support.c.o[0m
[8.098s] [ 50%] [32mBuilding C object CMakeFiles/turtlesim__rosidl_typesupport_introspection_c.dir/rosidl_typesupport_introspection_c/turtlesim/srv/detail/kill__type_support.c.o[0m
[8.099s] [ 51%] [32mBuilding CXX object CMakeFiles/turtlesim__rosidl_typesupport_fastrtps_cpp.dir/rosidl_typesupport_fastrtps_cpp/turtlesim/srv/detail/dds_fastrtps/set_pen__type_support.cpp.o[0m
[8.219s] [ 52%] [32mBuilding CXX object CMakeFiles/turtlesim__rosidl_typesupport_fastrtps_cpp.dir/rosidl_typesupport_fastrtps_cpp/turtlesim/srv/detail/dds_fastrtps/spawn__type_support.cpp.o[0m
[8.239s] [ 53%] [32mBuilding CXX object CMakeFiles/turtlesim__rosidl_typesupport_fastrtps_cpp.dir/rosidl_typesupport_fastrtps_cpp/turtlesim/srv/detail/dds_fastrtps/teleport_absolute__type_support.cpp.o[0m
[8.248s] [ 54%] [32mBuilding C object CMakeFiles/turtlesim__rosidl_typesupport_introspection_c.dir/rosidl_typesupport_introspection_c/turtlesim/srv/detail/set_pen__type_support.c.o[0m
[8.389s] [ 55%] [32mBuilding C object CMakeFiles/turtlesim__rosidl_typesupport_introspection_c.dir/rosidl_typesupport_introspection_c/turtlesim/srv/detail/spawn__type_support.c.o[0m
[8.456s] [ 56%] [32mBuilding CXX object CMakeFiles/turtlesim__rosidl_typesupport_fastrtps_cpp.dir/rosidl_typesupport_fastrtps_cpp/turtlesim/srv/detail/dds_fastrtps/teleport_relative__type_support.cpp.o[0m
[8.462s] [ 57%] [32mBuilding C object CMakeFiles/turtlesim__rosidl_typesupport_introspection_c.dir/rosidl_typesupport_introspection_c/turtlesim/srv/detail/teleport_absolute__type_support.c.o[0m
[8.537s] [ 58%] [32mBuilding C object CMakeFiles/turtlesim__rosidl_typesupport_introspection_c.dir/rosidl_typesupport_introspection_c/turtlesim/srv/detail/teleport_relative__type_support.c.o[0m
[8.734s] [ 59%] [32m[1mLinking C shared library libturtlesim__rosidl_typesupport_introspection_c.so[0m
[8.795s] [ 60%] [32m[1mLinking CXX shared library libturtlesim__rosidl_typesupport_introspection_cpp.so[0m
[8.910s] [ 60%] Built target turtlesim__rosidl_typesupport_introspection_c
[9.077s] [ 60%] Built target turtlesim__rosidl_typesupport_introspection_cpp
[9.380s] [ 61%] [32m[1mLinking CXX shared library libturtlesim__rosidl_typesupport_fastrtps_cpp.so[0m
[9.553s] [ 61%] Built target turtlesim__rosidl_typesupport_fastrtps_cpp
[9.574s] [ 62%] [34m[1mGenerating C type support for eProsima Fast-RTPS[0m
[10.590s] [35m[1mScanning dependencies of target turtlesim__rosidl_typesupport_fastrtps_c[0m
[10.636s] [ 65%] [32mBuilding CXX object CMakeFiles/turtlesim__rosidl_typesupport_fastrtps_c.dir/rosidl_typesupport_fastrtps_c/turtlesim/srv/detail/spawn__type_support_c.cpp.o[0m
[10.636s] [ 66%] [32mBuilding CXX object CMakeFiles/turtlesim__rosidl_typesupport_fastrtps_c.dir/rosidl_typesupport_fastrtps_c/turtlesim/srv/detail/set_pen__type_support_c.cpp.o[0m
[10.636s] [ 65%] [32mBuilding CXX object CMakeFiles/turtlesim__rosidl_typesupport_fastrtps_c.dir/rosidl_typesupport_fastrtps_c/turtlesim/msg/detail/color__type_support_c.cpp.o[0m
[10.637s] [ 65%] [32mBuilding CXX object CMakeFiles/turtlesim__rosidl_typesupport_fastrtps_c.dir/rosidl_typesupport_fastrtps_c/turtlesim/srv/detail/kill__type_support_c.cpp.o[0m
[10.638s] [ 67%] [32mBuilding CXX object CMakeFiles/turtlesim__rosidl_typesupport_fastrtps_c.dir/rosidl_typesupport_fastrtps_c/turtlesim/action/detail/rotate_absolute__type_support_c.cpp.o[0m
[10.640s] [ 68%] [32mBuilding CXX object CMakeFiles/turtlesim__rosidl_typesupport_fastrtps_c.dir/rosidl_typesupport_fastrtps_c/turtlesim/msg/detail/pose__type_support_c.cpp.o[0m
[10.647s] [ 69%] [32mBuilding CXX object CMakeFiles/turtlesim__rosidl_typesupport_fastrtps_c.dir/rosidl_typesupport_fastrtps_c/turtlesim/srv/detail/teleport_absolute__type_support_c.cpp.o[0m
[10.654s] [ 70%] [32mBuilding CXX object CMakeFiles/turtlesim__rosidl_typesupport_fastrtps_c.dir/rosidl_typesupport_fastrtps_c/turtlesim/srv/detail/teleport_relative__type_support_c.cpp.o[0m
[11.408s] [ 71%] [32m[1mLinking CXX shared library libturtlesim__rosidl_typesupport_fastrtps_c.so[0m
[11.511s] [ 71%] Built target turtlesim__rosidl_typesupport_fastrtps_c
[11.532s] [ 71%] Built target turtlesim
[11.549s] [35m[1mScanning dependencies of target draw_square[0m
[11.552s] [35m[1mScanning dependencies of target mimic[0m
[11.554s] [35m[1mScanning dependencies of target turtle_teleop_key[0m
[11.556s] [35m[1mScanning dependencies of target turtlesim_node[0m
[11.567s] [ 72%] [34m[1mGenerating Python code for ROS interfaces[0m
[11.606s] [ 73%] [32mBuilding CXX object CMakeFiles/draw_square.dir/tutorials/draw_square.cpp.o[0m
[11.621s] [ 74%] [32mBuilding CXX object CMakeFiles/mimic.dir/tutorials/mimic.cpp.o[0m
[11.642s] [ 75%] [32mBuilding CXX object CMakeFiles/turtle_teleop_key.dir/tutorials/teleop_turtle_key.cpp.o[0m
[11.678s] [ 77%] [32mBuilding CXX object CMakeFiles/turtlesim_node.dir/src/turtlesim.cpp.o[0m
[11.678s] [ 77%] [32mBuilding CXX object CMakeFiles/turtlesim_node.dir/src/turtle.cpp.o[0m
[11.679s] [ 78%] [32mBuilding CXX object CMakeFiles/turtlesim_node.dir/include/turtlesim/moc_turtle_frame.cpp.o[0m
[11.692s] [ 79%] [32mBuilding CXX object CMakeFiles/turtlesim_node.dir/src/turtle_frame.cpp.o[0m
[15.268s] [ 79%] Built target turtlesim__py
[15.323s] [35m[1mScanning dependencies of target turtlesim__python[0m
[15.408s] [ 80%] [32mBuilding C object CMakeFiles/turtlesim__python.dir/rosidl_generator_py/turtlesim/msg/_color_s.c.o[0m
[15.420s] [ 81%] [32mBuilding C object CMakeFiles/turtlesim__python.dir/rosidl_generator_py/turtlesim/action/_rotate_absolute_s.c.o[0m
[15.439s] [ 82%] [32mBuilding C object CMakeFiles/turtlesim__python.dir/rosidl_generator_py/turtlesim/srv/_kill_s.c.o[0m
[15.443s] [ 83%] [32mBuilding C object CMakeFiles/turtlesim__python.dir/rosidl_generator_py/turtlesim/msg/_pose_s.c.o[0m
[15.476s] [ 84%] [32mBuilding C object CMakeFiles/turtlesim__python.dir/rosidl_generator_py/turtlesim/srv/_set_pen_s.c.o[0m
[15.663s] [ 85%] [32mBuilding C object CMakeFiles/turtlesim__python.dir/rosidl_generator_py/turtlesim/srv/_spawn_s.c.o[0m
[15.730s] [ 86%] [32mBuilding C object CMakeFiles/turtlesim__python.dir/rosidl_generator_py/turtlesim/srv/_teleport_absolute_s.c.o[0m
[15.770s] [ 87%] [32mBuilding C object CMakeFiles/turtlesim__python.dir/rosidl_generator_py/turtlesim/srv/_teleport_relative_s.c.o[0m
[15.987s] [ 88%] [32m[1mLinking C shared library rosidl_generator_py/turtlesim/libturtlesim__python.so[0m
[16.106s] [ 88%] Built target turtlesim__python
[16.148s] [35m[1mScanning dependencies of target turtlesim__rosidl_typesupport_introspection_c__pyext[0m
[16.161s] [35m[1mScanning dependencies of target turtlesim__rosidl_typesupport_c__pyext[0m
[16.178s] [35m[1mScanning dependencies of target turtlesim__rosidl_typesupport_fastrtps_c__pyext[0m
[16.205s] [ 89%] [32mBuilding C object CMakeFiles/turtlesim__rosidl_typesupport_introspection_c__pyext.dir/rosidl_generator_py/turtlesim/_turtlesim_s.ep.rosidl_typesupport_introspection_c.c.o[0m
[16.228s] [ 90%] [32mBuilding C object CMakeFiles/turtlesim__rosidl_typesupport_c__pyext.dir/rosidl_generator_py/turtlesim/_turtlesim_s.ep.rosidl_typesupport_c.c.o[0m
[16.273s] [ 91%] [32mBuilding C object CMakeFiles/turtlesim__rosidl_typesupport_fastrtps_c__pyext.dir/rosidl_generator_py/turtlesim/_turtlesim_s.ep.rosidl_typesupport_fastrtps_c.c.o[0m
[16.531s] [ 92%] [32m[1mLinking C shared library rosidl_generator_py/turtlesim/turtlesim_s__rosidl_typesupport_introspection_c.cpython-38-x86_64-linux-gnu.so[0m
[16.564s] [ 93%] [32m[1mLinking CXX shared library rosidl_generator_py/turtlesim/turtlesim_s__rosidl_typesupport_fastrtps_c.cpython-38-x86_64-linux-gnu.so[0m
[16.610s] [ 94%] [32m[1mLinking C shared library rosidl_generator_py/turtlesim/turtlesim_s__rosidl_typesupport_c.cpython-38-x86_64-linux-gnu.so[0m
[16.687s] [ 94%] Built target turtlesim__rosidl_typesupport_introspection_c__pyext
[16.777s] [ 94%] Built target turtlesim__rosidl_typesupport_fastrtps_c__pyext
[16.794s] [ 94%] Built target turtlesim__rosidl_typesupport_c__pyext
[19.539s] [ 95%] [32m[1mLinking CXX executable turtle_teleop_key[0m
[19.889s] [ 95%] Built target turtle_teleop_key
[22.395s] [ 96%] [32m[1mLinking CXX executable mimic[0m
[22.797s] [ 96%] Built target mimic
[22.890s] [ 97%] [32m[1mLinking CXX executable draw_square[0m
[23.289s] [ 97%] Built target draw_square
[24.318s] [ 98%] [32m[1mLinking CXX executable turtlesim_node[0m
[25.998s] [100%] Built target turtlesim_node
[26.009s] Invoked command in '/home/federico/dev_ws/build/turtlesim' returned '0': CMAKE_PREFIX_PATH=${CMAKE_PREFIX_PATH}:/home/federico/dev_ws/install/py_srvcli:/home/federico/dev_ws/install/py_pubsub:/home/federico/dev_ws/install/python_parameters:/opt/ros/galactic /usr/bin/cmake --build /home/federico/dev_ws/build/turtlesim -- -j12 -l12
[26.150s] Invoking command in '/home/federico/dev_ws/build/turtlesim': CMAKE_PREFIX_PATH=${CMAKE_PREFIX_PATH}:/home/federico/dev_ws/install/py_srvcli:/home/federico/dev_ws/install/py_pubsub:/home/federico/dev_ws/install/python_parameters:/opt/ros/galactic /usr/bin/cmake --install /home/federico/dev_ws/build/turtlesim
[26.159s] -- Install configuration: ""
[26.159s] -- Execute custom install script
[26.159s] -- Up-to-date symlink: /home/federico/dev_ws/install/turtlesim/share/ament_index/resource_index/rosidl_interfaces/turtlesim
[26.160s] -- Up-to-date symlink: /home/federico/dev_ws/install/turtlesim/include/turtlesim/action/detail/rotate_absolute__functions.h
[26.160s] -- Up-to-date symlink: /home/federico/dev_ws/install/turtlesim/include/turtlesim/action/detail/rotate_absolute__struct.h
[26.161s] -- Up-to-date symlink: /home/federico/dev_ws/install/turtlesim/include/turtlesim/action/detail/rotate_absolute__type_support.h
[26.161s] -- Up-to-date symlink: /home/federico/dev_ws/install/turtlesim/include/turtlesim/action/rotate_absolute.h
[26.161s] -- Up-to-date symlink: /home/federico/dev_ws/install/turtlesim/include/turtlesim/msg/color.h
[26.161s] -- Up-to-date symlink: /home/federico/dev_ws/install/turtlesim/include/turtlesim/msg/detail/color__functions.h
[26.161s] -- Up-to-date symlink: /home/federico/dev_ws/install/turtlesim/include/turtlesim/msg/detail/color__struct.h
[26.161s] -- Up-to-date symlink: /home/federico/dev_ws/install/turtlesim/include/turtlesim/msg/detail/color__type_support.h
[26.161s] -- Up-to-date symlink: /home/federico/dev_ws/install/turtlesim/include/turtlesim/msg/detail/pose__functions.h
[26.162s] -- Up-to-date symlink: /home/federico/dev_ws/install/turtlesim/include/turtlesim/msg/detail/pose__struct.h
[26.162s] -- Up-to-date symlink: /home/federico/dev_ws/install/turtlesim/include/turtlesim/msg/detail/pose__type_support.h
[26.162s] -- Up-to-date symlink: /home/federico/dev_ws/install/turtlesim/include/turtlesim/msg/pose.h
[26.162s] -- Up-to-date symlink: /home/federico/dev_ws/install/turtlesim/include/turtlesim/msg/rosidl_generator_c__visibility_control.h
[26.162s] -- Up-to-date symlink: /home/federico/dev_ws/install/turtlesim/include/turtlesim/srv/detail/kill__functions.h
[26.163s] -- Up-to-date symlink: /home/federico/dev_ws/install/turtlesim/include/turtlesim/srv/detail/kill__struct.h
[26.163s] -- Up-to-date symlink: /home/federico/dev_ws/install/turtlesim/include/turtlesim/srv/detail/kill__type_support.h
[26.163s] -- Up-to-date symlink: /home/federico/dev_ws/install/turtlesim/include/turtlesim/srv/detail/set_pen__functions.h
[26.163s] -- Up-to-date symlink: /home/federico/dev_ws/install/turtlesim/include/turtlesim/srv/detail/set_pen__struct.h
[26.163s] -- Up-to-date symlink: /home/federico/dev_ws/install/turtlesim/include/turtlesim/srv/detail/set_pen__type_support.h
[26.163s] -- Up-to-date symlink: /home/federico/dev_ws/install/turtlesim/include/turtlesim/srv/detail/spawn__functions.h
[26.164s] -- Up-to-date symlink: /home/federico/dev_ws/install/turtlesim/include/turtlesim/srv/detail/spawn__struct.h
[26.164s] -- Up-to-date symlink: /home/federico/dev_ws/install/turtlesim/include/turtlesim/srv/detail/spawn__type_support.h
[26.164s] -- Up-to-date symlink: /home/federico/dev_ws/install/turtlesim/include/turtlesim/srv/detail/teleport_absolute__functions.h
[26.164s] -- Up-to-date symlink: /home/federico/dev_ws/install/turtlesim/include/turtlesim/srv/detail/teleport_absolute__struct.h
[26.164s] -- Up-to-date symlink: /home/federico/dev_ws/install/turtlesim/include/turtlesim/srv/detail/teleport_absolute__type_support.h
[26.164s] -- Up-to-date symlink: /home/federico/dev_ws/install/turtlesim/include/turtlesim/srv/detail/teleport_relative__functions.h
[26.164s] -- Up-to-date symlink: /home/federico/dev_ws/install/turtlesim/include/turtlesim/srv/detail/teleport_relative__struct.h
[26.165s] -- Up-to-date symlink: /home/federico/dev_ws/install/turtlesim/include/turtlesim/srv/detail/teleport_relative__type_support.h
[26.165s] -- Up-to-date symlink: /home/federico/dev_ws/install/turtlesim/include/turtlesim/srv/kill.h
[26.165s] -- Up-to-date symlink: /home/federico/dev_ws/install/turtlesim/include/turtlesim/srv/set_pen.h
[26.165s] -- Up-to-date symlink: /home/federico/dev_ws/install/turtlesim/include/turtlesim/srv/spawn.h
[26.165s] -- Up-to-date symlink: /home/federico/dev_ws/install/turtlesim/include/turtlesim/srv/teleport_absolute.h
[26.165s] -- Up-to-date symlink: /home/federico/dev_ws/install/turtlesim/include/turtlesim/srv/teleport_relative.h
[26.166s] -- Up-to-date symlink: /home/federico/dev_ws/install/turtlesim/share/turtlesim/environment/library_path.sh
[26.166s] -- Up-to-date symlink: /home/federico/dev_ws/install/turtlesim/share/turtlesim/environment/library_path.dsv
[26.167s] -- Up-to-date symlink: /home/federico/dev_ws/install/turtlesim/include/turtlesim/action/detail/rotate_absolute__rosidl_typesupport_fastrtps_c.h
[26.167s] -- Up-to-date symlink: /home/federico/dev_ws/install/turtlesim/include/turtlesim/msg/detail/color__rosidl_typesupport_fastrtps_c.h
[26.167s] -- Up-to-date symlink: /home/federico/dev_ws/install/turtlesim/include/turtlesim/msg/detail/pose__rosidl_typesupport_fastrtps_c.h
[26.167s] -- Up-to-date symlink: /home/federico/dev_ws/install/turtlesim/include/turtlesim/msg/rosidl_typesupport_fastrtps_c__visibility_control.h
[26.167s] -- Up-to-date symlink: /home/federico/dev_ws/install/turtlesim/include/turtlesim/srv/detail/kill__rosidl_typesupport_fastrtps_c.h
[26.168s] -- Up-to-date symlink: /home/federico/dev_ws/install/turtlesim/include/turtlesim/srv/detail/set_pen__rosidl_typesupport_fastrtps_c.h
[26.168s] -- Up-to-date symlink: /home/federico/dev_ws/install/turtlesim/include/turtlesim/srv/detail/spawn__rosidl_typesupport_fastrtps_c.h
[26.168s] -- Up-to-date symlink: /home/federico/dev_ws/install/turtlesim/include/turtlesim/srv/detail/teleport_absolute__rosidl_typesupport_fastrtps_c.h
[26.168s] -- Up-to-date symlink: /home/federico/dev_ws/install/turtlesim/include/turtlesim/srv/detail/teleport_relative__rosidl_typesupport_fastrtps_c.h
[26.168s] -- Up-to-date symlink: /home/federico/dev_ws/install/turtlesim/lib/libturtlesim__rosidl_typesupport_fastrtps_c.so
[26.169s] -- Up-to-date symlink: /home/federico/dev_ws/install/turtlesim/include/turtlesim/action/detail/rotate_absolute__rosidl_typesupport_fastrtps_cpp.hpp
[26.169s] -- Up-to-date symlink: /home/federico/dev_ws/install/turtlesim/include/turtlesim/msg/detail/color__rosidl_typesupport_fastrtps_cpp.hpp
[26.170s] -- Up-to-date symlink: /home/federico/dev_ws/install/turtlesim/include/turtlesim/msg/detail/pose__rosidl_typesupport_fastrtps_cpp.hpp
[26.170s] -- Up-to-date symlink: /home/federico/dev_ws/install/turtlesim/include/turtlesim/msg/rosidl_typesupport_fastrtps_cpp__visibility_control.h
[26.170s] -- Up-to-date symlink: /home/federico/dev_ws/install/turtlesim/include/turtlesim/srv/detail/kill__rosidl_typesupport_fastrtps_cpp.hpp
[26.170s] -- Up-to-date symlink: /home/federico/dev_ws/install/turtlesim/include/turtlesim/srv/detail/set_pen__rosidl_typesupport_fastrtps_cpp.hpp
[26.170s] -- Up-to-date symlink: /home/federico/dev_ws/install/turtlesim/include/turtlesim/srv/detail/spawn__rosidl_typesupport_fastrtps_cpp.hpp
[26.170s] -- Up-to-date symlink: /home/federico/dev_ws/install/turtlesim/include/turtlesim/srv/detail/teleport_absolute__rosidl_typesupport_fastrtps_cpp.hpp
[26.171s] -- Up-to-date symlink: /home/federico/dev_ws/install/turtlesim/include/turtlesim/srv/detail/teleport_relative__rosidl_typesupport_fastrtps_cpp.hpp
[26.171s] -- Up-to-date symlink: /home/federico/dev_ws/install/turtlesim/lib/libturtlesim__rosidl_typesupport_fastrtps_cpp.so
[26.172s] -- Up-to-date symlink: /home/federico/dev_ws/install/turtlesim/include/turtlesim/action/detail/rotate_absolute__rosidl_typesupport_introspection_c.h
[26.172s] -- Up-to-date symlink: /home/federico/dev_ws/install/turtlesim/include/turtlesim/msg/detail/color__rosidl_typesupport_introspection_c.h
[26.172s] -- Up-to-date symlink: /home/federico/dev_ws/install/turtlesim/include/turtlesim/msg/detail/pose__rosidl_typesupport_introspection_c.h
[26.172s] -- Up-to-date symlink: /home/federico/dev_ws/install/turtlesim/include/turtlesim/msg/rosidl_typesupport_introspection_c__visibility_control.h
[26.172s] -- Up-to-date symlink: /home/federico/dev_ws/install/turtlesim/include/turtlesim/srv/detail/kill__rosidl_typesupport_introspection_c.h
[26.172s] -- Up-to-date symlink: /home/federico/dev_ws/install/turtlesim/include/turtlesim/srv/detail/set_pen__rosidl_typesupport_introspection_c.h
[26.172s] -- Up-to-date symlink: /home/federico/dev_ws/install/turtlesim/include/turtlesim/srv/detail/spawn__rosidl_typesupport_introspection_c.h
[26.173s] -- Up-to-date symlink: /home/federico/dev_ws/install/turtlesim/include/turtlesim/srv/detail/teleport_absolute__rosidl_typesupport_introspection_c.h
[26.173s] -- Up-to-date symlink: /home/federico/dev_ws/install/turtlesim/include/turtlesim/srv/detail/teleport_relative__rosidl_typesupport_introspection_c.h
[26.173s] -- Up-to-date symlink: /home/federico/dev_ws/install/turtlesim/include/turtlesim/action/detail/rotate_absolute__builder.hpp
[26.174s] -- Up-to-date symlink: /home/federico/dev_ws/install/turtlesim/include/turtlesim/action/detail/rotate_absolute__struct.hpp
[26.174s] -- Up-to-date symlink: /home/federico/dev_ws/install/turtlesim/include/turtlesim/action/detail/rotate_absolute__traits.hpp
[26.174s] -- Up-to-date symlink: /home/federico/dev_ws/install/turtlesim/include/turtlesim/action/rotate_absolute.hpp
[26.175s] -- Up-to-date symlink: /home/federico/dev_ws/install/turtlesim/include/turtlesim/msg/color.hpp
[26.175s] -- Up-to-date symlink: /home/federico/dev_ws/install/turtlesim/include/turtlesim/msg/detail/color__builder.hpp
[26.175s] -- Up-to-date symlink: /home/federico/dev_ws/install/turtlesim/include/turtlesim/msg/detail/color__struct.hpp
[26.175s] -- Up-to-date symlink: /home/federico/dev_ws/install/turtlesim/include/turtlesim/msg/detail/color__traits.hpp
[26.175s] -- Up-to-date symlink: /home/federico/dev_ws/install/turtlesim/include/turtlesim/msg/detail/pose__builder.hpp
[26.175s] -- Up-to-date symlink: /home/federico/dev_ws/install/turtlesim/include/turtlesim/msg/detail/pose__struct.hpp
[26.176s] -- Up-to-date symlink: /home/federico/dev_ws/install/turtlesim/include/turtlesim/msg/detail/pose__traits.hpp
[26.176s] -- Up-to-date symlink: /home/federico/dev_ws/install/turtlesim/include/turtlesim/msg/pose.hpp
[26.176s] -- Up-to-date symlink: /home/federico/dev_ws/install/turtlesim/include/turtlesim/srv/detail/kill__builder.hpp
[26.176s] -- Up-to-date symlink: /home/federico/dev_ws/install/turtlesim/include/turtlesim/srv/detail/kill__struct.hpp
[26.176s] -- Up-to-date symlink: /home/federico/dev_ws/install/turtlesim/include/turtlesim/srv/detail/kill__traits.hpp
[26.176s] -- Up-to-date symlink: /home/federico/dev_ws/install/turtlesim/include/turtlesim/srv/detail/set_pen__builder.hpp
[26.177s] -- Up-to-date symlink: /home/federico/dev_ws/install/turtlesim/include/turtlesim/srv/detail/set_pen__struct.hpp
[26.177s] -- Up-to-date symlink: /home/federico/dev_ws/install/turtlesim/include/turtlesim/srv/detail/set_pen__traits.hpp
[26.177s] -- Up-to-date symlink: /home/federico/dev_ws/install/turtlesim/include/turtlesim/srv/detail/spawn__builder.hpp
[26.177s] -- Up-to-date symlink: /home/federico/dev_ws/install/turtlesim/include/turtlesim/srv/detail/spawn__struct.hpp
[26.177s] -- Up-to-date symlink: /home/federico/dev_ws/install/turtlesim/include/turtlesim/srv/detail/spawn__traits.hpp
[26.177s] -- Up-to-date symlink: /home/federico/dev_ws/install/turtlesim/include/turtlesim/srv/detail/teleport_absolute__builder.hpp
[26.178s] -- Up-to-date symlink: /home/federico/dev_ws/install/turtlesim/include/turtlesim/srv/detail/teleport_absolute__struct.hpp
[26.178s] -- Up-to-date symlink: /home/federico/dev_ws/install/turtlesim/include/turtlesim/srv/detail/teleport_absolute__traits.hpp
[26.178s] -- Up-to-date symlink: /home/federico/dev_ws/install/turtlesim/include/turtlesim/srv/detail/teleport_relative__builder.hpp
[26.178s] -- Up-to-date symlink: /home/federico/dev_ws/install/turtlesim/include/turtlesim/srv/detail/teleport_relative__struct.hpp
[26.178s] -- Up-to-date symlink: /home/federico/dev_ws/install/turtlesim/include/turtlesim/srv/detail/teleport_relative__traits.hpp
[26.178s] -- Up-to-date symlink: /home/federico/dev_ws/install/turtlesim/include/turtlesim/srv/kill.hpp
[26.179s] -- Up-to-date symlink: /home/federico/dev_ws/install/turtlesim/include/turtlesim/srv/set_pen.hpp
[26.179s] -- Up-to-date symlink: /home/federico/dev_ws/install/turtlesim/include/turtlesim/srv/spawn.hpp
[26.179s] -- Up-to-date symlink: /home/federico/dev_ws/install/turtlesim/include/turtlesim/srv/teleport_absolute.hpp
[26.179s] -- Up-to-date symlink: /home/federico/dev_ws/install/turtlesim/include/turtlesim/srv/teleport_relative.hpp
[26.180s] -- Up-to-date symlink: /home/federico/dev_ws/install/turtlesim/include/turtlesim/action/detail/rotate_absolute__rosidl_typesupport_introspection_cpp.hpp
[26.180s] -- Up-to-date symlink: /home/federico/dev_ws/install/turtlesim/include/turtlesim/msg/detail/color__rosidl_typesupport_introspection_cpp.hpp
[26.180s] -- Up-to-date symlink: /home/federico/dev_ws/install/turtlesim/include/turtlesim/msg/detail/pose__rosidl_typesupport_introspection_cpp.hpp
[26.180s] -- Up-to-date symlink: /home/federico/dev_ws/install/turtlesim/include/turtlesim/srv/detail/kill__rosidl_typesupport_introspection_cpp.hpp
[26.180s] -- Up-to-date symlink: /home/federico/dev_ws/install/turtlesim/include/turtlesim/srv/detail/set_pen__rosidl_typesupport_introspection_cpp.hpp
[26.180s] -- Up-to-date symlink: /home/federico/dev_ws/install/turtlesim/include/turtlesim/srv/detail/spawn__rosidl_typesupport_introspection_cpp.hpp
[26.181s] -- Up-to-date symlink: /home/federico/dev_ws/install/turtlesim/include/turtlesim/srv/detail/teleport_absolute__rosidl_typesupport_introspection_cpp.hpp
[26.181s] -- Up-to-date symlink: /home/federico/dev_ws/install/turtlesim/include/turtlesim/srv/detail/teleport_relative__rosidl_typesupport_introspection_cpp.hpp
[26.181s] -- Up-to-date symlink: /home/federico/dev_ws/install/turtlesim/share/turtlesim/environment/pythonpath.sh
[26.181s] -- Up-to-date symlink: /home/federico/dev_ws/install/turtlesim/share/turtlesim/environment/pythonpath.dsv
[26.182s] -- Up-to-date symlink: /home/federico/dev_ws/install/turtlesim/lib/python3.8/site-packages/turtlesim/__init__.py
[26.182s] -- Up-to-date symlink: /home/federico/dev_ws/install/turtlesim/lib/python3.8/site-packages/turtlesim/action/__init__.py
[26.182s] -- Up-to-date symlink: /home/federico/dev_ws/install/turtlesim/lib/python3.8/site-packages/turtlesim/action/_rotate_absolute.py
[26.183s] -- Up-to-date symlink: /home/federico/dev_ws/install/turtlesim/lib/python3.8/site-packages/turtlesim/msg/__init__.py
[26.183s] -- Up-to-date symlink: /home/federico/dev_ws/install/turtlesim/lib/python3.8/site-packages/turtlesim/msg/_color.py
[26.183s] -- Up-to-date symlink: /home/federico/dev_ws/install/turtlesim/lib/python3.8/site-packages/turtlesim/msg/_pose.py
[26.183s] -- Up-to-date symlink: /home/federico/dev_ws/install/turtlesim/lib/python3.8/site-packages/turtlesim/srv/__init__.py
[26.184s] -- Up-to-date symlink: /home/federico/dev_ws/install/turtlesim/lib/python3.8/site-packages/turtlesim/srv/_kill.py
[26.184s] -- Up-to-date symlink: /home/federico/dev_ws/install/turtlesim/lib/python3.8/site-packages/turtlesim/srv/_set_pen.py
[26.184s] -- Up-to-date symlink: /home/federico/dev_ws/install/turtlesim/lib/python3.8/site-packages/turtlesim/srv/_spawn.py
[26.184s] -- Up-to-date symlink: /home/federico/dev_ws/install/turtlesim/lib/python3.8/site-packages/turtlesim/srv/_teleport_absolute.py
[26.184s] -- Up-to-date symlink: /home/federico/dev_ws/install/turtlesim/lib/python3.8/site-packages/turtlesim/srv/_teleport_relative.py
[26.185s] -- Up-to-date symlink: /home/federico/dev_ws/install/turtlesim/lib/python3.8/site-packages/turtlesim/turtlesim_s__rosidl_typesupport_fastrtps_c.cpython-38-x86_64-linux-gnu.so
[26.185s] -- Up-to-date symlink: /home/federico/dev_ws/install/turtlesim/lib/python3.8/site-packages/turtlesim/turtlesim_s__rosidl_typesupport_introspection_c.cpython-38-x86_64-linux-gnu.so
[26.185s] -- Up-to-date symlink: /home/federico/dev_ws/install/turtlesim/lib/python3.8/site-packages/turtlesim/turtlesim_s__rosidl_typesupport_c.cpython-38-x86_64-linux-gnu.so
[26.186s] -- Up-to-date symlink: /home/federico/dev_ws/install/turtlesim/lib/libturtlesim__python.so
[26.186s] -- Up-to-date symlink: /home/federico/dev_ws/install/turtlesim/share/turtlesim/action/RotateAbsolute.idl
[26.186s] -- Up-to-date symlink: /home/federico/dev_ws/install/turtlesim/share/turtlesim/msg/Color.idl
[26.186s] -- Up-to-date symlink: /home/federico/dev_ws/install/turtlesim/share/turtlesim/msg/Pose.idl
[26.187s] -- Up-to-date symlink: /home/federico/dev_ws/install/turtlesim/share/turtlesim/srv/Kill.idl
[26.187s] -- Up-to-date symlink: /home/federico/dev_ws/install/turtlesim/share/turtlesim/srv/SetPen.idl
[26.187s] -- Up-to-date symlink: /home/federico/dev_ws/install/turtlesim/share/turtlesim/srv/Spawn.idl
[26.187s] -- Up-to-date symlink: /home/federico/dev_ws/install/turtlesim/share/turtlesim/srv/TeleportAbsolute.idl
[26.188s] -- Up-to-date symlink: /home/federico/dev_ws/install/turtlesim/share/turtlesim/srv/TeleportRelative.idl
[26.188s] -- Up-to-date symlink: /home/federico/dev_ws/install/turtlesim/share/turtlesim/action/RotateAbsolute.action
[26.188s] -- Up-to-date symlink: /home/federico/dev_ws/install/turtlesim/share/turtlesim/msg/Color.msg
[26.188s] -- Up-to-date symlink: /home/federico/dev_ws/install/turtlesim/share/turtlesim/msg/Pose.msg
[26.189s] -- Up-to-date symlink: /home/federico/dev_ws/install/turtlesim/share/turtlesim/srv/Kill.srv
[26.189s] -- Up-to-date symlink: /home/federico/dev_ws/install/turtlesim/share/turtlesim/srv/Kill_Request.msg
[26.189s] -- Up-to-date symlink: /home/federico/dev_ws/install/turtlesim/share/turtlesim/srv/Kill_Response.msg
[26.189s] -- Up-to-date symlink: /home/federico/dev_ws/install/turtlesim/share/turtlesim/srv/SetPen.srv
[26.190s] -- Up-to-date symlink: /home/federico/dev_ws/install/turtlesim/share/turtlesim/srv/SetPen_Request.msg
[26.190s] -- Up-to-date symlink: /home/federico/dev_ws/install/turtlesim/share/turtlesim/srv/SetPen_Response.msg
[26.190s] -- Up-to-date symlink: /home/federico/dev_ws/install/turtlesim/share/turtlesim/srv/Spawn.srv
[26.190s] -- Up-to-date symlink: /home/federico/dev_ws/install/turtlesim/share/turtlesim/srv/Spawn_Request.msg
[26.191s] -- Up-to-date symlink: /home/federico/dev_ws/install/turtlesim/share/turtlesim/srv/Spawn_Response.msg
[26.191s] -- Up-to-date symlink: /home/federico/dev_ws/install/turtlesim/share/turtlesim/srv/TeleportAbsolute.srv
[26.191s] -- Up-to-date symlink: /home/federico/dev_ws/install/turtlesim/share/turtlesim/srv/TeleportAbsolute_Request.msg
[26.191s] -- Up-to-date symlink: /home/federico/dev_ws/install/turtlesim/share/turtlesim/srv/TeleportAbsolute_Response.msg
[26.192s] -- Up-to-date symlink: /home/federico/dev_ws/install/turtlesim/share/turtlesim/srv/TeleportRelative.srv
[26.192s] -- Up-to-date symlink: /home/federico/dev_ws/install/turtlesim/share/turtlesim/srv/TeleportRelative_Request.msg
[26.192s] -- Up-to-date symlink: /home/federico/dev_ws/install/turtlesim/share/turtlesim/srv/TeleportRelative_Response.msg
[26.192s] -- Up-to-date symlink: /home/federico/dev_ws/install/turtlesim/lib/turtlesim/turtlesim_node
[26.193s] -- Up-to-date symlink: /home/federico/dev_ws/install/turtlesim/lib/turtlesim/turtle_teleop_key
[26.193s] -- Up-to-date symlink: /home/federico/dev_ws/install/turtlesim/lib/turtlesim/draw_square
[26.193s] -- Up-to-date symlink: /home/federico/dev_ws/install/turtlesim/lib/turtlesim/mimic
[26.193s] -- Up-to-date symlink: /home/federico/dev_ws/install/turtlesim/share/turtlesim/launch/multisim.launch.py
[26.194s] -- Up-to-date symlink: /home/federico/dev_ws/install/turtlesim/share/ament_index/resource_index/package_run_dependencies/turtlesim
[26.194s] -- Up-to-date symlink: /home/federico/dev_ws/install/turtlesim/share/ament_index/resource_index/parent_prefix_path/turtlesim
[26.194s] -- Up-to-date symlink: /home/federico/dev_ws/install/turtlesim/share/turtlesim/environment/ament_prefix_path.sh
[26.194s] -- Up-to-date symlink: /home/federico/dev_ws/install/turtlesim/share/turtlesim/environment/ament_prefix_path.dsv
[26.195s] -- Up-to-date symlink: /home/federico/dev_ws/install/turtlesim/share/turtlesim/environment/path.sh
[26.195s] -- Up-to-date symlink: /home/federico/dev_ws/install/turtlesim/share/turtlesim/environment/path.dsv
[26.195s] -- Up-to-date symlink: /home/federico/dev_ws/install/turtlesim/share/turtlesim/local_setup.bash
[26.195s] -- Up-to-date symlink: /home/federico/dev_ws/install/turtlesim/share/turtlesim/local_setup.sh
[26.196s] -- Up-to-date symlink: /home/federico/dev_ws/install/turtlesim/share/turtlesim/local_setup.zsh
[26.196s] -- Up-to-date symlink: /home/federico/dev_ws/install/turtlesim/share/turtlesim/local_setup.dsv
[26.196s] -- Symlinking: /home/federico/dev_ws/install/turtlesim/share/turtlesim/package.dsv
[26.205s] -- Up-to-date symlink: /home/federico/dev_ws/install/turtlesim/share/ament_index/resource_index/packages/turtlesim
[26.205s] -- Up-to-date symlink: /home/federico/dev_ws/install/turtlesim/share/turtlesim/cmake/rosidl_cmake-extras.cmake
[26.205s] -- Up-to-date symlink: /home/federico/dev_ws/install/turtlesim/share/turtlesim/cmake/ament_cmake_export_dependencies-extras.cmake
[26.205s] -- Up-to-date symlink: /home/federico/dev_ws/install/turtlesim/share/turtlesim/cmake/ament_cmake_export_libraries-extras.cmake
[26.206s] -- Up-to-date symlink: /home/federico/dev_ws/install/turtlesim/share/turtlesim/cmake/ament_cmake_export_targets-extras.cmake
[26.206s] -- Up-to-date symlink: /home/federico/dev_ws/install/turtlesim/share/turtlesim/cmake/ament_cmake_export_include_directories-extras.cmake
[26.206s] -- Up-to-date symlink: /home/federico/dev_ws/install/turtlesim/share/turtlesim/cmake/rosidl_cmake_export_typesupport_libraries-extras.cmake
[26.206s] -- Up-to-date symlink: /home/federico/dev_ws/install/turtlesim/share/turtlesim/cmake/rosidl_cmake_export_typesupport_targets-extras.cmake
[26.207s] -- Up-to-date symlink: /home/federico/dev_ws/install/turtlesim/share/turtlesim/cmake/turtlesimConfig.cmake
[26.207s] -- Up-to-date symlink: /home/federico/dev_ws/install/turtlesim/share/turtlesim/cmake/turtlesimConfig-version.cmake
[26.207s] -- Up-to-date symlink: /home/federico/dev_ws/install/turtlesim/share/turtlesim/package.xml
[26.208s] -- Installing: /home/federico/dev_ws/install/turtlesim/lib/libturtlesim__rosidl_generator_c.so
[26.208s] -- Set runtime path of "/home/federico/dev_ws/install/turtlesim/lib/libturtlesim__rosidl_generator_c.so" to ""
[26.209s] -- Installing: /home/federico/dev_ws/install/turtlesim/lib/libturtlesim__rosidl_typesupport_introspection_c.so
[26.209s] -- Set runtime path of "/home/federico/dev_ws/install/turtlesim/lib/libturtlesim__rosidl_typesupport_introspection_c.so" to ""
[26.210s] -- Installing: /home/federico/dev_ws/install/turtlesim/lib/libturtlesim__rosidl_typesupport_c.so
[26.210s] -- Set runtime path of "/home/federico/dev_ws/install/turtlesim/lib/libturtlesim__rosidl_typesupport_c.so" to ""
[26.211s] -- Installing: /home/federico/dev_ws/install/turtlesim/lib/libturtlesim__rosidl_typesupport_introspection_cpp.so
[26.212s] -- Set runtime path of "/home/federico/dev_ws/install/turtlesim/lib/libturtlesim__rosidl_typesupport_introspection_cpp.so" to ""
[26.212s] -- Installing: /home/federico/dev_ws/install/turtlesim/lib/libturtlesim__rosidl_typesupport_cpp.so
[26.213s] -- Set runtime path of "/home/federico/dev_ws/install/turtlesim/lib/libturtlesim__rosidl_typesupport_cpp.so" to ""
[26.242s] Compiling '/home/federico/dev_ws/install/turtlesim/lib/python3.8/site-packages/turtlesim/__init__.py'...
[26.245s] -- Up-to-date: /home/federico/dev_ws/install/turtlesim/share/turtlesim/images
[26.245s] -- Up-to-date: /home/federico/dev_ws/install/turtlesim/share/turtlesim/images/foxy.png
[26.245s] -- Up-to-date: /home/federico/dev_ws/install/turtlesim/share/turtlesim/images/ardent.png
[26.246s] -- Up-to-date: /home/federico/dev_ws/install/turtlesim/share/turtlesim/images/galactic.png
[26.246s] -- Up-to-date: /home/federico/dev_ws/install/turtlesim/share/turtlesim/images/bouncy.png
[26.246s] -- Up-to-date: /home/federico/dev_ws/install/turtlesim/share/turtlesim/images/dashing.png
[26.246s] -- Up-to-date: /home/federico/dev_ws/install/turtlesim/share/turtlesim/images/crystal.png
[26.246s] -- Up-to-date: /home/federico/dev_ws/install/turtlesim/share/turtlesim/images/eloquent.png
[26.246s] -- Up-to-date: /home/federico/dev_ws/install/turtlesim/share/turtlesim/cmake/turtlesim__rosidl_generator_cExport.cmake
[26.246s] -- Installing: /home/federico/dev_ws/install/turtlesim/share/turtlesim/cmake/turtlesim__rosidl_generator_cExport-noconfig.cmake
[26.246s] -- Up-to-date: /home/federico/dev_ws/install/turtlesim/share/turtlesim/cmake/turtlesim__rosidl_typesupport_introspection_cExport.cmake
[26.246s] -- Installing: /home/federico/dev_ws/install/turtlesim/share/turtlesim/cmake/turtlesim__rosidl_typesupport_introspection_cExport-noconfig.cmake
[26.247s] -- Up-to-date: /home/federico/dev_ws/install/turtlesim/share/turtlesim/cmake/turtlesim__rosidl_typesupport_cExport.cmake
[26.247s] -- Installing: /home/federico/dev_ws/install/turtlesim/share/turtlesim/cmake/turtlesim__rosidl_typesupport_cExport-noconfig.cmake
[26.247s] -- Up-to-date: /home/federico/dev_ws/install/turtlesim/share/turtlesim/cmake/turtlesim__rosidl_generator_cppExport.cmake
[26.247s] -- Up-to-date: /home/federico/dev_ws/install/turtlesim/share/turtlesim/cmake/turtlesim__rosidl_typesupport_introspection_cppExport.cmake
[26.247s] -- Installing: /home/federico/dev_ws/install/turtlesim/share/turtlesim/cmake/turtlesim__rosidl_typesupport_introspection_cppExport-noconfig.cmake
[26.248s] -- Up-to-date: /home/federico/dev_ws/install/turtlesim/share/turtlesim/cmake/turtlesim__rosidl_typesupport_cppExport.cmake
[26.248s] -- Installing: /home/federico/dev_ws/install/turtlesim/share/turtlesim/cmake/turtlesim__rosidl_typesupport_cppExport-noconfig.cmake
[26.249s] Invoked command in '/home/federico/dev_ws/build/turtlesim' returned '0': CMAKE_PREFIX_PATH=${CMAKE_PREFIX_PATH}:/home/federico/dev_ws/install/py_srvcli:/home/federico/dev_ws/install/py_pubsub:/home/federico/dev_ws/install/python_parameters:/opt/ros/galactic /usr/bin/cmake --install /home/federico/dev_ws/build/turtlesim
