[1.342s] Invoking command in '/home/federico/dev_ws/build/turtlesim': CMAKE_PREFIX_PATH=${CMAKE_PREFIX_PATH}:/home/federico/dev_ws/install/py_srvcli:/home/federico/dev_ws/install/py_pubsub:/home/federico/dev_ws/install/python_parameters:/opt/ros/galactic /usr/bin/cmake --build /home/federico/dev_ws/build/turtlesim -- -j12 -l12
[1.395s] [  1%] Built target turtlesim__cpp
[1.410s] [ 11%] Built target turtlesim__rosidl_generator_c
[1.434s] [ 21%] Built target turtlesim__rosidl_typesupport_cpp
[1.440s] [ 31%] Built target turtlesim__rosidl_typesupport_introspection_cpp
[1.463s] [ 41%] Built target turtlesim__rosidl_typesupport_fastrtps_cpp
[1.464s] [ 61%] Built target turtlesim__rosidl_typesupport_introspection_c
[1.464s] [ 61%] Built target turtlesim__rosidl_typesupport_c
[1.483s] [ 71%] Built target turtlesim__rosidl_typesupport_fastrtps_c
[1.510s] [ 71%] Built target turtlesim
[1.544s] [ 72%] Built target turtlesim__py
[1.549s] [ 74%] Built target draw_square
[1.549s] [ 76%] Built target mimic
[1.554s] [ 78%] Built target turtle_teleop_key
[1.576s] [ 84%] Built target turtlesim_node
[1.587s] [ 93%] Built target turtlesim__python
[1.620s] [ 95%] Built target turtlesim__rosidl_typesupport_fastrtps_c__pyext
[1.626s] [100%] Built target turtlesim__rosidl_typesupport_introspection_c__pyext
[1.626s] [100%] Built target turtlesim__rosidl_typesupport_c__pyext
[1.657s] Invoked command in '/home/federico/dev_ws/build/turtlesim' returned '0': CMAKE_PREFIX_PATH=${CMAKE_PREFIX_PATH}:/home/federico/dev_ws/install/py_srvcli:/home/federico/dev_ws/install/py_pubsub:/home/federico/dev_ws/install/python_parameters:/opt/ros/galactic /usr/bin/cmake --build /home/federico/dev_ws/build/turtlesim -- -j12 -l12
[3.173s] Invoking command in '/home/federico/dev_ws/build/turtlesim': CMAKE_PREFIX_PATH=${CMAKE_PREFIX_PATH}:/home/federico/dev_ws/install/py_srvcli:/home/federico/dev_ws/install/py_pubsub:/home/federico/dev_ws/install/python_parameters:/opt/ros/galactic /usr/bin/cmake --install /home/federico/dev_ws/build/turtlesim
[3.195s] -- Install configuration: ""
[3.196s] -- Execute custom install script
[3.196s] -- Up-to-date symlink: /home/federico/dev_ws/install/turtlesim/share/ament_index/resource_index/rosidl_interfaces/turtlesim
[3.197s] -- Up-to-date symlink: /home/federico/dev_ws/install/turtlesim/include/turtlesim/action/detail/rotate_absolute__functions.h
[3.199s] -- Up-to-date symlink: /home/federico/dev_ws/install/turtlesim/include/turtlesim/action/detail/rotate_absolute__struct.h
[3.199s] -- Up-to-date symlink: /home/federico/dev_ws/install/turtlesim/include/turtlesim/action/detail/rotate_absolute__type_support.h
[3.201s] -- Up-to-date symlink: /home/federico/dev_ws/install/turtlesim/include/turtlesim/action/rotate_absolute.h
[3.204s] -- Up-to-date symlink: /home/federico/dev_ws/install/turtlesim/include/turtlesim/msg/color.h
[3.204s] -- Up-to-date symlink: /home/federico/dev_ws/install/turtlesim/include/turtlesim/msg/detail/color__functions.h
[3.205s] -- Up-to-date symlink: /home/federico/dev_ws/install/turtlesim/include/turtlesim/msg/detail/color__struct.h
[3.205s] -- Up-to-date symlink: /home/federico/dev_ws/install/turtlesim/include/turtlesim/msg/detail/color__type_support.h
[3.205s] -- Up-to-date symlink: /home/federico/dev_ws/install/turtlesim/include/turtlesim/msg/detail/pose__functions.h
[3.205s] -- Up-to-date symlink: /home/federico/dev_ws/install/turtlesim/include/turtlesim/msg/detail/pose__struct.h
[3.206s] -- Up-to-date symlink: /home/federico/dev_ws/install/turtlesim/include/turtlesim/msg/detail/pose__type_support.h
[3.206s] -- Up-to-date symlink: /home/federico/dev_ws/install/turtlesim/include/turtlesim/msg/pose.h
[3.206s] -- Up-to-date symlink: /home/federico/dev_ws/install/turtlesim/include/turtlesim/msg/rosidl_generator_c__visibility_control.h
[3.206s] -- Up-to-date symlink: /home/federico/dev_ws/install/turtlesim/include/turtlesim/srv/detail/kill__functions.h
[3.207s] -- Up-to-date symlink: /home/federico/dev_ws/install/turtlesim/include/turtlesim/srv/detail/kill__struct.h
[3.207s] -- Up-to-date symlink: /home/federico/dev_ws/install/turtlesim/include/turtlesim/srv/detail/kill__type_support.h
[3.207s] -- Up-to-date symlink: /home/federico/dev_ws/install/turtlesim/include/turtlesim/srv/detail/set_pen__functions.h
[3.207s] -- Up-to-date symlink: /home/federico/dev_ws/install/turtlesim/include/turtlesim/srv/detail/set_pen__struct.h
[3.207s] -- Up-to-date symlink: /home/federico/dev_ws/install/turtlesim/include/turtlesim/srv/detail/set_pen__type_support.h
[3.207s] -- Up-to-date symlink: /home/federico/dev_ws/install/turtlesim/include/turtlesim/srv/detail/spawn__functions.h
[3.208s] -- Up-to-date symlink: /home/federico/dev_ws/install/turtlesim/include/turtlesim/srv/detail/spawn__struct.h
[3.208s] -- Up-to-date symlink: /home/federico/dev_ws/install/turtlesim/include/turtlesim/srv/detail/spawn__type_support.h
[3.208s] -- Up-to-date symlink: /home/federico/dev_ws/install/turtlesim/include/turtlesim/srv/detail/teleport_absolute__functions.h
[3.208s] -- Up-to-date symlink: /home/federico/dev_ws/install/turtlesim/include/turtlesim/srv/detail/teleport_absolute__struct.h
[3.208s] -- Up-to-date symlink: /home/federico/dev_ws/install/turtlesim/include/turtlesim/srv/detail/teleport_absolute__type_support.h
[3.209s] -- Up-to-date symlink: /home/federico/dev_ws/install/turtlesim/include/turtlesim/srv/detail/teleport_relative__functions.h
[3.210s] -- Up-to-date symlink: /home/federico/dev_ws/install/turtlesim/include/turtlesim/srv/detail/teleport_relative__struct.h
[3.211s] -- Up-to-date symlink: /home/federico/dev_ws/install/turtlesim/include/turtlesim/srv/detail/teleport_relative__type_support.h
[3.211s] -- Up-to-date symlink: /home/federico/dev_ws/install/turtlesim/include/turtlesim/srv/kill.h
[3.211s] -- Up-to-date symlink: /home/federico/dev_ws/install/turtlesim/include/turtlesim/srv/set_pen.h
[3.211s] -- Up-to-date symlink: /home/federico/dev_ws/install/turtlesim/include/turtlesim/srv/spawn.h
[3.212s] -- Up-to-date symlink: /home/federico/dev_ws/install/turtlesim/include/turtlesim/srv/teleport_absolute.h
[3.212s] -- Up-to-date symlink: /home/federico/dev_ws/install/turtlesim/include/turtlesim/srv/teleport_relative.h
[3.212s] -- Up-to-date symlink: /home/federico/dev_ws/install/turtlesim/share/turtlesim/environment/library_path.sh
[3.213s] -- Up-to-date symlink: /home/federico/dev_ws/install/turtlesim/share/turtlesim/environment/library_path.dsv
[3.213s] -- Up-to-date symlink: /home/federico/dev_ws/install/turtlesim/include/turtlesim/action/detail/rotate_absolute__rosidl_typesupport_fastrtps_c.h
[3.214s] -- Up-to-date symlink: /home/federico/dev_ws/install/turtlesim/include/turtlesim/msg/detail/color__rosidl_typesupport_fastrtps_c.h
[3.215s] -- Up-to-date symlink: /home/federico/dev_ws/install/turtlesim/include/turtlesim/msg/detail/pose__rosidl_typesupport_fastrtps_c.h
[3.215s] -- Up-to-date symlink: /home/federico/dev_ws/install/turtlesim/include/turtlesim/msg/rosidl_typesupport_fastrtps_c__visibility_control.h
[3.216s] -- Up-to-date symlink: /home/federico/dev_ws/install/turtlesim/include/turtlesim/srv/detail/kill__rosidl_typesupport_fastrtps_c.h
[3.216s] -- Up-to-date symlink: /home/federico/dev_ws/install/turtlesim/include/turtlesim/srv/detail/set_pen__rosidl_typesupport_fastrtps_c.h
[3.217s] -- Up-to-date symlink: /home/federico/dev_ws/install/turtlesim/include/turtlesim/srv/detail/spawn__rosidl_typesupport_fastrtps_c.h
[3.217s] -- Up-to-date symlink: /home/federico/dev_ws/install/turtlesim/include/turtlesim/srv/detail/teleport_absolute__rosidl_typesupport_fastrtps_c.h
[3.217s] -- Up-to-date symlink: /home/federico/dev_ws/install/turtlesim/include/turtlesim/srv/detail/teleport_relative__rosidl_typesupport_fastrtps_c.h
[3.218s] -- Up-to-date symlink: /home/federico/dev_ws/install/turtlesim/lib/libturtlesim__rosidl_typesupport_fastrtps_c.so
[3.218s] -- Up-to-date symlink: /home/federico/dev_ws/install/turtlesim/include/turtlesim/action/detail/rotate_absolute__rosidl_typesupport_fastrtps_cpp.hpp
[3.218s] -- Up-to-date symlink: /home/federico/dev_ws/install/turtlesim/include/turtlesim/msg/detail/color__rosidl_typesupport_fastrtps_cpp.hpp
[3.219s] -- Up-to-date symlink: /home/federico/dev_ws/install/turtlesim/include/turtlesim/msg/detail/pose__rosidl_typesupport_fastrtps_cpp.hpp
[3.219s] -- Up-to-date symlink: /home/federico/dev_ws/install/turtlesim/include/turtlesim/msg/rosidl_typesupport_fastrtps_cpp__visibility_control.h
[3.219s] -- Up-to-date symlink: /home/federico/dev_ws/install/turtlesim/include/turtlesim/srv/detail/kill__rosidl_typesupport_fastrtps_cpp.hpp
[3.220s] -- Up-to-date symlink: /home/federico/dev_ws/install/turtlesim/include/turtlesim/srv/detail/set_pen__rosidl_typesupport_fastrtps_cpp.hpp
[3.220s] -- Up-to-date symlink: /home/federico/dev_ws/install/turtlesim/include/turtlesim/srv/detail/spawn__rosidl_typesupport_fastrtps_cpp.hpp
[3.220s] -- Up-to-date symlink: /home/federico/dev_ws/install/turtlesim/include/turtlesim/srv/detail/teleport_absolute__rosidl_typesupport_fastrtps_cpp.hpp
[3.221s] -- Up-to-date symlink: /home/federico/dev_ws/install/turtlesim/include/turtlesim/srv/detail/teleport_relative__rosidl_typesupport_fastrtps_cpp.hpp
[3.221s] -- Up-to-date symlink: /home/federico/dev_ws/install/turtlesim/lib/libturtlesim__rosidl_typesupport_fastrtps_cpp.so
[3.221s] -- Up-to-date symlink: /home/federico/dev_ws/install/turtlesim/include/turtlesim/action/detail/rotate_absolute__rosidl_typesupport_introspection_c.h
[3.222s] -- Up-to-date symlink: /home/federico/dev_ws/install/turtlesim/include/turtlesim/msg/detail/color__rosidl_typesupport_introspection_c.h
[3.223s] -- Up-to-date symlink: /home/federico/dev_ws/install/turtlesim/include/turtlesim/msg/detail/pose__rosidl_typesupport_introspection_c.h
[3.224s] -- Up-to-date symlink: /home/federico/dev_ws/install/turtlesim/include/turtlesim/msg/rosidl_typesupport_introspection_c__visibility_control.h
[3.224s] -- Up-to-date symlink: /home/federico/dev_ws/install/turtlesim/include/turtlesim/srv/detail/kill__rosidl_typesupport_introspection_c.h
[3.225s] -- Up-to-date symlink: /home/federico/dev_ws/install/turtlesim/include/turtlesim/srv/detail/set_pen__rosidl_typesupport_introspection_c.h
[3.225s] -- Up-to-date symlink: /home/federico/dev_ws/install/turtlesim/include/turtlesim/srv/detail/spawn__rosidl_typesupport_introspection_c.h
[3.225s] -- Up-to-date symlink: /home/federico/dev_ws/install/turtlesim/include/turtlesim/srv/detail/teleport_absolute__rosidl_typesupport_introspection_c.h
[3.225s] -- Up-to-date symlink: /home/federico/dev_ws/install/turtlesim/include/turtlesim/srv/detail/teleport_relative__rosidl_typesupport_introspection_c.h
[3.225s] -- Up-to-date symlink: /home/federico/dev_ws/install/turtlesim/include/turtlesim/action/detail/rotate_absolute__builder.hpp
[3.226s] -- Up-to-date symlink: /home/federico/dev_ws/install/turtlesim/include/turtlesim/action/detail/rotate_absolute__struct.hpp
[3.226s] -- Up-to-date symlink: /home/federico/dev_ws/install/turtlesim/include/turtlesim/action/detail/rotate_absolute__traits.hpp
[3.226s] -- Up-to-date symlink: /home/federico/dev_ws/install/turtlesim/include/turtlesim/action/rotate_absolute.hpp
[3.226s] -- Up-to-date symlink: /home/federico/dev_ws/install/turtlesim/include/turtlesim/msg/color.hpp
[3.226s] -- Up-to-date symlink: /home/federico/dev_ws/install/turtlesim/include/turtlesim/msg/detail/color__builder.hpp
[3.226s] -- Up-to-date symlink: /home/federico/dev_ws/install/turtlesim/include/turtlesim/msg/detail/color__struct.hpp
[3.227s] -- Up-to-date symlink: /home/federico/dev_ws/install/turtlesim/include/turtlesim/msg/detail/color__traits.hpp
[3.227s] -- Up-to-date symlink: /home/federico/dev_ws/install/turtlesim/include/turtlesim/msg/detail/pose__builder.hpp
[3.227s] -- Up-to-date symlink: /home/federico/dev_ws/install/turtlesim/include/turtlesim/msg/detail/pose__struct.hpp
[3.227s] -- Up-to-date symlink: /home/federico/dev_ws/install/turtlesim/include/turtlesim/msg/detail/pose__traits.hpp
[3.227s] -- Up-to-date symlink: /home/federico/dev_ws/install/turtlesim/include/turtlesim/msg/pose.hpp
[3.227s] -- Up-to-date symlink: /home/federico/dev_ws/install/turtlesim/include/turtlesim/srv/detail/kill__builder.hpp
[3.227s] -- Up-to-date symlink: /home/federico/dev_ws/install/turtlesim/include/turtlesim/srv/detail/kill__struct.hpp
[3.228s] -- Up-to-date symlink: /home/federico/dev_ws/install/turtlesim/include/turtlesim/srv/detail/kill__traits.hpp
[3.228s] -- Up-to-date symlink: /home/federico/dev_ws/install/turtlesim/include/turtlesim/srv/detail/set_pen__builder.hpp
[3.228s] -- Up-to-date symlink: /home/federico/dev_ws/install/turtlesim/include/turtlesim/srv/detail/set_pen__struct.hpp
[3.228s] -- Up-to-date symlink: /home/federico/dev_ws/install/turtlesim/include/turtlesim/srv/detail/set_pen__traits.hpp
[3.228s] -- Up-to-date symlink: /home/federico/dev_ws/install/turtlesim/include/turtlesim/srv/detail/spawn__builder.hpp
[3.229s] -- Up-to-date symlink: /home/federico/dev_ws/install/turtlesim/include/turtlesim/srv/detail/spawn__struct.hpp
[3.229s] -- Up-to-date symlink: /home/federico/dev_ws/install/turtlesim/include/turtlesim/srv/detail/spawn__traits.hpp
[3.230s] -- Up-to-date symlink: /home/federico/dev_ws/install/turtlesim/include/turtlesim/srv/detail/teleport_absolute__builder.hpp
[3.230s] -- Up-to-date symlink: /home/federico/dev_ws/install/turtlesim/include/turtlesim/srv/detail/teleport_absolute__struct.hpp
[3.230s] -- Up-to-date symlink: /home/federico/dev_ws/install/turtlesim/include/turtlesim/srv/detail/teleport_absolute__traits.hpp
[3.230s] -- Up-to-date symlink: /home/federico/dev_ws/install/turtlesim/include/turtlesim/srv/detail/teleport_relative__builder.hpp
[3.230s] -- Up-to-date symlink: /home/federico/dev_ws/install/turtlesim/include/turtlesim/srv/detail/teleport_relative__struct.hpp
[3.231s] -- Up-to-date symlink: /home/federico/dev_ws/install/turtlesim/include/turtlesim/srv/detail/teleport_relative__traits.hpp
[3.231s] -- Up-to-date symlink: /home/federico/dev_ws/install/turtlesim/include/turtlesim/srv/kill.hpp
[3.231s] -- Up-to-date symlink: /home/federico/dev_ws/install/turtlesim/include/turtlesim/srv/set_pen.hpp
[3.231s] -- Up-to-date symlink: /home/federico/dev_ws/install/turtlesim/include/turtlesim/srv/spawn.hpp
[3.231s] -- Up-to-date symlink: /home/federico/dev_ws/install/turtlesim/include/turtlesim/srv/teleport_absolute.hpp
[3.232s] -- Up-to-date symlink: /home/federico/dev_ws/install/turtlesim/include/turtlesim/srv/teleport_relative.hpp
[3.232s] -- Up-to-date symlink: /home/federico/dev_ws/install/turtlesim/include/turtlesim/action/detail/rotate_absolute__rosidl_typesupport_introspection_cpp.hpp
[3.232s] -- Up-to-date symlink: /home/federico/dev_ws/install/turtlesim/include/turtlesim/msg/detail/color__rosidl_typesupport_introspection_cpp.hpp
[3.233s] -- Up-to-date symlink: /home/federico/dev_ws/install/turtlesim/include/turtlesim/msg/detail/pose__rosidl_typesupport_introspection_cpp.hpp
[3.233s] -- Up-to-date symlink: /home/federico/dev_ws/install/turtlesim/include/turtlesim/srv/detail/kill__rosidl_typesupport_introspection_cpp.hpp
[3.233s] -- Up-to-date symlink: /home/federico/dev_ws/install/turtlesim/include/turtlesim/srv/detail/set_pen__rosidl_typesupport_introspection_cpp.hpp
[3.234s] -- Up-to-date symlink: /home/federico/dev_ws/install/turtlesim/include/turtlesim/srv/detail/spawn__rosidl_typesupport_introspection_cpp.hpp
[3.234s] -- Up-to-date symlink: /home/federico/dev_ws/install/turtlesim/include/turtlesim/srv/detail/teleport_absolute__rosidl_typesupport_introspection_cpp.hpp
[3.234s] -- Up-to-date symlink: /home/federico/dev_ws/install/turtlesim/include/turtlesim/srv/detail/teleport_relative__rosidl_typesupport_introspection_cpp.hpp
[3.234s] -- Up-to-date symlink: /home/federico/dev_ws/install/turtlesim/share/turtlesim/environment/pythonpath.sh
[3.235s] -- Up-to-date symlink: /home/federico/dev_ws/install/turtlesim/share/turtlesim/environment/pythonpath.dsv
[3.235s] -- Up-to-date symlink: /home/federico/dev_ws/install/turtlesim/lib/python3.8/site-packages/turtlesim/__init__.py
[3.235s] -- Up-to-date symlink: /home/federico/dev_ws/install/turtlesim/lib/python3.8/site-packages/turtlesim/action/__init__.py
[3.235s] -- Up-to-date symlink: /home/federico/dev_ws/install/turtlesim/lib/python3.8/site-packages/turtlesim/action/_rotate_absolute.py
[3.235s] -- Up-to-date symlink: /home/federico/dev_ws/install/turtlesim/lib/python3.8/site-packages/turtlesim/msg/__init__.py
[3.236s] -- Up-to-date symlink: /home/federico/dev_ws/install/turtlesim/lib/python3.8/site-packages/turtlesim/msg/_color.py
[3.236s] -- Up-to-date symlink: /home/federico/dev_ws/install/turtlesim/lib/python3.8/site-packages/turtlesim/msg/_pose.py
[3.236s] -- Up-to-date symlink: /home/federico/dev_ws/install/turtlesim/lib/python3.8/site-packages/turtlesim/srv/__init__.py
[3.236s] -- Up-to-date symlink: /home/federico/dev_ws/install/turtlesim/lib/python3.8/site-packages/turtlesim/srv/_kill.py
[3.236s] -- Up-to-date symlink: /home/federico/dev_ws/install/turtlesim/lib/python3.8/site-packages/turtlesim/srv/_set_pen.py
[3.237s] -- Up-to-date symlink: /home/federico/dev_ws/install/turtlesim/lib/python3.8/site-packages/turtlesim/srv/_spawn.py
[3.237s] -- Up-to-date symlink: /home/federico/dev_ws/install/turtlesim/lib/python3.8/site-packages/turtlesim/srv/_teleport_absolute.py
[3.237s] -- Up-to-date symlink: /home/federico/dev_ws/install/turtlesim/lib/python3.8/site-packages/turtlesim/srv/_teleport_relative.py
[3.237s] -- Up-to-date symlink: /home/federico/dev_ws/install/turtlesim/lib/python3.8/site-packages/turtlesim/turtlesim_s__rosidl_typesupport_fastrtps_c.cpython-38-x86_64-linux-gnu.so
[3.238s] -- Up-to-date symlink: /home/federico/dev_ws/install/turtlesim/lib/python3.8/site-packages/turtlesim/turtlesim_s__rosidl_typesupport_introspection_c.cpython-38-x86_64-linux-gnu.so
[3.238s] -- Up-to-date symlink: /home/federico/dev_ws/install/turtlesim/lib/python3.8/site-packages/turtlesim/turtlesim_s__rosidl_typesupport_c.cpython-38-x86_64-linux-gnu.so
[3.238s] -- Up-to-date symlink: /home/federico/dev_ws/install/turtlesim/lib/libturtlesim__python.so
[3.239s] -- Up-to-date symlink: /home/federico/dev_ws/install/turtlesim/share/turtlesim/action/RotateAbsolute.idl
[3.239s] -- Up-to-date symlink: /home/federico/dev_ws/install/turtlesim/share/turtlesim/msg/Color.idl
[3.240s] -- Up-to-date symlink: /home/federico/dev_ws/install/turtlesim/share/turtlesim/msg/Pose.idl
[3.242s] -- Up-to-date symlink: /home/federico/dev_ws/install/turtlesim/share/turtlesim/srv/Kill.idl
[3.243s] -- Up-to-date symlink: /home/federico/dev_ws/install/turtlesim/share/turtlesim/srv/SetPen.idl
[3.243s] -- Up-to-date symlink: /home/federico/dev_ws/install/turtlesim/share/turtlesim/srv/Spawn.idl
[3.244s] -- Up-to-date symlink: /home/federico/dev_ws/install/turtlesim/share/turtlesim/srv/TeleportAbsolute.idl
[3.244s] -- Up-to-date symlink: /home/federico/dev_ws/install/turtlesim/share/turtlesim/srv/TeleportRelative.idl
[3.244s] -- Up-to-date symlink: /home/federico/dev_ws/install/turtlesim/share/turtlesim/action/RotateAbsolute.action
[3.244s] -- Up-to-date symlink: /home/federico/dev_ws/install/turtlesim/share/turtlesim/msg/Color.msg
[3.244s] -- Up-to-date symlink: /home/federico/dev_ws/install/turtlesim/share/turtlesim/msg/Pose.msg
[3.244s] -- Up-to-date symlink: /home/federico/dev_ws/install/turtlesim/share/turtlesim/srv/Kill.srv
[3.244s] -- Up-to-date symlink: /home/federico/dev_ws/install/turtlesim/share/turtlesim/srv/Kill_Request.msg
[3.245s] -- Up-to-date symlink: /home/federico/dev_ws/install/turtlesim/share/turtlesim/srv/Kill_Response.msg
[3.246s] -- Up-to-date symlink: /home/federico/dev_ws/install/turtlesim/share/turtlesim/srv/SetPen.srv
[3.246s] -- Up-to-date symlink: /home/federico/dev_ws/install/turtlesim/share/turtlesim/srv/SetPen_Request.msg
[3.247s] -- Up-to-date symlink: /home/federico/dev_ws/install/turtlesim/share/turtlesim/srv/SetPen_Response.msg
[3.247s] -- Up-to-date symlink: /home/federico/dev_ws/install/turtlesim/share/turtlesim/srv/Spawn.srv
[3.247s] -- Up-to-date symlink: /home/federico/dev_ws/install/turtlesim/share/turtlesim/srv/Spawn_Request.msg
[3.248s] -- Up-to-date symlink: /home/federico/dev_ws/install/turtlesim/share/turtlesim/srv/Spawn_Response.msg
[3.248s] -- Up-to-date symlink: /home/federico/dev_ws/install/turtlesim/share/turtlesim/srv/TeleportAbsolute.srv
[3.248s] -- Up-to-date symlink: /home/federico/dev_ws/install/turtlesim/share/turtlesim/srv/TeleportAbsolute_Request.msg
[3.249s] -- Up-to-date symlink: /home/federico/dev_ws/install/turtlesim/share/turtlesim/srv/TeleportAbsolute_Response.msg
[3.251s] -- Up-to-date symlink: /home/federico/dev_ws/install/turtlesim/share/turtlesim/srv/TeleportRelative.srv
[3.252s] -- Up-to-date symlink: /home/federico/dev_ws/install/turtlesim/share/turtlesim/srv/TeleportRelative_Request.msg
[3.253s] -- Up-to-date symlink: /home/federico/dev_ws/install/turtlesim/share/turtlesim/srv/TeleportRelative_Response.msg
[3.253s] -- Up-to-date symlink: /home/federico/dev_ws/install/turtlesim/lib/turtlesim/turtlesim_node
[3.253s] -- Up-to-date symlink: /home/federico/dev_ws/install/turtlesim/lib/turtlesim/turtle_teleop_key
[3.253s] -- Up-to-date symlink: /home/federico/dev_ws/install/turtlesim/lib/turtlesim/draw_square
[3.254s] -- Up-to-date symlink: /home/federico/dev_ws/install/turtlesim/lib/turtlesim/mimic
[3.254s] -- Up-to-date symlink: /home/federico/dev_ws/install/turtlesim/share/turtlesim/launch/multisim.launch.py
[3.255s] -- Up-to-date symlink: /home/federico/dev_ws/install/turtlesim/share/ament_index/resource_index/package_run_dependencies/turtlesim
[3.255s] -- Up-to-date symlink: /home/federico/dev_ws/install/turtlesim/share/ament_index/resource_index/parent_prefix_path/turtlesim
[3.255s] -- Up-to-date symlink: /home/federico/dev_ws/install/turtlesim/share/turtlesim/environment/ament_prefix_path.sh
[3.255s] -- Up-to-date symlink: /home/federico/dev_ws/install/turtlesim/share/turtlesim/environment/ament_prefix_path.dsv
[3.255s] -- Up-to-date symlink: /home/federico/dev_ws/install/turtlesim/share/turtlesim/environment/path.sh
[3.255s] -- Up-to-date symlink: /home/federico/dev_ws/install/turtlesim/share/turtlesim/environment/path.dsv
[3.255s] -- Up-to-date symlink: /home/federico/dev_ws/install/turtlesim/share/turtlesim/local_setup.bash
[3.255s] -- Up-to-date symlink: /home/federico/dev_ws/install/turtlesim/share/turtlesim/local_setup.sh
[3.256s] -- Up-to-date symlink: /home/federico/dev_ws/install/turtlesim/share/turtlesim/local_setup.zsh
[3.256s] -- Up-to-date symlink: /home/federico/dev_ws/install/turtlesim/share/turtlesim/local_setup.dsv
[3.256s] -- Symlinking: /home/federico/dev_ws/install/turtlesim/share/turtlesim/package.dsv
[3.256s] -- Up-to-date symlink: /home/federico/dev_ws/install/turtlesim/share/ament_index/resource_index/packages/turtlesim
[3.256s] -- Up-to-date symlink: /home/federico/dev_ws/install/turtlesim/share/turtlesim/cmake/rosidl_cmake-extras.cmake
[3.256s] -- Up-to-date symlink: /home/federico/dev_ws/install/turtlesim/share/turtlesim/cmake/ament_cmake_export_dependencies-extras.cmake
[3.256s] -- Up-to-date symlink: /home/federico/dev_ws/install/turtlesim/share/turtlesim/cmake/ament_cmake_export_libraries-extras.cmake
[3.256s] -- Up-to-date symlink: /home/federico/dev_ws/install/turtlesim/share/turtlesim/cmake/ament_cmake_export_targets-extras.cmake
[3.257s] -- Up-to-date symlink: /home/federico/dev_ws/install/turtlesim/share/turtlesim/cmake/ament_cmake_export_include_directories-extras.cmake
[3.257s] -- Up-to-date symlink: /home/federico/dev_ws/install/turtlesim/share/turtlesim/cmake/rosidl_cmake_export_typesupport_libraries-extras.cmake
[3.257s] -- Up-to-date symlink: /home/federico/dev_ws/install/turtlesim/share/turtlesim/cmake/rosidl_cmake_export_typesupport_targets-extras.cmake
[3.257s] -- Up-to-date symlink: /home/federico/dev_ws/install/turtlesim/share/turtlesim/cmake/turtlesimConfig.cmake
[3.257s] -- Up-to-date symlink: /home/federico/dev_ws/install/turtlesim/share/turtlesim/cmake/turtlesimConfig-version.cmake
[3.257s] -- Up-to-date symlink: /home/federico/dev_ws/install/turtlesim/share/turtlesim/package.xml
[3.257s] -- Up-to-date: /home/federico/dev_ws/install/turtlesim/lib/libturtlesim__rosidl_generator_c.so
[3.258s] -- Up-to-date: /home/federico/dev_ws/install/turtlesim/lib/libturtlesim__rosidl_typesupport_introspection_c.so
[3.258s] -- Up-to-date: /home/federico/dev_ws/install/turtlesim/lib/libturtlesim__rosidl_typesupport_c.so
[3.258s] -- Up-to-date: /home/federico/dev_ws/install/turtlesim/lib/libturtlesim__rosidl_typesupport_introspection_cpp.so
[3.258s] -- Up-to-date: /home/federico/dev_ws/install/turtlesim/lib/libturtlesim__rosidl_typesupport_cpp.so
[3.278s] -- Up-to-date: /home/federico/dev_ws/install/turtlesim/share/turtlesim/images
[3.278s] -- Up-to-date: /home/federico/dev_ws/install/turtlesim/share/turtlesim/images/foxy.png
[3.278s] -- Up-to-date: /home/federico/dev_ws/install/turtlesim/share/turtlesim/images/ardent.png
[3.279s] -- Up-to-date: /home/federico/dev_ws/install/turtlesim/share/turtlesim/images/galactic.png
[3.279s] -- Up-to-date: /home/federico/dev_ws/install/turtlesim/share/turtlesim/images/bouncy.png
[3.279s] -- Up-to-date: /home/federico/dev_ws/install/turtlesim/share/turtlesim/images/dashing.png
[3.279s] -- Up-to-date: /home/federico/dev_ws/install/turtlesim/share/turtlesim/images/crystal.png
[3.279s] -- Up-to-date: /home/federico/dev_ws/install/turtlesim/share/turtlesim/images/eloquent.png
[3.279s] -- Up-to-date: /home/federico/dev_ws/install/turtlesim/share/turtlesim/cmake/turtlesim__rosidl_generator_cExport.cmake
[3.279s] -- Up-to-date: /home/federico/dev_ws/install/turtlesim/share/turtlesim/cmake/turtlesim__rosidl_generator_cExport-noconfig.cmake
[3.280s] -- Up-to-date: /home/federico/dev_ws/install/turtlesim/share/turtlesim/cmake/turtlesim__rosidl_typesupport_introspection_cExport.cmake
[3.280s] -- Up-to-date: /home/federico/dev_ws/install/turtlesim/share/turtlesim/cmake/turtlesim__rosidl_typesupport_introspection_cExport-noconfig.cmake
[3.280s] -- Up-to-date: /home/federico/dev_ws/install/turtlesim/share/turtlesim/cmake/turtlesim__rosidl_typesupport_cExport.cmake
[3.280s] -- Up-to-date: /home/federico/dev_ws/install/turtlesim/share/turtlesim/cmake/turtlesim__rosidl_typesupport_cExport-noconfig.cmake
[3.280s] -- Up-to-date: /home/federico/dev_ws/install/turtlesim/share/turtlesim/cmake/turtlesim__rosidl_generator_cppExport.cmake
[3.280s] -- Up-to-date: /home/federico/dev_ws/install/turtlesim/share/turtlesim/cmake/turtlesim__rosidl_typesupport_introspection_cppExport.cmake
[3.280s] -- Up-to-date: /home/federico/dev_ws/install/turtlesim/share/turtlesim/cmake/turtlesim__rosidl_typesupport_introspection_cppExport-noconfig.cmake
[3.280s] -- Up-to-date: /home/federico/dev_ws/install/turtlesim/share/turtlesim/cmake/turtlesim__rosidl_typesupport_cppExport.cmake
[3.280s] -- Up-to-date: /home/federico/dev_ws/install/turtlesim/share/turtlesim/cmake/turtlesim__rosidl_typesupport_cppExport-noconfig.cmake
[3.285s] Invoked command in '/home/federico/dev_ws/build/turtlesim' returned '0': CMAKE_PREFIX_PATH=${CMAKE_PREFIX_PATH}:/home/federico/dev_ws/install/py_srvcli:/home/federico/dev_ws/install/py_pubsub:/home/federico/dev_ws/install/python_parameters:/opt/ros/galactic /usr/bin/cmake --install /home/federico/dev_ws/build/turtlesim
