[2.363s] Invoking command in '/home/federico/dev_ws/build/my_package': PYTHONPATH=/home/federico/dev_ws/install/my_package/lib/python3.8/site-packages:${PYTHONPATH} /usr/bin/python3 setup.py develop --prefix /home/federico/dev_ws/install/my_package --editable --build-directory /home/federico/dev_ws/build/my_package/build --no-deps install_data --install-dir /home/federico/dev_ws/install/my_package
[3.404s] running develop
[3.404s] /home/federico/.local/lib/python3.8/site-packages/setuptools/command/easy_install.py:144: EasyInstallDeprecationWarning: easy_install command is deprecated. Use build and pip and other standards-based tools.
[3.404s]   warnings.warn(
[3.584s] /home/federico/.local/lib/python3.8/site-packages/setuptools/command/install.py:34: SetuptoolsDeprecationWarning: setup.py install is deprecated. Use build and pip and other standards-based tools.
[3.584s]   warnings.warn(
[3.824s] /home/federico/.local/lib/python3.8/site-packages/pkg_resources/__init__.py:123: PkgResourcesDeprecationWarning: 0.1.36ubuntu1 is an invalid version and will not be supported in a future release
[3.824s]   warnings.warn(
[3.824s] /home/federico/.local/lib/python3.8/site-packages/pkg_resources/__init__.py:123: PkgResourcesDeprecationWarning: 0.23ubuntu1 is an invalid version and will not be supported in a future release
[3.824s]   warnings.warn(
[3.953s] running egg_info
[4.032s] writing my_package.egg-info/PKG-INFO
[4.103s] writing dependency_links to my_package.egg-info/dependency_links.txt
[4.322s] writing entry points to my_package.egg-info/entry_points.txt
[4.452s] writing requirements to my_package.egg-info/requires.txt
[4.522s] writing top-level names to my_package.egg-info/top_level.txt
[4.620s] reading manifest file 'my_package.egg-info/SOURCES.txt'
[4.620s] writing manifest file 'my_package.egg-info/SOURCES.txt'
[4.761s] running build_ext
[4.761s] Creating /home/federico/dev_ws/install/my_package/lib/python3.8/site-packages/my-package.egg-link (link to .)
[4.762s] Installing my_node script to /home/federico/dev_ws/install/my_package/lib/my_package
[4.762s] 
[4.762s] Installed /home/federico/dev_ws/build/my_package
[4.762s] running install_data
[4.849s] Invoked command in '/home/federico/dev_ws/build/my_package' returned '0': PYTHONPATH=/home/federico/dev_ws/install/my_package/lib/python3.8/site-packages:${PYTHONPATH} /usr/bin/python3 setup.py develop --prefix /home/federico/dev_ws/install/my_package --editable --build-directory /home/federico/dev_ws/build/my_package/build --no-deps install_data --install-dir /home/federico/dev_ws/install/my_package
