[2.604s] Invoking command in '/home/federico/dev_ws/build/my_package': PYTHONPATH=/home/federico/dev_ws/install/my_package/lib/python3.8/site-packages:${PYTHONPATH} /usr/bin/python3 setup.py develop --prefix /home/federico/dev_ws/install/my_package --editable --build-directory /home/federico/dev_ws/build/my_package/build --no-deps install_data --install-dir /home/federico/dev_ws/install/my_package
[3.803s] running develop
[3.803s] /home/federico/.local/lib/python3.8/site-packages/setuptools/command/easy_install.py:144: EasyInstallDeprecationWarning: easy_install command is deprecated. Use build and pip and other standards-based tools.
[3.803s]   warnings.warn(
[4.002s] /home/federico/.local/lib/python3.8/site-packages/setuptools/command/install.py:34: SetuptoolsDeprecationWarning: setup.py install is deprecated. Use build and pip and other standards-based tools.
[4.002s]   warnings.warn(
[4.301s] /home/federico/.local/lib/python3.8/site-packages/pkg_resources/__init__.py:123: PkgResourcesDeprecationWarning: 0.1.36ubuntu1 is an invalid version and will not be supported in a future release
[4.301s]   warnings.warn(
[4.302s] /home/federico/.local/lib/python3.8/site-packages/pkg_resources/__init__.py:123: PkgResourcesDeprecationWarning: 0.23ubuntu1 is an invalid version and will not be supported in a future release
[4.302s]   warnings.warn(
[4.462s] running egg_info
[4.579s] writing my_package.egg-info/PKG-INFO
[4.666s] writing dependency_links to my_package.egg-info/dependency_links.txt
[4.898s] writing entry points to my_package.egg-info/entry_points.txt
[5.058s] writing requirements to my_package.egg-info/requires.txt
[5.146s] writing top-level names to my_package.egg-info/top_level.txt
[5.283s] reading manifest file 'my_package.egg-info/SOURCES.txt'
[5.285s] writing manifest file 'my_package.egg-info/SOURCES.txt'
[5.434s] running build_ext
[5.434s] Creating /home/federico/dev_ws/install/my_package/lib/python3.8/site-packages/my-package.egg-link (link to .)
[5.435s] Installing reading_laser script to /home/federico/dev_ws/install/my_package/lib/my_package
[5.435s] 
[5.435s] Installed /home/federico/dev_ws/build/my_package
[5.435s] running install_data
[5.536s] Invoked command in '/home/federico/dev_ws/build/my_package' returned '0': PYTHONPATH=/home/federico/dev_ws/install/my_package/lib/python3.8/site-packages:${PYTHONPATH} /usr/bin/python3 setup.py develop --prefix /home/federico/dev_ws/install/my_package --editable --build-directory /home/federico/dev_ws/build/my_package/build --no-deps install_data --install-dir /home/federico/dev_ws/install/my_package
