[0.014s] Invoking command in '/home/federico/dev_ws/build/dolly': AMENT_PREFIX_PATH=/home/federico/dev_ws/install/dolly_gazebo:/home/federico/dev_ws/install/dolly_follow:${AMENT_PREFIX_PATH} CMAKE_PREFIX_PATH=/home/federico/dev_ws/install/dolly_gazebo:/home/federico/dev_ws/install/dolly_follow:/opt/ros/galactic GAZEBO_MODEL_PATH=/home/federico/dev_ws/install/dolly_gazebo/share/dolly_gazebo/models:${GAZEBO_MODEL_PATH} GAZEBO_RESOURCE_PATH=/home/federico/dev_ws/install/dolly_gazebo/share/dolly_gazebo/worlds:${GAZEBO_RESOURCE_PATH} /usr/bin/cmake /home/federico/dev_ws/src/dolly/dolly -DCMAKE_INSTALL_PREFIX=/home/federico/dev_ws/install/dolly
[0.031s] -- Found ament_cmake: 1.1.5 (/opt/ros/galactic/share/ament_cmake/cmake)
[0.054s] -- Using PYTHON_EXECUTABLE: /usr/bin/python3
[0.140s] -- Override CMake install command with custom implementation using symlinks instead of copying resources
[0.153s] -- Found ament_lint_auto: 0.10.6 (/opt/ros/galactic/share/ament_lint_auto/cmake)
[0.231s] -- Added test 'copyright' to check source files copyright and LICENSE
[0.233s] -- Added test 'lint_cmake' to check CMake code style
[0.234s] -- Added test 'xmllint' to check XML markup files
[0.237s] -- Configuring done
[0.241s] -- Generating done
[0.243s] -- Build files have been written to: /home/federico/dev_ws/build/dolly
[0.246s] Invoked command in '/home/federico/dev_ws/build/dolly' returned '0': AMENT_PREFIX_PATH=/home/federico/dev_ws/install/dolly_gazebo:/home/federico/dev_ws/install/dolly_follow:${AMENT_PREFIX_PATH} CMAKE_PREFIX_PATH=/home/federico/dev_ws/install/dolly_gazebo:/home/federico/dev_ws/install/dolly_follow:/opt/ros/galactic GAZEBO_MODEL_PATH=/home/federico/dev_ws/install/dolly_gazebo/share/dolly_gazebo/models:${GAZEBO_MODEL_PATH} GAZEBO_RESOURCE_PATH=/home/federico/dev_ws/install/dolly_gazebo/share/dolly_gazebo/worlds:${GAZEBO_RESOURCE_PATH} /usr/bin/cmake /home/federico/dev_ws/src/dolly/dolly -DCMAKE_INSTALL_PREFIX=/home/federico/dev_ws/install/dolly
[0.250s] Invoking command in '/home/federico/dev_ws/build/dolly': AMENT_PREFIX_PATH=/home/federico/dev_ws/install/dolly_gazebo:/home/federico/dev_ws/install/dolly_follow:${AMENT_PREFIX_PATH} CMAKE_PREFIX_PATH=/home/federico/dev_ws/install/dolly_gazebo:/home/federico/dev_ws/install/dolly_follow:/opt/ros/galactic GAZEBO_MODEL_PATH=/home/federico/dev_ws/install/dolly_gazebo/share/dolly_gazebo/models:${GAZEBO_MODEL_PATH} GAZEBO_RESOURCE_PATH=/home/federico/dev_ws/install/dolly_gazebo/share/dolly_gazebo/worlds:${GAZEBO_RESOURCE_PATH} /usr/bin/cmake --build /home/federico/dev_ws/build/dolly -- -j12 -l12
[0.293s] Invoked command in '/home/federico/dev_ws/build/dolly' returned '0': AMENT_PREFIX_PATH=/home/federico/dev_ws/install/dolly_gazebo:/home/federico/dev_ws/install/dolly_follow:${AMENT_PREFIX_PATH} CMAKE_PREFIX_PATH=/home/federico/dev_ws/install/dolly_gazebo:/home/federico/dev_ws/install/dolly_follow:/opt/ros/galactic GAZEBO_MODEL_PATH=/home/federico/dev_ws/install/dolly_gazebo/share/dolly_gazebo/models:${GAZEBO_MODEL_PATH} GAZEBO_RESOURCE_PATH=/home/federico/dev_ws/install/dolly_gazebo/share/dolly_gazebo/worlds:${GAZEBO_RESOURCE_PATH} /usr/bin/cmake --build /home/federico/dev_ws/build/dolly -- -j12 -l12
[0.318s] Invoking command in '/home/federico/dev_ws/build/dolly': AMENT_PREFIX_PATH=/home/federico/dev_ws/install/dolly_gazebo:/home/federico/dev_ws/install/dolly_follow:${AMENT_PREFIX_PATH} CMAKE_PREFIX_PATH=/home/federico/dev_ws/install/dolly_gazebo:/home/federico/dev_ws/install/dolly_follow:/opt/ros/galactic GAZEBO_MODEL_PATH=/home/federico/dev_ws/install/dolly_gazebo/share/dolly_gazebo/models:${GAZEBO_MODEL_PATH} GAZEBO_RESOURCE_PATH=/home/federico/dev_ws/install/dolly_gazebo/share/dolly_gazebo/worlds:${GAZEBO_RESOURCE_PATH} /usr/bin/cmake --install /home/federico/dev_ws/build/dolly
[0.328s] -- Install configuration: ""
[0.329s] -- Execute custom install script
[0.329s] -- Up-to-date symlink: /home/federico/dev_ws/install/dolly/share/ament_index/resource_index/package_run_dependencies/dolly
[0.329s] -- Up-to-date symlink: /home/federico/dev_ws/install/dolly/share/ament_index/resource_index/parent_prefix_path/dolly
[0.330s] -- Up-to-date symlink: /home/federico/dev_ws/install/dolly/share/dolly/environment/ament_prefix_path.sh
[0.330s] -- Up-to-date symlink: /home/federico/dev_ws/install/dolly/share/dolly/environment/ament_prefix_path.dsv
[0.330s] -- Up-to-date symlink: /home/federico/dev_ws/install/dolly/share/dolly/environment/path.sh
[0.330s] -- Up-to-date symlink: /home/federico/dev_ws/install/dolly/share/dolly/environment/path.dsv
[0.331s] -- Up-to-date symlink: /home/federico/dev_ws/install/dolly/share/dolly/local_setup.bash
[0.331s] -- Up-to-date symlink: /home/federico/dev_ws/install/dolly/share/dolly/local_setup.sh
[0.331s] -- Up-to-date symlink: /home/federico/dev_ws/install/dolly/share/dolly/local_setup.zsh
[0.332s] -- Up-to-date symlink: /home/federico/dev_ws/install/dolly/share/dolly/local_setup.dsv
[0.332s] -- Symlinking: /home/federico/dev_ws/install/dolly/share/dolly/package.dsv
[0.342s] -- Up-to-date symlink: /home/federico/dev_ws/install/dolly/share/ament_index/resource_index/packages/dolly
[0.342s] -- Up-to-date symlink: /home/federico/dev_ws/install/dolly/share/dolly/cmake/dollyConfig.cmake
[0.342s] -- Up-to-date symlink: /home/federico/dev_ws/install/dolly/share/dolly/cmake/dollyConfig-version.cmake
[0.343s] -- Up-to-date symlink: /home/federico/dev_ws/install/dolly/share/dolly/package.xml
[0.347s] Invoked command in '/home/federico/dev_ws/build/dolly' returned '0': AMENT_PREFIX_PATH=/home/federico/dev_ws/install/dolly_gazebo:/home/federico/dev_ws/install/dolly_follow:${AMENT_PREFIX_PATH} CMAKE_PREFIX_PATH=/home/federico/dev_ws/install/dolly_gazebo:/home/federico/dev_ws/install/dolly_follow:/opt/ros/galactic GAZEBO_MODEL_PATH=/home/federico/dev_ws/install/dolly_gazebo/share/dolly_gazebo/models:${GAZEBO_MODEL_PATH} GAZEBO_RESOURCE_PATH=/home/federico/dev_ws/install/dolly_gazebo/share/dolly_gazebo/worlds:${GAZEBO_RESOURCE_PATH} /usr/bin/cmake --install /home/federico/dev_ws/build/dolly
