[3.108s] Invoking command in '/home/federico/dev_ws/build/python_parameters': PYTHONPATH=/home/federico/dev_ws/install/python_parameters/lib/python3.8/site-packages:${PYTHONPATH} /usr/bin/python3 setup.py develop --prefix /home/federico/dev_ws/install/python_parameters --uninstall --editable --build-directory /home/federico/dev_ws/build/python_parameters/build
[3.900s] running develop
[3.901s] /home/federico/.local/lib/python3.8/site-packages/setuptools/command/easy_install.py:144: EasyInstallDeprecationWarning: easy_install command is deprecated. Use build and pip and other standards-based tools.
[3.901s]   warnings.warn(
[4.021s] /home/federico/.local/lib/python3.8/site-packages/setuptools/command/install.py:34: SetuptoolsDeprecationWarning: setup.py install is deprecated. Use build and pip and other standards-based tools.
[4.021s]   warnings.warn(
[4.201s] /home/federico/.local/lib/python3.8/site-packages/pkg_resources/__init__.py:123: PkgResourcesDeprecationWarning: 0.1.36ubuntu1 is an invalid version and will not be supported in a future release
[4.201s]   warnings.warn(
[4.201s] /home/federico/.local/lib/python3.8/site-packages/pkg_resources/__init__.py:123: PkgResourcesDeprecationWarning: 0.23ubuntu1 is an invalid version and will not be supported in a future release
[4.201s]   warnings.warn(
[4.356s] Invoked command in '/home/federico/dev_ws/build/python_parameters' returned '0': PYTHONPATH=/home/federico/dev_ws/install/python_parameters/lib/python3.8/site-packages:${PYTHONPATH} /usr/bin/python3 setup.py develop --prefix /home/federico/dev_ws/install/python_parameters --uninstall --editable --build-directory /home/federico/dev_ws/build/python_parameters/build
[4.356s] Invoking command in '/home/federico/dev_ws/src/python_parameters': PYTHONPATH=/home/federico/dev_ws/install/python_parameters/lib/python3.8/site-packages:${PYTHONPATH} /usr/bin/python3 setup.py egg_info --egg-base ../../build/python_parameters build --build-base /home/federico/dev_ws/build/python_parameters/build install --prefix /home/federico/dev_ws/install/python_parameters --record /home/federico/dev_ws/build/python_parameters/install.log --single-version-externally-managed
[5.100s] running egg_info
[5.156s] writing ../../build/python_parameters/python_parameters.egg-info/PKG-INFO
[5.201s] writing dependency_links to ../../build/python_parameters/python_parameters.egg-info/dependency_links.txt
[5.335s] writing entry points to ../../build/python_parameters/python_parameters.egg-info/entry_points.txt
[5.431s] writing requirements to ../../build/python_parameters/python_parameters.egg-info/requires.txt
[5.474s] writing top-level names to ../../build/python_parameters/python_parameters.egg-info/top_level.txt
[5.546s] reading manifest file '../../build/python_parameters/python_parameters.egg-info/SOURCES.txt'
[5.547s] writing manifest file '../../build/python_parameters/python_parameters.egg-info/SOURCES.txt'
[5.547s] running build
[5.547s] running build_py
[5.547s] running install
[5.547s] /home/federico/.local/lib/python3.8/site-packages/setuptools/command/install.py:34: SetuptoolsDeprecationWarning: setup.py install is deprecated. Use build and pip and other standards-based tools.
[5.547s]   warnings.warn(
[5.552s] running install_lib
[5.609s] running install_data
[5.621s] running install_egg_info
[5.680s] removing '/home/federico/dev_ws/install/python_parameters/lib/python3.8/site-packages/python_parameters-0.0.0-py3.8.egg-info' (and everything under it)
[5.680s] Copying ../../build/python_parameters/python_parameters.egg-info to /home/federico/dev_ws/install/python_parameters/lib/python3.8/site-packages/python_parameters-0.0.0-py3.8.egg-info
[5.681s] running install_scripts
[5.798s] Installing param_talker script to /home/federico/dev_ws/install/python_parameters/lib/python_parameters
[5.798s] writing list of installed files to '/home/federico/dev_ws/build/python_parameters/install.log'
[5.841s] Invoked command in '/home/federico/dev_ws/src/python_parameters' returned '0': PYTHONPATH=/home/federico/dev_ws/install/python_parameters/lib/python3.8/site-packages:${PYTHONPATH} /usr/bin/python3 setup.py egg_info --egg-base ../../build/python_parameters build --build-base /home/federico/dev_ws/build/python_parameters/build install --prefix /home/federico/dev_ws/install/python_parameters --record /home/federico/dev_ws/build/python_parameters/install.log --single-version-externally-managed
