running develop
Removing /home/federico/dev_ws/install/python_parameters/lib/python3.8/site-packages/python-parameters.egg-link (link to .)
running egg_info
writing ../../build/python_parameters/python_parameters.egg-info/PKG-INFO
writing dependency_links to ../../build/python_parameters/python_parameters.egg-info/dependency_links.txt
writing entry points to ../../build/python_parameters/python_parameters.egg-info/entry_points.txt
writing requirements to ../../build/python_parameters/python_parameters.egg-info/requires.txt
writing top-level names to ../../build/python_parameters/python_parameters.egg-info/top_level.txt
reading manifest file '../../build/python_parameters/python_parameters.egg-info/SOURCES.txt'
writing manifest file '../../build/python_parameters/python_parameters.egg-info/SOURCES.txt'
running build
running build_py
running install
running install_lib
creating /home/federico/dev_ws/install/python_parameters/lib/python3.8/site-packages/python_parameters
copying /home/federico/dev_ws/build/python_parameters/build/lib/python_parameters/__init__.py -> /home/federico/dev_ws/install/python_parameters/lib/python3.8/site-packages/python_parameters
copying /home/federico/dev_ws/build/python_parameters/build/lib/python_parameters/python_parameters_node.py -> /home/federico/dev_ws/install/python_parameters/lib/python3.8/site-packages/python_parameters
byte-compiling /home/federico/dev_ws/install/python_parameters/lib/python3.8/site-packages/python_parameters/__init__.py to __init__.cpython-38.pyc
byte-compiling /home/federico/dev_ws/install/python_parameters/lib/python3.8/site-packages/python_parameters/python_parameters_node.py to python_parameters_node.cpython-38.pyc
running install_data
running install_egg_info
Copying ../../build/python_parameters/python_parameters.egg-info to /home/federico/dev_ws/install/python_parameters/lib/python3.8/site-packages/python_parameters-0.0.0-py3.8.egg-info
running install_scripts
Installing param_talker script to /home/federico/dev_ws/install/python_parameters/lib/python_parameters
writing list of installed files to '/home/federico/dev_ws/build/python_parameters/install.log'
