[2.689s] Invoking command in '/home/federico/dev_ws/src/my_package': PYTHONPATH=/home/federico/dev_ws/install/my_package/lib/python3.8/site-packages:${PYTHONPATH} /usr/bin/python3 setup.py egg_info --egg-base ../../build/my_package build --build-base /home/federico/dev_ws/build/my_package/build install --prefix /home/federico/dev_ws/install/my_package --record /home/federico/dev_ws/build/my_package/install.log --single-version-externally-managed
[3.972s] running egg_info
[4.069s] writing ../../build/my_package/my_package.egg-info/PKG-INFO
[4.146s] writing dependency_links to ../../build/my_package/my_package.egg-info/dependency_links.txt
[4.375s] writing entry points to ../../build/my_package/my_package.egg-info/entry_points.txt
[4.529s] writing requirements to ../../build/my_package/my_package.egg-info/requires.txt
[4.615s] writing top-level names to ../../build/my_package/my_package.egg-info/top_level.txt
[4.736s] reading manifest file '../../build/my_package/my_package.egg-info/SOURCES.txt'
[4.738s] writing manifest file '../../build/my_package/my_package.egg-info/SOURCES.txt'
[4.738s] running build
[4.738s] running build_py
[4.738s] running install
[4.738s] /home/federico/.local/lib/python3.8/site-packages/setuptools/command/install.py:34: SetuptoolsDeprecationWarning: setup.py install is deprecated. Use build and pip and other standards-based tools.
[4.739s]   warnings.warn(
[4.747s] running install_lib
[4.845s] running install_data
[4.865s] running install_egg_info
[4.963s] removing '/home/federico/dev_ws/install/my_package/lib/python3.8/site-packages/my_package-0.0.0-py3.8.egg-info' (and everything under it)
[4.964s] Copying ../../build/my_package/my_package.egg-info to /home/federico/dev_ws/install/my_package/lib/python3.8/site-packages/my_package-0.0.0-py3.8.egg-info
[4.965s] running install_scripts
[5.146s] Installing my_node script to /home/federico/dev_ws/install/my_package/lib/my_package
[5.146s] writing list of installed files to '/home/federico/dev_ws/build/my_package/install.log'
[5.184s] Invoked command in '/home/federico/dev_ws/src/my_package' returned '0': PYTHONPATH=/home/federico/dev_ws/install/my_package/lib/python3.8/site-packages:${PYTHONPATH} /usr/bin/python3 setup.py egg_info --egg-base ../../build/my_package build --build-base /home/federico/dev_ws/build/my_package/build install --prefix /home/federico/dev_ws/install/my_package --record /home/federico/dev_ws/build/my_package/install.log --single-version-externally-managed
