[0.021s] Invoking command in '/home/federico/dev_ws/build/turtlesim': CMAKE_PREFIX_PATH=${CMAKE_PREFIX_PATH}:/opt/ros/galactic /usr/bin/cmake --build /home/federico/dev_ws/build/turtlesim -- -j12 -l12
[0.098s] [  1%] Built target turtlesim__cpp
[0.100s] [ 11%] Built target turtlesim__rosidl_generator_c
[0.133s] [ 30%] Built target turtlesim__rosidl_typesupport_cpp
[0.133s] [ 31%] Built target turtlesim__rosidl_typesupport_introspection_cpp
[0.135s] [ 51%] Built target turtlesim__rosidl_typesupport_c
[0.135s] [ 51%] Built target turtlesim__rosidl_typesupport_introspection_c
[0.144s] [ 61%] Built target turtlesim__rosidl_typesupport_fastrtps_cpp
[0.187s] [ 71%] Built target turtlesim__rosidl_typesupport_fastrtps_c
[0.214s] [ 71%] Built target turtlesim
[0.243s] [35m[1mScanning dependencies of target turtlesim_node[0m
[0.245s] [ 72%] Built target turtlesim__py
[0.253s] [ 76%] Built target mimic
[0.253s] [ 76%] Built target draw_square
[0.254s] [ 78%] Built target turtle_teleop_key
[0.288s] [ 87%] Built target turtlesim__python
[0.323s] [ 88%] [32mBuilding CXX object CMakeFiles/turtlesim_node.dir/src/turtle_frame.cpp.o[0m
[0.325s] [ 90%] Built target turtlesim__rosidl_typesupport_introspection_c__pyext
[0.325s] [ 92%] Built target turtlesim__rosidl_typesupport_c__pyext
[0.325s] [ 94%] Built target turtlesim__rosidl_typesupport_fastrtps_c__pyext
[13.142s] [ 95%] [32m[1mLinking CXX executable turtlesim_node[0m
[15.143s] [100%] Built target turtlesim_node
[15.159s] Invoked command in '/home/federico/dev_ws/build/turtlesim' returned '0': CMAKE_PREFIX_PATH=${CMAKE_PREFIX_PATH}:/opt/ros/galactic /usr/bin/cmake --build /home/federico/dev_ws/build/turtlesim -- -j12 -l12
[15.388s] Invoking command in '/home/federico/dev_ws/build/turtlesim': CMAKE_PREFIX_PATH=${CMAKE_PREFIX_PATH}:/opt/ros/galactic /usr/bin/cmake --install /home/federico/dev_ws/build/turtlesim
[15.400s] -- Install configuration: ""
[15.401s] -- Up-to-date: /home/federico/dev_ws/install/turtlesim/share/ament_index/resource_index/rosidl_interfaces/turtlesim
[15.401s] -- Up-to-date: /home/federico/dev_ws/install/turtlesim/include/turtlesim
[15.401s] -- Up-to-date: /home/federico/dev_ws/install/turtlesim/include/turtlesim/msg
[15.401s] -- Up-to-date: /home/federico/dev_ws/install/turtlesim/include/turtlesim/msg/color.h
[15.401s] -- Up-to-date: /home/federico/dev_ws/install/turtlesim/include/turtlesim/msg/pose.h
[15.402s] -- Up-to-date: /home/federico/dev_ws/install/turtlesim/include/turtlesim/msg/rosidl_generator_c__visibility_control.h
[15.402s] -- Up-to-date: /home/federico/dev_ws/install/turtlesim/include/turtlesim/msg/detail
[15.402s] -- Up-to-date: /home/federico/dev_ws/install/turtlesim/include/turtlesim/msg/detail/pose__functions.c
[15.402s] -- Up-to-date: /home/federico/dev_ws/install/turtlesim/include/turtlesim/msg/detail/pose__functions.h
[15.402s] -- Up-to-date: /home/federico/dev_ws/install/turtlesim/include/turtlesim/msg/detail/color__type_support.h
[15.402s] -- Up-to-date: /home/federico/dev_ws/install/turtlesim/include/turtlesim/msg/detail/pose__struct.h
[15.402s] -- Up-to-date: /home/federico/dev_ws/install/turtlesim/include/turtlesim/msg/detail/pose__type_support.h
[15.402s] -- Up-to-date: /home/federico/dev_ws/install/turtlesim/include/turtlesim/msg/detail/color__functions.h
[15.403s] -- Up-to-date: /home/federico/dev_ws/install/turtlesim/include/turtlesim/msg/detail/color__functions.c
[15.403s] -- Up-to-date: /home/federico/dev_ws/install/turtlesim/include/turtlesim/msg/detail/color__struct.h
[15.403s] -- Up-to-date: /home/federico/dev_ws/install/turtlesim/include/turtlesim/srv
[15.403s] -- Up-to-date: /home/federico/dev_ws/install/turtlesim/include/turtlesim/srv/teleport_absolute.h
[15.403s] -- Up-to-date: /home/federico/dev_ws/install/turtlesim/include/turtlesim/srv/spawn.h
[15.403s] -- Up-to-date: /home/federico/dev_ws/install/turtlesim/include/turtlesim/srv/set_pen.h
[15.403s] -- Up-to-date: /home/federico/dev_ws/install/turtlesim/include/turtlesim/srv/kill.h
[15.403s] -- Up-to-date: /home/federico/dev_ws/install/turtlesim/include/turtlesim/srv/detail
[15.404s] -- Up-to-date: /home/federico/dev_ws/install/turtlesim/include/turtlesim/srv/detail/spawn__struct.h
[15.404s] -- Up-to-date: /home/federico/dev_ws/install/turtlesim/include/turtlesim/srv/detail/set_pen__functions.c
[15.404s] -- Up-to-date: /home/federico/dev_ws/install/turtlesim/include/turtlesim/srv/detail/teleport_absolute__functions.h
[15.404s] -- Up-to-date: /home/federico/dev_ws/install/turtlesim/include/turtlesim/srv/detail/teleport_absolute__type_support.h
[15.404s] -- Up-to-date: /home/federico/dev_ws/install/turtlesim/include/turtlesim/srv/detail/teleport_relative__struct.h
[15.404s] -- Up-to-date: /home/federico/dev_ws/install/turtlesim/include/turtlesim/srv/detail/kill__struct.h
[15.404s] -- Up-to-date: /home/federico/dev_ws/install/turtlesim/include/turtlesim/srv/detail/kill__functions.h
[15.405s] -- Up-to-date: /home/federico/dev_ws/install/turtlesim/include/turtlesim/srv/detail/set_pen__struct.h
[15.405s] -- Up-to-date: /home/federico/dev_ws/install/turtlesim/include/turtlesim/srv/detail/spawn__functions.h
[15.405s] -- Up-to-date: /home/federico/dev_ws/install/turtlesim/include/turtlesim/srv/detail/spawn__type_support.h
[15.405s] -- Up-to-date: /home/federico/dev_ws/install/turtlesim/include/turtlesim/srv/detail/teleport_relative__functions.c
[15.405s] -- Up-to-date: /home/federico/dev_ws/install/turtlesim/include/turtlesim/srv/detail/spawn__functions.c
[15.405s] -- Up-to-date: /home/federico/dev_ws/install/turtlesim/include/turtlesim/srv/detail/kill__type_support.h
[15.406s] -- Up-to-date: /home/federico/dev_ws/install/turtlesim/include/turtlesim/srv/detail/set_pen__functions.h
[15.406s] -- Up-to-date: /home/federico/dev_ws/install/turtlesim/include/turtlesim/srv/detail/teleport_absolute__struct.h
[15.406s] -- Up-to-date: /home/federico/dev_ws/install/turtlesim/include/turtlesim/srv/detail/teleport_relative__functions.h
[15.406s] -- Up-to-date: /home/federico/dev_ws/install/turtlesim/include/turtlesim/srv/detail/kill__functions.c
[15.406s] -- Up-to-date: /home/federico/dev_ws/install/turtlesim/include/turtlesim/srv/detail/teleport_absolute__functions.c
[15.406s] -- Up-to-date: /home/federico/dev_ws/install/turtlesim/include/turtlesim/srv/detail/teleport_relative__type_support.h
[15.406s] -- Up-to-date: /home/federico/dev_ws/install/turtlesim/include/turtlesim/srv/detail/set_pen__type_support.h
[15.406s] -- Up-to-date: /home/federico/dev_ws/install/turtlesim/include/turtlesim/srv/teleport_relative.h
[15.406s] -- Up-to-date: /home/federico/dev_ws/install/turtlesim/include/turtlesim/action
[15.406s] -- Up-to-date: /home/federico/dev_ws/install/turtlesim/include/turtlesim/action/rotate_absolute.h
[15.407s] -- Up-to-date: /home/federico/dev_ws/install/turtlesim/include/turtlesim/action/detail
[15.407s] -- Up-to-date: /home/federico/dev_ws/install/turtlesim/include/turtlesim/action/detail/rotate_absolute__functions.h
[15.407s] -- Up-to-date: /home/federico/dev_ws/install/turtlesim/include/turtlesim/action/detail/rotate_absolute__struct.h
[15.407s] -- Up-to-date: /home/federico/dev_ws/install/turtlesim/include/turtlesim/action/detail/rotate_absolute__type_support.h
[15.407s] -- Up-to-date: /home/federico/dev_ws/install/turtlesim/include/turtlesim/action/detail/rotate_absolute__functions.c
[15.407s] -- Up-to-date: /home/federico/dev_ws/install/turtlesim/share/turtlesim/environment/library_path.sh
[15.407s] -- Up-to-date: /home/federico/dev_ws/install/turtlesim/share/turtlesim/environment/library_path.dsv
[15.408s] -- Up-to-date: /home/federico/dev_ws/install/turtlesim/lib/libturtlesim__rosidl_generator_c.so
[15.408s] -- Up-to-date: /home/federico/dev_ws/install/turtlesim/include/turtlesim
[15.408s] -- Up-to-date: /home/federico/dev_ws/install/turtlesim/include/turtlesim/msg
[15.409s] -- Up-to-date: /home/federico/dev_ws/install/turtlesim/include/turtlesim/msg/detail
[15.409s] -- Up-to-date: /home/federico/dev_ws/install/turtlesim/include/turtlesim/msg/detail/pose__rosidl_typesupport_fastrtps_c.h
[15.409s] -- Up-to-date: /home/federico/dev_ws/install/turtlesim/include/turtlesim/msg/detail/color__rosidl_typesupport_fastrtps_c.h
[15.409s] -- Up-to-date: /home/federico/dev_ws/install/turtlesim/include/turtlesim/msg/rosidl_typesupport_fastrtps_c__visibility_control.h
[15.409s] -- Up-to-date: /home/federico/dev_ws/install/turtlesim/include/turtlesim/srv
[15.409s] -- Up-to-date: /home/federico/dev_ws/install/turtlesim/include/turtlesim/srv/detail
[15.409s] -- Up-to-date: /home/federico/dev_ws/install/turtlesim/include/turtlesim/srv/detail/teleport_absolute__rosidl_typesupport_fastrtps_c.h
[15.409s] -- Up-to-date: /home/federico/dev_ws/install/turtlesim/include/turtlesim/srv/detail/spawn__rosidl_typesupport_fastrtps_c.h
[15.409s] -- Up-to-date: /home/federico/dev_ws/install/turtlesim/include/turtlesim/srv/detail/kill__rosidl_typesupport_fastrtps_c.h
[15.409s] -- Up-to-date: /home/federico/dev_ws/install/turtlesim/include/turtlesim/srv/detail/set_pen__rosidl_typesupport_fastrtps_c.h
[15.410s] -- Up-to-date: /home/federico/dev_ws/install/turtlesim/include/turtlesim/srv/detail/teleport_relative__rosidl_typesupport_fastrtps_c.h
[15.410s] -- Up-to-date: /home/federico/dev_ws/install/turtlesim/include/turtlesim/action
[15.410s] -- Up-to-date: /home/federico/dev_ws/install/turtlesim/include/turtlesim/action/detail
[15.410s] -- Up-to-date: /home/federico/dev_ws/install/turtlesim/include/turtlesim/action/detail/rotate_absolute__rosidl_typesupport_fastrtps_c.h
[15.410s] -- Up-to-date: /home/federico/dev_ws/install/turtlesim/lib/libturtlesim__rosidl_typesupport_fastrtps_c.so
[15.410s] -- Up-to-date: /home/federico/dev_ws/install/turtlesim/include/turtlesim
[15.410s] -- Up-to-date: /home/federico/dev_ws/install/turtlesim/include/turtlesim/msg
[15.410s] -- Up-to-date: /home/federico/dev_ws/install/turtlesim/include/turtlesim/msg/rosidl_typesupport_fastrtps_cpp__visibility_control.h
[15.410s] -- Up-to-date: /home/federico/dev_ws/install/turtlesim/include/turtlesim/msg/detail
[15.411s] -- Up-to-date: /home/federico/dev_ws/install/turtlesim/include/turtlesim/msg/detail/dds_fastrtps
[15.411s] -- Up-to-date: /home/federico/dev_ws/install/turtlesim/include/turtlesim/msg/detail/color__rosidl_typesupport_fastrtps_cpp.hpp
[15.411s] -- Up-to-date: /home/federico/dev_ws/install/turtlesim/include/turtlesim/msg/detail/pose__rosidl_typesupport_fastrtps_cpp.hpp
[15.411s] -- Up-to-date: /home/federico/dev_ws/install/turtlesim/include/turtlesim/srv
[15.411s] -- Up-to-date: /home/federico/dev_ws/install/turtlesim/include/turtlesim/srv/detail
[15.411s] -- Up-to-date: /home/federico/dev_ws/install/turtlesim/include/turtlesim/srv/detail/spawn__rosidl_typesupport_fastrtps_cpp.hpp
[15.411s] -- Up-to-date: /home/federico/dev_ws/install/turtlesim/include/turtlesim/srv/detail/dds_fastrtps
[15.411s] -- Up-to-date: /home/federico/dev_ws/install/turtlesim/include/turtlesim/srv/detail/teleport_absolute__rosidl_typesupport_fastrtps_cpp.hpp
[15.411s] -- Up-to-date: /home/federico/dev_ws/install/turtlesim/include/turtlesim/srv/detail/teleport_relative__rosidl_typesupport_fastrtps_cpp.hpp
[15.411s] -- Up-to-date: /home/federico/dev_ws/install/turtlesim/include/turtlesim/srv/detail/set_pen__rosidl_typesupport_fastrtps_cpp.hpp
[15.411s] -- Up-to-date: /home/federico/dev_ws/install/turtlesim/include/turtlesim/srv/detail/kill__rosidl_typesupport_fastrtps_cpp.hpp
[15.412s] -- Up-to-date: /home/federico/dev_ws/install/turtlesim/include/turtlesim/action
[15.412s] -- Up-to-date: /home/federico/dev_ws/install/turtlesim/include/turtlesim/action/detail
[15.412s] -- Up-to-date: /home/federico/dev_ws/install/turtlesim/include/turtlesim/action/detail/rotate_absolute__rosidl_typesupport_fastrtps_cpp.hpp
[15.412s] -- Up-to-date: /home/federico/dev_ws/install/turtlesim/include/turtlesim/action/detail/dds_fastrtps
[15.412s] -- Up-to-date: /home/federico/dev_ws/install/turtlesim/lib/libturtlesim__rosidl_typesupport_fastrtps_cpp.so
[15.412s] -- Up-to-date: /home/federico/dev_ws/install/turtlesim/include/turtlesim
[15.412s] -- Up-to-date: /home/federico/dev_ws/install/turtlesim/include/turtlesim/msg
[15.412s] -- Up-to-date: /home/federico/dev_ws/install/turtlesim/include/turtlesim/msg/rosidl_typesupport_introspection_c__visibility_control.h
[15.412s] -- Up-to-date: /home/federico/dev_ws/install/turtlesim/include/turtlesim/msg/detail
[15.412s] -- Up-to-date: /home/federico/dev_ws/install/turtlesim/include/turtlesim/msg/detail/color__type_support.c
[15.413s] -- Up-to-date: /home/federico/dev_ws/install/turtlesim/include/turtlesim/msg/detail/pose__type_support.c
[15.413s] -- Up-to-date: /home/federico/dev_ws/install/turtlesim/include/turtlesim/msg/detail/pose__rosidl_typesupport_introspection_c.h
[15.413s] -- Up-to-date: /home/federico/dev_ws/install/turtlesim/include/turtlesim/msg/detail/color__rosidl_typesupport_introspection_c.h
[15.413s] -- Up-to-date: /home/federico/dev_ws/install/turtlesim/include/turtlesim/srv
[15.413s] -- Up-to-date: /home/federico/dev_ws/install/turtlesim/include/turtlesim/srv/detail
[15.413s] -- Up-to-date: /home/federico/dev_ws/install/turtlesim/include/turtlesim/srv/detail/set_pen__rosidl_typesupport_introspection_c.h
[15.413s] -- Up-to-date: /home/federico/dev_ws/install/turtlesim/include/turtlesim/srv/detail/teleport_absolute__rosidl_typesupport_introspection_c.h
[15.413s] -- Up-to-date: /home/federico/dev_ws/install/turtlesim/include/turtlesim/srv/detail/kill__rosidl_typesupport_introspection_c.h
[15.413s] -- Up-to-date: /home/federico/dev_ws/install/turtlesim/include/turtlesim/srv/detail/teleport_relative__type_support.c
[15.413s] -- Up-to-date: /home/federico/dev_ws/install/turtlesim/include/turtlesim/srv/detail/teleport_relative__rosidl_typesupport_introspection_c.h
[15.413s] -- Up-to-date: /home/federico/dev_ws/install/turtlesim/include/turtlesim/srv/detail/teleport_absolute__type_support.c
[15.414s] -- Up-to-date: /home/federico/dev_ws/install/turtlesim/include/turtlesim/srv/detail/spawn__rosidl_typesupport_introspection_c.h
[15.414s] -- Up-to-date: /home/federico/dev_ws/install/turtlesim/include/turtlesim/srv/detail/kill__type_support.c
[15.414s] -- Up-to-date: /home/federico/dev_ws/install/turtlesim/include/turtlesim/srv/detail/spawn__type_support.c
[15.414s] -- Up-to-date: /home/federico/dev_ws/install/turtlesim/include/turtlesim/srv/detail/set_pen__type_support.c
[15.414s] -- Up-to-date: /home/federico/dev_ws/install/turtlesim/include/turtlesim/action
[15.414s] -- Up-to-date: /home/federico/dev_ws/install/turtlesim/include/turtlesim/action/detail
[15.414s] -- Up-to-date: /home/federico/dev_ws/install/turtlesim/include/turtlesim/action/detail/rotate_absolute__type_support.c
[15.414s] -- Up-to-date: /home/federico/dev_ws/install/turtlesim/include/turtlesim/action/detail/rotate_absolute__rosidl_typesupport_introspection_c.h
[15.414s] -- Up-to-date: /home/federico/dev_ws/install/turtlesim/lib/libturtlesim__rosidl_typesupport_introspection_c.so
[15.414s] -- Up-to-date: /home/federico/dev_ws/install/turtlesim/lib/libturtlesim__rosidl_typesupport_c.so
[15.415s] -- Up-to-date: /home/federico/dev_ws/install/turtlesim/include/turtlesim
[15.415s] -- Up-to-date: /home/federico/dev_ws/install/turtlesim/include/turtlesim/msg
[15.415s] -- Up-to-date: /home/federico/dev_ws/install/turtlesim/include/turtlesim/msg/color.hpp
[15.415s] -- Up-to-date: /home/federico/dev_ws/install/turtlesim/include/turtlesim/msg/detail
[15.415s] -- Up-to-date: /home/federico/dev_ws/install/turtlesim/include/turtlesim/msg/detail/color__traits.hpp
[15.415s] -- Up-to-date: /home/federico/dev_ws/install/turtlesim/include/turtlesim/msg/detail/pose__struct.hpp
[15.415s] -- Up-to-date: /home/federico/dev_ws/install/turtlesim/include/turtlesim/msg/detail/color__struct.hpp
[15.415s] -- Up-to-date: /home/federico/dev_ws/install/turtlesim/include/turtlesim/msg/detail/pose__traits.hpp
[15.415s] -- Up-to-date: /home/federico/dev_ws/install/turtlesim/include/turtlesim/msg/detail/pose__builder.hpp
[15.415s] -- Up-to-date: /home/federico/dev_ws/install/turtlesim/include/turtlesim/msg/detail/color__builder.hpp
[15.415s] -- Up-to-date: /home/federico/dev_ws/install/turtlesim/include/turtlesim/msg/pose.hpp
[15.416s] -- Up-to-date: /home/federico/dev_ws/install/turtlesim/include/turtlesim/srv
[15.416s] -- Up-to-date: /home/federico/dev_ws/install/turtlesim/include/turtlesim/srv/teleport_absolute.hpp
[15.416s] -- Up-to-date: /home/federico/dev_ws/install/turtlesim/include/turtlesim/srv/spawn.hpp
[15.416s] -- Up-to-date: /home/federico/dev_ws/install/turtlesim/include/turtlesim/srv/set_pen.hpp
[15.416s] -- Up-to-date: /home/federico/dev_ws/install/turtlesim/include/turtlesim/srv/teleport_relative.hpp
[15.416s] -- Up-to-date: /home/federico/dev_ws/install/turtlesim/include/turtlesim/srv/kill.hpp
[15.416s] -- Up-to-date: /home/federico/dev_ws/install/turtlesim/include/turtlesim/srv/detail
[15.416s] -- Up-to-date: /home/federico/dev_ws/install/turtlesim/include/turtlesim/srv/detail/kill__builder.hpp
[15.416s] -- Up-to-date: /home/federico/dev_ws/install/turtlesim/include/turtlesim/srv/detail/set_pen__struct.hpp
[15.416s] -- Up-to-date: /home/federico/dev_ws/install/turtlesim/include/turtlesim/srv/detail/teleport_relative__traits.hpp
[15.417s] -- Up-to-date: /home/federico/dev_ws/install/turtlesim/include/turtlesim/srv/detail/teleport_absolute__struct.hpp
[15.417s] -- Up-to-date: /home/federico/dev_ws/install/turtlesim/include/turtlesim/srv/detail/kill__traits.hpp
[15.417s] -- Up-to-date: /home/federico/dev_ws/install/turtlesim/include/turtlesim/srv/detail/teleport_relative__builder.hpp
[15.417s] -- Up-to-date: /home/federico/dev_ws/install/turtlesim/include/turtlesim/srv/detail/spawn__struct.hpp
[15.417s] -- Up-to-date: /home/federico/dev_ws/install/turtlesim/include/turtlesim/srv/detail/teleport_absolute__builder.hpp
[15.417s] -- Up-to-date: /home/federico/dev_ws/install/turtlesim/include/turtlesim/srv/detail/kill__struct.hpp
[15.417s] -- Up-to-date: /home/federico/dev_ws/install/turtlesim/include/turtlesim/srv/detail/spawn__builder.hpp
[15.417s] -- Up-to-date: /home/federico/dev_ws/install/turtlesim/include/turtlesim/srv/detail/set_pen__traits.hpp
[15.417s] -- Up-to-date: /home/federico/dev_ws/install/turtlesim/include/turtlesim/srv/detail/set_pen__builder.hpp
[15.417s] -- Up-to-date: /home/federico/dev_ws/install/turtlesim/include/turtlesim/srv/detail/teleport_relative__struct.hpp
[15.417s] -- Up-to-date: /home/federico/dev_ws/install/turtlesim/include/turtlesim/srv/detail/spawn__traits.hpp
[15.418s] -- Up-to-date: /home/federico/dev_ws/install/turtlesim/include/turtlesim/srv/detail/teleport_absolute__traits.hpp
[15.418s] -- Up-to-date: /home/federico/dev_ws/install/turtlesim/include/turtlesim/action
[15.418s] -- Up-to-date: /home/federico/dev_ws/install/turtlesim/include/turtlesim/action/rotate_absolute.hpp
[15.418s] -- Up-to-date: /home/federico/dev_ws/install/turtlesim/include/turtlesim/action/detail
[15.418s] -- Up-to-date: /home/federico/dev_ws/install/turtlesim/include/turtlesim/action/detail/rotate_absolute__traits.hpp
[15.418s] -- Up-to-date: /home/federico/dev_ws/install/turtlesim/include/turtlesim/action/detail/rotate_absolute__builder.hpp
[15.418s] -- Up-to-date: /home/federico/dev_ws/install/turtlesim/include/turtlesim/action/detail/rotate_absolute__struct.hpp
[15.418s] -- Up-to-date: /home/federico/dev_ws/install/turtlesim/include/turtlesim
[15.418s] -- Up-to-date: /home/federico/dev_ws/install/turtlesim/include/turtlesim/msg
[15.418s] -- Up-to-date: /home/federico/dev_ws/install/turtlesim/include/turtlesim/msg/detail
[15.418s] -- Up-to-date: /home/federico/dev_ws/install/turtlesim/include/turtlesim/msg/detail/color__type_support.cpp
[15.419s] -- Up-to-date: /home/federico/dev_ws/install/turtlesim/include/turtlesim/msg/detail/color__rosidl_typesupport_introspection_cpp.hpp
[15.419s] -- Up-to-date: /home/federico/dev_ws/install/turtlesim/include/turtlesim/msg/detail/pose__type_support.cpp
[15.419s] -- Up-to-date: /home/federico/dev_ws/install/turtlesim/include/turtlesim/msg/detail/pose__rosidl_typesupport_introspection_cpp.hpp
[15.419s] -- Up-to-date: /home/federico/dev_ws/install/turtlesim/include/turtlesim/srv
[15.419s] -- Up-to-date: /home/federico/dev_ws/install/turtlesim/include/turtlesim/srv/detail
[15.419s] -- Up-to-date: /home/federico/dev_ws/install/turtlesim/include/turtlesim/srv/detail/teleport_absolute__type_support.cpp
[15.419s] -- Up-to-date: /home/federico/dev_ws/install/turtlesim/include/turtlesim/srv/detail/teleport_absolute__rosidl_typesupport_introspection_cpp.hpp
[15.419s] -- Up-to-date: /home/federico/dev_ws/install/turtlesim/include/turtlesim/srv/detail/teleport_relative__type_support.cpp
[15.419s] -- Up-to-date: /home/federico/dev_ws/install/turtlesim/include/turtlesim/srv/detail/kill__type_support.cpp
[15.419s] -- Up-to-date: /home/federico/dev_ws/install/turtlesim/include/turtlesim/srv/detail/teleport_relative__rosidl_typesupport_introspection_cpp.hpp
[15.420s] -- Up-to-date: /home/federico/dev_ws/install/turtlesim/include/turtlesim/srv/detail/set_pen__type_support.cpp
[15.420s] -- Up-to-date: /home/federico/dev_ws/install/turtlesim/include/turtlesim/srv/detail/spawn__type_support.cpp
[15.420s] -- Up-to-date: /home/federico/dev_ws/install/turtlesim/include/turtlesim/srv/detail/kill__rosidl_typesupport_introspection_cpp.hpp
[15.420s] -- Up-to-date: /home/federico/dev_ws/install/turtlesim/include/turtlesim/srv/detail/spawn__rosidl_typesupport_introspection_cpp.hpp
[15.420s] -- Up-to-date: /home/federico/dev_ws/install/turtlesim/include/turtlesim/srv/detail/set_pen__rosidl_typesupport_introspection_cpp.hpp
[15.420s] -- Up-to-date: /home/federico/dev_ws/install/turtlesim/include/turtlesim/action
[15.420s] -- Up-to-date: /home/federico/dev_ws/install/turtlesim/include/turtlesim/action/detail
[15.420s] -- Up-to-date: /home/federico/dev_ws/install/turtlesim/include/turtlesim/action/detail/rotate_absolute__rosidl_typesupport_introspection_cpp.hpp
[15.420s] -- Up-to-date: /home/federico/dev_ws/install/turtlesim/include/turtlesim/action/detail/rotate_absolute__type_support.cpp
[15.420s] -- Up-to-date: /home/federico/dev_ws/install/turtlesim/lib/libturtlesim__rosidl_typesupport_introspection_cpp.so
[15.420s] -- Up-to-date: /home/federico/dev_ws/install/turtlesim/lib/libturtlesim__rosidl_typesupport_cpp.so
[15.421s] -- Up-to-date: /home/federico/dev_ws/install/turtlesim/share/turtlesim/environment/pythonpath.sh
[15.421s] -- Up-to-date: /home/federico/dev_ws/install/turtlesim/share/turtlesim/environment/pythonpath.dsv
[15.421s] -- Up-to-date: /home/federico/dev_ws/install/turtlesim/lib/python3.8/site-packages/turtlesim/__init__.py
[15.459s] -- Up-to-date: /home/federico/dev_ws/install/turtlesim/lib/python3.8/site-packages/turtlesim/action
[15.459s] -- Up-to-date: /home/federico/dev_ws/install/turtlesim/lib/python3.8/site-packages/turtlesim/action/__init__.py
[15.459s] -- Up-to-date: /home/federico/dev_ws/install/turtlesim/lib/python3.8/site-packages/turtlesim/action/_rotate_absolute.py
[15.459s] -- Up-to-date: /home/federico/dev_ws/install/turtlesim/lib/python3.8/site-packages/turtlesim/action/_rotate_absolute_s.c
[15.459s] -- Up-to-date: /home/federico/dev_ws/install/turtlesim/lib/python3.8/site-packages/turtlesim/msg
[15.460s] -- Up-to-date: /home/federico/dev_ws/install/turtlesim/lib/python3.8/site-packages/turtlesim/msg/_pose_s.c
[15.460s] -- Up-to-date: /home/federico/dev_ws/install/turtlesim/lib/python3.8/site-packages/turtlesim/msg/__init__.py
[15.460s] -- Up-to-date: /home/federico/dev_ws/install/turtlesim/lib/python3.8/site-packages/turtlesim/msg/_pose.py
[15.460s] -- Up-to-date: /home/federico/dev_ws/install/turtlesim/lib/python3.8/site-packages/turtlesim/msg/_color.py
[15.460s] -- Up-to-date: /home/federico/dev_ws/install/turtlesim/lib/python3.8/site-packages/turtlesim/msg/_color_s.c
[15.460s] -- Up-to-date: /home/federico/dev_ws/install/turtlesim/lib/python3.8/site-packages/turtlesim/srv
[15.460s] -- Up-to-date: /home/federico/dev_ws/install/turtlesim/lib/python3.8/site-packages/turtlesim/srv/_teleport_relative.py
[15.460s] -- Up-to-date: /home/federico/dev_ws/install/turtlesim/lib/python3.8/site-packages/turtlesim/srv/_teleport_absolute_s.c
[15.460s] -- Up-to-date: /home/federico/dev_ws/install/turtlesim/lib/python3.8/site-packages/turtlesim/srv/_set_pen.py
[15.460s] -- Up-to-date: /home/federico/dev_ws/install/turtlesim/lib/python3.8/site-packages/turtlesim/srv/_teleport_relative_s.c
[15.461s] -- Up-to-date: /home/federico/dev_ws/install/turtlesim/lib/python3.8/site-packages/turtlesim/srv/_teleport_absolute.py
[15.461s] -- Up-to-date: /home/federico/dev_ws/install/turtlesim/lib/python3.8/site-packages/turtlesim/srv/__init__.py
[15.461s] -- Up-to-date: /home/federico/dev_ws/install/turtlesim/lib/python3.8/site-packages/turtlesim/srv/_kill_s.c
[15.461s] -- Up-to-date: /home/federico/dev_ws/install/turtlesim/lib/python3.8/site-packages/turtlesim/srv/_spawn_s.c
[15.461s] -- Up-to-date: /home/federico/dev_ws/install/turtlesim/lib/python3.8/site-packages/turtlesim/srv/_spawn.py
[15.461s] -- Up-to-date: /home/federico/dev_ws/install/turtlesim/lib/python3.8/site-packages/turtlesim/srv/_set_pen_s.c
[15.461s] -- Up-to-date: /home/federico/dev_ws/install/turtlesim/lib/python3.8/site-packages/turtlesim/srv/_kill.py
[15.461s] -- Up-to-date: /home/federico/dev_ws/install/turtlesim/lib/python3.8/site-packages/turtlesim/turtlesim_s__rosidl_typesupport_fastrtps_c.cpython-38-x86_64-linux-gnu.so
[15.461s] -- Up-to-date: /home/federico/dev_ws/install/turtlesim/lib/python3.8/site-packages/turtlesim/turtlesim_s__rosidl_typesupport_introspection_c.cpython-38-x86_64-linux-gnu.so
[15.462s] -- Up-to-date: /home/federico/dev_ws/install/turtlesim/lib/python3.8/site-packages/turtlesim/turtlesim_s__rosidl_typesupport_c.cpython-38-x86_64-linux-gnu.so
[15.463s] -- Up-to-date: /home/federico/dev_ws/install/turtlesim/lib/libturtlesim__python.so
[15.463s] -- Up-to-date: /home/federico/dev_ws/install/turtlesim/share/turtlesim/action/RotateAbsolute.idl
[15.463s] -- Up-to-date: /home/federico/dev_ws/install/turtlesim/share/turtlesim/msg/Color.idl
[15.464s] -- Up-to-date: /home/federico/dev_ws/install/turtlesim/share/turtlesim/msg/Pose.idl
[15.464s] -- Up-to-date: /home/federico/dev_ws/install/turtlesim/share/turtlesim/srv/Kill.idl
[15.464s] -- Up-to-date: /home/federico/dev_ws/install/turtlesim/share/turtlesim/srv/SetPen.idl
[15.464s] -- Up-to-date: /home/federico/dev_ws/install/turtlesim/share/turtlesim/srv/Spawn.idl
[15.464s] -- Up-to-date: /home/federico/dev_ws/install/turtlesim/share/turtlesim/srv/TeleportAbsolute.idl
[15.464s] -- Up-to-date: /home/federico/dev_ws/install/turtlesim/share/turtlesim/srv/TeleportRelative.idl
[15.464s] -- Up-to-date: /home/federico/dev_ws/install/turtlesim/share/turtlesim/action/RotateAbsolute.action
[15.465s] -- Up-to-date: /home/federico/dev_ws/install/turtlesim/share/turtlesim/msg/Color.msg
[15.465s] -- Up-to-date: /home/federico/dev_ws/install/turtlesim/share/turtlesim/msg/Pose.msg
[15.465s] -- Up-to-date: /home/federico/dev_ws/install/turtlesim/share/turtlesim/srv/Kill.srv
[15.465s] -- Up-to-date: /home/federico/dev_ws/install/turtlesim/share/turtlesim/srv/Kill_Request.msg
[15.465s] -- Up-to-date: /home/federico/dev_ws/install/turtlesim/share/turtlesim/srv/Kill_Response.msg
[15.465s] -- Up-to-date: /home/federico/dev_ws/install/turtlesim/share/turtlesim/srv/SetPen.srv
[15.465s] -- Up-to-date: /home/federico/dev_ws/install/turtlesim/share/turtlesim/srv/SetPen_Request.msg
[15.465s] -- Up-to-date: /home/federico/dev_ws/install/turtlesim/share/turtlesim/srv/SetPen_Response.msg
[15.465s] -- Up-to-date: /home/federico/dev_ws/install/turtlesim/share/turtlesim/srv/Spawn.srv
[15.465s] -- Up-to-date: /home/federico/dev_ws/install/turtlesim/share/turtlesim/srv/Spawn_Request.msg
[15.466s] -- Up-to-date: /home/federico/dev_ws/install/turtlesim/share/turtlesim/srv/Spawn_Response.msg
[15.466s] -- Up-to-date: /home/federico/dev_ws/install/turtlesim/share/turtlesim/srv/TeleportAbsolute.srv
[15.466s] -- Up-to-date: /home/federico/dev_ws/install/turtlesim/share/turtlesim/srv/TeleportAbsolute_Request.msg
[15.466s] -- Up-to-date: /home/federico/dev_ws/install/turtlesim/share/turtlesim/srv/TeleportAbsolute_Response.msg
[15.466s] -- Up-to-date: /home/federico/dev_ws/install/turtlesim/share/turtlesim/srv/TeleportRelative.srv
[15.466s] -- Up-to-date: /home/federico/dev_ws/install/turtlesim/share/turtlesim/srv/TeleportRelative_Request.msg
[15.466s] -- Up-to-date: /home/federico/dev_ws/install/turtlesim/share/turtlesim/srv/TeleportRelative_Response.msg
[15.466s] -- Installing: /home/federico/dev_ws/install/turtlesim/lib/turtlesim/turtlesim_node
[15.473s] -- Set runtime path of "/home/federico/dev_ws/install/turtlesim/lib/turtlesim/turtlesim_node" to ""
[15.474s] -- Up-to-date: /home/federico/dev_ws/install/turtlesim/lib/turtlesim/turtle_teleop_key
[15.474s] -- Up-to-date: /home/federico/dev_ws/install/turtlesim/lib/turtlesim/draw_square
[15.475s] -- Up-to-date: /home/federico/dev_ws/install/turtlesim/lib/turtlesim/mimic
[15.475s] -- Up-to-date: /home/federico/dev_ws/install/turtlesim/share/turtlesim/images
[15.475s] -- Up-to-date: /home/federico/dev_ws/install/turtlesim/share/turtlesim/images/foxy.png
[15.476s] -- Up-to-date: /home/federico/dev_ws/install/turtlesim/share/turtlesim/images/ardent.png
[15.476s] -- Up-to-date: /home/federico/dev_ws/install/turtlesim/share/turtlesim/images/galactic.png
[15.476s] -- Up-to-date: /home/federico/dev_ws/install/turtlesim/share/turtlesim/images/bouncy.png
[15.476s] -- Up-to-date: /home/federico/dev_ws/install/turtlesim/share/turtlesim/images/dashing.png
[15.476s] -- Up-to-date: /home/federico/dev_ws/install/turtlesim/share/turtlesim/images/crystal.png
[15.476s] -- Up-to-date: /home/federico/dev_ws/install/turtlesim/share/turtlesim/images/eloquent.png
[15.477s] -- Up-to-date: /home/federico/dev_ws/install/turtlesim/share/turtlesim/launch
[15.477s] -- Up-to-date: /home/federico/dev_ws/install/turtlesim/share/turtlesim/launch/multisim.launch.py
[15.477s] -- Up-to-date: /home/federico/dev_ws/install/turtlesim/share/ament_index/resource_index/package_run_dependencies/turtlesim
[15.477s] -- Up-to-date: /home/federico/dev_ws/install/turtlesim/share/ament_index/resource_index/parent_prefix_path/turtlesim
[15.477s] -- Up-to-date: /home/federico/dev_ws/install/turtlesim/share/turtlesim/environment/ament_prefix_path.sh
[15.477s] -- Up-to-date: /home/federico/dev_ws/install/turtlesim/share/turtlesim/environment/ament_prefix_path.dsv
[15.477s] -- Up-to-date: /home/federico/dev_ws/install/turtlesim/share/turtlesim/environment/path.sh
[15.477s] -- Up-to-date: /home/federico/dev_ws/install/turtlesim/share/turtlesim/environment/path.dsv
[15.478s] -- Up-to-date: /home/federico/dev_ws/install/turtlesim/share/turtlesim/local_setup.bash
[15.478s] -- Up-to-date: /home/federico/dev_ws/install/turtlesim/share/turtlesim/local_setup.sh
[15.478s] -- Up-to-date: /home/federico/dev_ws/install/turtlesim/share/turtlesim/local_setup.zsh
[15.478s] -- Up-to-date: /home/federico/dev_ws/install/turtlesim/share/turtlesim/local_setup.dsv
[15.478s] -- Installing: /home/federico/dev_ws/install/turtlesim/share/turtlesim/package.dsv
[15.478s] -- Up-to-date: /home/federico/dev_ws/install/turtlesim/share/ament_index/resource_index/packages/turtlesim
[15.478s] -- Up-to-date: /home/federico/dev_ws/install/turtlesim/share/turtlesim/cmake/turtlesim__rosidl_generator_cExport.cmake
[15.478s] -- Up-to-date: /home/federico/dev_ws/install/turtlesim/share/turtlesim/cmake/turtlesim__rosidl_generator_cExport-noconfig.cmake
[15.479s] -- Up-to-date: /home/federico/dev_ws/install/turtlesim/share/turtlesim/cmake/turtlesim__rosidl_typesupport_introspection_cExport.cmake
[15.479s] -- Up-to-date: /home/federico/dev_ws/install/turtlesim/share/turtlesim/cmake/turtlesim__rosidl_typesupport_introspection_cExport-noconfig.cmake
[15.479s] -- Up-to-date: /home/federico/dev_ws/install/turtlesim/share/turtlesim/cmake/turtlesim__rosidl_typesupport_cExport.cmake
[15.479s] -- Up-to-date: /home/federico/dev_ws/install/turtlesim/share/turtlesim/cmake/turtlesim__rosidl_typesupport_cExport-noconfig.cmake
[15.479s] -- Up-to-date: /home/federico/dev_ws/install/turtlesim/share/turtlesim/cmake/turtlesim__rosidl_generator_cppExport.cmake
[15.479s] -- Up-to-date: /home/federico/dev_ws/install/turtlesim/share/turtlesim/cmake/turtlesim__rosidl_typesupport_introspection_cppExport.cmake
[15.479s] -- Up-to-date: /home/federico/dev_ws/install/turtlesim/share/turtlesim/cmake/turtlesim__rosidl_typesupport_introspection_cppExport-noconfig.cmake
[15.479s] -- Up-to-date: /home/federico/dev_ws/install/turtlesim/share/turtlesim/cmake/turtlesim__rosidl_typesupport_cppExport.cmake
[15.479s] -- Up-to-date: /home/federico/dev_ws/install/turtlesim/share/turtlesim/cmake/turtlesim__rosidl_typesupport_cppExport-noconfig.cmake
[15.480s] -- Up-to-date: /home/federico/dev_ws/install/turtlesim/share/turtlesim/cmake/rosidl_cmake-extras.cmake
[15.480s] -- Up-to-date: /home/federico/dev_ws/install/turtlesim/share/turtlesim/cmake/ament_cmake_export_dependencies-extras.cmake
[15.480s] -- Up-to-date: /home/federico/dev_ws/install/turtlesim/share/turtlesim/cmake/ament_cmake_export_libraries-extras.cmake
[15.480s] -- Up-to-date: /home/federico/dev_ws/install/turtlesim/share/turtlesim/cmake/ament_cmake_export_targets-extras.cmake
[15.480s] -- Up-to-date: /home/federico/dev_ws/install/turtlesim/share/turtlesim/cmake/ament_cmake_export_include_directories-extras.cmake
[15.480s] -- Up-to-date: /home/federico/dev_ws/install/turtlesim/share/turtlesim/cmake/rosidl_cmake_export_typesupport_libraries-extras.cmake
[15.480s] -- Up-to-date: /home/federico/dev_ws/install/turtlesim/share/turtlesim/cmake/rosidl_cmake_export_typesupport_targets-extras.cmake
[15.480s] -- Up-to-date: /home/federico/dev_ws/install/turtlesim/share/turtlesim/cmake/turtlesimConfig.cmake
[15.480s] -- Up-to-date: /home/federico/dev_ws/install/turtlesim/share/turtlesim/cmake/turtlesimConfig-version.cmake
[15.480s] -- Up-to-date: /home/federico/dev_ws/install/turtlesim/share/turtlesim/package.xml
[15.482s] Invoked command in '/home/federico/dev_ws/build/turtlesim' returned '0': CMAKE_PREFIX_PATH=${CMAKE_PREFIX_PATH}:/opt/ros/galactic /usr/bin/cmake --install /home/federico/dev_ws/build/turtlesim
