[0.017s] Invoking command in '/home/federico/dev_ws/build/dolly': AMENT_PREFIX_PATH=/home/federico/dev_ws/install/dolly_gazebo:/home/federico/dev_ws/install/dolly_follow:${AMENT_PREFIX_PATH} CMAKE_PREFIX_PATH=/home/federico/dev_ws/install/dolly_gazebo:/home/federico/dev_ws/install/dolly_follow:/opt/ros/galactic GAZEBO_MODEL_PATH=/home/federico/dev_ws/install/dolly_gazebo/share/dolly_gazebo/models GAZEBO_RESOURCE_PATH=/home/federico/dev_ws/install/dolly_gazebo/share/dolly_gazebo/worlds /usr/bin/cmake /home/federico/dev_ws/src/dolly/dolly -DAMENT_CMAKE_SYMLINK_INSTALL=1 -DCMAKE_INSTALL_PREFIX=/home/federico/dev_ws/install/dolly
[0.080s] -- The C compiler identification is GNU 9.4.0
[0.141s] -- The CXX compiler identification is GNU 9.4.0
[0.145s] -- Check for working C compiler: /usr/bin/cc
[0.230s] -- Check for working C compiler: /usr/bin/cc -- works
[0.231s] -- Detecting C compiler ABI info
[0.323s] -- Detecting C compiler ABI info - done
[0.337s] -- Detecting C compile features
[0.338s] -- Detecting C compile features - done
[0.343s] -- Check for working CXX compiler: /usr/bin/c++
[0.453s] -- Check for working CXX compiler: /usr/bin/c++ -- works
[0.454s] -- Detecting CXX compiler ABI info
[0.549s] -- Detecting CXX compiler ABI info - done
[0.560s] -- Detecting CXX compile features
[0.560s] -- Detecting CXX compile features - done
[0.562s] -- Found ament_cmake: 1.1.5 (/opt/ros/galactic/share/ament_cmake/cmake)
[0.588s] -- Found PythonInterp: /usr/bin/python3 (found suitable version "3.8.10", minimum required is "3") 
[0.589s] -- Using PYTHON_EXECUTABLE: /usr/bin/python3
[0.649s] -- Override CMake install command with custom implementation using symlinks instead of copying resources
[0.670s] -- Found ament_lint_auto: 0.10.6 (/opt/ros/galactic/share/ament_lint_auto/cmake)
[0.765s] -- Added test 'copyright' to check source files copyright and LICENSE
[0.766s] -- Added test 'lint_cmake' to check CMake code style
[0.767s] -- Added test 'xmllint' to check XML markup files
[0.771s] -- Configuring done
[0.773s] -- Generating done
[0.774s] -- Build files have been written to: /home/federico/dev_ws/build/dolly
[0.780s] Invoked command in '/home/federico/dev_ws/build/dolly' returned '0': AMENT_PREFIX_PATH=/home/federico/dev_ws/install/dolly_gazebo:/home/federico/dev_ws/install/dolly_follow:${AMENT_PREFIX_PATH} CMAKE_PREFIX_PATH=/home/federico/dev_ws/install/dolly_gazebo:/home/federico/dev_ws/install/dolly_follow:/opt/ros/galactic GAZEBO_MODEL_PATH=/home/federico/dev_ws/install/dolly_gazebo/share/dolly_gazebo/models GAZEBO_RESOURCE_PATH=/home/federico/dev_ws/install/dolly_gazebo/share/dolly_gazebo/worlds /usr/bin/cmake /home/federico/dev_ws/src/dolly/dolly -DAMENT_CMAKE_SYMLINK_INSTALL=1 -DCMAKE_INSTALL_PREFIX=/home/federico/dev_ws/install/dolly
[0.782s] Invoking command in '/home/federico/dev_ws/build/dolly': AMENT_PREFIX_PATH=/home/federico/dev_ws/install/dolly_gazebo:/home/federico/dev_ws/install/dolly_follow:${AMENT_PREFIX_PATH} CMAKE_PREFIX_PATH=/home/federico/dev_ws/install/dolly_gazebo:/home/federico/dev_ws/install/dolly_follow:/opt/ros/galactic GAZEBO_MODEL_PATH=/home/federico/dev_ws/install/dolly_gazebo/share/dolly_gazebo/models GAZEBO_RESOURCE_PATH=/home/federico/dev_ws/install/dolly_gazebo/share/dolly_gazebo/worlds /usr/bin/cmake --build /home/federico/dev_ws/build/dolly -- -j12 -l12
[0.820s] Invoked command in '/home/federico/dev_ws/build/dolly' returned '0': AMENT_PREFIX_PATH=/home/federico/dev_ws/install/dolly_gazebo:/home/federico/dev_ws/install/dolly_follow:${AMENT_PREFIX_PATH} CMAKE_PREFIX_PATH=/home/federico/dev_ws/install/dolly_gazebo:/home/federico/dev_ws/install/dolly_follow:/opt/ros/galactic GAZEBO_MODEL_PATH=/home/federico/dev_ws/install/dolly_gazebo/share/dolly_gazebo/models GAZEBO_RESOURCE_PATH=/home/federico/dev_ws/install/dolly_gazebo/share/dolly_gazebo/worlds /usr/bin/cmake --build /home/federico/dev_ws/build/dolly -- -j12 -l12
[0.840s] Invoking command in '/home/federico/dev_ws/build/dolly': AMENT_PREFIX_PATH=/home/federico/dev_ws/install/dolly_gazebo:/home/federico/dev_ws/install/dolly_follow:${AMENT_PREFIX_PATH} CMAKE_PREFIX_PATH=/home/federico/dev_ws/install/dolly_gazebo:/home/federico/dev_ws/install/dolly_follow:/opt/ros/galactic GAZEBO_MODEL_PATH=/home/federico/dev_ws/install/dolly_gazebo/share/dolly_gazebo/models GAZEBO_RESOURCE_PATH=/home/federico/dev_ws/install/dolly_gazebo/share/dolly_gazebo/worlds /usr/bin/cmake --install /home/federico/dev_ws/build/dolly
[0.847s] -- Install configuration: ""
[0.847s] -- Execute custom install script
[0.848s] -- Symlinking: /home/federico/dev_ws/install/dolly/share/ament_index/resource_index/package_run_dependencies/dolly
[0.857s] -- Symlinking: /home/federico/dev_ws/install/dolly/share/ament_index/resource_index/parent_prefix_path/dolly
[0.865s] -- Symlinking: /home/federico/dev_ws/install/dolly/share/dolly/environment/ament_prefix_path.sh
[0.874s] -- Symlinking: /home/federico/dev_ws/install/dolly/share/dolly/environment/ament_prefix_path.dsv
[0.882s] -- Symlinking: /home/federico/dev_ws/install/dolly/share/dolly/environment/path.sh
[0.891s] -- Symlinking: /home/federico/dev_ws/install/dolly/share/dolly/environment/path.dsv
[0.899s] -- Symlinking: /home/federico/dev_ws/install/dolly/share/dolly/local_setup.bash
[0.909s] -- Symlinking: /home/federico/dev_ws/install/dolly/share/dolly/local_setup.sh
[0.918s] -- Symlinking: /home/federico/dev_ws/install/dolly/share/dolly/local_setup.zsh
[0.926s] -- Symlinking: /home/federico/dev_ws/install/dolly/share/dolly/local_setup.dsv
[0.935s] -- Symlinking: /home/federico/dev_ws/install/dolly/share/dolly/package.dsv
[0.944s] -- Symlinking: /home/federico/dev_ws/install/dolly/share/ament_index/resource_index/packages/dolly
[0.953s] -- Symlinking: /home/federico/dev_ws/install/dolly/share/dolly/cmake/dollyConfig.cmake
[0.961s] -- Symlinking: /home/federico/dev_ws/install/dolly/share/dolly/cmake/dollyConfig-version.cmake
[0.971s] -- Symlinking: /home/federico/dev_ws/install/dolly/share/dolly/package.xml
[0.982s] Invoked command in '/home/federico/dev_ws/build/dolly' returned '0': AMENT_PREFIX_PATH=/home/federico/dev_ws/install/dolly_gazebo:/home/federico/dev_ws/install/dolly_follow:${AMENT_PREFIX_PATH} CMAKE_PREFIX_PATH=/home/federico/dev_ws/install/dolly_gazebo:/home/federico/dev_ws/install/dolly_follow:/opt/ros/galactic GAZEBO_MODEL_PATH=/home/federico/dev_ws/install/dolly_gazebo/share/dolly_gazebo/models GAZEBO_RESOURCE_PATH=/home/federico/dev_ws/install/dolly_gazebo/share/dolly_gazebo/worlds /usr/bin/cmake --install /home/federico/dev_ws/build/dolly
