[0.027s] Invoking command in '/home/federico/dev_ws/build/turtlesim': CMAKE_PREFIX_PATH=/opt/ros/galactic /usr/bin/cmake /home/federico/dev_ws/src/ros_tutorials/turtlesim -DCMAKE_INSTALL_PREFIX=/home/federico/dev_ws/install/turtlesim
[1.313s] -- The C compiler identification is GNU 9.4.0
[2.140s] -- The CXX compiler identification is GNU 9.4.0
[2.170s] -- Check for working C compiler: /usr/bin/cc
[2.301s] -- Check for working C compiler: /usr/bin/cc -- works
[2.304s] -- Detecting C compiler ABI info
[2.436s] -- Detecting C compiler ABI info - done
[2.455s] -- Detecting C compile features
[2.456s] -- Detecting C compile features - done
[2.463s] -- Check for working CXX compiler: /usr/bin/c++
[2.578s] -- Check for working CXX compiler: /usr/bin/c++ -- works
[2.580s] -- Detecting CXX compiler ABI info
[2.693s] -- Detecting CXX compiler ABI info - done
[2.711s] -- Detecting CXX compile features
[2.712s] -- Detecting CXX compile features - done
[2.723s] -- Found ament_cmake: 1.1.5 (/opt/ros/galactic/share/ament_cmake/cmake)
[2.804s] -- Found PythonInterp: /usr/bin/python3 (found suitable version "3.8.10", minimum required is "3") 
[2.804s] -- Using PYTHON_EXECUTABLE: /usr/bin/python3
[3.000s] -- Found ament_index_cpp: 1.2.0 (/opt/ros/galactic/share/ament_index_cpp/cmake)
[3.011s] -- Found geometry_msgs: 2.2.4 (/opt/ros/galactic/share/geometry_msgs/cmake)
[3.090s] -- Using all available rosidl_typesupport_c: rosidl_typesupport_fastrtps_c;rosidl_typesupport_introspection_c
[3.109s] -- Found rosidl_adapter: 2.2.1 (/opt/ros/galactic/share/rosidl_adapter/cmake)
[3.279s] -- Found OpenSSL: /usr/lib/x86_64-linux-gnu/libcrypto.so (found version "1.1.1f")  
[3.323s] -- Found FastRTPS: /opt/ros/galactic/include  
[3.480s] -- Using all available rosidl_typesupport_cpp: rosidl_typesupport_fastrtps_cpp;rosidl_typesupport_introspection_cpp
[3.761s] -- Found rclcpp: 9.2.0 (/opt/ros/galactic/share/rclcpp/cmake)
[3.899s] -- Found rmw_implementation_cmake: 3.3.1 (/opt/ros/galactic/share/rmw_implementation_cmake/cmake)
[3.907s] -- Found rmw_cyclonedds_cpp: 0.22.4 (/opt/ros/galactic/share/rmw_cyclonedds_cpp/cmake)
[3.956s] -- Using RMW implementation 'rmw_cyclonedds_cpp' as default
[3.961s] -- Looking for pthread.h
[4.170s] -- Looking for pthread.h - found
[4.170s] -- Performing Test CMAKE_HAVE_LIBC_PTHREAD
[4.304s] -- Performing Test CMAKE_HAVE_LIBC_PTHREAD - Failed
[4.304s] -- Looking for pthread_create in pthreads
[4.399s] -- Looking for pthread_create in pthreads - not found
[4.399s] -- Looking for pthread_create in pthread
[4.495s] -- Looking for pthread_create in pthread - found
[4.497s] -- Found Threads: TRUE  
[4.748s] -- Found rclcpp_action: 9.2.0 (/opt/ros/galactic/share/rclcpp_action/cmake)
[4.903s] -- Found rosidl_default_generators: 1.1.1 (/opt/ros/galactic/share/rosidl_default_generators/cmake)
[4.929s] -- Found std_srvs: 2.2.4 (/opt/ros/galactic/share/std_srvs/cmake)
[4.992s] -- Found PythonInterp: /usr/bin/python3 (found version "3.8.10") 
[5.289s] -- Found ament_cmake_ros: 0.9.2 (/opt/ros/galactic/share/ament_cmake_ros/cmake)
[5.517s] -- Using all available rosidl_typesupport_c: rosidl_typesupport_fastrtps_c;rosidl_typesupport_introspection_c
[5.559s] -- Using all available rosidl_typesupport_cpp: rosidl_typesupport_fastrtps_cpp;rosidl_typesupport_introspection_cpp
[5.601s] -- Found PythonInterp: /usr/bin/python3 (found suitable version "3.8.10", minimum required is "3.5") 
[5.604s] -- Found python_cmake_module: 0.8.1 (/opt/ros/galactic/share/python_cmake_module/cmake)
[5.693s] -- Found PythonLibs: /usr/lib/x86_64-linux-gnu/libpython3.8.so (found suitable version "3.8.10", minimum required is "3.5") 
[5.693s] -- Using PYTHON_EXECUTABLE: /usr/bin/python3
[5.694s] -- Using PYTHON_INCLUDE_DIRS: /usr/include/python3.8
[5.694s] -- Using PYTHON_LIBRARIES: /usr/lib/x86_64-linux-gnu/libpython3.8.so
[5.749s] -- Found PythonExtra: .so  
[6.246s] -- Configuring done
[6.407s] -- Generating done
[6.411s] -- Build files have been written to: /home/federico/dev_ws/build/turtlesim
[6.423s] Invoked command in '/home/federico/dev_ws/build/turtlesim' returned '0': CMAKE_PREFIX_PATH=/opt/ros/galactic /usr/bin/cmake /home/federico/dev_ws/src/ros_tutorials/turtlesim -DCMAKE_INSTALL_PREFIX=/home/federico/dev_ws/install/turtlesim
[6.426s] Invoking command in '/home/federico/dev_ws/build/turtlesim': CMAKE_PREFIX_PATH=/opt/ros/galactic /usr/bin/cmake --build /home/federico/dev_ws/build/turtlesim -- -j12 -l12
[6.490s] [  1%] [34m[1mGenerating C code for ROS interfaces[0m
[6.490s] [35m[1mScanning dependencies of target turtlesim__cpp[0m
[6.506s] [  2%] [34m[1mGenerating C++ code for ROS interfaces[0m
[7.661s] [35m[1mScanning dependencies of target turtlesim__rosidl_generator_c[0m
[7.707s] [  3%] [32mBuilding C object CMakeFiles/turtlesim__rosidl_generator_c.dir/rosidl_generator_c/turtlesim/msg/detail/pose__functions.c.o[0m
[7.709s] [  4%] [32mBuilding C object CMakeFiles/turtlesim__rosidl_generator_c.dir/rosidl_generator_c/turtlesim/msg/detail/color__functions.c.o[0m
[7.709s] [  5%] [32mBuilding C object CMakeFiles/turtlesim__rosidl_generator_c.dir/rosidl_generator_c/turtlesim/action/detail/rotate_absolute__functions.c.o[0m
[7.714s] [  6%] [32mBuilding C object CMakeFiles/turtlesim__rosidl_generator_c.dir/rosidl_generator_c/turtlesim/srv/detail/spawn__functions.c.o[0m
[7.717s] [  6%] Built target turtlesim__cpp
[7.717s] [  7%] [32mBuilding C object CMakeFiles/turtlesim__rosidl_generator_c.dir/rosidl_generator_c/turtlesim/srv/detail/teleport_relative__functions.c.o[0m
[7.718s] [  8%] [32mBuilding C object CMakeFiles/turtlesim__rosidl_generator_c.dir/rosidl_generator_c/turtlesim/srv/detail/kill__functions.c.o[0m
[7.718s] [  9%] [32mBuilding C object CMakeFiles/turtlesim__rosidl_generator_c.dir/rosidl_generator_c/turtlesim/srv/detail/set_pen__functions.c.o[0m
[7.720s] [ 10%] [32mBuilding C object CMakeFiles/turtlesim__rosidl_generator_c.dir/rosidl_generator_c/turtlesim/srv/detail/teleport_absolute__functions.c.o[0m
[7.735s] [ 11%] [34m[1mGenerating C++ type support for eProsima Fast-RTPS[0m
[7.740s] [ 12%] [34m[1mGenerating C++ type support dispatch for ROS interfaces[0m
[7.740s] [ 13%] [34m[1mGenerating C++ introspection for ROS interfaces[0m
[7.891s] [ 14%] [32m[1mLinking C shared library libturtlesim__rosidl_generator_c.so[0m
[7.956s] [ 14%] Built target turtlesim__rosidl_generator_c
[7.971s] [ 16%] [34m[1mGenerating C introspection for ROS interfaces[0m
[7.971s] [ 16%] [34m[1mGenerating C type support dispatch for ROS interfaces[0m
[8.511s] [35m[1mScanning dependencies of target turtlesim__rosidl_typesupport_cpp[0m
[8.567s] [ 17%] [32mBuilding CXX object CMakeFiles/turtlesim__rosidl_typesupport_cpp.dir/rosidl_typesupport_cpp/turtlesim/action/rotate_absolute__type_support.cpp.o[0m
[8.567s] [ 18%] [32mBuilding CXX object CMakeFiles/turtlesim__rosidl_typesupport_cpp.dir/rosidl_typesupport_cpp/turtlesim/msg/color__type_support.cpp.o[0m
[8.567s] [ 19%] [32mBuilding CXX object CMakeFiles/turtlesim__rosidl_typesupport_cpp.dir/rosidl_typesupport_cpp/turtlesim/srv/kill__type_support.cpp.o[0m
[8.568s] [ 20%] [32mBuilding CXX object CMakeFiles/turtlesim__rosidl_typesupport_cpp.dir/rosidl_typesupport_cpp/turtlesim/srv/set_pen__type_support.cpp.o[0m
[8.568s] [ 21%] [32mBuilding CXX object CMakeFiles/turtlesim__rosidl_typesupport_cpp.dir/rosidl_typesupport_cpp/turtlesim/srv/teleport_absolute__type_support.cpp.o[0m
[8.569s] [ 22%] [32mBuilding CXX object CMakeFiles/turtlesim__rosidl_typesupport_cpp.dir/rosidl_typesupport_cpp/turtlesim/msg/pose__type_support.cpp.o[0m
[8.569s] [ 23%] [32mBuilding CXX object CMakeFiles/turtlesim__rosidl_typesupport_cpp.dir/rosidl_typesupport_cpp/turtlesim/srv/spawn__type_support.cpp.o[0m
[8.570s] [ 24%] [32mBuilding CXX object CMakeFiles/turtlesim__rosidl_typesupport_cpp.dir/rosidl_typesupport_cpp/turtlesim/srv/teleport_relative__type_support.cpp.o[0m
[8.791s] [35m[1mScanning dependencies of target turtlesim__rosidl_typesupport_c[0m
[8.838s] [ 25%] [32mBuilding CXX object CMakeFiles/turtlesim__rosidl_typesupport_c.dir/rosidl_typesupport_c/turtlesim/action/rotate_absolute__type_support.cpp.o[0m
[8.858s] [35m[1mScanning dependencies of target turtlesim__rosidl_typesupport_introspection_cpp[0m
[8.914s] [ 26%] [32mBuilding CXX object CMakeFiles/turtlesim__rosidl_typesupport_introspection_cpp.dir/rosidl_typesupport_introspection_cpp/turtlesim/action/detail/rotate_absolute__type_support.cpp.o[0m
[8.958s] [ 27%] [32mBuilding CXX object CMakeFiles/turtlesim__rosidl_typesupport_c.dir/rosidl_typesupport_c/turtlesim/msg/color__type_support.cpp.o[0m
[9.026s] [ 28%] [32mBuilding CXX object CMakeFiles/turtlesim__rosidl_typesupport_c.dir/rosidl_typesupport_c/turtlesim/msg/pose__type_support.cpp.o[0m
[9.108s] [ 29%] [32mBuilding CXX object CMakeFiles/turtlesim__rosidl_typesupport_c.dir/rosidl_typesupport_c/turtlesim/srv/kill__type_support.cpp.o[0m
[9.185s] [ 30%] [32mBuilding CXX object CMakeFiles/turtlesim__rosidl_typesupport_c.dir/rosidl_typesupport_c/turtlesim/srv/set_pen__type_support.cpp.o[0m
[9.261s] [ 31%] [32mBuilding CXX object CMakeFiles/turtlesim__rosidl_typesupport_c.dir/rosidl_typesupport_c/turtlesim/srv/spawn__type_support.cpp.o[0m
[9.333s] [ 32%] [32mBuilding CXX object CMakeFiles/turtlesim__rosidl_typesupport_c.dir/rosidl_typesupport_c/turtlesim/srv/teleport_absolute__type_support.cpp.o[0m
[9.389s] [ 33%] [32mBuilding CXX object CMakeFiles/turtlesim__rosidl_typesupport_c.dir/rosidl_typesupport_c/turtlesim/srv/teleport_relative__type_support.cpp.o[0m
[9.391s] [ 34%] [32mBuilding CXX object CMakeFiles/turtlesim__rosidl_typesupport_introspection_cpp.dir/rosidl_typesupport_introspection_cpp/turtlesim/msg/detail/color__type_support.cpp.o[0m
[9.391s] [35m[1mScanning dependencies of target turtlesim__rosidl_typesupport_fastrtps_cpp[0m
[9.405s] [ 36%] [32mBuilding CXX object CMakeFiles/turtlesim__rosidl_typesupport_introspection_cpp.dir/rosidl_typesupport_introspection_cpp/turtlesim/msg/detail/pose__type_support.cpp.o[0m
[9.405s] [ 36%] [32mBuilding CXX object CMakeFiles/turtlesim__rosidl_typesupport_introspection_cpp.dir/rosidl_typesupport_introspection_cpp/turtlesim/srv/detail/kill__type_support.cpp.o[0m
[9.406s] [ 37%] [32mBuilding CXX object CMakeFiles/turtlesim__rosidl_typesupport_introspection_cpp.dir/rosidl_typesupport_introspection_cpp/turtlesim/srv/detail/set_pen__type_support.cpp.o[0m
[9.409s] [35m[1mScanning dependencies of target turtlesim__rosidl_typesupport_introspection_c[0m
[9.415s] [ 38%] [32mBuilding CXX object CMakeFiles/turtlesim__rosidl_typesupport_introspection_cpp.dir/rosidl_typesupport_introspection_cpp/turtlesim/srv/detail/spawn__type_support.cpp.o[0m
[9.440s] [ 39%] [32mBuilding CXX object CMakeFiles/turtlesim__rosidl_typesupport_introspection_cpp.dir/rosidl_typesupport_introspection_cpp/turtlesim/srv/detail/teleport_absolute__type_support.cpp.o[0m
[9.457s] [ 40%] [32m[1mLinking CXX shared library libturtlesim__rosidl_typesupport_c.so[0m
[9.458s] [ 41%] [32mBuilding C object CMakeFiles/turtlesim__rosidl_typesupport_introspection_c.dir/rosidl_typesupport_introspection_c/turtlesim/action/detail/rotate_absolute__type_support.c.o[0m
[9.466s] [ 42%] [32mBuilding CXX object CMakeFiles/turtlesim__rosidl_typesupport_introspection_cpp.dir/rosidl_typesupport_introspection_cpp/turtlesim/srv/detail/teleport_relative__type_support.cpp.o[0m
[9.512s] [ 43%] [32mBuilding CXX object CMakeFiles/turtlesim__rosidl_typesupport_fastrtps_cpp.dir/rosidl_typesupport_fastrtps_cpp/turtlesim/action/detail/dds_fastrtps/rotate_absolute__type_support.cpp.o[0m
[9.564s] [ 43%] Built target turtlesim__rosidl_typesupport_c
[9.568s] [ 44%] [32mBuilding C object CMakeFiles/turtlesim__rosidl_typesupport_introspection_c.dir/rosidl_typesupport_introspection_c/turtlesim/msg/detail/color__type_support.c.o[0m
[9.584s] [ 45%] [32mBuilding C object CMakeFiles/turtlesim__rosidl_typesupport_introspection_c.dir/rosidl_typesupport_introspection_c/turtlesim/msg/detail/pose__type_support.c.o[0m
[9.647s] [ 46%] [32mBuilding C object CMakeFiles/turtlesim__rosidl_typesupport_introspection_c.dir/rosidl_typesupport_introspection_c/turtlesim/srv/detail/kill__type_support.c.o[0m
[9.658s] [ 47%] [32mBuilding C object CMakeFiles/turtlesim__rosidl_typesupport_introspection_c.dir/rosidl_typesupport_introspection_c/turtlesim/srv/detail/set_pen__type_support.c.o[0m
[9.741s] [ 48%] [32mBuilding C object CMakeFiles/turtlesim__rosidl_typesupport_introspection_c.dir/rosidl_typesupport_introspection_c/turtlesim/srv/detail/spawn__type_support.c.o[0m
[9.749s] [ 49%] [32mBuilding C object CMakeFiles/turtlesim__rosidl_typesupport_introspection_c.dir/rosidl_typesupport_introspection_c/turtlesim/srv/detail/teleport_absolute__type_support.c.o[0m
[9.824s] [ 50%] [32mBuilding CXX object CMakeFiles/turtlesim__rosidl_typesupport_fastrtps_cpp.dir/rosidl_typesupport_fastrtps_cpp/turtlesim/msg/detail/dds_fastrtps/color__type_support.cpp.o[0m
[9.843s] [ 51%] [32mBuilding C object CMakeFiles/turtlesim__rosidl_typesupport_introspection_c.dir/rosidl_typesupport_introspection_c/turtlesim/srv/detail/teleport_relative__type_support.c.o[0m
[9.934s] [ 52%] [32m[1mLinking C shared library libturtlesim__rosidl_typesupport_introspection_c.so[0m
[9.952s] [ 53%] [32m[1mLinking CXX shared library libturtlesim__rosidl_typesupport_cpp.so[0m
[10.020s] [ 53%] Built target turtlesim__rosidl_typesupport_introspection_c
[10.042s] [ 54%] [32mBuilding CXX object CMakeFiles/turtlesim__rosidl_typesupport_fastrtps_cpp.dir/rosidl_typesupport_fastrtps_cpp/turtlesim/msg/detail/dds_fastrtps/pose__type_support.cpp.o[0m
[10.056s] [ 54%] Built target turtlesim__rosidl_typesupport_cpp
[10.071s] [ 55%] [32mBuilding CXX object CMakeFiles/turtlesim__rosidl_typesupport_fastrtps_cpp.dir/rosidl_typesupport_fastrtps_cpp/turtlesim/srv/detail/dds_fastrtps/kill__type_support.cpp.o[0m
[10.077s] [ 56%] [32mBuilding CXX object CMakeFiles/turtlesim__rosidl_typesupport_fastrtps_cpp.dir/rosidl_typesupport_fastrtps_cpp/turtlesim/srv/detail/dds_fastrtps/set_pen__type_support.cpp.o[0m
[10.118s] [ 57%] [32mBuilding CXX object CMakeFiles/turtlesim__rosidl_typesupport_fastrtps_cpp.dir/rosidl_typesupport_fastrtps_cpp/turtlesim/srv/detail/dds_fastrtps/spawn__type_support.cpp.o[0m
[10.127s] [ 58%] [32mBuilding CXX object CMakeFiles/turtlesim__rosidl_typesupport_fastrtps_cpp.dir/rosidl_typesupport_fastrtps_cpp/turtlesim/srv/detail/dds_fastrtps/teleport_absolute__type_support.cpp.o[0m
[10.146s] [ 59%] [32mBuilding CXX object CMakeFiles/turtlesim__rosidl_typesupport_fastrtps_cpp.dir/rosidl_typesupport_fastrtps_cpp/turtlesim/srv/detail/dds_fastrtps/teleport_relative__type_support.cpp.o[0m
[10.237s] [ 60%] [32m[1mLinking CXX shared library libturtlesim__rosidl_typesupport_introspection_cpp.so[0m
[10.412s] [ 60%] Built target turtlesim__rosidl_typesupport_introspection_cpp
[11.150s] [ 61%] [32m[1mLinking CXX shared library libturtlesim__rosidl_typesupport_fastrtps_cpp.so[0m
[11.387s] [ 61%] Built target turtlesim__rosidl_typesupport_fastrtps_cpp
[11.402s] [ 62%] [34m[1mGenerating C type support for eProsima Fast-RTPS[0m
[12.461s] [35m[1mScanning dependencies of target turtlesim__rosidl_typesupport_fastrtps_c[0m
[12.513s] [ 63%] [32mBuilding CXX object CMakeFiles/turtlesim__rosidl_typesupport_fastrtps_c.dir/rosidl_typesupport_fastrtps_c/turtlesim/msg/detail/color__type_support_c.cpp.o[0m
[12.513s] [ 64%] [32mBuilding CXX object CMakeFiles/turtlesim__rosidl_typesupport_fastrtps_c.dir/rosidl_typesupport_fastrtps_c/turtlesim/srv/detail/set_pen__type_support_c.cpp.o[0m
[12.513s] [ 65%] [32mBuilding CXX object CMakeFiles/turtlesim__rosidl_typesupport_fastrtps_c.dir/rosidl_typesupport_fastrtps_c/turtlesim/srv/detail/spawn__type_support_c.cpp.o[0m
[12.515s] [ 66%] [32mBuilding CXX object CMakeFiles/turtlesim__rosidl_typesupport_fastrtps_c.dir/rosidl_typesupport_fastrtps_c/turtlesim/srv/detail/kill__type_support_c.cpp.o[0m
[12.516s] [ 67%] [32mBuilding CXX object CMakeFiles/turtlesim__rosidl_typesupport_fastrtps_c.dir/rosidl_typesupport_fastrtps_c/turtlesim/action/detail/rotate_absolute__type_support_c.cpp.o[0m
[12.517s] [ 68%] [32mBuilding CXX object CMakeFiles/turtlesim__rosidl_typesupport_fastrtps_c.dir/rosidl_typesupport_fastrtps_c/turtlesim/msg/detail/pose__type_support_c.cpp.o[0m
[12.519s] [ 69%] [32mBuilding CXX object CMakeFiles/turtlesim__rosidl_typesupport_fastrtps_c.dir/rosidl_typesupport_fastrtps_c/turtlesim/srv/detail/teleport_relative__type_support_c.cpp.o[0m
[12.519s] [ 70%] [32mBuilding CXX object CMakeFiles/turtlesim__rosidl_typesupport_fastrtps_c.dir/rosidl_typesupport_fastrtps_c/turtlesim/srv/detail/teleport_absolute__type_support_c.cpp.o[0m
[13.285s] [ 71%] [32m[1mLinking CXX shared library libturtlesim__rosidl_typesupport_fastrtps_c.so[0m
[13.411s] [ 71%] Built target turtlesim__rosidl_typesupport_fastrtps_c
[13.424s] [35m[1mScanning dependencies of target turtlesim[0m
[13.439s] [ 71%] Built target turtlesim
[13.456s] [35m[1mScanning dependencies of target mimic[0m
[13.456s] [35m[1mScanning dependencies of target draw_square[0m
[13.456s] [35m[1mScanning dependencies of target turtle_teleop_key[0m
[13.456s] [35m[1mScanning dependencies of target turtlesim__py[0m
[13.456s] [ 72%] [34m[1mGenerating include/turtlesim/moc_turtle_frame.cpp[0m
[13.473s] [ 73%] [34m[1mGenerating Python code for ROS interfaces[0m
[13.677s] [35m[1mScanning dependencies of target turtlesim_node[0m
[13.796s] [ 75%] [32mBuilding CXX object CMakeFiles/draw_square.dir/tutorials/draw_square.cpp.o[0m
[13.796s] [ 75%] [32mBuilding CXX object CMakeFiles/mimic.dir/tutorials/mimic.cpp.o[0m
[13.796s] [ 76%] [32mBuilding CXX object CMakeFiles/turtle_teleop_key.dir/tutorials/teleop_turtle_key.cpp.o[0m
[13.846s] [ 77%] [32mBuilding CXX object CMakeFiles/turtlesim_node.dir/src/turtlesim.cpp.o[0m
[13.846s] [ 78%] [32mBuilding CXX object CMakeFiles/turtlesim_node.dir/src/turtle_frame.cpp.o[0m
[13.846s] [ 79%] [32mBuilding CXX object CMakeFiles/turtlesim_node.dir/src/turtle.cpp.o[0m
[13.848s] [ 80%] [32mBuilding CXX object CMakeFiles/turtlesim_node.dir/include/turtlesim/moc_turtle_frame.cpp.o[0m
[16.125s] [ 80%] Built target turtlesim__py
[16.141s] [35m[1mScanning dependencies of target turtlesim__python[0m
[16.268s] [ 81%] [32mBuilding C object CMakeFiles/turtlesim__python.dir/rosidl_generator_py/turtlesim/action/_rotate_absolute_s.c.o[0m
[16.269s] [ 83%] [32mBuilding C object CMakeFiles/turtlesim__python.dir/rosidl_generator_py/turtlesim/msg/_pose_s.c.o[0m
[16.269s] [ 83%] [32mBuilding C object CMakeFiles/turtlesim__python.dir/rosidl_generator_py/turtlesim/msg/_color_s.c.o[0m
[16.269s] [ 84%] [32mBuilding C object CMakeFiles/turtlesim__python.dir/rosidl_generator_py/turtlesim/srv/_kill_s.c.o[0m
[16.269s] [ 85%] [32mBuilding C object CMakeFiles/turtlesim__python.dir/rosidl_generator_py/turtlesim/srv/_set_pen_s.c.o[0m
[16.517s] [ 86%] [32mBuilding C object CMakeFiles/turtlesim__python.dir/rosidl_generator_py/turtlesim/srv/_spawn_s.c.o[0m
[16.518s] [ 87%] [32mBuilding C object CMakeFiles/turtlesim__python.dir/rosidl_generator_py/turtlesim/srv/_teleport_absolute_s.c.o[0m
[16.524s] [ 88%] [32mBuilding C object CMakeFiles/turtlesim__python.dir/rosidl_generator_py/turtlesim/srv/_teleport_relative_s.c.o[0m
[16.766s] [ 89%] [32m[1mLinking C shared library rosidl_generator_py/turtlesim/libturtlesim__python.so[0m
[16.870s] [ 89%] Built target turtlesim__python
[16.892s] [35m[1mScanning dependencies of target turtlesim__rosidl_typesupport_c__pyext[0m
[16.892s] [35m[1mScanning dependencies of target turtlesim__rosidl_typesupport_introspection_c__pyext[0m
[16.892s] [35m[1mScanning dependencies of target turtlesim__rosidl_typesupport_fastrtps_c__pyext[0m
[16.938s] [ 91%] [32mBuilding C object CMakeFiles/turtlesim__rosidl_typesupport_introspection_c__pyext.dir/rosidl_generator_py/turtlesim/_turtlesim_s.ep.rosidl_typesupport_introspection_c.c.o[0m
[16.938s] [ 91%] [32mBuilding C object CMakeFiles/turtlesim__rosidl_typesupport_c__pyext.dir/rosidl_generator_py/turtlesim/_turtlesim_s.ep.rosidl_typesupport_c.c.o[0m
[16.946s] [ 92%] [32mBuilding C object CMakeFiles/turtlesim__rosidl_typesupport_fastrtps_c__pyext.dir/rosidl_generator_py/turtlesim/_turtlesim_s.ep.rosidl_typesupport_fastrtps_c.c.o[0m
[17.274s] [ 93%] [32m[1mLinking C shared library rosidl_generator_py/turtlesim/turtlesim_s__rosidl_typesupport_introspection_c.cpython-38-x86_64-linux-gnu.so[0m
[17.301s] [ 94%] [32m[1mLinking C shared library rosidl_generator_py/turtlesim/turtlesim_s__rosidl_typesupport_c.cpython-38-x86_64-linux-gnu.so[0m
[17.317s] [ 95%] [32m[1mLinking CXX shared library rosidl_generator_py/turtlesim/turtlesim_s__rosidl_typesupport_fastrtps_c.cpython-38-x86_64-linux-gnu.so[0m
[17.364s] [ 95%] Built target turtlesim__rosidl_typesupport_introspection_c__pyext
[17.392s] [ 95%] Built target turtlesim__rosidl_typesupport_c__pyext
[17.484s] [ 95%] Built target turtlesim__rosidl_typesupport_fastrtps_c__pyext
[22.090s] [ 96%] [32m[1mLinking CXX executable turtle_teleop_key[0m
[22.515s] [ 96%] Built target turtle_teleop_key
[27.274s] [ 97%] [32m[1mLinking CXX executable mimic[0m
[27.584s] [ 98%] [32m[1mLinking CXX executable draw_square[0m
[27.996s] [ 98%] Built target mimic
[28.129s] [ 98%] Built target draw_square
[29.443s] [100%] [32m[1mLinking CXX executable turtlesim_node[0m
[31.447s] [100%] Built target turtlesim_node
[31.464s] Invoked command in '/home/federico/dev_ws/build/turtlesim' returned '0': CMAKE_PREFIX_PATH=/opt/ros/galactic /usr/bin/cmake --build /home/federico/dev_ws/build/turtlesim -- -j12 -l12
[31.685s] Invoking command in '/home/federico/dev_ws/build/turtlesim': CMAKE_PREFIX_PATH=/opt/ros/galactic /usr/bin/cmake --install /home/federico/dev_ws/build/turtlesim
[31.696s] -- Install configuration: ""
[31.697s] -- Installing: /home/federico/dev_ws/install/turtlesim/share/ament_index/resource_index/rosidl_interfaces/turtlesim
[31.697s] -- Installing: /home/federico/dev_ws/install/turtlesim/include/turtlesim
[31.697s] -- Installing: /home/federico/dev_ws/install/turtlesim/include/turtlesim/msg
[31.697s] -- Installing: /home/federico/dev_ws/install/turtlesim/include/turtlesim/msg/color.h
[31.697s] -- Installing: /home/federico/dev_ws/install/turtlesim/include/turtlesim/msg/pose.h
[31.698s] -- Installing: /home/federico/dev_ws/install/turtlesim/include/turtlesim/msg/rosidl_generator_c__visibility_control.h
[31.698s] -- Installing: /home/federico/dev_ws/install/turtlesim/include/turtlesim/msg/detail
[31.698s] -- Installing: /home/federico/dev_ws/install/turtlesim/include/turtlesim/msg/detail/pose__functions.c
[31.698s] -- Installing: /home/federico/dev_ws/install/turtlesim/include/turtlesim/msg/detail/pose__functions.h
[31.698s] -- Installing: /home/federico/dev_ws/install/turtlesim/include/turtlesim/msg/detail/color__type_support.h
[31.698s] -- Installing: /home/federico/dev_ws/install/turtlesim/include/turtlesim/msg/detail/pose__struct.h
[31.698s] -- Installing: /home/federico/dev_ws/install/turtlesim/include/turtlesim/msg/detail/pose__type_support.h
[31.698s] -- Installing: /home/federico/dev_ws/install/turtlesim/include/turtlesim/msg/detail/color__functions.h
[31.699s] -- Installing: /home/federico/dev_ws/install/turtlesim/include/turtlesim/msg/detail/color__functions.c
[31.699s] -- Installing: /home/federico/dev_ws/install/turtlesim/include/turtlesim/msg/detail/color__struct.h
[31.699s] -- Installing: /home/federico/dev_ws/install/turtlesim/include/turtlesim/srv
[31.699s] -- Installing: /home/federico/dev_ws/install/turtlesim/include/turtlesim/srv/teleport_absolute.h
[31.699s] -- Installing: /home/federico/dev_ws/install/turtlesim/include/turtlesim/srv/spawn.h
[31.699s] -- Installing: /home/federico/dev_ws/install/turtlesim/include/turtlesim/srv/set_pen.h
[31.699s] -- Installing: /home/federico/dev_ws/install/turtlesim/include/turtlesim/srv/kill.h
[31.699s] -- Installing: /home/federico/dev_ws/install/turtlesim/include/turtlesim/srv/detail
[31.700s] -- Installing: /home/federico/dev_ws/install/turtlesim/include/turtlesim/srv/detail/spawn__struct.h
[31.700s] -- Installing: /home/federico/dev_ws/install/turtlesim/include/turtlesim/srv/detail/set_pen__functions.c
[31.700s] -- Installing: /home/federico/dev_ws/install/turtlesim/include/turtlesim/srv/detail/teleport_absolute__functions.h
[31.700s] -- Installing: /home/federico/dev_ws/install/turtlesim/include/turtlesim/srv/detail/teleport_absolute__type_support.h
[31.700s] -- Installing: /home/federico/dev_ws/install/turtlesim/include/turtlesim/srv/detail/teleport_relative__struct.h
[31.700s] -- Installing: /home/federico/dev_ws/install/turtlesim/include/turtlesim/srv/detail/kill__struct.h
[31.700s] -- Installing: /home/federico/dev_ws/install/turtlesim/include/turtlesim/srv/detail/kill__functions.h
[31.700s] -- Installing: /home/federico/dev_ws/install/turtlesim/include/turtlesim/srv/detail/set_pen__struct.h
[31.701s] -- Installing: /home/federico/dev_ws/install/turtlesim/include/turtlesim/srv/detail/spawn__functions.h
[31.701s] -- Installing: /home/federico/dev_ws/install/turtlesim/include/turtlesim/srv/detail/spawn__type_support.h
[31.701s] -- Installing: /home/federico/dev_ws/install/turtlesim/include/turtlesim/srv/detail/teleport_relative__functions.c
[31.701s] -- Installing: /home/federico/dev_ws/install/turtlesim/include/turtlesim/srv/detail/spawn__functions.c
[31.701s] -- Installing: /home/federico/dev_ws/install/turtlesim/include/turtlesim/srv/detail/kill__type_support.h
[31.701s] -- Installing: /home/federico/dev_ws/install/turtlesim/include/turtlesim/srv/detail/set_pen__functions.h
[31.701s] -- Installing: /home/federico/dev_ws/install/turtlesim/include/turtlesim/srv/detail/teleport_absolute__struct.h
[31.701s] -- Installing: /home/federico/dev_ws/install/turtlesim/include/turtlesim/srv/detail/teleport_relative__functions.h
[31.701s] -- Installing: /home/federico/dev_ws/install/turtlesim/include/turtlesim/srv/detail/kill__functions.c
[31.702s] -- Installing: /home/federico/dev_ws/install/turtlesim/include/turtlesim/srv/detail/teleport_absolute__functions.c
[31.702s] -- Installing: /home/federico/dev_ws/install/turtlesim/include/turtlesim/srv/detail/teleport_relative__type_support.h
[31.702s] -- Installing: /home/federico/dev_ws/install/turtlesim/include/turtlesim/srv/detail/set_pen__type_support.h
[31.702s] -- Installing: /home/federico/dev_ws/install/turtlesim/include/turtlesim/srv/teleport_relative.h
[31.702s] -- Installing: /home/federico/dev_ws/install/turtlesim/include/turtlesim/action
[31.703s] -- Installing: /home/federico/dev_ws/install/turtlesim/include/turtlesim/action/rotate_absolute.h
[31.703s] -- Installing: /home/federico/dev_ws/install/turtlesim/include/turtlesim/action/detail
[31.703s] -- Installing: /home/federico/dev_ws/install/turtlesim/include/turtlesim/action/detail/rotate_absolute__functions.h
[31.703s] -- Installing: /home/federico/dev_ws/install/turtlesim/include/turtlesim/action/detail/rotate_absolute__struct.h
[31.703s] -- Installing: /home/federico/dev_ws/install/turtlesim/include/turtlesim/action/detail/rotate_absolute__type_support.h
[31.703s] -- Installing: /home/federico/dev_ws/install/turtlesim/include/turtlesim/action/detail/rotate_absolute__functions.c
[31.703s] -- Installing: /home/federico/dev_ws/install/turtlesim/share/turtlesim/environment/library_path.sh
[31.703s] -- Installing: /home/federico/dev_ws/install/turtlesim/share/turtlesim/environment/library_path.dsv
[31.704s] -- Installing: /home/federico/dev_ws/install/turtlesim/lib/libturtlesim__rosidl_generator_c.so
[31.704s] -- Set runtime path of "/home/federico/dev_ws/install/turtlesim/lib/libturtlesim__rosidl_generator_c.so" to ""
[31.704s] -- Up-to-date: /home/federico/dev_ws/install/turtlesim/include/turtlesim
[31.705s] -- Up-to-date: /home/federico/dev_ws/install/turtlesim/include/turtlesim/msg
[31.705s] -- Up-to-date: /home/federico/dev_ws/install/turtlesim/include/turtlesim/msg/detail
[31.705s] -- Installing: /home/federico/dev_ws/install/turtlesim/include/turtlesim/msg/detail/pose__rosidl_typesupport_fastrtps_c.h
[31.705s] -- Installing: /home/federico/dev_ws/install/turtlesim/include/turtlesim/msg/detail/color__rosidl_typesupport_fastrtps_c.h
[31.705s] -- Installing: /home/federico/dev_ws/install/turtlesim/include/turtlesim/msg/rosidl_typesupport_fastrtps_c__visibility_control.h
[31.705s] -- Up-to-date: /home/federico/dev_ws/install/turtlesim/include/turtlesim/srv
[31.705s] -- Up-to-date: /home/federico/dev_ws/install/turtlesim/include/turtlesim/srv/detail
[31.705s] -- Installing: /home/federico/dev_ws/install/turtlesim/include/turtlesim/srv/detail/teleport_absolute__rosidl_typesupport_fastrtps_c.h
[31.706s] -- Installing: /home/federico/dev_ws/install/turtlesim/include/turtlesim/srv/detail/spawn__rosidl_typesupport_fastrtps_c.h
[31.706s] -- Installing: /home/federico/dev_ws/install/turtlesim/include/turtlesim/srv/detail/kill__rosidl_typesupport_fastrtps_c.h
[31.706s] -- Installing: /home/federico/dev_ws/install/turtlesim/include/turtlesim/srv/detail/set_pen__rosidl_typesupport_fastrtps_c.h
[31.706s] -- Installing: /home/federico/dev_ws/install/turtlesim/include/turtlesim/srv/detail/teleport_relative__rosidl_typesupport_fastrtps_c.h
[31.706s] -- Up-to-date: /home/federico/dev_ws/install/turtlesim/include/turtlesim/action
[31.706s] -- Up-to-date: /home/federico/dev_ws/install/turtlesim/include/turtlesim/action/detail
[31.706s] -- Installing: /home/federico/dev_ws/install/turtlesim/include/turtlesim/action/detail/rotate_absolute__rosidl_typesupport_fastrtps_c.h
[31.706s] -- Installing: /home/federico/dev_ws/install/turtlesim/lib/libturtlesim__rosidl_typesupport_fastrtps_c.so
[31.707s] -- Set runtime path of "/home/federico/dev_ws/install/turtlesim/lib/libturtlesim__rosidl_typesupport_fastrtps_c.so" to ""
[31.707s] -- Up-to-date: /home/federico/dev_ws/install/turtlesim/include/turtlesim
[31.707s] -- Up-to-date: /home/federico/dev_ws/install/turtlesim/include/turtlesim/msg
[31.707s] -- Installing: /home/federico/dev_ws/install/turtlesim/include/turtlesim/msg/rosidl_typesupport_fastrtps_cpp__visibility_control.h
[31.707s] -- Up-to-date: /home/federico/dev_ws/install/turtlesim/include/turtlesim/msg/detail
[31.707s] -- Installing: /home/federico/dev_ws/install/turtlesim/include/turtlesim/msg/detail/dds_fastrtps
[31.708s] -- Installing: /home/federico/dev_ws/install/turtlesim/include/turtlesim/msg/detail/color__rosidl_typesupport_fastrtps_cpp.hpp
[31.708s] -- Installing: /home/federico/dev_ws/install/turtlesim/include/turtlesim/msg/detail/pose__rosidl_typesupport_fastrtps_cpp.hpp
[31.708s] -- Up-to-date: /home/federico/dev_ws/install/turtlesim/include/turtlesim/srv
[31.708s] -- Up-to-date: /home/federico/dev_ws/install/turtlesim/include/turtlesim/srv/detail
[31.708s] -- Installing: /home/federico/dev_ws/install/turtlesim/include/turtlesim/srv/detail/spawn__rosidl_typesupport_fastrtps_cpp.hpp
[31.708s] -- Installing: /home/federico/dev_ws/install/turtlesim/include/turtlesim/srv/detail/dds_fastrtps
[31.708s] -- Installing: /home/federico/dev_ws/install/turtlesim/include/turtlesim/srv/detail/teleport_absolute__rosidl_typesupport_fastrtps_cpp.hpp
[31.708s] -- Installing: /home/federico/dev_ws/install/turtlesim/include/turtlesim/srv/detail/teleport_relative__rosidl_typesupport_fastrtps_cpp.hpp
[31.709s] -- Installing: /home/federico/dev_ws/install/turtlesim/include/turtlesim/srv/detail/set_pen__rosidl_typesupport_fastrtps_cpp.hpp
[31.709s] -- Installing: /home/federico/dev_ws/install/turtlesim/include/turtlesim/srv/detail/kill__rosidl_typesupport_fastrtps_cpp.hpp
[31.709s] -- Up-to-date: /home/federico/dev_ws/install/turtlesim/include/turtlesim/action
[31.709s] -- Up-to-date: /home/federico/dev_ws/install/turtlesim/include/turtlesim/action/detail
[31.709s] -- Installing: /home/federico/dev_ws/install/turtlesim/include/turtlesim/action/detail/rotate_absolute__rosidl_typesupport_fastrtps_cpp.hpp
[31.709s] -- Installing: /home/federico/dev_ws/install/turtlesim/include/turtlesim/action/detail/dds_fastrtps
[31.709s] -- Installing: /home/federico/dev_ws/install/turtlesim/lib/libturtlesim__rosidl_typesupport_fastrtps_cpp.so
[31.710s] -- Set runtime path of "/home/federico/dev_ws/install/turtlesim/lib/libturtlesim__rosidl_typesupport_fastrtps_cpp.so" to ""
[31.710s] -- Up-to-date: /home/federico/dev_ws/install/turtlesim/include/turtlesim
[31.710s] -- Up-to-date: /home/federico/dev_ws/install/turtlesim/include/turtlesim/msg
[31.710s] -- Installing: /home/federico/dev_ws/install/turtlesim/include/turtlesim/msg/rosidl_typesupport_introspection_c__visibility_control.h
[31.710s] -- Up-to-date: /home/federico/dev_ws/install/turtlesim/include/turtlesim/msg/detail
[31.710s] -- Installing: /home/federico/dev_ws/install/turtlesim/include/turtlesim/msg/detail/color__type_support.c
[31.710s] -- Installing: /home/federico/dev_ws/install/turtlesim/include/turtlesim/msg/detail/pose__type_support.c
[31.710s] -- Installing: /home/federico/dev_ws/install/turtlesim/include/turtlesim/msg/detail/pose__rosidl_typesupport_introspection_c.h
[31.711s] -- Installing: /home/federico/dev_ws/install/turtlesim/include/turtlesim/msg/detail/color__rosidl_typesupport_introspection_c.h
[31.711s] -- Up-to-date: /home/federico/dev_ws/install/turtlesim/include/turtlesim/srv
[31.711s] -- Up-to-date: /home/federico/dev_ws/install/turtlesim/include/turtlesim/srv/detail
[31.711s] -- Installing: /home/federico/dev_ws/install/turtlesim/include/turtlesim/srv/detail/set_pen__rosidl_typesupport_introspection_c.h
[31.711s] -- Installing: /home/federico/dev_ws/install/turtlesim/include/turtlesim/srv/detail/teleport_absolute__rosidl_typesupport_introspection_c.h
[31.711s] -- Installing: /home/federico/dev_ws/install/turtlesim/include/turtlesim/srv/detail/kill__rosidl_typesupport_introspection_c.h
[31.711s] -- Installing: /home/federico/dev_ws/install/turtlesim/include/turtlesim/srv/detail/teleport_relative__type_support.c
[31.711s] -- Installing: /home/federico/dev_ws/install/turtlesim/include/turtlesim/srv/detail/teleport_relative__rosidl_typesupport_introspection_c.h
[31.712s] -- Installing: /home/federico/dev_ws/install/turtlesim/include/turtlesim/srv/detail/teleport_absolute__type_support.c
[31.712s] -- Installing: /home/federico/dev_ws/install/turtlesim/include/turtlesim/srv/detail/spawn__rosidl_typesupport_introspection_c.h
[31.712s] -- Installing: /home/federico/dev_ws/install/turtlesim/include/turtlesim/srv/detail/kill__type_support.c
[31.712s] -- Installing: /home/federico/dev_ws/install/turtlesim/include/turtlesim/srv/detail/spawn__type_support.c
[31.712s] -- Installing: /home/federico/dev_ws/install/turtlesim/include/turtlesim/srv/detail/set_pen__type_support.c
[31.712s] -- Up-to-date: /home/federico/dev_ws/install/turtlesim/include/turtlesim/action
[31.712s] -- Up-to-date: /home/federico/dev_ws/install/turtlesim/include/turtlesim/action/detail
[31.712s] -- Installing: /home/federico/dev_ws/install/turtlesim/include/turtlesim/action/detail/rotate_absolute__type_support.c
[31.713s] -- Installing: /home/federico/dev_ws/install/turtlesim/include/turtlesim/action/detail/rotate_absolute__rosidl_typesupport_introspection_c.h
[31.713s] -- Installing: /home/federico/dev_ws/install/turtlesim/lib/libturtlesim__rosidl_typesupport_introspection_c.so
[31.713s] -- Set runtime path of "/home/federico/dev_ws/install/turtlesim/lib/libturtlesim__rosidl_typesupport_introspection_c.so" to ""
[31.714s] -- Installing: /home/federico/dev_ws/install/turtlesim/lib/libturtlesim__rosidl_typesupport_c.so
[31.714s] -- Set runtime path of "/home/federico/dev_ws/install/turtlesim/lib/libturtlesim__rosidl_typesupport_c.so" to ""
[31.714s] -- Up-to-date: /home/federico/dev_ws/install/turtlesim/include/turtlesim
[31.715s] -- Up-to-date: /home/federico/dev_ws/install/turtlesim/include/turtlesim/msg
[31.715s] -- Installing: /home/federico/dev_ws/install/turtlesim/include/turtlesim/msg/color.hpp
[31.715s] -- Up-to-date: /home/federico/dev_ws/install/turtlesim/include/turtlesim/msg/detail
[31.715s] -- Installing: /home/federico/dev_ws/install/turtlesim/include/turtlesim/msg/detail/color__traits.hpp
[31.715s] -- Installing: /home/federico/dev_ws/install/turtlesim/include/turtlesim/msg/detail/pose__struct.hpp
[31.715s] -- Installing: /home/federico/dev_ws/install/turtlesim/include/turtlesim/msg/detail/color__struct.hpp
[31.715s] -- Installing: /home/federico/dev_ws/install/turtlesim/include/turtlesim/msg/detail/pose__traits.hpp
[31.715s] -- Installing: /home/federico/dev_ws/install/turtlesim/include/turtlesim/msg/detail/pose__builder.hpp
[31.716s] -- Installing: /home/federico/dev_ws/install/turtlesim/include/turtlesim/msg/detail/color__builder.hpp
[31.716s] -- Installing: /home/federico/dev_ws/install/turtlesim/include/turtlesim/msg/pose.hpp
[31.716s] -- Up-to-date: /home/federico/dev_ws/install/turtlesim/include/turtlesim/srv
[31.716s] -- Installing: /home/federico/dev_ws/install/turtlesim/include/turtlesim/srv/teleport_absolute.hpp
[31.716s] -- Installing: /home/federico/dev_ws/install/turtlesim/include/turtlesim/srv/spawn.hpp
[31.716s] -- Installing: /home/federico/dev_ws/install/turtlesim/include/turtlesim/srv/set_pen.hpp
[31.716s] -- Installing: /home/federico/dev_ws/install/turtlesim/include/turtlesim/srv/teleport_relative.hpp
[31.716s] -- Installing: /home/federico/dev_ws/install/turtlesim/include/turtlesim/srv/kill.hpp
[31.717s] -- Up-to-date: /home/federico/dev_ws/install/turtlesim/include/turtlesim/srv/detail
[31.717s] -- Installing: /home/federico/dev_ws/install/turtlesim/include/turtlesim/srv/detail/kill__builder.hpp
[31.717s] -- Installing: /home/federico/dev_ws/install/turtlesim/include/turtlesim/srv/detail/set_pen__struct.hpp
[31.717s] -- Installing: /home/federico/dev_ws/install/turtlesim/include/turtlesim/srv/detail/teleport_relative__traits.hpp
[31.717s] -- Installing: /home/federico/dev_ws/install/turtlesim/include/turtlesim/srv/detail/teleport_absolute__struct.hpp
[31.717s] -- Installing: /home/federico/dev_ws/install/turtlesim/include/turtlesim/srv/detail/kill__traits.hpp
[31.717s] -- Installing: /home/federico/dev_ws/install/turtlesim/include/turtlesim/srv/detail/teleport_relative__builder.hpp
[31.718s] -- Installing: /home/federico/dev_ws/install/turtlesim/include/turtlesim/srv/detail/spawn__struct.hpp
[31.718s] -- Installing: /home/federico/dev_ws/install/turtlesim/include/turtlesim/srv/detail/teleport_absolute__builder.hpp
[31.718s] -- Installing: /home/federico/dev_ws/install/turtlesim/include/turtlesim/srv/detail/kill__struct.hpp
[31.718s] -- Installing: /home/federico/dev_ws/install/turtlesim/include/turtlesim/srv/detail/spawn__builder.hpp
[31.718s] -- Installing: /home/federico/dev_ws/install/turtlesim/include/turtlesim/srv/detail/set_pen__traits.hpp
[31.718s] -- Installing: /home/federico/dev_ws/install/turtlesim/include/turtlesim/srv/detail/set_pen__builder.hpp
[31.718s] -- Installing: /home/federico/dev_ws/install/turtlesim/include/turtlesim/srv/detail/teleport_relative__struct.hpp
[31.719s] -- Installing: /home/federico/dev_ws/install/turtlesim/include/turtlesim/srv/detail/spawn__traits.hpp
[31.719s] -- Installing: /home/federico/dev_ws/install/turtlesim/include/turtlesim/srv/detail/teleport_absolute__traits.hpp
[31.719s] -- Up-to-date: /home/federico/dev_ws/install/turtlesim/include/turtlesim/action
[31.719s] -- Installing: /home/federico/dev_ws/install/turtlesim/include/turtlesim/action/rotate_absolute.hpp
[31.719s] -- Up-to-date: /home/federico/dev_ws/install/turtlesim/include/turtlesim/action/detail
[31.719s] -- Installing: /home/federico/dev_ws/install/turtlesim/include/turtlesim/action/detail/rotate_absolute__traits.hpp
[31.719s] -- Installing: /home/federico/dev_ws/install/turtlesim/include/turtlesim/action/detail/rotate_absolute__builder.hpp
[31.719s] -- Installing: /home/federico/dev_ws/install/turtlesim/include/turtlesim/action/detail/rotate_absolute__struct.hpp
[31.720s] -- Up-to-date: /home/federico/dev_ws/install/turtlesim/include/turtlesim
[31.720s] -- Up-to-date: /home/federico/dev_ws/install/turtlesim/include/turtlesim/msg
[31.720s] -- Up-to-date: /home/federico/dev_ws/install/turtlesim/include/turtlesim/msg/detail
[31.720s] -- Installing: /home/federico/dev_ws/install/turtlesim/include/turtlesim/msg/detail/color__type_support.cpp
[31.720s] -- Installing: /home/federico/dev_ws/install/turtlesim/include/turtlesim/msg/detail/color__rosidl_typesupport_introspection_cpp.hpp
[31.720s] -- Installing: /home/federico/dev_ws/install/turtlesim/include/turtlesim/msg/detail/pose__type_support.cpp
[31.720s] -- Installing: /home/federico/dev_ws/install/turtlesim/include/turtlesim/msg/detail/pose__rosidl_typesupport_introspection_cpp.hpp
[31.720s] -- Up-to-date: /home/federico/dev_ws/install/turtlesim/include/turtlesim/srv
[31.721s] -- Up-to-date: /home/federico/dev_ws/install/turtlesim/include/turtlesim/srv/detail
[31.721s] -- Installing: /home/federico/dev_ws/install/turtlesim/include/turtlesim/srv/detail/teleport_absolute__type_support.cpp
[31.721s] -- Installing: /home/federico/dev_ws/install/turtlesim/include/turtlesim/srv/detail/teleport_absolute__rosidl_typesupport_introspection_cpp.hpp
[31.721s] -- Installing: /home/federico/dev_ws/install/turtlesim/include/turtlesim/srv/detail/teleport_relative__type_support.cpp
[31.721s] -- Installing: /home/federico/dev_ws/install/turtlesim/include/turtlesim/srv/detail/kill__type_support.cpp
[31.721s] -- Installing: /home/federico/dev_ws/install/turtlesim/include/turtlesim/srv/detail/teleport_relative__rosidl_typesupport_introspection_cpp.hpp
[31.721s] -- Installing: /home/federico/dev_ws/install/turtlesim/include/turtlesim/srv/detail/set_pen__type_support.cpp
[31.721s] -- Installing: /home/federico/dev_ws/install/turtlesim/include/turtlesim/srv/detail/spawn__type_support.cpp
[31.722s] -- Installing: /home/federico/dev_ws/install/turtlesim/include/turtlesim/srv/detail/kill__rosidl_typesupport_introspection_cpp.hpp
[31.722s] -- Installing: /home/federico/dev_ws/install/turtlesim/include/turtlesim/srv/detail/spawn__rosidl_typesupport_introspection_cpp.hpp
[31.722s] -- Installing: /home/federico/dev_ws/install/turtlesim/include/turtlesim/srv/detail/set_pen__rosidl_typesupport_introspection_cpp.hpp
[31.722s] -- Up-to-date: /home/federico/dev_ws/install/turtlesim/include/turtlesim/action
[31.722s] -- Up-to-date: /home/federico/dev_ws/install/turtlesim/include/turtlesim/action/detail
[31.722s] -- Installing: /home/federico/dev_ws/install/turtlesim/include/turtlesim/action/detail/rotate_absolute__rosidl_typesupport_introspection_cpp.hpp
[31.722s] -- Installing: /home/federico/dev_ws/install/turtlesim/include/turtlesim/action/detail/rotate_absolute__type_support.cpp
[31.722s] -- Installing: /home/federico/dev_ws/install/turtlesim/lib/libturtlesim__rosidl_typesupport_introspection_cpp.so
[31.723s] -- Set runtime path of "/home/federico/dev_ws/install/turtlesim/lib/libturtlesim__rosidl_typesupport_introspection_cpp.so" to ""
[31.723s] -- Installing: /home/federico/dev_ws/install/turtlesim/lib/libturtlesim__rosidl_typesupport_cpp.so
[31.724s] -- Set runtime path of "/home/federico/dev_ws/install/turtlesim/lib/libturtlesim__rosidl_typesupport_cpp.so" to ""
[31.724s] -- Installing: /home/federico/dev_ws/install/turtlesim/share/turtlesim/environment/pythonpath.sh
[31.724s] -- Installing: /home/federico/dev_ws/install/turtlesim/share/turtlesim/environment/pythonpath.dsv
[31.725s] -- Installing: /home/federico/dev_ws/install/turtlesim/lib/python3.8/site-packages/turtlesim/__init__.py
[31.770s] Compiling '/home/federico/dev_ws/install/turtlesim/lib/python3.8/site-packages/turtlesim/__init__.py'...
[31.775s] -- Installing: /home/federico/dev_ws/install/turtlesim/lib/python3.8/site-packages/turtlesim/action
[31.775s] -- Installing: /home/federico/dev_ws/install/turtlesim/lib/python3.8/site-packages/turtlesim/action/__init__.py
[31.776s] -- Installing: /home/federico/dev_ws/install/turtlesim/lib/python3.8/site-packages/turtlesim/action/_rotate_absolute.py
[31.776s] -- Installing: /home/federico/dev_ws/install/turtlesim/lib/python3.8/site-packages/turtlesim/action/_rotate_absolute_s.c
[31.776s] -- Installing: /home/federico/dev_ws/install/turtlesim/lib/python3.8/site-packages/turtlesim/msg
[31.776s] -- Installing: /home/federico/dev_ws/install/turtlesim/lib/python3.8/site-packages/turtlesim/msg/_pose_s.c
[31.776s] -- Installing: /home/federico/dev_ws/install/turtlesim/lib/python3.8/site-packages/turtlesim/msg/__init__.py
[31.776s] -- Installing: /home/federico/dev_ws/install/turtlesim/lib/python3.8/site-packages/turtlesim/msg/_pose.py
[31.776s] -- Installing: /home/federico/dev_ws/install/turtlesim/lib/python3.8/site-packages/turtlesim/msg/_color.py
[31.777s] -- Installing: /home/federico/dev_ws/install/turtlesim/lib/python3.8/site-packages/turtlesim/msg/_color_s.c
[31.777s] -- Installing: /home/federico/dev_ws/install/turtlesim/lib/python3.8/site-packages/turtlesim/srv
[31.777s] -- Installing: /home/federico/dev_ws/install/turtlesim/lib/python3.8/site-packages/turtlesim/srv/_teleport_relative.py
[31.777s] -- Installing: /home/federico/dev_ws/install/turtlesim/lib/python3.8/site-packages/turtlesim/srv/_teleport_absolute_s.c
[31.777s] -- Installing: /home/federico/dev_ws/install/turtlesim/lib/python3.8/site-packages/turtlesim/srv/_set_pen.py
[31.777s] -- Installing: /home/federico/dev_ws/install/turtlesim/lib/python3.8/site-packages/turtlesim/srv/_teleport_relative_s.c
[31.777s] -- Installing: /home/federico/dev_ws/install/turtlesim/lib/python3.8/site-packages/turtlesim/srv/_teleport_absolute.py
[31.777s] -- Installing: /home/federico/dev_ws/install/turtlesim/lib/python3.8/site-packages/turtlesim/srv/__init__.py
[31.778s] -- Installing: /home/federico/dev_ws/install/turtlesim/lib/python3.8/site-packages/turtlesim/srv/_kill_s.c
[31.778s] -- Installing: /home/federico/dev_ws/install/turtlesim/lib/python3.8/site-packages/turtlesim/srv/_spawn_s.c
[31.778s] -- Installing: /home/federico/dev_ws/install/turtlesim/lib/python3.8/site-packages/turtlesim/srv/_spawn.py
[31.778s] -- Installing: /home/federico/dev_ws/install/turtlesim/lib/python3.8/site-packages/turtlesim/srv/_set_pen_s.c
[31.778s] -- Installing: /home/federico/dev_ws/install/turtlesim/lib/python3.8/site-packages/turtlesim/srv/_kill.py
[31.778s] -- Installing: /home/federico/dev_ws/install/turtlesim/lib/python3.8/site-packages/turtlesim/turtlesim_s__rosidl_typesupport_fastrtps_c.cpython-38-x86_64-linux-gnu.so
[31.779s] -- Set runtime path of "/home/federico/dev_ws/install/turtlesim/lib/python3.8/site-packages/turtlesim/turtlesim_s__rosidl_typesupport_fastrtps_c.cpython-38-x86_64-linux-gnu.so" to ""
[31.779s] -- Installing: /home/federico/dev_ws/install/turtlesim/lib/python3.8/site-packages/turtlesim/turtlesim_s__rosidl_typesupport_introspection_c.cpython-38-x86_64-linux-gnu.so
[31.780s] -- Set runtime path of "/home/federico/dev_ws/install/turtlesim/lib/python3.8/site-packages/turtlesim/turtlesim_s__rosidl_typesupport_introspection_c.cpython-38-x86_64-linux-gnu.so" to ""
[31.780s] -- Installing: /home/federico/dev_ws/install/turtlesim/lib/python3.8/site-packages/turtlesim/turtlesim_s__rosidl_typesupport_c.cpython-38-x86_64-linux-gnu.so
[31.781s] -- Set runtime path of "/home/federico/dev_ws/install/turtlesim/lib/python3.8/site-packages/turtlesim/turtlesim_s__rosidl_typesupport_c.cpython-38-x86_64-linux-gnu.so" to ""
[31.781s] -- Installing: /home/federico/dev_ws/install/turtlesim/lib/libturtlesim__python.so
[31.782s] -- Set runtime path of "/home/federico/dev_ws/install/turtlesim/lib/libturtlesim__python.so" to ""
[31.782s] -- Installing: /home/federico/dev_ws/install/turtlesim/share/turtlesim/action/RotateAbsolute.idl
[31.782s] -- Installing: /home/federico/dev_ws/install/turtlesim/share/turtlesim/msg/Color.idl
[31.783s] -- Installing: /home/federico/dev_ws/install/turtlesim/share/turtlesim/msg/Pose.idl
[31.783s] -- Installing: /home/federico/dev_ws/install/turtlesim/share/turtlesim/srv/Kill.idl
[31.783s] -- Installing: /home/federico/dev_ws/install/turtlesim/share/turtlesim/srv/SetPen.idl
[31.783s] -- Installing: /home/federico/dev_ws/install/turtlesim/share/turtlesim/srv/Spawn.idl
[31.783s] -- Installing: /home/federico/dev_ws/install/turtlesim/share/turtlesim/srv/TeleportAbsolute.idl
[31.784s] -- Installing: /home/federico/dev_ws/install/turtlesim/share/turtlesim/srv/TeleportRelative.idl
[31.784s] -- Installing: /home/federico/dev_ws/install/turtlesim/share/turtlesim/action/RotateAbsolute.action
[31.784s] -- Installing: /home/federico/dev_ws/install/turtlesim/share/turtlesim/msg/Color.msg
[31.784s] -- Installing: /home/federico/dev_ws/install/turtlesim/share/turtlesim/msg/Pose.msg
[31.784s] -- Installing: /home/federico/dev_ws/install/turtlesim/share/turtlesim/srv/Kill.srv
[31.785s] -- Installing: /home/federico/dev_ws/install/turtlesim/share/turtlesim/srv/Kill_Request.msg
[31.785s] -- Installing: /home/federico/dev_ws/install/turtlesim/share/turtlesim/srv/Kill_Response.msg
[31.785s] -- Installing: /home/federico/dev_ws/install/turtlesim/share/turtlesim/srv/SetPen.srv
[31.785s] -- Installing: /home/federico/dev_ws/install/turtlesim/share/turtlesim/srv/SetPen_Request.msg
[31.785s] -- Installing: /home/federico/dev_ws/install/turtlesim/share/turtlesim/srv/SetPen_Response.msg
[31.785s] -- Installing: /home/federico/dev_ws/install/turtlesim/share/turtlesim/srv/Spawn.srv
[31.786s] -- Installing: /home/federico/dev_ws/install/turtlesim/share/turtlesim/srv/Spawn_Request.msg
[31.786s] -- Installing: /home/federico/dev_ws/install/turtlesim/share/turtlesim/srv/Spawn_Response.msg
[31.786s] -- Installing: /home/federico/dev_ws/install/turtlesim/share/turtlesim/srv/TeleportAbsolute.srv
[31.786s] -- Installing: /home/federico/dev_ws/install/turtlesim/share/turtlesim/srv/TeleportAbsolute_Request.msg
[31.786s] -- Installing: /home/federico/dev_ws/install/turtlesim/share/turtlesim/srv/TeleportAbsolute_Response.msg
[31.787s] -- Installing: /home/federico/dev_ws/install/turtlesim/share/turtlesim/srv/TeleportRelative.srv
[31.787s] -- Installing: /home/federico/dev_ws/install/turtlesim/share/turtlesim/srv/TeleportRelative_Request.msg
[31.787s] -- Installing: /home/federico/dev_ws/install/turtlesim/share/turtlesim/srv/TeleportRelative_Response.msg
[31.787s] -- Installing: /home/federico/dev_ws/install/turtlesim/lib/turtlesim/turtlesim_node
[31.795s] -- Set runtime path of "/home/federico/dev_ws/install/turtlesim/lib/turtlesim/turtlesim_node" to ""
[31.795s] -- Installing: /home/federico/dev_ws/install/turtlesim/lib/turtlesim/turtle_teleop_key
[31.797s] -- Set runtime path of "/home/federico/dev_ws/install/turtlesim/lib/turtlesim/turtle_teleop_key" to ""
[31.797s] -- Installing: /home/federico/dev_ws/install/turtlesim/lib/turtlesim/draw_square
[31.801s] -- Set runtime path of "/home/federico/dev_ws/install/turtlesim/lib/turtlesim/draw_square" to ""
[31.802s] -- Installing: /home/federico/dev_ws/install/turtlesim/lib/turtlesim/mimic
[31.805s] -- Set runtime path of "/home/federico/dev_ws/install/turtlesim/lib/turtlesim/mimic" to ""
[31.806s] -- Installing: /home/federico/dev_ws/install/turtlesim/share/turtlesim/images
[31.806s] -- Installing: /home/federico/dev_ws/install/turtlesim/share/turtlesim/images/foxy.png
[31.806s] -- Installing: /home/federico/dev_ws/install/turtlesim/share/turtlesim/images/ardent.png
[31.806s] -- Installing: /home/federico/dev_ws/install/turtlesim/share/turtlesim/images/galactic.png
[31.806s] -- Installing: /home/federico/dev_ws/install/turtlesim/share/turtlesim/images/bouncy.png
[31.806s] -- Installing: /home/federico/dev_ws/install/turtlesim/share/turtlesim/images/dashing.png
[31.806s] -- Installing: /home/federico/dev_ws/install/turtlesim/share/turtlesim/images/crystal.png
[31.807s] -- Installing: /home/federico/dev_ws/install/turtlesim/share/turtlesim/images/eloquent.png
[31.807s] -- Installing: /home/federico/dev_ws/install/turtlesim/share/turtlesim/launch
[31.807s] -- Installing: /home/federico/dev_ws/install/turtlesim/share/turtlesim/launch/multisim.launch.py
[31.807s] -- Installing: /home/federico/dev_ws/install/turtlesim/share/ament_index/resource_index/package_run_dependencies/turtlesim
[31.807s] -- Installing: /home/federico/dev_ws/install/turtlesim/share/ament_index/resource_index/parent_prefix_path/turtlesim
[31.807s] -- Installing: /home/federico/dev_ws/install/turtlesim/share/turtlesim/environment/ament_prefix_path.sh
[31.807s] -- Installing: /home/federico/dev_ws/install/turtlesim/share/turtlesim/environment/ament_prefix_path.dsv
[31.807s] -- Installing: /home/federico/dev_ws/install/turtlesim/share/turtlesim/environment/path.sh
[31.808s] -- Installing: /home/federico/dev_ws/install/turtlesim/share/turtlesim/environment/path.dsv
[31.808s] -- Installing: /home/federico/dev_ws/install/turtlesim/share/turtlesim/local_setup.bash
[31.808s] -- Installing: /home/federico/dev_ws/install/turtlesim/share/turtlesim/local_setup.sh
[31.808s] -- Installing: /home/federico/dev_ws/install/turtlesim/share/turtlesim/local_setup.zsh
[31.808s] -- Installing: /home/federico/dev_ws/install/turtlesim/share/turtlesim/local_setup.dsv
[31.809s] -- Installing: /home/federico/dev_ws/install/turtlesim/share/turtlesim/package.dsv
[31.809s] -- Installing: /home/federico/dev_ws/install/turtlesim/share/ament_index/resource_index/packages/turtlesim
[31.809s] -- Installing: /home/federico/dev_ws/install/turtlesim/share/turtlesim/cmake/turtlesim__rosidl_generator_cExport.cmake
[31.809s] -- Installing: /home/federico/dev_ws/install/turtlesim/share/turtlesim/cmake/turtlesim__rosidl_generator_cExport-noconfig.cmake
[31.810s] -- Installing: /home/federico/dev_ws/install/turtlesim/share/turtlesim/cmake/turtlesim__rosidl_typesupport_introspection_cExport.cmake
[31.810s] -- Installing: /home/federico/dev_ws/install/turtlesim/share/turtlesim/cmake/turtlesim__rosidl_typesupport_introspection_cExport-noconfig.cmake
[31.810s] -- Installing: /home/federico/dev_ws/install/turtlesim/share/turtlesim/cmake/turtlesim__rosidl_typesupport_cExport.cmake
[31.810s] -- Installing: /home/federico/dev_ws/install/turtlesim/share/turtlesim/cmake/turtlesim__rosidl_typesupport_cExport-noconfig.cmake
[31.810s] -- Installing: /home/federico/dev_ws/install/turtlesim/share/turtlesim/cmake/turtlesim__rosidl_generator_cppExport.cmake
[31.811s] -- Installing: /home/federico/dev_ws/install/turtlesim/share/turtlesim/cmake/turtlesim__rosidl_typesupport_introspection_cppExport.cmake
[31.811s] -- Installing: /home/federico/dev_ws/install/turtlesim/share/turtlesim/cmake/turtlesim__rosidl_typesupport_introspection_cppExport-noconfig.cmake
[31.811s] -- Installing: /home/federico/dev_ws/install/turtlesim/share/turtlesim/cmake/turtlesim__rosidl_typesupport_cppExport.cmake
[31.811s] -- Installing: /home/federico/dev_ws/install/turtlesim/share/turtlesim/cmake/turtlesim__rosidl_typesupport_cppExport-noconfig.cmake
[31.812s] -- Installing: /home/federico/dev_ws/install/turtlesim/share/turtlesim/cmake/rosidl_cmake-extras.cmake
[31.812s] -- Installing: /home/federico/dev_ws/install/turtlesim/share/turtlesim/cmake/ament_cmake_export_dependencies-extras.cmake
[31.812s] -- Installing: /home/federico/dev_ws/install/turtlesim/share/turtlesim/cmake/ament_cmake_export_libraries-extras.cmake
[31.812s] -- Installing: /home/federico/dev_ws/install/turtlesim/share/turtlesim/cmake/ament_cmake_export_targets-extras.cmake
[31.812s] -- Installing: /home/federico/dev_ws/install/turtlesim/share/turtlesim/cmake/ament_cmake_export_include_directories-extras.cmake
[31.812s] -- Installing: /home/federico/dev_ws/install/turtlesim/share/turtlesim/cmake/rosidl_cmake_export_typesupport_libraries-extras.cmake
[31.813s] -- Installing: /home/federico/dev_ws/install/turtlesim/share/turtlesim/cmake/rosidl_cmake_export_typesupport_targets-extras.cmake
[31.813s] -- Installing: /home/federico/dev_ws/install/turtlesim/share/turtlesim/cmake/turtlesimConfig.cmake
[31.813s] -- Installing: /home/federico/dev_ws/install/turtlesim/share/turtlesim/cmake/turtlesimConfig-version.cmake
[31.813s] -- Installing: /home/federico/dev_ws/install/turtlesim/share/turtlesim/package.xml
[31.817s] Invoked command in '/home/federico/dev_ws/build/turtlesim' returned '0': CMAKE_PREFIX_PATH=/opt/ros/galactic /usr/bin/cmake --install /home/federico/dev_ws/build/turtlesim
