-- Found ament_cmake: 1.1.5 (/opt/ros/galactic/share/ament_cmake/cmake)
-- Using PYTHON_EXECUTABLE: /usr/bin/python3
-- Override CMake install command with custom implementation using symlinks instead of copying resources
-- Found ament_lint_auto: 0.10.7 (/opt/ros/galactic/share/ament_lint_auto/cmake)
-- Added test 'copyright' to check source files copyright and LICENSE
-- Added test 'lint_cmake' to check CMake code style
-- Added test 'xmllint' to check XML markup files
-- Configuring done
-- Generating done
-- Build files have been written to: /home/federico/dev_ws/build/dolly
-- Install configuration: ""
-- Execute custom install script
-- Symlinking: /home/federico/dev_ws/install/dolly/share/ament_index/resource_index/package_run_dependencies/dolly
-- Symlinking: /home/federico/dev_ws/install/dolly/share/ament_index/resource_index/parent_prefix_path/dolly
-- Symlinking: /home/federico/dev_ws/install/dolly/share/dolly/environment/ament_prefix_path.sh
-- Symlinking: /home/federico/dev_ws/install/dolly/share/dolly/environment/ament_prefix_path.dsv
-- Symlinking: /home/federico/dev_ws/install/dolly/share/dolly/environment/path.sh
-- Symlinking: /home/federico/dev_ws/install/dolly/share/dolly/environment/path.dsv
-- Symlinking: /home/federico/dev_ws/install/dolly/share/dolly/local_setup.bash
-- Symlinking: /home/federico/dev_ws/install/dolly/share/dolly/local_setup.sh
-- Symlinking: /home/federico/dev_ws/install/dolly/share/dolly/local_setup.zsh
-- Symlinking: /home/federico/dev_ws/install/dolly/share/dolly/local_setup.dsv
-- Symlinking: /home/federico/dev_ws/install/dolly/share/dolly/package.dsv
-- Symlinking: /home/federico/dev_ws/install/dolly/share/ament_index/resource_index/packages/dolly
-- Symlinking: /home/federico/dev_ws/install/dolly/share/dolly/cmake/dollyConfig.cmake
-- Symlinking: /home/federico/dev_ws/install/dolly/share/dolly/cmake/dollyConfig-version.cmake
-- Symlinking: /home/federico/dev_ws/install/dolly/share/dolly/package.xml
