running develop
Removing /home/federico/dev_ws/install/my_package/lib/python3.8/site-packages/my-package.egg-link (link to .)
running egg_info
writing ../../build/my_package/my_package.egg-info/PKG-INFO
writing dependency_links to ../../build/my_package/my_package.egg-info/dependency_links.txt
deleting ../../build/my_package/my_package.egg-info/entry_points.txt
writing requirements to ../../build/my_package/my_package.egg-info/requires.txt
writing top-level names to ../../build/my_package/my_package.egg-info/top_level.txt
reading manifest file '../../build/my_package/my_package.egg-info/SOURCES.txt'
writing manifest file '../../build/my_package/my_package.egg-info/SOURCES.txt'
running build
running build_py
copying my_package/__init__.py -> /home/federico/dev_ws/build/my_package/build/lib/my_package
running install
running install_lib
creating /home/federico/dev_ws/install/my_package/lib/python3.8/site-packages/my_package
copying /home/federico/dev_ws/build/my_package/build/lib/my_package/my_node.py -> /home/federico/dev_ws/install/my_package/lib/python3.8/site-packages/my_package
copying /home/federico/dev_ws/build/my_package/build/lib/my_package/__init__.py -> /home/federico/dev_ws/install/my_package/lib/python3.8/site-packages/my_package
byte-compiling /home/federico/dev_ws/install/my_package/lib/python3.8/site-packages/my_package/my_node.py to my_node.cpython-38.pyc
byte-compiling /home/federico/dev_ws/install/my_package/lib/python3.8/site-packages/my_package/__init__.py to __init__.cpython-38.pyc
running install_data
copying resource/my_package -> /home/federico/dev_ws/install/my_package/share/ament_index/resource_index/packages
running install_egg_info
Copying ../../build/my_package/my_package.egg-info to /home/federico/dev_ws/install/my_package/lib/python3.8/site-packages/my_package-0.0.0-py3.8.egg-info
running install_scripts
writing list of installed files to '/home/federico/dev_ws/build/my_package/install.log'
