[3.545s] Invoking command in '/home/federico/dev_ws/build/my_package': PYTHONPATH=/home/federico/dev_ws/install/my_package/lib/python3.8/site-packages:${PYTHONPATH} /usr/bin/python3 setup.py develop --prefix /home/federico/dev_ws/install/my_package --uninstall --editable --build-directory /home/federico/dev_ws/build/my_package/build
[4.427s] running develop
[4.427s] /home/federico/.local/lib/python3.8/site-packages/setuptools/command/easy_install.py:144: EasyInstallDeprecationWarning: easy_install command is deprecated. Use build and pip and other standards-based tools.
[4.427s]   warnings.warn(
[4.554s] /home/federico/.local/lib/python3.8/site-packages/setuptools/command/install.py:34: SetuptoolsDeprecationWarning: setup.py install is deprecated. Use build and pip and other standards-based tools.
[4.555s]   warnings.warn(
[4.741s] /home/federico/.local/lib/python3.8/site-packages/pkg_resources/__init__.py:123: PkgResourcesDeprecationWarning: 0.1.36ubuntu1 is an invalid version and will not be supported in a future release
[4.741s]   warnings.warn(
[4.742s] /home/federico/.local/lib/python3.8/site-packages/pkg_resources/__init__.py:123: PkgResourcesDeprecationWarning: 0.23ubuntu1 is an invalid version and will not be supported in a future release
[4.742s]   warnings.warn(
[4.837s] Removing /home/federico/dev_ws/install/my_package/lib/python3.8/site-packages/my-package.egg-link (link to .)
[4.885s] Invoked command in '/home/federico/dev_ws/build/my_package' returned '0': PYTHONPATH=/home/federico/dev_ws/install/my_package/lib/python3.8/site-packages:${PYTHONPATH} /usr/bin/python3 setup.py develop --prefix /home/federico/dev_ws/install/my_package --uninstall --editable --build-directory /home/federico/dev_ws/build/my_package/build
[4.888s] Invoking command in '/home/federico/dev_ws/src/my_package': PYTHONPATH=/home/federico/dev_ws/install/my_package/lib/python3.8/site-packages:${PYTHONPATH} /usr/bin/python3 setup.py egg_info --egg-base ../../build/my_package build --build-base /home/federico/dev_ws/build/my_package/build install --prefix /home/federico/dev_ws/install/my_package --record /home/federico/dev_ws/build/my_package/install.log --single-version-externally-managed
[5.652s] running egg_info
[5.709s] writing ../../build/my_package/my_package.egg-info/PKG-INFO
[5.753s] writing dependency_links to ../../build/my_package/my_package.egg-info/dependency_links.txt
[5.893s] deleting ../../build/my_package/my_package.egg-info/entry_points.txt
[5.988s] writing requirements to ../../build/my_package/my_package.egg-info/requires.txt
[6.035s] writing top-level names to ../../build/my_package/my_package.egg-info/top_level.txt
[6.121s] reading manifest file '../../build/my_package/my_package.egg-info/SOURCES.txt'
[6.122s] writing manifest file '../../build/my_package/my_package.egg-info/SOURCES.txt'
[6.122s] running build
[6.123s] running build_py
[6.123s] copying my_package/__init__.py -> /home/federico/dev_ws/build/my_package/build/lib/my_package
[6.123s] running install
[6.123s] /home/federico/.local/lib/python3.8/site-packages/setuptools/command/install.py:34: SetuptoolsDeprecationWarning: setup.py install is deprecated. Use build and pip and other standards-based tools.
[6.123s]   warnings.warn(
[6.128s] running install_lib
[6.204s] creating /home/federico/dev_ws/install/my_package/lib/python3.8/site-packages/my_package
[6.204s] copying /home/federico/dev_ws/build/my_package/build/lib/my_package/my_node.py -> /home/federico/dev_ws/install/my_package/lib/python3.8/site-packages/my_package
[6.204s] copying /home/federico/dev_ws/build/my_package/build/lib/my_package/__init__.py -> /home/federico/dev_ws/install/my_package/lib/python3.8/site-packages/my_package
[6.205s] byte-compiling /home/federico/dev_ws/install/my_package/lib/python3.8/site-packages/my_package/my_node.py to my_node.cpython-38.pyc
[6.206s] byte-compiling /home/federico/dev_ws/install/my_package/lib/python3.8/site-packages/my_package/__init__.py to __init__.cpython-38.pyc
[6.206s] running install_data
[6.219s] copying resource/my_package -> /home/federico/dev_ws/install/my_package/share/ament_index/resource_index/packages
[6.219s] running install_egg_info
[6.326s] Copying ../../build/my_package/my_package.egg-info to /home/federico/dev_ws/install/my_package/lib/python3.8/site-packages/my_package-0.0.0-py3.8.egg-info
[6.327s] running install_scripts
[6.470s] writing list of installed files to '/home/federico/dev_ws/build/my_package/install.log'
[6.504s] Invoked command in '/home/federico/dev_ws/src/my_package' returned '0': PYTHONPATH=/home/federico/dev_ws/install/my_package/lib/python3.8/site-packages:${PYTHONPATH} /usr/bin/python3 setup.py egg_info --egg-base ../../build/my_package build --build-base /home/federico/dev_ws/build/my_package/build install --prefix /home/federico/dev_ws/install/my_package --record /home/federico/dev_ws/build/my_package/install.log --single-version-externally-managed
