[0.018s] Invoking command in '/home/federico/dev_ws/src/build/more_interfaces': CMAKE_PREFIX_PATH=${CMAKE_PREFIX_PATH}:/home/federico/dev_ws/install/py_srvcli:/home/federico/dev_ws/install/py_pubsub:/home/federico/dev_ws/install/my_package:/opt/ros/galactic /usr/bin/cmake /home/federico/dev_ws/src/more_interfaces -DCMAKE_INSTALL_PREFIX=/home/federico/dev_ws/src/install/more_interfaces
[0.046s] -- Found ament_cmake: 1.1.5 (/opt/ros/galactic/share/ament_cmake/cmake)
[0.080s] -- Found PythonInterp: /usr/bin/python3 (found suitable version "3.8.10", minimum required is "3") 
[0.080s] -- Using PYTHON_EXECUTABLE: /usr/bin/python3
[0.176s] -- Found rosidl_default_generators: 1.1.1 (/opt/ros/galactic/share/rosidl_default_generators/cmake)
[0.180s] -- Using all available rosidl_typesupport_c: rosidl_typesupport_fastrtps_c;rosidl_typesupport_introspection_c
[0.185s] -- Found rosidl_adapter: 2.2.1 (/opt/ros/galactic/share/rosidl_adapter/cmake)
[0.396s] -- Using all available rosidl_typesupport_cpp: rosidl_typesupport_fastrtps_cpp;rosidl_typesupport_introspection_cpp
[0.433s] -- Found rclcpp: 9.2.0 (/opt/ros/galactic/share/rclcpp/cmake)
[0.521s] -- Found rmw_implementation_cmake: 3.3.1 (/opt/ros/galactic/share/rmw_implementation_cmake/cmake)
[0.524s] -- Found rmw_cyclonedds_cpp: 0.22.4 (/opt/ros/galactic/share/rmw_cyclonedds_cpp/cmake)
[0.554s] -- Using RMW implementation 'rmw_cyclonedds_cpp' as default
[0.813s] -- Found PythonInterp: /usr/bin/python3 (found version "3.8.10") 
[0.991s] -- Found ament_cmake_ros: 0.9.2 (/opt/ros/galactic/share/ament_cmake_ros/cmake)
[1.135s] -- Using all available rosidl_typesupport_c: rosidl_typesupport_fastrtps_c;rosidl_typesupport_introspection_c
[1.145s] -- Using all available rosidl_typesupport_cpp: rosidl_typesupport_fastrtps_cpp;rosidl_typesupport_introspection_cpp
[1.182s] -- Found PythonInterp: /usr/bin/python3 (found suitable version "3.8.10", minimum required is "3.5") 
[1.183s] -- Found python_cmake_module: 0.8.1 (/opt/ros/galactic/share/python_cmake_module/cmake)
[1.219s] -- Using PYTHON_EXECUTABLE: /usr/bin/python3
[1.219s] -- Using PYTHON_INCLUDE_DIRS: /usr/include/python3.8
[1.219s] -- Using PYTHON_LIBRARIES: /usr/lib/x86_64-linux-gnu/libpython3.8.so
[1.243s] -- Found ament_lint_auto: 0.10.6 (/opt/ros/galactic/share/ament_lint_auto/cmake)
[1.278s] -- Added test 'copyright' to check source files copyright and LICENSE
[1.280s] -- Added test 'cppcheck' to perform static code analysis on C / C++ code
[1.281s] -- Configured cppcheck include dirs: 
[1.281s] -- Configured cppcheck exclude dirs and/or files: 
[1.283s] -- Added test 'cpplint' to check C / C++ code against the Google style
[1.283s] -- Configured cpplint exclude dirs and/or files: 
[1.284s] -- Added test 'lint_cmake' to check CMake code style
[1.286s] -- Added test 'uncrustify' to check C / C++ code style
[1.286s] -- Configured uncrustify additional arguments: 
[1.286s] -- Added test 'xmllint' to check XML markup files
[1.295s] -- Configuring done
[1.347s] -- Generating done
[1.351s] -- Build files have been written to: /home/federico/dev_ws/src/build/more_interfaces
[1.361s] Invoked command in '/home/federico/dev_ws/src/build/more_interfaces' returned '0': CMAKE_PREFIX_PATH=${CMAKE_PREFIX_PATH}:/home/federico/dev_ws/install/py_srvcli:/home/federico/dev_ws/install/py_pubsub:/home/federico/dev_ws/install/my_package:/opt/ros/galactic /usr/bin/cmake /home/federico/dev_ws/src/more_interfaces -DCMAKE_INSTALL_PREFIX=/home/federico/dev_ws/src/install/more_interfaces
[1.366s] Invoking command in '/home/federico/dev_ws/src/build/more_interfaces': CMAKE_PREFIX_PATH=${CMAKE_PREFIX_PATH}:/home/federico/dev_ws/install/py_srvcli:/home/federico/dev_ws/install/py_pubsub:/home/federico/dev_ws/install/my_package:/opt/ros/galactic /usr/bin/cmake --build /home/federico/dev_ws/src/build/more_interfaces -- -j12 -l12
[1.429s] [35m[1mScanning dependencies of target more_interfaces__cpp[0m
[1.430s] [  3%] [34m[1mGenerating C code for ROS interfaces[0m
[1.445s] [  6%] [34m[1mGenerating C++ code for ROS interfaces[0m
[1.818s] [35m[1mScanning dependencies of target more_interfaces__rosidl_generator_c[0m
[1.834s] [  9%] [32mBuilding C object CMakeFiles/more_interfaces__rosidl_generator_c.dir/rosidl_generator_c/more_interfaces/msg/detail/address_book__functions.c.o[0m
[1.835s] [  9%] Built target more_interfaces__cpp
[1.849s] [ 18%] [34m[1mGenerating C++ introspection for ROS interfaces[0m
[1.850s] [ 18%] [34m[1mGenerating C++ type support dispatch for ROS interfaces[0m
[1.850s] [ 18%] [34m[1mGenerating C++ type support for eProsima Fast-RTPS[0m
[1.895s] [ 21%] [32m[1mLinking C shared library libmore_interfaces__rosidl_generator_c.so[0m
[1.952s] [ 21%] Built target more_interfaces__rosidl_generator_c
[1.967s] [ 24%] [34m[1mGenerating C type support dispatch for ROS interfaces[0m
[1.967s] [ 27%] [34m[1mGenerating C introspection for ROS interfaces[0m
[2.180s] [35m[1mScanning dependencies of target more_interfaces__rosidl_typesupport_cpp[0m
[2.194s] [35m[1mScanning dependencies of target more_interfaces__rosidl_typesupport_introspection_cpp[0m
[2.199s] [ 30%] [32mBuilding CXX object CMakeFiles/more_interfaces__rosidl_typesupport_cpp.dir/rosidl_typesupport_cpp/more_interfaces/msg/address_book__type_support.cpp.o[0m
[2.213s] [ 33%] [32mBuilding CXX object CMakeFiles/more_interfaces__rosidl_typesupport_introspection_cpp.dir/rosidl_typesupport_introspection_cpp/more_interfaces/msg/detail/address_book__type_support.cpp.o[0m
[2.252s] [35m[1mScanning dependencies of target more_interfaces__rosidl_typesupport_fastrtps_cpp[0m
[2.277s] [ 36%] [32mBuilding CXX object CMakeFiles/more_interfaces__rosidl_typesupport_fastrtps_cpp.dir/rosidl_typesupport_fastrtps_cpp/more_interfaces/msg/detail/dds_fastrtps/address_book__type_support.cpp.o[0m
[2.305s] [35m[1mScanning dependencies of target more_interfaces__rosidl_typesupport_c[0m
[2.322s] [ 39%] [32mBuilding CXX object CMakeFiles/more_interfaces__rosidl_typesupport_c.dir/rosidl_typesupport_c/more_interfaces/msg/address_book__type_support.cpp.o[0m
[2.362s] [35m[1mScanning dependencies of target more_interfaces__rosidl_typesupport_introspection_c[0m
[2.369s] [ 42%] [32m[1mLinking CXX shared library libmore_interfaces__rosidl_typesupport_c.so[0m
[2.382s] [ 45%] [32mBuilding C object CMakeFiles/more_interfaces__rosidl_typesupport_introspection_c.dir/rosidl_typesupport_introspection_c/more_interfaces/msg/detail/address_book__type_support.c.o[0m
[2.448s] [ 45%] Built target more_interfaces__rosidl_typesupport_c
[2.449s] [ 48%] [32m[1mLinking C shared library libmore_interfaces__rosidl_typesupport_introspection_c.so[0m
[2.493s] [ 48%] Built target more_interfaces__rosidl_typesupport_introspection_c
[2.642s] [ 51%] [32m[1mLinking CXX shared library libmore_interfaces__rosidl_typesupport_cpp.so[0m
[2.652s] [ 54%] [32m[1mLinking CXX shared library libmore_interfaces__rosidl_typesupport_introspection_cpp.so[0m
[2.703s] [ 54%] Built target more_interfaces__rosidl_typesupport_cpp
[2.743s] [ 54%] Built target more_interfaces__rosidl_typesupport_introspection_cpp
[3.009s] [ 57%] [32m[1mLinking CXX shared library libmore_interfaces__rosidl_typesupport_fastrtps_cpp.so[0m
[3.130s] [ 57%] Built target more_interfaces__rosidl_typesupport_fastrtps_cpp
[3.146s] [ 60%] [34m[1mGenerating C type support for eProsima Fast-RTPS[0m
[3.479s] [35m[1mScanning dependencies of target more_interfaces__rosidl_typesupport_fastrtps_c[0m
[3.499s] [ 63%] [32mBuilding CXX object CMakeFiles/more_interfaces__rosidl_typesupport_fastrtps_c.dir/rosidl_typesupport_fastrtps_c/more_interfaces/msg/detail/address_book__type_support_c.cpp.o[0m
[4.024s] [ 66%] [32m[1mLinking CXX shared library libmore_interfaces__rosidl_typesupport_fastrtps_c.so[0m
[4.148s] [ 66%] Built target more_interfaces__rosidl_typesupport_fastrtps_c
[4.164s] [35m[1mScanning dependencies of target more_interfaces[0m
[4.179s] [ 66%] Built target more_interfaces
[4.194s] [35m[1mScanning dependencies of target more_interfaces__py[0m
[4.194s] [35m[1mScanning dependencies of target publish_address_book[0m
[4.210s] [ 69%] [34m[1mGenerating Python code for ROS interfaces[0m
[4.255s] [ 72%] [32mBuilding CXX object CMakeFiles/publish_address_book.dir/src/publish_address_book.cpp.o[0m
[4.803s] [ 72%] Built target more_interfaces__py
[4.818s] [35m[1mScanning dependencies of target more_interfaces__python[0m
[4.845s] [ 75%] [32mBuilding C object CMakeFiles/more_interfaces__python.dir/rosidl_generator_py/more_interfaces/msg/_address_book_s.c.o[0m
[4.979s] [ 78%] [32m[1mLinking C shared library rosidl_generator_py/more_interfaces/libmore_interfaces__python.so[0m
[5.036s] [ 78%] Built target more_interfaces__python
[5.051s] [35m[1mScanning dependencies of target more_interfaces__rosidl_typesupport_c__pyext[0m
[5.052s] [35m[1mScanning dependencies of target more_interfaces__rosidl_typesupport_introspection_c__pyext[0m
[5.053s] [35m[1mScanning dependencies of target more_interfaces__rosidl_typesupport_fastrtps_c__pyext[0m
[5.079s] [ 81%] [32mBuilding C object CMakeFiles/more_interfaces__rosidl_typesupport_c__pyext.dir/rosidl_generator_py/more_interfaces/_more_interfaces_s.ep.rosidl_typesupport_c.c.o[0m
[5.082s] [ 84%] [32mBuilding C object CMakeFiles/more_interfaces__rosidl_typesupport_introspection_c__pyext.dir/rosidl_generator_py/more_interfaces/_more_interfaces_s.ep.rosidl_typesupport_introspection_c.c.o[0m
[5.085s] [ 87%] [32mBuilding C object CMakeFiles/more_interfaces__rosidl_typesupport_fastrtps_c__pyext.dir/rosidl_generator_py/more_interfaces/_more_interfaces_s.ep.rosidl_typesupport_fastrtps_c.c.o[0m
[5.197s] [ 90%] [32m[1mLinking C shared library rosidl_generator_py/more_interfaces/more_interfaces_s__rosidl_typesupport_c.cpython-38-x86_64-linux-gnu.so[0m
[5.206s] [ 93%] [32m[1mLinking CXX shared library rosidl_generator_py/more_interfaces/more_interfaces_s__rosidl_typesupport_fastrtps_c.cpython-38-x86_64-linux-gnu.so[0m
[5.209s] [ 96%] [32m[1mLinking C shared library rosidl_generator_py/more_interfaces/more_interfaces_s__rosidl_typesupport_introspection_c.cpython-38-x86_64-linux-gnu.so[0m
[5.249s] [ 96%] Built target more_interfaces__rosidl_typesupport_c__pyext
[5.260s] [ 96%] Built target more_interfaces__rosidl_typesupport_introspection_c__pyext
[5.302s] [ 96%] Built target more_interfaces__rosidl_typesupport_fastrtps_c__pyext
[9.778s] [100%] [32m[1mLinking CXX executable publish_address_book[0m
[10.126s] [100%] Built target publish_address_book
[10.142s] Invoked command in '/home/federico/dev_ws/src/build/more_interfaces' returned '0': CMAKE_PREFIX_PATH=${CMAKE_PREFIX_PATH}:/home/federico/dev_ws/install/py_srvcli:/home/federico/dev_ws/install/py_pubsub:/home/federico/dev_ws/install/my_package:/opt/ros/galactic /usr/bin/cmake --build /home/federico/dev_ws/src/build/more_interfaces -- -j12 -l12
[10.232s] Invoking command in '/home/federico/dev_ws/src/build/more_interfaces': CMAKE_PREFIX_PATH=${CMAKE_PREFIX_PATH}:/home/federico/dev_ws/install/py_srvcli:/home/federico/dev_ws/install/py_pubsub:/home/federico/dev_ws/install/my_package:/opt/ros/galactic /usr/bin/cmake --install /home/federico/dev_ws/src/build/more_interfaces
[10.245s] -- Install configuration: ""
[10.246s] -- Installing: /home/federico/dev_ws/src/install/more_interfaces/lib/more_interfaces/publish_address_book
[10.247s] -- Set runtime path of "/home/federico/dev_ws/src/install/more_interfaces/lib/more_interfaces/publish_address_book" to ""
[10.248s] -- Installing: /home/federico/dev_ws/src/install/more_interfaces/share/ament_index/resource_index/rosidl_interfaces/more_interfaces
[10.248s] -- Installing: /home/federico/dev_ws/src/install/more_interfaces/include/more_interfaces
[10.248s] -- Installing: /home/federico/dev_ws/src/install/more_interfaces/include/more_interfaces/msg
[10.248s] -- Installing: /home/federico/dev_ws/src/install/more_interfaces/include/more_interfaces/msg/address_book.h
[10.249s] -- Installing: /home/federico/dev_ws/src/install/more_interfaces/include/more_interfaces/msg/rosidl_generator_c__visibility_control.h
[10.249s] -- Installing: /home/federico/dev_ws/src/install/more_interfaces/include/more_interfaces/msg/detail
[10.249s] -- Installing: /home/federico/dev_ws/src/install/more_interfaces/include/more_interfaces/msg/detail/address_book__struct.h
[10.249s] -- Installing: /home/federico/dev_ws/src/install/more_interfaces/include/more_interfaces/msg/detail/address_book__type_support.h
[10.249s] -- Installing: /home/federico/dev_ws/src/install/more_interfaces/include/more_interfaces/msg/detail/address_book__functions.h
[10.249s] -- Installing: /home/federico/dev_ws/src/install/more_interfaces/include/more_interfaces/msg/detail/address_book__functions.c
[10.250s] -- Installing: /home/federico/dev_ws/src/install/more_interfaces/share/more_interfaces/environment/library_path.sh
[10.250s] -- Installing: /home/federico/dev_ws/src/install/more_interfaces/share/more_interfaces/environment/library_path.dsv
[10.250s] -- Installing: /home/federico/dev_ws/src/install/more_interfaces/lib/libmore_interfaces__rosidl_generator_c.so
[10.251s] -- Set runtime path of "/home/federico/dev_ws/src/install/more_interfaces/lib/libmore_interfaces__rosidl_generator_c.so" to ""
[10.251s] -- Up-to-date: /home/federico/dev_ws/src/install/more_interfaces/include/more_interfaces
[10.251s] -- Up-to-date: /home/federico/dev_ws/src/install/more_interfaces/include/more_interfaces/msg
[10.252s] -- Up-to-date: /home/federico/dev_ws/src/install/more_interfaces/include/more_interfaces/msg/detail
[10.252s] -- Installing: /home/federico/dev_ws/src/install/more_interfaces/include/more_interfaces/msg/detail/address_book__rosidl_typesupport_fastrtps_c.h
[10.252s] -- Installing: /home/federico/dev_ws/src/install/more_interfaces/include/more_interfaces/msg/rosidl_typesupport_fastrtps_c__visibility_control.h
[10.252s] -- Installing: /home/federico/dev_ws/src/install/more_interfaces/lib/libmore_interfaces__rosidl_typesupport_fastrtps_c.so
[10.253s] -- Set runtime path of "/home/federico/dev_ws/src/install/more_interfaces/lib/libmore_interfaces__rosidl_typesupport_fastrtps_c.so" to ""
[10.253s] -- Up-to-date: /home/federico/dev_ws/src/install/more_interfaces/include/more_interfaces
[10.253s] -- Up-to-date: /home/federico/dev_ws/src/install/more_interfaces/include/more_interfaces/msg
[10.253s] -- Installing: /home/federico/dev_ws/src/install/more_interfaces/include/more_interfaces/msg/rosidl_typesupport_fastrtps_cpp__visibility_control.h
[10.253s] -- Up-to-date: /home/federico/dev_ws/src/install/more_interfaces/include/more_interfaces/msg/detail
[10.253s] -- Installing: /home/federico/dev_ws/src/install/more_interfaces/include/more_interfaces/msg/detail/dds_fastrtps
[10.254s] -- Installing: /home/federico/dev_ws/src/install/more_interfaces/include/more_interfaces/msg/detail/address_book__rosidl_typesupport_fastrtps_cpp.hpp
[10.254s] -- Installing: /home/federico/dev_ws/src/install/more_interfaces/lib/libmore_interfaces__rosidl_typesupport_fastrtps_cpp.so
[10.254s] -- Set runtime path of "/home/federico/dev_ws/src/install/more_interfaces/lib/libmore_interfaces__rosidl_typesupport_fastrtps_cpp.so" to ""
[10.255s] -- Up-to-date: /home/federico/dev_ws/src/install/more_interfaces/include/more_interfaces
[10.255s] -- Up-to-date: /home/federico/dev_ws/src/install/more_interfaces/include/more_interfaces/msg
[10.255s] -- Installing: /home/federico/dev_ws/src/install/more_interfaces/include/more_interfaces/msg/rosidl_typesupport_introspection_c__visibility_control.h
[10.255s] -- Up-to-date: /home/federico/dev_ws/src/install/more_interfaces/include/more_interfaces/msg/detail
[10.255s] -- Installing: /home/federico/dev_ws/src/install/more_interfaces/include/more_interfaces/msg/detail/address_book__rosidl_typesupport_introspection_c.h
[10.256s] -- Installing: /home/federico/dev_ws/src/install/more_interfaces/include/more_interfaces/msg/detail/address_book__type_support.c
[10.256s] -- Installing: /home/federico/dev_ws/src/install/more_interfaces/lib/libmore_interfaces__rosidl_typesupport_introspection_c.so
[10.256s] -- Set runtime path of "/home/federico/dev_ws/src/install/more_interfaces/lib/libmore_interfaces__rosidl_typesupport_introspection_c.so" to ""
[10.257s] -- Installing: /home/federico/dev_ws/src/install/more_interfaces/lib/libmore_interfaces__rosidl_typesupport_c.so
[10.257s] -- Set runtime path of "/home/federico/dev_ws/src/install/more_interfaces/lib/libmore_interfaces__rosidl_typesupport_c.so" to ""
[10.258s] -- Up-to-date: /home/federico/dev_ws/src/install/more_interfaces/include/more_interfaces
[10.258s] -- Up-to-date: /home/federico/dev_ws/src/install/more_interfaces/include/more_interfaces/msg
[10.258s] -- Installing: /home/federico/dev_ws/src/install/more_interfaces/include/more_interfaces/msg/address_book.hpp
[10.258s] -- Up-to-date: /home/federico/dev_ws/src/install/more_interfaces/include/more_interfaces/msg/detail
[10.258s] -- Installing: /home/federico/dev_ws/src/install/more_interfaces/include/more_interfaces/msg/detail/address_book__traits.hpp
[10.258s] -- Installing: /home/federico/dev_ws/src/install/more_interfaces/include/more_interfaces/msg/detail/address_book__builder.hpp
[10.258s] -- Installing: /home/federico/dev_ws/src/install/more_interfaces/include/more_interfaces/msg/detail/address_book__struct.hpp
[10.259s] -- Up-to-date: /home/federico/dev_ws/src/install/more_interfaces/include/more_interfaces
[10.259s] -- Up-to-date: /home/federico/dev_ws/src/install/more_interfaces/include/more_interfaces/msg
[10.259s] -- Up-to-date: /home/federico/dev_ws/src/install/more_interfaces/include/more_interfaces/msg/detail
[10.259s] -- Installing: /home/federico/dev_ws/src/install/more_interfaces/include/more_interfaces/msg/detail/address_book__rosidl_typesupport_introspection_cpp.hpp
[10.259s] -- Installing: /home/federico/dev_ws/src/install/more_interfaces/include/more_interfaces/msg/detail/address_book__type_support.cpp
[10.259s] -- Installing: /home/federico/dev_ws/src/install/more_interfaces/lib/libmore_interfaces__rosidl_typesupport_introspection_cpp.so
[10.260s] -- Set runtime path of "/home/federico/dev_ws/src/install/more_interfaces/lib/libmore_interfaces__rosidl_typesupport_introspection_cpp.so" to ""
[10.260s] -- Installing: /home/federico/dev_ws/src/install/more_interfaces/lib/libmore_interfaces__rosidl_typesupport_cpp.so
[10.261s] -- Set runtime path of "/home/federico/dev_ws/src/install/more_interfaces/lib/libmore_interfaces__rosidl_typesupport_cpp.so" to ""
[10.261s] -- Installing: /home/federico/dev_ws/src/install/more_interfaces/share/more_interfaces/environment/pythonpath.sh
[10.261s] -- Installing: /home/federico/dev_ws/src/install/more_interfaces/share/more_interfaces/environment/pythonpath.dsv
[10.262s] -- Installing: /home/federico/dev_ws/src/install/more_interfaces/lib/python3.8/site-packages/more_interfaces/__init__.py
[10.315s] Compiling '/home/federico/dev_ws/src/install/more_interfaces/lib/python3.8/site-packages/more_interfaces/__init__.py'...
[10.322s] -- Installing: /home/federico/dev_ws/src/install/more_interfaces/lib/python3.8/site-packages/more_interfaces/msg
[10.322s] -- Installing: /home/federico/dev_ws/src/install/more_interfaces/lib/python3.8/site-packages/more_interfaces/msg/__init__.py
[10.322s] -- Installing: /home/federico/dev_ws/src/install/more_interfaces/lib/python3.8/site-packages/more_interfaces/msg/_address_book.py
[10.323s] -- Installing: /home/federico/dev_ws/src/install/more_interfaces/lib/python3.8/site-packages/more_interfaces/msg/_address_book_s.c
[10.323s] -- Installing: /home/federico/dev_ws/src/install/more_interfaces/lib/python3.8/site-packages/more_interfaces/more_interfaces_s__rosidl_typesupport_fastrtps_c.cpython-38-x86_64-linux-gnu.so
[10.323s] -- Set runtime path of "/home/federico/dev_ws/src/install/more_interfaces/lib/python3.8/site-packages/more_interfaces/more_interfaces_s__rosidl_typesupport_fastrtps_c.cpython-38-x86_64-linux-gnu.so" to ""
[10.324s] -- Installing: /home/federico/dev_ws/src/install/more_interfaces/lib/python3.8/site-packages/more_interfaces/more_interfaces_s__rosidl_typesupport_introspection_c.cpython-38-x86_64-linux-gnu.so
[10.325s] -- Set runtime path of "/home/federico/dev_ws/src/install/more_interfaces/lib/python3.8/site-packages/more_interfaces/more_interfaces_s__rosidl_typesupport_introspection_c.cpython-38-x86_64-linux-gnu.so" to ""
[10.325s] -- Installing: /home/federico/dev_ws/src/install/more_interfaces/lib/python3.8/site-packages/more_interfaces/more_interfaces_s__rosidl_typesupport_c.cpython-38-x86_64-linux-gnu.so
[10.326s] -- Set runtime path of "/home/federico/dev_ws/src/install/more_interfaces/lib/python3.8/site-packages/more_interfaces/more_interfaces_s__rosidl_typesupport_c.cpython-38-x86_64-linux-gnu.so" to ""
[10.326s] -- Installing: /home/federico/dev_ws/src/install/more_interfaces/lib/libmore_interfaces__python.so
[10.327s] -- Set runtime path of "/home/federico/dev_ws/src/install/more_interfaces/lib/libmore_interfaces__python.so" to ""
[10.327s] -- Installing: /home/federico/dev_ws/src/install/more_interfaces/share/more_interfaces/msg/AddressBook.idl
[10.327s] -- Installing: /home/federico/dev_ws/src/install/more_interfaces/share/more_interfaces/msg/AddressBook.msg
[10.328s] -- Installing: /home/federico/dev_ws/src/install/more_interfaces/share/ament_index/resource_index/package_run_dependencies/more_interfaces
[10.328s] -- Installing: /home/federico/dev_ws/src/install/more_interfaces/share/ament_index/resource_index/parent_prefix_path/more_interfaces
[10.328s] -- Installing: /home/federico/dev_ws/src/install/more_interfaces/share/more_interfaces/environment/ament_prefix_path.sh
[10.328s] -- Installing: /home/federico/dev_ws/src/install/more_interfaces/share/more_interfaces/environment/ament_prefix_path.dsv
[10.329s] -- Installing: /home/federico/dev_ws/src/install/more_interfaces/share/more_interfaces/environment/path.sh
[10.329s] -- Installing: /home/federico/dev_ws/src/install/more_interfaces/share/more_interfaces/environment/path.dsv
[10.329s] -- Installing: /home/federico/dev_ws/src/install/more_interfaces/share/more_interfaces/local_setup.bash
[10.329s] -- Installing: /home/federico/dev_ws/src/install/more_interfaces/share/more_interfaces/local_setup.sh
[10.330s] -- Installing: /home/federico/dev_ws/src/install/more_interfaces/share/more_interfaces/local_setup.zsh
[10.330s] -- Installing: /home/federico/dev_ws/src/install/more_interfaces/share/more_interfaces/local_setup.dsv
[10.330s] -- Installing: /home/federico/dev_ws/src/install/more_interfaces/share/more_interfaces/package.dsv
[10.330s] -- Installing: /home/federico/dev_ws/src/install/more_interfaces/share/ament_index/resource_index/packages/more_interfaces
[10.331s] -- Installing: /home/federico/dev_ws/src/install/more_interfaces/share/more_interfaces/cmake/more_interfaces__rosidl_generator_cExport.cmake
[10.331s] -- Installing: /home/federico/dev_ws/src/install/more_interfaces/share/more_interfaces/cmake/more_interfaces__rosidl_generator_cExport-noconfig.cmake
[10.331s] -- Installing: /home/federico/dev_ws/src/install/more_interfaces/share/more_interfaces/cmake/more_interfaces__rosidl_typesupport_introspection_cExport.cmake
[10.331s] -- Installing: /home/federico/dev_ws/src/install/more_interfaces/share/more_interfaces/cmake/more_interfaces__rosidl_typesupport_introspection_cExport-noconfig.cmake
[10.332s] -- Installing: /home/federico/dev_ws/src/install/more_interfaces/share/more_interfaces/cmake/more_interfaces__rosidl_typesupport_cExport.cmake
[10.332s] -- Installing: /home/federico/dev_ws/src/install/more_interfaces/share/more_interfaces/cmake/more_interfaces__rosidl_typesupport_cExport-noconfig.cmake
[10.332s] -- Installing: /home/federico/dev_ws/src/install/more_interfaces/share/more_interfaces/cmake/more_interfaces__rosidl_generator_cppExport.cmake
[10.332s] -- Installing: /home/federico/dev_ws/src/install/more_interfaces/share/more_interfaces/cmake/more_interfaces__rosidl_typesupport_introspection_cppExport.cmake
[10.332s] -- Installing: /home/federico/dev_ws/src/install/more_interfaces/share/more_interfaces/cmake/more_interfaces__rosidl_typesupport_introspection_cppExport-noconfig.cmake
[10.333s] -- Installing: /home/federico/dev_ws/src/install/more_interfaces/share/more_interfaces/cmake/more_interfaces__rosidl_typesupport_cppExport.cmake
[10.333s] -- Installing: /home/federico/dev_ws/src/install/more_interfaces/share/more_interfaces/cmake/more_interfaces__rosidl_typesupport_cppExport-noconfig.cmake
[10.333s] -- Installing: /home/federico/dev_ws/src/install/more_interfaces/share/more_interfaces/cmake/rosidl_cmake-extras.cmake
[10.334s] -- Installing: /home/federico/dev_ws/src/install/more_interfaces/share/more_interfaces/cmake/ament_cmake_export_dependencies-extras.cmake
[10.334s] -- Installing: /home/federico/dev_ws/src/install/more_interfaces/share/more_interfaces/cmake/ament_cmake_export_libraries-extras.cmake
[10.334s] -- Installing: /home/federico/dev_ws/src/install/more_interfaces/share/more_interfaces/cmake/ament_cmake_export_targets-extras.cmake
[10.334s] -- Installing: /home/federico/dev_ws/src/install/more_interfaces/share/more_interfaces/cmake/ament_cmake_export_include_directories-extras.cmake
[10.334s] -- Installing: /home/federico/dev_ws/src/install/more_interfaces/share/more_interfaces/cmake/rosidl_cmake_export_typesupport_libraries-extras.cmake
[10.335s] -- Installing: /home/federico/dev_ws/src/install/more_interfaces/share/more_interfaces/cmake/rosidl_cmake_export_typesupport_targets-extras.cmake
[10.335s] -- Installing: /home/federico/dev_ws/src/install/more_interfaces/share/more_interfaces/cmake/more_interfacesConfig.cmake
[10.335s] -- Installing: /home/federico/dev_ws/src/install/more_interfaces/share/more_interfaces/cmake/more_interfacesConfig-version.cmake
[10.335s] -- Installing: /home/federico/dev_ws/src/install/more_interfaces/share/more_interfaces/package.xml
[10.339s] Invoked command in '/home/federico/dev_ws/src/build/more_interfaces' returned '0': CMAKE_PREFIX_PATH=${CMAKE_PREFIX_PATH}:/home/federico/dev_ws/install/py_srvcli:/home/federico/dev_ws/install/py_pubsub:/home/federico/dev_ws/install/my_package:/opt/ros/galactic /usr/bin/cmake --install /home/federico/dev_ws/src/build/more_interfaces
