[1.546s] Invoking command in '/home/federico/dev_ws/build/my_package': PYTHONPATH=/home/federico/dev_ws/install/my_package/lib/python3.8/site-packages:${PYTHONPATH} /usr/bin/python3 setup.py develop --prefix /home/federico/dev_ws/install/my_package --uninstall --editable --build-directory /home/federico/dev_ws/build/my_package/build
[2.234s] running develop
[2.234s] /home/federico/.local/lib/python3.8/site-packages/setuptools/command/easy_install.py:144: EasyInstallDeprecationWarning: easy_install command is deprecated. Use build and pip and other standards-based tools.
[2.234s]   warnings.warn(
[2.351s] /home/federico/.local/lib/python3.8/site-packages/setuptools/command/install.py:34: SetuptoolsDeprecationWarning: setup.py install is deprecated. Use build and pip and other standards-based tools.
[2.351s]   warnings.warn(
[2.523s] /home/federico/.local/lib/python3.8/site-packages/pkg_resources/__init__.py:123: PkgResourcesDeprecationWarning: 0.1.36ubuntu1 is an invalid version and will not be supported in a future release
[2.524s]   warnings.warn(
[2.524s] /home/federico/.local/lib/python3.8/site-packages/pkg_resources/__init__.py:123: PkgResourcesDeprecationWarning: 0.23ubuntu1 is an invalid version and will not be supported in a future release
[2.524s]   warnings.warn(
[2.642s] Invoked command in '/home/federico/dev_ws/build/my_package' returned '0': PYTHONPATH=/home/federico/dev_ws/install/my_package/lib/python3.8/site-packages:${PYTHONPATH} /usr/bin/python3 setup.py develop --prefix /home/federico/dev_ws/install/my_package --uninstall --editable --build-directory /home/federico/dev_ws/build/my_package/build
[2.644s] Invoking command in '/home/federico/dev_ws/src/my_package': PYTHONPATH=/home/federico/dev_ws/install/my_package/lib/python3.8/site-packages:${PYTHONPATH} /usr/bin/python3 setup.py egg_info --egg-base ../../build/my_package build --build-base /home/federico/dev_ws/build/my_package/build install --prefix /home/federico/dev_ws/install/my_package --record /home/federico/dev_ws/build/my_package/install.log --single-version-externally-managed
[3.375s] running egg_info
[3.429s] writing ../../build/my_package/my_package.egg-info/PKG-INFO
[3.473s] writing dependency_links to ../../build/my_package/my_package.egg-info/dependency_links.txt
[3.602s] writing entry points to ../../build/my_package/my_package.egg-info/entry_points.txt
[3.693s] writing requirements to ../../build/my_package/my_package.egg-info/requires.txt
[3.735s] writing top-level names to ../../build/my_package/my_package.egg-info/top_level.txt
[3.804s] reading manifest file '../../build/my_package/my_package.egg-info/SOURCES.txt'
[3.805s] writing manifest file '../../build/my_package/my_package.egg-info/SOURCES.txt'
[3.805s] running build
[3.805s] running build_py
[3.805s] running install
[3.806s] /home/federico/.local/lib/python3.8/site-packages/setuptools/command/install.py:34: SetuptoolsDeprecationWarning: setup.py install is deprecated. Use build and pip and other standards-based tools.
[3.806s]   warnings.warn(
[3.810s] running install_lib
[3.865s] running install_data
[3.877s] running install_egg_info
[3.932s] removing '/home/federico/dev_ws/install/my_package/lib/python3.8/site-packages/my_package-0.0.0-py3.8.egg-info' (and everything under it)
[3.932s] Copying ../../build/my_package/my_package.egg-info to /home/federico/dev_ws/install/my_package/lib/python3.8/site-packages/my_package-0.0.0-py3.8.egg-info
[3.933s] running install_scripts
[4.043s] Installing reading_laser script to /home/federico/dev_ws/install/my_package/lib/my_package
[4.043s] writing list of installed files to '/home/federico/dev_ws/build/my_package/install.log'
[4.067s] Invoked command in '/home/federico/dev_ws/src/my_package' returned '0': PYTHONPATH=/home/federico/dev_ws/install/my_package/lib/python3.8/site-packages:${PYTHONPATH} /usr/bin/python3 setup.py egg_info --egg-base ../../build/my_package build --build-base /home/federico/dev_ws/build/my_package/build install --prefix /home/federico/dev_ws/install/my_package --record /home/federico/dev_ws/build/my_package/install.log --single-version-externally-managed
